#
# There is insufficient memory for the Java Runtime Environment to continue.
# Native memory allocation (malloc) failed to allocate 926096 bytes for Chunk::new
# Possible reasons:
#   The system is out of physical RAM or swap space
#   The process is running with CompressedOops enabled, and the Java Heap may be blocking the growth of the native heap
# Possible solutions:
#   Reduce memory load on the system
#   Increase physical memory or swap space
#   Check if swap backing store is full
#   Decrease Java heap size (-Xmx/-Xms)
#   Decrease number of Java threads
#   Decrease Java thread stack sizes (-Xss)
#   Set larger code cache with -XX:ReservedCodeCacheSize=
#   JVM is running with Unscaled Compressed Oops mode in which the Java heap is
#     placed in the first 4GB address space. The Java Heap base address is the
#     maximum limit for the native heap growth. Please use -XX:HeapBaseMinAddress
#     to set the Java Heap base and to place the Java Heap above 4GB virtual address.
# This output file may be truncated or incomplete.
#
#  Out of Memory Error (./src/hotspot/share/memory/arena.cpp:197), pid=6420, tid=10700
#
# JRE version: OpenJDK Runtime Environment Microsoft-7208460 (11.0.18+10) (build 11.0.18+10-LTS)
# Java VM: OpenJDK 64-Bit Server VM Microsoft-7208460 (11.0.18+10-LTS, mixed mode, tiered, compressed oops, g1 gc, windows-amd64)
# No core dump will be written. Minidumps are not enabled by default on client versions of Windows
#

---------------  S U M M A R Y ------------

Command Line: org.jetbrains.kotlin.cli.jvm.K2JVMCompiler @C:\Users\Valeria\Documents\GitHub\ApiFinal\final_garassino\node_modules\react-native-screens\android\build\20230717_1022544553817493482.compiler.options

Host: Intel(R) Core(TM) i5-7200U CPU @ 2.50GHz, 4 cores, 7G,  Windows 10 , 64 bit Build 19041 (10.0.19041.3155)
Time: Mon Jul 17 11:16:29 2023 Hora estándar de Argentina elapsed time: 139.302583 seconds (0d 0h 2m 19s)

---------------  T H R E A D  ---------------

Current thread (0x000001b0bce42800):  JavaThread "C2 CompilerThread0" daemon [_thread_in_native, id=10700, stack(0x000000a43f100000,0x000000a43f200000)]


Current CompileTask:
C2: 139302 17554       4       org.jetbrains.kotlin.ir.util.IrFakeOverrideUtilsKt::collectAndFilterRealOverrides (191 bytes)

Stack: [0x000000a43f100000,0x000000a43f200000]
Native frames: (J=compiled Java code, j=interpreted, Vv=VM code, C=native code)
V  [jvm.dll+0x62bf8a]
V  [jvm.dll+0x7b8fb9]
V  [jvm.dll+0x7ba6a8]
V  [jvm.dll+0x7bad83]
V  [jvm.dll+0x250248]
V  [jvm.dll+0xc260c]
V  [jvm.dll+0xc2bcc]
V  [jvm.dll+0x35e1c7]
V  [jvm.dll+0x32a373]
V  [jvm.dll+0x3296aa]
V  [jvm.dll+0x2093b3]
V  [jvm.dll+0x20850d]
V  [jvm.dll+0x18a4b1]
V  [jvm.dll+0x217eec]
V  [jvm.dll+0x21612b]
V  [jvm.dll+0x77bac0]
V  [jvm.dll+0x7749f4]
V  [jvm.dll+0x62adf5]
C  [ucrtbase.dll+0x21bb2]
C  [KERNEL32.DLL+0x17614]
C  [ntdll.dll+0x526b1]


---------------  P R O C E S S  ---------------

Threads class SMR info:
_java_thread_list=0x000001b0bd8f59a0, length=10, elements={
0x000001b09e698800, 0x000001b0bce31000, 0x000001b0bce32800, 0x000001b0bce2d000,
0x000001b0bce2f000, 0x000001b0bce3f800, 0x000001b0bce42800, 0x000001b0bd814800,
0x000001b0bd818800, 0x000001b0bd90e000
}

Java Threads: ( => current thread )
  0x000001b09e698800 JavaThread "main" [_thread_in_Java, id=13852, stack(0x000000a43e500000,0x000000a43e600000)]
  0x000001b0bce31000 JavaThread "Reference Handler" daemon [_thread_blocked, id=6028, stack(0x000000a43ec00000,0x000000a43ed00000)]
  0x000001b0bce32800 JavaThread "Finalizer" daemon [_thread_blocked, id=10660, stack(0x000000a43ed00000,0x000000a43ee00000)]
  0x000001b0bce2d000 JavaThread "Signal Dispatcher" daemon [_thread_blocked, id=8452, stack(0x000000a43ee00000,0x000000a43ef00000)]
  0x000001b0bce2f000 JavaThread "Attach Listener" daemon [_thread_blocked, id=11160, stack(0x000000a43ef00000,0x000000a43f000000)]
  0x000001b0bce3f800 JavaThread "Service Thread" daemon [_thread_blocked, id=11088, stack(0x000000a43f000000,0x000000a43f100000)]
=>0x000001b0bce42800 JavaThread "C2 CompilerThread0" daemon [_thread_in_native, id=10700, stack(0x000000a43f100000,0x000000a43f200000)]
  0x000001b0bd814800 JavaThread "C1 CompilerThread0" daemon [_thread_blocked, id=12008, stack(0x000000a43f200000,0x000000a43f300000)]
  0x000001b0bd818800 JavaThread "Sweeper thread" daemon [_thread_blocked, id=3608, stack(0x000000a43f300000,0x000000a43f400000)]
  0x000001b0bd90e000 JavaThread "Common-Cleaner" daemon [_thread_blocked, id=12892, stack(0x000000a43f500000,0x000000a43f600000)]

Other Threads:
  0x000001b0bcdfb800 VMThread "VM Thread" [stack: 0x000000a43eb00000,0x000000a43ec00000] [id=9720]
  0x000001b0bd902000 WatcherThread [stack: 0x000000a43f400000,0x000000a43f500000] [id=14316]
  0x000001b09e6b0000 GCTaskThread "GC Thread#0" [stack: 0x000000a43e600000,0x000000a43e700000] [id=14320]
  0x000001b0bdd65800 GCTaskThread "GC Thread#1" [stack: 0x000000a43f600000,0x000000a43f700000] [id=12160]
  0x000001b0bdd66000 GCTaskThread "GC Thread#2" [stack: 0x000000a43f700000,0x000000a43f800000] [id=14128]
  0x000001b0c1479000 GCTaskThread "GC Thread#3" [stack: 0x000000a43e300000,0x000000a43e400000] [id=11108]
  0x000001b09e6df000 ConcurrentGCThread "G1 Main Marker" [stack: 0x000000a43e700000,0x000000a43e800000] [id=13344]
  0x000001b09e6e0800 ConcurrentGCThread "G1 Conc#0" [stack: 0x000000a43e800000,0x000000a43e900000] [id=12084]
  0x000001b0bcc70800 ConcurrentGCThread "G1 Refine#0" [stack: 0x000000a43e900000,0x000000a43ea00000] [id=12032]
  0x000001b0bcc71800 ConcurrentGCThread "G1 Young RemSet Sampling" [stack: 0x000000a43ea00000,0x000000a43eb00000] [id=13752]

Threads with active compile tasks:
C2 CompilerThread0   139345 17554       4       org.jetbrains.kotlin.ir.util.IrFakeOverrideUtilsKt::collectAndFilterRealOverrides (191 bytes)

VM state:not at safepoint (normal execution)

VM Mutex/Monitor currently owned by a thread: None

Heap address: 0x0000000081c00000, size: 2020 MB, Compressed Oops mode: 32-bit
Narrow klass base: 0x0000000000000000, Narrow klass shift: 3
Compressed class space size: 1073741824 Address: 0x0000000100000000

Heap:
 garbage-first heap   total 199680K, used 129063K [0x0000000081c00000, 0x0000000100000000)
  region size 1024K, 17 young (17408K), 2 survivors (2048K)
 Metaspace       used 87437K, capacity 88392K, committed 88540K, reserved 1128448K
  class space    used 9177K, capacity 9561K, committed 9596K, reserved 1048576K
Heap Regions: E=young(eden), S=young(survivor), O=old, HS=humongous(starts), HC=humongous(continues), CS=collection set, F=free, A=archive, TAMS=top-at-mark-start (previous, next)
|   0|0x0000000081c00000, 0x0000000081d00000, 0x0000000081d00000|100%|HS|  |TAMS 0x0000000081d00000, 0x0000000081c00000| Complete 
|   1|0x0000000081d00000, 0x0000000081e00000, 0x0000000081e00000|100%|HC|  |TAMS 0x0000000081e00000, 0x0000000081d00000| Complete 
|   2|0x0000000081e00000, 0x0000000081f00000, 0x0000000081f00000|100%|HC|  |TAMS 0x0000000081f00000, 0x0000000081e00000| Complete 
|   3|0x0000000081f00000, 0x0000000082000000, 0x0000000082000000|100%| O|  |TAMS 0x0000000082000000, 0x0000000081f00000| Updating 
|   4|0x0000000082000000, 0x0000000082100000, 0x0000000082100000|100%| O|  |TAMS 0x0000000082100000, 0x0000000082000000| Updating 
|   5|0x0000000082100000, 0x0000000082200000, 0x0000000082200000|100%|HS|  |TAMS 0x0000000082200000, 0x0000000082100000| Complete 
|   6|0x0000000082200000, 0x0000000082300000, 0x0000000082300000|100%|HC|  |TAMS 0x0000000082300000, 0x0000000082200000| Complete 
|   7|0x0000000082300000, 0x0000000082400000, 0x0000000082400000|100%|HC|  |TAMS 0x0000000082400000, 0x0000000082300000| Complete 
|   8|0x0000000082400000, 0x0000000082500000, 0x0000000082500000|100%|HS|  |TAMS 0x0000000082500000, 0x0000000082400000| Complete 
|   9|0x0000000082500000, 0x0000000082600000, 0x0000000082600000|100%|HC|  |TAMS 0x0000000082600000, 0x0000000082500000| Complete 
|  10|0x0000000082600000, 0x0000000082700000, 0x0000000082700000|100%| O|  |TAMS 0x0000000082700000, 0x0000000082600000| Updating 
|  11|0x0000000082700000, 0x0000000082800000, 0x0000000082800000|100%| O|  |TAMS 0x0000000082800000, 0x0000000082700000| Updating 
|  12|0x0000000082800000, 0x0000000082900000, 0x0000000082900000|100%| O|  |TAMS 0x0000000082900000, 0x0000000082800000| Updating 
|  13|0x0000000082900000, 0x0000000082a00000, 0x0000000082a00000|100%| O|  |TAMS 0x0000000082a00000, 0x0000000082900000| Updating 
|  14|0x0000000082a00000, 0x0000000082b00000, 0x0000000082b00000|100%| O|  |TAMS 0x0000000082b00000, 0x0000000082a00000| Updating 
|  15|0x0000000082b00000, 0x0000000082c00000, 0x0000000082c00000|100%| O|  |TAMS 0x0000000082c00000, 0x0000000082b00000| Updating 
|  16|0x0000000082c00000, 0x0000000082d00000, 0x0000000082d00000|100%| O|  |TAMS 0x0000000082d00000, 0x0000000082c00000| Updating 
|  17|0x0000000082d00000, 0x0000000082e00000, 0x0000000082e00000|100%| O|  |TAMS 0x0000000082e00000, 0x0000000082d00000| Updating 
|  18|0x0000000082e00000, 0x0000000082f00000, 0x0000000082f00000|100%| O|  |TAMS 0x0000000082f00000, 0x0000000082e00000| Updating 
|  19|0x0000000082f00000, 0x0000000083000000, 0x0000000083000000|100%| O|  |TAMS 0x0000000083000000, 0x0000000082f00000| Updating 
|  20|0x0000000083000000, 0x0000000083100000, 0x0000000083100000|100%| O|  |TAMS 0x0000000083100000, 0x0000000083000000| Updating 
|  21|0x0000000083100000, 0x0000000083200000, 0x0000000083200000|100%| O|  |TAMS 0x0000000083200000, 0x0000000083100000| Updating 
|  22|0x0000000083200000, 0x0000000083300000, 0x0000000083300000|100%| O|  |TAMS 0x0000000083300000, 0x0000000083200000| Updating 
|  23|0x0000000083300000, 0x0000000083400000, 0x0000000083400000|100%| O|  |TAMS 0x0000000083400000, 0x0000000083300000| Updating 
|  24|0x0000000083400000, 0x0000000083500000, 0x0000000083500000|100%| O|  |TAMS 0x0000000083500000, 0x0000000083400000| Updating 
|  25|0x0000000083500000, 0x0000000083600000, 0x0000000083600000|100%| O|  |TAMS 0x0000000083600000, 0x0000000083500000| Updating 
|  26|0x0000000083600000, 0x0000000083700000, 0x0000000083700000|100%| O|  |TAMS 0x0000000083700000, 0x0000000083600000| Updating 
|  27|0x0000000083700000, 0x0000000083800000, 0x0000000083800000|100%| O|  |TAMS 0x0000000083800000, 0x0000000083700000| Updating 
|  28|0x0000000083800000, 0x0000000083900000, 0x0000000083900000|100%| O|  |TAMS 0x0000000083900000, 0x0000000083800000| Updating 
|  29|0x0000000083900000, 0x0000000083a00000, 0x0000000083a00000|100%| O|  |TAMS 0x0000000083a00000, 0x0000000083900000| Updating 
|  30|0x0000000083a00000, 0x0000000083b00000, 0x0000000083b00000|100%| O|  |TAMS 0x0000000083b00000, 0x0000000083a00000| Updating 
|  31|0x0000000083b00000, 0x0000000083c00000, 0x0000000083c00000|100%| O|  |TAMS 0x0000000083c00000, 0x0000000083b00000| Updating 
|  32|0x0000000083c00000, 0x0000000083d00000, 0x0000000083d00000|100%| O|  |TAMS 0x0000000083d00000, 0x0000000083c00000| Updating 
|  33|0x0000000083d00000, 0x0000000083e00000, 0x0000000083e00000|100%| O|  |TAMS 0x0000000083e00000, 0x0000000083d00000| Updating 
|  34|0x0000000083e00000, 0x0000000083f00000, 0x0000000083f00000|100%| O|  |TAMS 0x0000000083f00000, 0x0000000083e00000| Updating 
|  35|0x0000000083f00000, 0x0000000084000000, 0x0000000084000000|100%| O|  |TAMS 0x0000000084000000, 0x0000000083f00000| Updating 
|  36|0x0000000084000000, 0x0000000084100000, 0x0000000084100000|100%| O|  |TAMS 0x0000000084100000, 0x0000000084000000| Updating 
|  37|0x0000000084100000, 0x0000000084200000, 0x0000000084200000|100%| O|  |TAMS 0x0000000084200000, 0x0000000084100000| Updating 
|  38|0x0000000084200000, 0x0000000084300000, 0x0000000084300000|100%| O|  |TAMS 0x0000000084300000, 0x0000000084200000| Updating 
|  39|0x0000000084300000, 0x0000000084400000, 0x0000000084400000|100%| O|  |TAMS 0x0000000084400000, 0x0000000084300000| Updating 
|  40|0x0000000084400000, 0x0000000084500000, 0x0000000084500000|100%| O|  |TAMS 0x0000000084500000, 0x0000000084400000| Updating 
|  41|0x0000000084500000, 0x0000000084600000, 0x0000000084600000|100%| O|  |TAMS 0x0000000084600000, 0x0000000084500000| Updating 
|  42|0x0000000084600000, 0x0000000084700000, 0x0000000084700000|100%| O|  |TAMS 0x0000000084700000, 0x0000000084600000| Updating 
|  43|0x0000000084700000, 0x0000000084800000, 0x0000000084800000|100%| O|  |TAMS 0x0000000084800000, 0x0000000084700000| Updating 
|  44|0x0000000084800000, 0x0000000084900000, 0x0000000084900000|100%| O|  |TAMS 0x0000000084900000, 0x0000000084800000| Updating 
|  45|0x0000000084900000, 0x0000000084a00000, 0x0000000084a00000|100%| O|  |TAMS 0x0000000084a00000, 0x0000000084900000| Updating 
|  46|0x0000000084a00000, 0x0000000084b00000, 0x0000000084b00000|100%| O|  |TAMS 0x0000000084b00000, 0x0000000084a00000| Updating 
|  47|0x0000000084b00000, 0x0000000084c00000, 0x0000000084c00000|100%| O|  |TAMS 0x0000000084c00000, 0x0000000084b00000| Updating 
|  48|0x0000000084c00000, 0x0000000084d00000, 0x0000000084d00000|100%| O|  |TAMS 0x0000000084d00000, 0x0000000084c00000| Updating 
|  49|0x0000000084d00000, 0x0000000084e00000, 0x0000000084e00000|100%| O|  |TAMS 0x0000000084e00000, 0x0000000084d00000| Updating 
|  50|0x0000000084e00000, 0x0000000084f00000, 0x0000000084f00000|100%| O|  |TAMS 0x0000000084f00000, 0x0000000084e00000| Updating 
|  51|0x0000000084f00000, 0x0000000085000000, 0x0000000085000000|100%| O|  |TAMS 0x0000000085000000, 0x0000000084f00000| Updating 
|  52|0x0000000085000000, 0x0000000085100000, 0x0000000085100000|100%| O|  |TAMS 0x0000000085100000, 0x0000000085000000| Updating 
|  53|0x0000000085100000, 0x0000000085200000, 0x0000000085200000|100%| O|  |TAMS 0x0000000085200000, 0x0000000085100000| Updating 
|  54|0x0000000085200000, 0x0000000085300000, 0x0000000085300000|100%| O|  |TAMS 0x0000000085300000, 0x0000000085200000| Updating 
|  55|0x0000000085300000, 0x0000000085400000, 0x0000000085400000|100%| O|  |TAMS 0x0000000085400000, 0x0000000085300000| Updating 
|  56|0x0000000085400000, 0x0000000085500000, 0x0000000085500000|100%| O|  |TAMS 0x0000000085500000, 0x0000000085400000| Updating 
|  57|0x0000000085500000, 0x0000000085600000, 0x0000000085600000|100%| O|  |TAMS 0x0000000085600000, 0x0000000085500000| Updating 
|  58|0x0000000085600000, 0x0000000085700000, 0x0000000085700000|100%| O|  |TAMS 0x0000000085700000, 0x0000000085600000| Updating 
|  59|0x0000000085700000, 0x0000000085800000, 0x0000000085800000|100%| O|  |TAMS 0x0000000085800000, 0x0000000085700000| Updating 
|  60|0x0000000085800000, 0x0000000085900000, 0x0000000085900000|100%| O|  |TAMS 0x0000000085900000, 0x0000000085800000| Updating 
|  61|0x0000000085900000, 0x0000000085a00000, 0x0000000085a00000|100%| O|  |TAMS 0x0000000085a00000, 0x0000000085900000| Updating 
|  62|0x0000000085a00000, 0x0000000085b00000, 0x0000000085b00000|100%| O|  |TAMS 0x0000000085b00000, 0x0000000085a00000| Updating 
|  63|0x0000000085b00000, 0x0000000085c00000, 0x0000000085c00000|100%| O|  |TAMS 0x0000000085c00000, 0x0000000085b00000| Updating 
|  64|0x0000000085c00000, 0x0000000085d00000, 0x0000000085d00000|100%| O|  |TAMS 0x0000000085d00000, 0x0000000085c00000| Updating 
|  65|0x0000000085d00000, 0x0000000085e00000, 0x0000000085e00000|100%| O|  |TAMS 0x0000000085e00000, 0x0000000085d00000| Updating 
|  66|0x0000000085e00000, 0x0000000085f00000, 0x0000000085f00000|100%| O|  |TAMS 0x0000000085f00000, 0x0000000085e00000| Updating 
|  67|0x0000000085f00000, 0x0000000086000000, 0x0000000086000000|100%| O|  |TAMS 0x0000000086000000, 0x0000000085f00000| Updating 
|  68|0x0000000086000000, 0x0000000086100000, 0x0000000086100000|100%| O|  |TAMS 0x0000000086100000, 0x0000000086000000| Updating 
|  69|0x0000000086100000, 0x0000000086200000, 0x0000000086200000|100%| O|  |TAMS 0x0000000086200000, 0x0000000086100000| Updating 
|  70|0x0000000086200000, 0x0000000086300000, 0x0000000086300000|100%| O|  |TAMS 0x0000000086300000, 0x0000000086200000| Updating 
|  71|0x0000000086300000, 0x0000000086400000, 0x0000000086400000|100%| O|  |TAMS 0x0000000086400000, 0x0000000086300000| Updating 
|  72|0x0000000086400000, 0x0000000086500000, 0x0000000086500000|100%| O|  |TAMS 0x0000000086500000, 0x0000000086400000| Updating 
|  73|0x0000000086500000, 0x0000000086600000, 0x0000000086600000|100%| O|  |TAMS 0x0000000086600000, 0x0000000086500000| Updating 
|  74|0x0000000086600000, 0x0000000086700000, 0x0000000086700000|100%| O|  |TAMS 0x0000000086700000, 0x0000000086600000| Updating 
|  75|0x0000000086700000, 0x0000000086800000, 0x0000000086800000|100%| O|  |TAMS 0x0000000086800000, 0x0000000086700000| Updating 
|  76|0x0000000086800000, 0x0000000086900000, 0x0000000086900000|100%| O|  |TAMS 0x0000000086900000, 0x0000000086800000| Updating 
|  77|0x0000000086900000, 0x0000000086a00000, 0x0000000086a00000|100%| O|  |TAMS 0x0000000086a00000, 0x0000000086900000| Updating 
|  78|0x0000000086a00000, 0x0000000086b00000, 0x0000000086b00000|100%| O|  |TAMS 0x0000000086b00000, 0x0000000086a00000| Updating 
|  79|0x0000000086b00000, 0x0000000086c00000, 0x0000000086c00000|100%| O|  |TAMS 0x0000000086c00000, 0x0000000086b00000| Updating 
|  80|0x0000000086c00000, 0x0000000086d00000, 0x0000000086d00000|100%| O|  |TAMS 0x0000000086d00000, 0x0000000086c00000| Updating 
|  81|0x0000000086d00000, 0x0000000086e00000, 0x0000000086e00000|100%| O|  |TAMS 0x0000000086e00000, 0x0000000086d00000| Updating 
|  82|0x0000000086e00000, 0x0000000086e1d400, 0x0000000086f00000| 11%| O|  |TAMS 0x0000000086e1d400, 0x0000000086e00000| Updating 
|  83|0x0000000086f00000, 0x0000000086f00000, 0x0000000087000000|  0%| F|  |TAMS 0x0000000086f00000, 0x0000000086f00000| Untracked 
|  84|0x0000000087000000, 0x0000000087100000, 0x0000000087100000|100%| O|  |TAMS 0x0000000087100000, 0x0000000087000000| Updating 
|  85|0x0000000087100000, 0x0000000087100000, 0x0000000087200000|  0%| F|  |TAMS 0x0000000087100000, 0x0000000087100000| Untracked 
|  86|0x0000000087200000, 0x0000000087200000, 0x0000000087300000|  0%| F|  |TAMS 0x0000000087200000, 0x0000000087200000| Untracked 
|  87|0x0000000087300000, 0x0000000087300000, 0x0000000087400000|  0%| F|  |TAMS 0x0000000087300000, 0x0000000087300000| Untracked 
|  88|0x0000000087400000, 0x0000000087500000, 0x0000000087500000|100%| O|  |TAMS 0x0000000087500000, 0x0000000087400000| Updating 
|  89|0x0000000087500000, 0x0000000087600000, 0x0000000087600000|100%| O|  |TAMS 0x0000000087600000, 0x0000000087500000| Updating 
|  90|0x0000000087600000, 0x0000000087700000, 0x0000000087700000|100%| O|  |TAMS 0x0000000087700000, 0x0000000087600000| Updating 
|  91|0x0000000087700000, 0x0000000087800000, 0x0000000087800000|100%| O|  |TAMS 0x0000000087800000, 0x0000000087700000| Updating 
|  92|0x0000000087800000, 0x0000000087900000, 0x0000000087900000|100%| O|  |TAMS 0x0000000087900000, 0x0000000087800000| Updating 
|  93|0x0000000087900000, 0x0000000087a00000, 0x0000000087a00000|100%| O|  |TAMS 0x0000000087a00000, 0x0000000087900000| Updating 
|  94|0x0000000087a00000, 0x0000000087b00000, 0x0000000087b00000|100%| O|  |TAMS 0x0000000087b00000, 0x0000000087a00000| Updating 
|  95|0x0000000087b00000, 0x0000000087c00000, 0x0000000087c00000|100%| O|  |TAMS 0x0000000087c00000, 0x0000000087b00000| Updating 
|  96|0x0000000087c00000, 0x0000000087d00000, 0x0000000087d00000|100%| O|  |TAMS 0x0000000087d00000, 0x0000000087c00000| Updating 
|  97|0x0000000087d00000, 0x0000000087e00000, 0x0000000087e00000|100%| O|  |TAMS 0x0000000087e00000, 0x0000000087d00000| Updating 
|  98|0x0000000087e00000, 0x0000000087f00000, 0x0000000087f00000|100%| O|  |TAMS 0x0000000087f00000, 0x0000000087e00000| Updating 
|  99|0x0000000087f00000, 0x0000000088000000, 0x0000000088000000|100%| O|  |TAMS 0x0000000088000000, 0x0000000087f00000| Updating 
| 100|0x0000000088000000, 0x0000000088100000, 0x0000000088100000|100%| O|  |TAMS 0x0000000088100000, 0x0000000088000000| Updating 
| 101|0x0000000088100000, 0x0000000088200000, 0x0000000088200000|100%| O|  |TAMS 0x0000000088200000, 0x0000000088100000| Updating 
| 102|0x0000000088200000, 0x0000000088300000, 0x0000000088300000|100%| O|  |TAMS 0x0000000088300000, 0x0000000088200000| Updating 
| 103|0x0000000088300000, 0x0000000088400000, 0x0000000088400000|100%| O|  |TAMS 0x0000000088400000, 0x0000000088300000| Updating 
| 104|0x0000000088400000, 0x0000000088500000, 0x0000000088500000|100%| O|  |TAMS 0x0000000088500000, 0x0000000088400000| Updating 
| 105|0x0000000088500000, 0x0000000088600000, 0x0000000088600000|100%| O|  |TAMS 0x0000000088600000, 0x0000000088500000| Updating 
| 106|0x0000000088600000, 0x0000000088700000, 0x0000000088700000|100%| O|  |TAMS 0x0000000088700000, 0x0000000088600000| Updating 
| 107|0x0000000088700000, 0x0000000088800000, 0x0000000088800000|100%| O|  |TAMS 0x0000000088800000, 0x0000000088700000| Updating 
| 108|0x0000000088800000, 0x0000000088900000, 0x0000000088900000|100%| O|  |TAMS 0x0000000088900000, 0x0000000088800000| Updating 
| 109|0x0000000088900000, 0x0000000088a00000, 0x0000000088a00000|100%| O|  |TAMS 0x0000000088a00000, 0x0000000088900000| Updating 
| 110|0x0000000088a00000, 0x0000000088b00000, 0x0000000088b00000|100%| O|  |TAMS 0x0000000088b00000, 0x0000000088a00000| Updating 
| 111|0x0000000088b00000, 0x0000000088c00000, 0x0000000088c00000|100%| O|  |TAMS 0x0000000088c00000, 0x0000000088b00000| Updating 
| 112|0x0000000088c00000, 0x0000000088d00000, 0x0000000088d00000|100%| O|  |TAMS 0x0000000088d00000, 0x0000000088c00000| Updating 
| 113|0x0000000088d00000, 0x0000000088e00000, 0x0000000088e00000|100%| O|  |TAMS 0x0000000088e00000, 0x0000000088d00000| Updating 
| 114|0x0000000088e00000, 0x0000000088f00000, 0x0000000088f00000|100%| O|  |TAMS 0x0000000088f00000, 0x0000000088e00000| Updating 
| 115|0x0000000088f00000, 0x0000000088f00000, 0x0000000089000000|  0%| F|  |TAMS 0x0000000088f00000, 0x0000000088f00000| Untracked 
| 116|0x0000000089000000, 0x0000000089000000, 0x0000000089100000|  0%| F|  |TAMS 0x0000000089000000, 0x0000000089000000| Untracked 
| 117|0x0000000089100000, 0x0000000089100000, 0x0000000089200000|  0%| F|  |TAMS 0x0000000089100000, 0x0000000089100000| Untracked 
| 118|0x0000000089200000, 0x0000000089200000, 0x0000000089300000|  0%| F|  |TAMS 0x0000000089200000, 0x0000000089200000| Untracked 
| 119|0x0000000089300000, 0x0000000089300000, 0x0000000089400000|  0%| F|  |TAMS 0x0000000089300000, 0x0000000089300000| Untracked 
| 120|0x0000000089400000, 0x0000000089400000, 0x0000000089500000|  0%| F|  |TAMS 0x0000000089400000, 0x0000000089400000| Untracked 
| 121|0x0000000089500000, 0x0000000089500000, 0x0000000089600000|  0%| F|  |TAMS 0x0000000089500000, 0x0000000089500000| Untracked 
| 122|0x0000000089600000, 0x0000000089600000, 0x0000000089700000|  0%| F|  |TAMS 0x0000000089600000, 0x0000000089600000| Untracked 
| 123|0x0000000089700000, 0x0000000089700000, 0x0000000089800000|  0%| F|  |TAMS 0x0000000089700000, 0x0000000089700000| Untracked 
| 124|0x0000000089800000, 0x0000000089800000, 0x0000000089900000|  0%| F|  |TAMS 0x0000000089800000, 0x0000000089800000| Untracked 
| 125|0x0000000089900000, 0x0000000089900000, 0x0000000089a00000|  0%| F|  |TAMS 0x0000000089900000, 0x0000000089900000| Untracked 
| 126|0x0000000089a00000, 0x0000000089a00000, 0x0000000089b00000|  0%| F|  |TAMS 0x0000000089a00000, 0x0000000089a00000| Untracked 
| 127|0x0000000089b00000, 0x0000000089b00000, 0x0000000089c00000|  0%| F|  |TAMS 0x0000000089b00000, 0x0000000089b00000| Untracked 
| 128|0x0000000089c00000, 0x0000000089c00000, 0x0000000089d00000|  0%| F|  |TAMS 0x0000000089c00000, 0x0000000089c00000| Untracked 
| 129|0x0000000089d00000, 0x0000000089d00000, 0x0000000089e00000|  0%| F|  |TAMS 0x0000000089d00000, 0x0000000089d00000| Untracked 
| 130|0x0000000089e00000, 0x0000000089e00000, 0x0000000089f00000|  0%| F|  |TAMS 0x0000000089e00000, 0x0000000089e00000| Untracked 
| 131|0x0000000089f00000, 0x0000000089f00000, 0x000000008a000000|  0%| F|  |TAMS 0x0000000089f00000, 0x0000000089f00000| Untracked 
| 132|0x000000008a000000, 0x000000008a000000, 0x000000008a100000|  0%| F|  |TAMS 0x000000008a000000, 0x000000008a000000| Untracked 
| 133|0x000000008a100000, 0x000000008a100000, 0x000000008a200000|  0%| F|  |TAMS 0x000000008a100000, 0x000000008a100000| Untracked 
| 134|0x000000008a200000, 0x000000008a200000, 0x000000008a300000|  0%| F|  |TAMS 0x000000008a200000, 0x000000008a200000| Untracked 
| 135|0x000000008a300000, 0x000000008a300000, 0x000000008a400000|  0%| F|  |TAMS 0x000000008a300000, 0x000000008a300000| Untracked 
| 136|0x000000008a400000, 0x000000008a400000, 0x000000008a500000|  0%| F|  |TAMS 0x000000008a400000, 0x000000008a400000| Untracked 
| 137|0x000000008a500000, 0x000000008a500000, 0x000000008a600000|  0%| F|  |TAMS 0x000000008a500000, 0x000000008a500000| Untracked 
| 138|0x000000008a600000, 0x000000008a600000, 0x000000008a700000|  0%| F|  |TAMS 0x000000008a600000, 0x000000008a600000| Untracked 
| 139|0x000000008a700000, 0x000000008a700000, 0x000000008a800000|  0%| F|  |TAMS 0x000000008a700000, 0x000000008a700000| Untracked 
| 140|0x000000008a800000, 0x000000008a800000, 0x000000008a900000|  0%| F|  |TAMS 0x000000008a800000, 0x000000008a800000| Untracked 
| 141|0x000000008a900000, 0x000000008a900000, 0x000000008aa00000|  0%| F|  |TAMS 0x000000008a900000, 0x000000008a900000| Untracked 
| 142|0x000000008aa00000, 0x000000008aa00000, 0x000000008ab00000|  0%| F|  |TAMS 0x000000008aa00000, 0x000000008aa00000| Untracked 
| 143|0x000000008ab00000, 0x000000008ab00000, 0x000000008ac00000|  0%| F|  |TAMS 0x000000008ab00000, 0x000000008ab00000| Untracked 
| 144|0x000000008ac00000, 0x000000008ac00000, 0x000000008ad00000|  0%| F|  |TAMS 0x000000008ac00000, 0x000000008ac00000| Untracked 
| 145|0x000000008ad00000, 0x000000008ad00000, 0x000000008ae00000|  0%| F|  |TAMS 0x000000008ad00000, 0x000000008ad00000| Untracked 
| 146|0x000000008ae00000, 0x000000008ae00000, 0x000000008af00000|  0%| F|  |TAMS 0x000000008ae00000, 0x000000008ae00000| Untracked 
| 147|0x000000008af00000, 0x000000008af00000, 0x000000008b000000|  0%| F|  |TAMS 0x000000008af00000, 0x000000008af00000| Untracked 
| 148|0x000000008b000000, 0x000000008b000000, 0x000000008b100000|  0%| F|  |TAMS 0x000000008b000000, 0x000000008b000000| Untracked 
| 149|0x000000008b100000, 0x000000008b100000, 0x000000008b200000|  0%| F|  |TAMS 0x000000008b100000, 0x000000008b100000| Untracked 
| 150|0x000000008b200000, 0x000000008b200000, 0x000000008b300000|  0%| F|  |TAMS 0x000000008b200000, 0x000000008b200000| Untracked 
| 151|0x000000008b300000, 0x000000008b300000, 0x000000008b400000|  0%| F|  |TAMS 0x000000008b300000, 0x000000008b300000| Untracked 
| 152|0x000000008b400000, 0x000000008b400000, 0x000000008b500000|  0%| F|  |TAMS 0x000000008b400000, 0x000000008b400000| Untracked 
| 153|0x000000008b500000, 0x000000008b500000, 0x000000008b600000|  0%| F|  |TAMS 0x000000008b500000, 0x000000008b500000| Untracked 
| 154|0x000000008b600000, 0x000000008b600000, 0x000000008b700000|  0%| F|  |TAMS 0x000000008b600000, 0x000000008b600000| Untracked 
| 155|0x000000008b700000, 0x000000008b700000, 0x000000008b800000|  0%| F|  |TAMS 0x000000008b700000, 0x000000008b700000| Untracked 
| 156|0x000000008b800000, 0x000000008b800000, 0x000000008b900000|  0%| F|  |TAMS 0x000000008b800000, 0x000000008b800000| Untracked 
| 157|0x000000008b900000, 0x000000008b900000, 0x000000008ba00000|  0%| F|  |TAMS 0x000000008b900000, 0x000000008b900000| Untracked 
| 158|0x000000008ba00000, 0x000000008ba00000, 0x000000008bb00000|  0%| F|  |TAMS 0x000000008ba00000, 0x000000008ba00000| Untracked 
| 159|0x000000008bb00000, 0x000000008bb00000, 0x000000008bc00000|  0%| F|  |TAMS 0x000000008bb00000, 0x000000008bb00000| Untracked 
| 160|0x000000008bc00000, 0x000000008bc00000, 0x000000008bd00000|  0%| F|  |TAMS 0x000000008bc00000, 0x000000008bc00000| Untracked 
| 161|0x000000008bd00000, 0x000000008bdec988, 0x000000008be00000| 92%| S|CS|TAMS 0x000000008bd00000, 0x000000008bd00000| Complete 
| 162|0x000000008be00000, 0x000000008bf00000, 0x000000008bf00000|100%| S|CS|TAMS 0x000000008be00000, 0x000000008be00000| Complete 
| 163|0x000000008bf00000, 0x000000008bf00000, 0x000000008c000000|  0%| F|  |TAMS 0x000000008bf00000, 0x000000008bf00000| Untracked 
| 164|0x000000008c000000, 0x000000008c000000, 0x000000008c100000|  0%| F|  |TAMS 0x000000008c000000, 0x000000008c000000| Untracked 
| 165|0x000000008c100000, 0x000000008c100000, 0x000000008c200000|  0%| F|  |TAMS 0x000000008c100000, 0x000000008c100000| Untracked 
| 166|0x000000008c200000, 0x000000008c200000, 0x000000008c300000|  0%| F|  |TAMS 0x000000008c200000, 0x000000008c200000| Untracked 
| 167|0x000000008c300000, 0x000000008c300000, 0x000000008c400000|  0%| F|  |TAMS 0x000000008c300000, 0x000000008c300000| Untracked 
| 168|0x000000008c400000, 0x000000008c400000, 0x000000008c500000|  0%| F|  |TAMS 0x000000008c400000, 0x000000008c400000| Untracked 
| 169|0x000000008c500000, 0x000000008c500000, 0x000000008c600000|  0%| F|  |TAMS 0x000000008c500000, 0x000000008c500000| Untracked 
| 170|0x000000008c600000, 0x000000008c600000, 0x000000008c700000|  0%| F|  |TAMS 0x000000008c600000, 0x000000008c600000| Untracked 
| 171|0x000000008c700000, 0x000000008c700000, 0x000000008c800000|  0%| F|  |TAMS 0x000000008c700000, 0x000000008c700000| Untracked 
| 172|0x000000008c800000, 0x000000008c800000, 0x000000008c900000|  0%| F|  |TAMS 0x000000008c800000, 0x000000008c800000| Untracked 
| 173|0x000000008c900000, 0x000000008c900000, 0x000000008ca00000|  0%| F|  |TAMS 0x000000008c900000, 0x000000008c900000| Untracked 
| 174|0x000000008ca00000, 0x000000008ca00000, 0x000000008cb00000|  0%| F|  |TAMS 0x000000008ca00000, 0x000000008ca00000| Untracked 
| 175|0x000000008cb00000, 0x000000008cb00000, 0x000000008cc00000|  0%| F|  |TAMS 0x000000008cb00000, 0x000000008cb00000| Untracked 
| 176|0x000000008cc00000, 0x000000008cc00000, 0x000000008cd00000|  0%| F|  |TAMS 0x000000008cc00000, 0x000000008cc00000| Untracked 
| 177|0x000000008cd00000, 0x000000008cd00000, 0x000000008ce00000|  0%| F|  |TAMS 0x000000008cd00000, 0x000000008cd00000| Untracked 
| 178|0x000000008ce00000, 0x000000008ce00000, 0x000000008cf00000|  0%| F|  |TAMS 0x000000008ce00000, 0x000000008ce00000| Untracked 
| 179|0x000000008cf00000, 0x000000008cf00000, 0x000000008d000000|  0%| F|  |TAMS 0x000000008cf00000, 0x000000008cf00000| Untracked 
| 180|0x000000008d000000, 0x000000008d100000, 0x000000008d100000|100%| E|  |TAMS 0x000000008d000000, 0x000000008d000000| Complete 
| 181|0x000000008d100000, 0x000000008d200000, 0x000000008d200000|100%| E|CS|TAMS 0x000000008d100000, 0x000000008d100000| Complete 
| 182|0x000000008d200000, 0x000000008d300000, 0x000000008d300000|100%| E|CS|TAMS 0x000000008d200000, 0x000000008d200000| Complete 
| 183|0x000000008d300000, 0x000000008d400000, 0x000000008d400000|100%| E|CS|TAMS 0x000000008d300000, 0x000000008d300000| Complete 
| 184|0x000000008d400000, 0x000000008d500000, 0x000000008d500000|100%| E|CS|TAMS 0x000000008d400000, 0x000000008d400000| Complete 
| 185|0x000000008d500000, 0x000000008d600000, 0x000000008d600000|100%| E|CS|TAMS 0x000000008d500000, 0x000000008d500000| Complete 
| 186|0x000000008d600000, 0x000000008d700000, 0x000000008d700000|100%| E|CS|TAMS 0x000000008d600000, 0x000000008d600000| Complete 
| 187|0x000000008d700000, 0x000000008d800000, 0x000000008d800000|100%| E|CS|TAMS 0x000000008d700000, 0x000000008d700000| Complete 
| 188|0x000000008d800000, 0x000000008d900000, 0x000000008d900000|100%| E|CS|TAMS 0x000000008d800000, 0x000000008d800000| Complete 
| 189|0x000000008d900000, 0x000000008da00000, 0x000000008da00000|100%| E|CS|TAMS 0x000000008d900000, 0x000000008d900000| Complete 
| 190|0x000000008da00000, 0x000000008db00000, 0x000000008db00000|100%| E|CS|TAMS 0x000000008da00000, 0x000000008da00000| Complete 
| 191|0x000000008db00000, 0x000000008dc00000, 0x000000008dc00000|100%| E|CS|TAMS 0x000000008db00000, 0x000000008db00000| Complete 
| 192|0x000000008dc00000, 0x000000008dd00000, 0x000000008dd00000|100%| E|CS|TAMS 0x000000008dc00000, 0x000000008dc00000| Complete 
| 193|0x000000008dd00000, 0x000000008de00000, 0x000000008de00000|100%| E|CS|TAMS 0x000000008dd00000, 0x000000008dd00000| Complete 
| 194|0x000000008de00000, 0x000000008df00000, 0x000000008df00000|100%| E|CS|TAMS 0x000000008de00000, 0x000000008de00000| Complete 

Card table byte_map: [0x000001b0b6210000,0x000001b0b6610000] _byte_map_base: 0x000001b0b5e02000

Marking Bits (Prev, Next): (CMBitMap*) 0x000001b09e6d65f0, (CMBitMap*) 0x000001b09e6d65b8
 Prev Bits: [0x000001b0b89a0000, 0x000001b0ba930000)
 Next Bits: [0x000001b0b6a10000, 0x000001b0b89a0000)

Polling page: 0x000001b09de70000

Metaspace:

Usage:
  Non-class:     76.98 MB capacity,    76.43 MB (>99%) used,   424.37 KB ( <1%) free+waste,   145.75 KB ( <1%) overhead. 
      Class:      9.34 MB capacity,     8.96 MB ( 96%) used,   323.69 KB (  3%) free+waste,    59.44 KB ( <1%) overhead. 
       Both:     86.32 MB capacity,    85.39 MB ( 99%) used,   748.05 KB ( <1%) free+waste,   205.19 KB ( <1%) overhead. 

Virtual space:
  Non-class space:       78.00 MB reserved,      77.09 MB ( 99%) committed 
      Class space:        1.00 GB reserved,       9.37 MB ( <1%) committed 
             Both:        1.08 GB reserved,      86.46 MB (  8%) committed 

Chunk freelists:
   Non-Class:  49.00 KB
       Class:  7.00 KB
        Both:  56.00 KB

MaxMetaspaceSize: 17179869184.00 GB
CompressedClassSpaceSize: 1.00 GB
Initial GC threshold: 20.80 MB
Current GC threshold: 144.11 MB
CDS: off

CodeHeap 'non-profiled nmethods': size=120064Kb used=10815Kb max_used=10815Kb free=109248Kb
 bounds [0x000001b0ae8d0000, 0x000001b0af360000, 0x000001b0b5e10000]
CodeHeap 'profiled nmethods': size=120000Kb used=52723Kb max_used=52723Kb free=67276Kb
 bounds [0x000001b0a73a0000, 0x000001b0aa720000, 0x000001b0ae8d0000]
CodeHeap 'non-nmethods': size=5696Kb used=1387Kb max_used=1435Kb free=4308Kb
 bounds [0x000001b0a6e10000, 0x000001b0a7080000, 0x000001b0a73a0000]
 total_blobs=16524 nmethods=15840 adapters=590
 compilation: enabled
              stopped_count=0, restarted_count=0
 full_count=0

Compilation events (20 events):
Event: 139.269 Thread 0x000001b0bd814800 17592       3       org.jetbrains.kotlin.backend.common.BodyLoweringVisitor::visitWhen (13 bytes)
Event: 139.270 Thread 0x000001b0bd814800 nmethod 17592 0x000001b0aa712d90 code [0x000001b0aa713040, 0x000001b0aa713c78]
Event: 139.270 Thread 0x000001b0bd814800 17593       3       org.jetbrains.kotlin.backend.common.BodyLoweringVisitor::visitWhen (8 bytes)
Event: 139.272 Thread 0x000001b0bd814800 nmethod 17593 0x000001b0aa714090 code [0x000001b0aa7143a0, 0x000001b0aa7152f8]
Event: 139.272 Thread 0x000001b0bd814800 17594       3       org.jetbrains.kotlin.backend.common.BodyLoweringVisitor::visitVariable (13 bytes)
Event: 139.273 Thread 0x000001b0bd814800 nmethod 17594 0x000001b0aa715810 code [0x000001b0aa715ae0, 0x000001b0aa7168c8]
Event: 139.273 Thread 0x000001b0bd814800 17596       3       org.jetbrains.kotlin.backend.common.DeclarationTransformer$Visitor::visitElseBranch (13 bytes)
Event: 139.274 Thread 0x000001b0bd814800 nmethod 17596 0x000001b0aa716d90 code [0x000001b0aa7170a0, 0x000001b0aa717f28]
Event: 139.274 Thread 0x000001b0bd814800 17590       3       org.jetbrains.kotlin.ir.expressions.IrSetField::<init> (5 bytes)
Event: 139.275 Thread 0x000001b0bd814800 nmethod 17590 0x000001b0aa718490 code [0x000001b0aa718660, 0x000001b0aa718998]
Event: 139.275 Thread 0x000001b0bd814800 17591       3       org.jetbrains.kotlin.ir.types.impl.IrAbstractSimpleType::getVariance (4 bytes)
Event: 139.275 Thread 0x000001b0bd814800 nmethod 17591 0x000001b0aa718b10 code [0x000001b0aa718cc0, 0x000001b0aa718dd8]
Event: 139.275 Thread 0x000001b0bd814800 17597       3       org.jetbrains.kotlin.ir.types.impl.IrSimpleTypeImpl::<init> (23 bytes)
Event: 139.277 Thread 0x000001b0bd814800 nmethod 17597 0x000001b0aa718e90 code [0x000001b0aa7191c0, 0x000001b0aa71a1a8]
Event: 139.277 Thread 0x000001b0bd814800 17598       3       org.jetbrains.kotlin.ir.types.impl.IrSimpleTypeImpl::<init> (32 bytes)
Event: 139.278 Thread 0x000001b0bd814800 nmethod 17598 0x000001b0aa71a790 code [0x000001b0aa71aac0, 0x000001b0aa71ba08]
Event: 139.279 Thread 0x000001b0bd814800 17599       3       org.jetbrains.kotlin.ir.declarations.IrPackageFragment::<init> (5 bytes)
Event: 139.279 Thread 0x000001b0bd814800 nmethod 17599 0x000001b0aa71bf90 code [0x000001b0aa71c140, 0x000001b0aa71c2f8]
Event: 139.286 Thread 0x000001b0bd814800 17601       3       org.jetbrains.kotlin.ir.expressions.impl.IrClassReferenceImpl::accept (18 bytes)
Event: 139.287 Thread 0x000001b0bd814800 nmethod 17601 0x000001b0aa71c410 code [0x000001b0aa71c640, 0x000001b0aa71cca8]

GC Heap History (20 events):
Event: 132.090 GC heap before
{Heap before GC invocations=46 (full 0):
 garbage-first heap   total 131072K, used 114536K [0x0000000081c00000, 0x0000000100000000)
  region size 1024K, 7 young (7168K), 1 survivors (1024K)
 Metaspace       used 78078K, capacity 79000K, committed 79196K, reserved 1120256K
  class space    used 8247K, capacity 8628K, committed 8700K, reserved 1048576K
}
Event: 132.094 GC heap after
{Heap after GC invocations=47 (full 0):
 garbage-first heap   total 131072K, used 109429K [0x0000000081c00000, 0x0000000100000000)
  region size 1024K, 1 young (1024K), 1 survivors (1024K)
 Metaspace       used 78078K, capacity 79000K, committed 79196K, reserved 1120256K
  class space    used 8247K, capacity 8628K, committed 8700K, reserved 1048576K
}
Event: 132.348 GC heap before
{Heap before GC invocations=47 (full 0):
 garbage-first heap   total 131072K, used 114549K [0x0000000081c00000, 0x0000000100000000)
  region size 1024K, 6 young (6144K), 1 survivors (1024K)
 Metaspace       used 78107K, capacity 79064K, committed 79196K, reserved 1120256K
  class space    used 8247K, capacity 8628K, committed 8700K, reserved 1048576K
}
Event: 132.352 GC heap after
{Heap after GC invocations=48 (full 0):
 garbage-first heap   total 131072K, used 110031K [0x0000000081c00000, 0x0000000100000000)
  region size 1024K, 1 young (1024K), 1 survivors (1024K)
 Metaspace       used 78107K, capacity 79064K, committed 79196K, reserved 1120256K
  class space    used 8247K, capacity 8628K, committed 8700K, reserved 1048576K
}
Event: 132.747 GC heap before
{Heap before GC invocations=48 (full 0):
 garbage-first heap   total 131072K, used 115151K [0x0000000081c00000, 0x0000000100000000)
  region size 1024K, 6 young (6144K), 1 survivors (1024K)
 Metaspace       used 78114K, capacity 79064K, committed 79196K, reserved 1120256K
  class space    used 8247K, capacity 8628K, committed 8700K, reserved 1048576K
}
Event: 132.753 GC heap after
{Heap after GC invocations=49 (full 0):
 garbage-first heap   total 157696K, used 110700K [0x0000000081c00000, 0x0000000100000000)
  region size 1024K, 1 young (1024K), 1 survivors (1024K)
 Metaspace       used 78114K, capacity 79064K, committed 79196K, reserved 1120256K
  class space    used 8247K, capacity 8628K, committed 8700K, reserved 1048576K
}
Event: 133.084 GC heap before
{Heap before GC invocations=50 (full 0):
 garbage-first heap   total 157696K, used 126060K [0x0000000081c00000, 0x0000000100000000)
  region size 1024K, 16 young (16384K), 1 survivors (1024K)
 Metaspace       used 78545K, capacity 79480K, committed 79708K, reserved 1120256K
  class space    used 8298K, capacity 8660K, committed 8700K, reserved 1048576K
}
Event: 133.096 GC heap after
{Heap after GC invocations=51 (full 0):
 garbage-first heap   total 157696K, used 113299K [0x0000000081c00000, 0x0000000100000000)
  region size 1024K, 2 young (2048K), 2 survivors (2048K)
 Metaspace       used 78545K, capacity 79480K, committed 79708K, reserved 1120256K
  class space    used 8298K, capacity 8660K, committed 8700K, reserved 1048576K
}
Event: 133.345 GC heap before
{Heap before GC invocations=51 (full 0):
 garbage-first heap   total 157696K, used 127635K [0x0000000081c00000, 0x0000000100000000)
  region size 1024K, 16 young (16384K), 2 survivors (2048K)
 Metaspace       used 78807K, capacity 79704K, committed 80092K, reserved 1120256K
  class space    used 8327K, capacity 8692K, committed 8828K, reserved 1048576K
}
Event: 133.354 GC heap after
{Heap after GC invocations=52 (full 0):
 garbage-first heap   total 157696K, used 115846K [0x0000000081c00000, 0x0000000100000000)
  region size 1024K, 2 young (2048K), 2 survivors (2048K)
 Metaspace       used 78807K, capacity 79704K, committed 80092K, reserved 1120256K
  class space    used 8327K, capacity 8692K, committed 8828K, reserved 1048576K
}
Event: 134.360 GC heap before
{Heap before GC invocations=53 (full 0):
 garbage-first heap   total 157696K, used 127110K [0x0000000081c00000, 0x0000000100000000)
  region size 1024K, 15 young (15360K), 2 survivors (2048K)
 Metaspace       used 81120K, capacity 82043K, committed 82268K, reserved 1122304K
  class space    used 8557K, capacity 8917K, committed 8956K, reserved 1048576K
}
Event: 134.375 GC heap after
{Heap after GC invocations=54 (full 0):
 garbage-first heap   total 157696K, used 114733K [0x0000000081c00000, 0x0000000100000000)
  region size 1024K, 1 young (1024K), 1 survivors (1024K)
 Metaspace       used 81120K, capacity 82043K, committed 82268K, reserved 1122304K
  class space    used 8557K, capacity 8917K, committed 8956K, reserved 1048576K
}
Event: 134.771 GC heap before
{Heap before GC invocations=54 (full 0):
 garbage-first heap   total 157696K, used 119853K [0x0000000081c00000, 0x0000000100000000)
  region size 1024K, 7 young (7168K), 1 survivors (1024K)
 Metaspace       used 82279K, capacity 83195K, committed 83420K, reserved 1124352K
  class space    used 8682K, capacity 9045K, committed 9084K, reserved 1048576K
}
Event: 134.788 GC heap after
{Heap after GC invocations=55 (full 0):
 garbage-first heap   total 199680K, used 110078K [0x0000000081c00000, 0x0000000100000000)
  region size 1024K, 1 young (1024K), 1 survivors (1024K)
 Metaspace       used 82279K, capacity 83195K, committed 83420K, reserved 1124352K
  class space    used 8682K, capacity 9045K, committed 9084K, reserved 1048576K
}
Event: 135.809 GC heap before
{Heap before GC invocations=55 (full 0):
 garbage-first heap   total 199680K, used 138750K [0x0000000081c00000, 0x0000000100000000)
  region size 1024K, 29 young (29696K), 1 survivors (1024K)
 Metaspace       used 85172K, capacity 86078K, committed 86364K, reserved 1126400K
  class space    used 9010K, capacity 9366K, committed 9468K, reserved 1048576K
}
Event: 135.831 GC heap after
{Heap after GC invocations=56 (full 0):
 garbage-first heap   total 199680K, used 112824K [0x0000000081c00000, 0x0000000100000000)
  region size 1024K, 4 young (4096K), 4 survivors (4096K)
 Metaspace       used 85172K, capacity 86078K, committed 86364K, reserved 1126400K
  class space    used 9010K, capacity 9366K, committed 9468K, reserved 1048576K
}
Event: 137.641 GC heap before
{Heap before GC invocations=57 (full 0):
 garbage-first heap   total 199680K, used 143544K [0x0000000081c00000, 0x0000000100000000)
  region size 1024K, 34 young (34816K), 4 survivors (4096K)
 Metaspace       used 86423K, capacity 87367K, committed 87516K, reserved 1128448K
  class space    used 9119K, capacity 9497K, committed 9596K, reserved 1048576K
}
Event: 137.656 GC heap after
{Heap after GC invocations=58 (full 0):
 garbage-first heap   total 199680K, used 114041K [0x0000000081c00000, 0x0000000100000000)
  region size 1024K, 2 young (2048K), 2 survivors (2048K)
 Metaspace       used 86423K, capacity 87367K, committed 87516K, reserved 1128448K
  class space    used 9119K, capacity 9497K, committed 9596K, reserved 1048576K
}
Event: 138.742 GC heap before
{Heap before GC invocations=58 (full 0):
 garbage-first heap   total 199680K, used 146809K [0x0000000081c00000, 0x0000000100000000)
  region size 1024K, 34 young (34816K), 2 survivors (2048K)
 Metaspace       used 87320K, capacity 88264K, committed 88540K, reserved 1128448K
  class space    used 9174K, capacity 9561K, committed 9596K, reserved 1048576K
}
Event: 138.750 GC heap after
{Heap after GC invocations=59 (full 0):
 garbage-first heap   total 199680K, used 114727K [0x0000000081c00000, 0x0000000100000000)
  region size 1024K, 2 young (2048K), 2 survivors (2048K)
 Metaspace       used 87320K, capacity 88264K, committed 88540K, reserved 1128448K
  class space    used 9174K, capacity 9561K, committed 9596K, reserved 1048576K
}

Deoptimization events (20 events):
Event: 138.734 Thread 0x000001b09e698800 Uncommon trap: trap_request=0xffffffde fr.pc=0x000001b0aebd87ac relative=0x00000000000043cc
Event: 138.734 Thread 0x000001b09e698800 Uncommon trap: reason=class_check action=maybe_recompile pc=0x000001b0aebd87ac method=org.jetbrains.kotlin.ir.util.TypeTranslator.translateTypeAnnotations(Lorg/jetbrains/kotlin/types/KotlinType;Lorg/jetbrains/kotlin/types/KotlinType;)Ljava/util/List; @ 67
Event: 138.734 Thread 0x000001b09e698800 DEOPT PACKING pc=0x000001b0aebd87ac sp=0x000000a43e5fb880
Event: 138.734 Thread 0x000001b09e698800 DEOPT UNPACKING pc=0x000001b0a6e5a1af sp=0x000000a43e5fb828 mode 2
Event: 138.958 Thread 0x000001b09e698800 Uncommon trap: trap_request=0xffffffde fr.pc=0x000001b0aed1242c relative=0x000000000000042c
Event: 138.958 Thread 0x000001b09e698800 Uncommon trap: reason=class_check action=maybe_recompile pc=0x000001b0aed1242c method=org.jetbrains.kotlin.ir.declarations.IrClass.acceptChildren(Lorg/jetbrains/kotlin/ir/visitors/IrElementVisitor;Ljava/lang/Object;)V @ 28 c2
Event: 138.958 Thread 0x000001b09e698800 DEOPT PACKING pc=0x000001b0aed1242c sp=0x000000a43e5fd6b0
Event: 138.958 Thread 0x000001b09e698800 DEOPT UNPACKING pc=0x000001b0a6e5a1af sp=0x000000a43e5fd628 mode 2
Event: 138.960 Thread 0x000001b09e698800 Uncommon trap: trap_request=0xffffffde fr.pc=0x000001b0aed1242c relative=0x000000000000042c
Event: 138.960 Thread 0x000001b09e698800 Uncommon trap: reason=class_check action=maybe_recompile pc=0x000001b0aed1242c method=org.jetbrains.kotlin.ir.declarations.IrClass.acceptChildren(Lorg/jetbrains/kotlin/ir/visitors/IrElementVisitor;Ljava/lang/Object;)V @ 28 c2
Event: 138.960 Thread 0x000001b09e698800 DEOPT PACKING pc=0x000001b0aed1242c sp=0x000000a43e5fdb20
Event: 138.960 Thread 0x000001b09e698800 DEOPT UNPACKING pc=0x000001b0a6e5a1af sp=0x000000a43e5fda98 mode 2
Event: 138.966 Thread 0x000001b09e698800 Uncommon trap: trap_request=0xffffffde fr.pc=0x000001b0aed1242c relative=0x000000000000042c
Event: 138.966 Thread 0x000001b09e698800 Uncommon trap: reason=class_check action=maybe_recompile pc=0x000001b0aed1242c method=org.jetbrains.kotlin.ir.declarations.IrClass.acceptChildren(Lorg/jetbrains/kotlin/ir/visitors/IrElementVisitor;Ljava/lang/Object;)V @ 28 c2
Event: 138.966 Thread 0x000001b09e698800 DEOPT PACKING pc=0x000001b0aed1242c sp=0x000000a43e5fd820
Event: 138.966 Thread 0x000001b09e698800 DEOPT UNPACKING pc=0x000001b0a6e5a1af sp=0x000000a43e5fd798 mode 2
Event: 139.150 Thread 0x000001b09e698800 Uncommon trap: trap_request=0xffffffde fr.pc=0x000001b0aed1242c relative=0x000000000000042c
Event: 139.150 Thread 0x000001b09e698800 Uncommon trap: reason=class_check action=maybe_recompile pc=0x000001b0aed1242c method=org.jetbrains.kotlin.ir.declarations.IrClass.acceptChildren(Lorg/jetbrains/kotlin/ir/visitors/IrElementVisitor;Ljava/lang/Object;)V @ 28 c2
Event: 139.150 Thread 0x000001b09e698800 DEOPT PACKING pc=0x000001b0aed1242c sp=0x000000a43e5fd820
Event: 139.150 Thread 0x000001b09e698800 DEOPT UNPACKING pc=0x000001b0a6e5a1af sp=0x000000a43e5fd798 mode 2

Classes redefined (0 events):
No events

Internal exceptions (20 events):
Event: 85.720 Thread 0x000001b09e698800 Exception <a 'java/lang/NoSuchMethodError'{0x0000000087e846e0}: 'java.lang.Object java.lang.invoke.Invokers$Holder.linkToTargetMethod(java.lang.Object, java.lang.Object, java.lang.Object, java.lang.Object, java.lang.Object, java.lang.Object, java.lang.Object)'> (0x0000000087e846e0) thrown at [./src/hotspot/share/interpreter/linkResolver.cpp, line 773]
Event: 87.260 Thread 0x000001b09e698800 Exception <a 'java/lang/NoSuchMethodError'{0x00000000899044a0}: 'java.lang.Object java.lang.invoke.Invokers$Holder.linkToTargetMethod(java.lang.Object, java.lang.Object, java.lang.Object, int, int, java.lang.Object)'> (0x00000000899044a0) thrown at [./src/hotspot/share/interpreter/linkResolver.cpp, line 773]
Event: 87.263 Thread 0x000001b09e698800 Implicit null exception at 0x000001b0aed68bcb to 0x000001b0aed711f8
Event: 87.353 Thread 0x000001b09e698800 Implicit null exception at 0x000001b0aed341a3 to 0x000001b0aed34356
Event: 89.609 Thread 0x000001b09e698800 Exception <a 'java/lang/NoSuchMethodError'{0x000000008911f820}: 'int java.lang.invoke.DirectMethodHandle$Holder.invokeStaticInit(java.lang.Object, int)'> (0x000000008911f820) thrown at [./src/hotspot/share/interpreter/linkResolver.cpp, line 773]
Event: 89.644 Thread 0x000001b09e698800 Implicit null exception at 0x000001b0aee144b8 to 0x000001b0aee147ac
Event: 89.647 Thread 0x000001b09e698800 Implicit null exception at 0x000001b0aece7d67 to 0x000001b0aece8eec
Event: 89.849 Thread 0x000001b09e698800 Exception <a 'java/lang/NoSuchMethodError'{0x00000000890201f0}: 'java.lang.Object java.lang.invoke.DirectMethodHandle$Holder.invokeInterface(java.lang.Object, java.lang.Object, java.lang.Object)'> (0x00000000890201f0) thrown at [./src/hotspot/share/interpreter/linkResolver.cpp, line 773]
Event: 89.850 Thread 0x000001b09e698800 Exception <a 'java/lang/IncompatibleClassChangeError'{0x0000000089023420}: Found class java.lang.Object, but interface was expected> (0x0000000089023420) thrown at [./src/hotspot/share/interpreter/linkResolver.cpp, line 839]
Event: 91.870 Thread 0x000001b09e698800 Implicit null exception at 0x000001b0ae929475 to 0x000001b0ae92963c
Event: 93.619 Thread 0x000001b09e698800 Implicit null exception at 0x000001b0ae8ebdf7 to 0x000001b0ae8ec304
Event: 93.778 Thread 0x000001b09e698800 Implicit null exception at 0x000001b0ae8f0074 to 0x000001b0ae8f0554
Event: 95.915 Thread 0x000001b09e698800 Implicit null exception at 0x000001b0aedea420 to 0x000001b0aedf2718
Event: 98.688 Thread 0x000001b09e698800 Implicit null exception at 0x000001b0aec2febc to 0x000001b0aec31078
Event: 100.102 Thread 0x000001b09e698800 Implicit null exception at 0x000001b0aee3f980 to 0x000001b0aee3fc30
Event: 100.104 Thread 0x000001b09e698800 Implicit null exception at 0x000001b0aec4237b to 0x000001b0aec4261c
Event: 124.578 Thread 0x000001b09e698800 Implicit null exception at 0x000001b0af1aabb3 to 0x000001b0af1aacd4
Event: 124.720 Thread 0x000001b09e698800 Exception <a 'java/lang/NoSuchMethodError'{0x00000000899727b8}: 'java.lang.Object java.lang.invoke.DirectMethodHandle$Holder.invokeStaticInit(java.lang.Object, java.lang.Object, java.lang.Object, java.lang.Object)'> (0x00000000899727b8) thrown at [./src/hotspot/share/interpreter/linkResolver.cpp, line 773]
Event: 125.270 Thread 0x000001b09e698800 Exception <a 'java/lang/NoSuchMethodError'{0x0000000088dce6b0}: 'int java.lang.invoke.DirectMethodHandle$Holder.invokeStaticInit(java.lang.Object, java.lang.Object, java.lang.Object, java.lang.Object)'> (0x0000000088dce6b0) thrown at [./src/hotspot/share/interpreter/linkResolver.cpp, line 773]
Event: 127.552 Thread 0x000001b09e698800 Implicit null exception at 0x000001b0ae937ff4 to 0x000001b0ae93820c

Events (20 events):
Event: 138.727 loading class org/jetbrains/kotlin/backend/common/MappingsKt
Event: 138.727 loading class org/jetbrains/kotlin/backend/common/MappingsKt done
Event: 138.730 loading class org/jetbrains/kotlin/backend/common/lower/NullableFieldsDeclarationLowering$transformGetter$2
Event: 138.730 loading class org/jetbrains/kotlin/backend/common/lower/NullableFieldsDeclarationLowering$transformGetter$2 done
Event: 138.742 Executing VM operation: G1CollectForAllocation
Event: 138.750 Executing VM operation: G1CollectForAllocation done
Event: 138.761 loading class org/jetbrains/kotlin/backend/jvm/JvmLoweredDeclarationOrigin$SYNTHETIC_METHOD_FOR_PROPERTY_OR_TYPEALIAS_ANNOTATIONS
Event: 138.761 loading class org/jetbrains/kotlin/backend/jvm/JvmLoweredDeclarationOrigin$SYNTHETIC_METHOD_FOR_PROPERTY_OR_TYPEALIAS_ANNOTATIONS done
Event: 138.790 loading class org/jetbrains/kotlin/ir/declarations/IrDeclarationOrigin$SYNTHETIC_GENERATED_SAM_IMPLEMENTATION
Event: 138.790 loading class org/jetbrains/kotlin/ir/declarations/IrDeclarationOrigin$SYNTHETIC_GENERATED_SAM_IMPLEMENTATION done
Event: 138.941 loading class org/jetbrains/kotlin/backend/common/lower/EnumWhenLowering$visitBlock$subjectOrdinalProvider$1
Event: 138.941 loading class org/jetbrains/kotlin/backend/common/lower/EnumWhenLowering$visitBlock$subjectOrdinalProvider$1 done
Event: 138.942 loading class org/jetbrains/kotlin/backend/jvm/JvmLoweredDeclarationOrigin$ENUM_MAPPINGS_FOR_WHEN
Event: 138.942 loading class org/jetbrains/kotlin/backend/jvm/JvmLoweredDeclarationOrigin$ENUM_MAPPINGS_FOR_WHEN done
Event: 138.942 loading class org/jetbrains/kotlin/backend/jvm/lower/MappedEnumWhenLowering$EnumMappingClass
Event: 138.942 loading class org/jetbrains/kotlin/backend/jvm/lower/MappedEnumWhenLowering$EnumMappingClass done
Event: 139.209 Executing VM operation: CGC_Operation
Event: 139.237 Executing VM operation: CGC_Operation done
Event: 139.265 loading class org/jetbrains/kotlin/backend/common/lower/InitializersLoweringKt
Event: 139.265 loading class org/jetbrains/kotlin/backend/common/lower/InitializersLoweringKt done


Dynamic libraries:
0x00007ff759ea0000 - 0x00007ff759ead000 	C:\Program Files\Microsoft\jdk-11.0.18.10-hotspot\bin\java.exe
0x00007ffb4dc30000 - 0x00007ffb4de28000 	C:\WINDOWS\SYSTEM32\ntdll.dll
0x00007ffb27b00000 - 0x00007ffb27b19000 	C:\Program Files\AVAST Software\Avast\aswhook.dll
0x00007ffb4da90000 - 0x00007ffb4db4f000 	C:\WINDOWS\System32\KERNEL32.DLL
0x00007ffb4b990000 - 0x00007ffb4bc86000 	C:\WINDOWS\System32\KERNELBASE.dll
0x00007ffb4b310000 - 0x00007ffb4b410000 	C:\WINDOWS\System32\ucrtbase.dll
0x00007ffb437f0000 - 0x00007ffb43807000 	C:\Program Files\Microsoft\jdk-11.0.18.10-hotspot\bin\jli.dll
0x00007ffb4bc90000 - 0x00007ffb4be2d000 	C:\WINDOWS\System32\USER32.dll
0x00007ffb4b460000 - 0x00007ffb4b482000 	C:\WINDOWS\System32\win32u.dll
0x00007ffb4d090000 - 0x00007ffb4d0bc000 	C:\WINDOWS\System32\GDI32.dll
0x00007ffb4b870000 - 0x00007ffb4b985000 	C:\WINDOWS\System32\gdi32full.dll
0x00007ffb4b500000 - 0x00007ffb4b59d000 	C:\WINDOWS\System32\msvcp_win.dll
0x00007ffb38f70000 - 0x00007ffb3920a000 	C:\WINDOWS\WinSxS\amd64_microsoft.windows.common-controls_6595b64144ccf1df_6.0.19041.1110_none_60b5254171f9507e\COMCTL32.dll
0x00007ffb4ca60000 - 0x00007ffb4cafe000 	C:\WINDOWS\System32\msvcrt.dll
0x00007ffb43790000 - 0x00007ffb437a5000 	C:\Program Files\Microsoft\jdk-11.0.18.10-hotspot\bin\VCRUNTIME140.dll
0x00007ffb4c450000 - 0x00007ffb4c480000 	C:\WINDOWS\System32\IMM32.DLL
0x00007ffb27d80000 - 0x00007ffb27e1b000 	C:\Program Files\Microsoft\jdk-11.0.18.10-hotspot\bin\msvcp140.dll
0x00007ffad2730000 - 0x00007ffad32c2000 	C:\Program Files\Microsoft\jdk-11.0.18.10-hotspot\bin\server\jvm.dll
0x00007ffb4ce30000 - 0x00007ffb4cedf000 	C:\WINDOWS\System32\ADVAPI32.dll
0x00007ffb4db50000 - 0x00007ffb4dbec000 	C:\WINDOWS\System32\sechost.dll
0x00007ffb4c8a0000 - 0x00007ffb4c9c6000 	C:\WINDOWS\System32\RPCRT4.dll
0x00007ffb4bfd0000 - 0x00007ffb4bfd8000 	C:\WINDOWS\System32\PSAPI.DLL
0x00007ffb36540000 - 0x00007ffb36549000 	C:\WINDOWS\SYSTEM32\WSOCK32.dll
0x00007ffb4cdc0000 - 0x00007ffb4ce2b000 	C:\WINDOWS\System32\WS2_32.dll
0x00007ffb28cf0000 - 0x00007ffb28d17000 	C:\WINDOWS\SYSTEM32\WINMM.dll
0x00007ffb41d60000 - 0x00007ffb41d6a000 	C:\WINDOWS\SYSTEM32\VERSION.dll
0x00007ffb49b40000 - 0x00007ffb49b52000 	C:\WINDOWS\SYSTEM32\kernel.appcore.dll
0x00007ffb46460000 - 0x00007ffb46470000 	C:\Program Files\Microsoft\jdk-11.0.18.10-hotspot\bin\verify.dll
0x00007ffb48a80000 - 0x00007ffb48c64000 	C:\WINDOWS\SYSTEM32\DBGHELP.DLL
0x00007ffb3cc80000 - 0x00007ffb3ccb4000 	C:\WINDOWS\SYSTEM32\dbgcore.DLL
0x00007ffb4b700000 - 0x00007ffb4b782000 	C:\WINDOWS\System32\bcryptPrimitives.dll
0x00007ffb26910000 - 0x00007ffb26938000 	C:\Program Files\Microsoft\jdk-11.0.18.10-hotspot\bin\java.dll
0x00007ffb43780000 - 0x00007ffb4378a000 	C:\Program Files\Microsoft\jdk-11.0.18.10-hotspot\bin\jimage.dll
0x00007ffb27440000 - 0x00007ffb27458000 	C:\Program Files\Microsoft\jdk-11.0.18.10-hotspot\bin\zip.dll
0x00007ffb4d2b0000 - 0x00007ffb4d9f4000 	C:\WINDOWS\System32\SHELL32.dll
0x00007ffb493a0000 - 0x00007ffb49b34000 	C:\WINDOWS\SYSTEM32\windows.storage.dll
0x00007ffb4c4e0000 - 0x00007ffb4c834000 	C:\WINDOWS\System32\combase.dll
0x00007ffb4ad50000 - 0x00007ffb4ad7e000 	C:\WINDOWS\SYSTEM32\Wldp.dll
0x00007ffb4ccb0000 - 0x00007ffb4cd5d000 	C:\WINDOWS\System32\SHCORE.dll
0x00007ffb4c840000 - 0x00007ffb4c895000 	C:\WINDOWS\System32\shlwapi.dll
0x00007ffb4b240000 - 0x00007ffb4b265000 	C:\WINDOWS\SYSTEM32\profapi.dll
0x00007ffb26960000 - 0x00007ffb26979000 	C:\Program Files\Microsoft\jdk-11.0.18.10-hotspot\bin\net.dll
0x00007ffb3c8d0000 - 0x00007ffb3c9da000 	C:\WINDOWS\SYSTEM32\WINHTTP.dll
0x00007ffb4aab0000 - 0x00007ffb4ab1a000 	C:\WINDOWS\system32\mswsock.dll
0x00007ffb20c40000 - 0x00007ffb20c53000 	C:\Program Files\Microsoft\jdk-11.0.18.10-hotspot\bin\nio.dll

dbghelp: loaded successfully - version: 4.0.5 - missing functions: none
symbol engine: initialized successfully - sym options: 0x614 - pdb path: .;C:\Program Files\Microsoft\jdk-11.0.18.10-hotspot\bin;C:\WINDOWS\SYSTEM32;C:\Program Files\AVAST Software\Avast;C:\WINDOWS\WinSxS\amd64_microsoft.windows.common-controls_6595b64144ccf1df_6.0.19041.1110_none_60b5254171f9507e;C:\Program Files\Microsoft\jdk-11.0.18.10-hotspot\bin\server

VM Arguments:
java_command: org.jetbrains.kotlin.cli.jvm.K2JVMCompiler @C:\Users\Valeria\Documents\GitHub\ApiFinal\final_garassino\node_modules\react-native-screens\android\build\20230717_1022544553817493482.compiler.options
java_class_path (initial): C:\Users\Valeria\.gradle\caches\modules-2\files-2.1\org.jetbrains.kotlin\kotlin-compiler-embeddable\1.6.21\97bdd5a752ce73b58ef16c17bc7f0ea2faff7a2e\kotlin-compiler-embeddable-1.6.21.jar;C:\Users\Valeria\.gradle\caches\modules-2\files-2.1\org.jetbrains.kotlin\kotlin-reflect\1.6.21\5dc3574d9b7bebfcb4ec6b10ada4aaa9e140bd0b\kotlin-reflect-1.6.21.jar;C:\Users\Valeria\.gradle\caches\modules-2\files-2.1\org.jetbrains.kotlin\kotlin-stdlib\1.6.21\11ef67f1900634fd951bad28c53ec957fabbe5b8\kotlin-stdlib-1.6.21.jar;C:\Users\Valeria\.gradle\caches\modules-2\files-2.1\org.jetbrains.kotlin\kotlin-script-runtime\1.6.21\99c6675100da5d6d5b1c5a1032f27f28008d101b\kotlin-script-runtime-1.6.21.jar;C:\Users\Valeria\.gradle\caches\modules-2\files-2.1\org.jetbrains.kotlin\kotlin-daemon-embeddable\1.6.21\46b78cf392e1c4f10854c3cadba44abb7b82250f\kotlin-daemon-embeddable-1.6.21.jar;C:\Users\Valeria\.gradle\caches\modules-2\files-2.1\org.jetbrains.intellij.deps\trove4j\1.0.20200330\3afb14d5f9ceb459d724e907a21145e8ff394f02\trove4j-1.0.20200330.jar;C:\Users\Valeria\.gradle\caches\modules-2\files-2.1\net.java.dev.jna\jna\5.6.0\330f2244e9030119ab3030fc3fededc86713d9cc\jna-5.6.0.jar;C:\Users\Valeria\.gradle\caches\modules-2\files-2.1\org.jetbrains.kotlin\kotlin-stdlib-common\1.6.21\5e5b55c26dbc80372a920aef60eb774b714559b8\kotlin-stdlib-common-1.6.21.jar;C:\Users\Valeria\.gradle\caches\modules-2\files-2.1\org.jetbrains\annotations\13.0\919f0dfe192fb4e063e7dacadee7f8bb9a2672a9\annotations-13.0.jar
Launcher Type: SUN_STANDARD

[Global flags]
     intx CICompilerCount                          = 3                                         {product} {ergonomic}
     uint ConcGCThreads                            = 1                                         {product} {ergonomic}
     uint G1ConcRefinementThreads                  = 4                                         {product} {ergonomic}
   size_t G1HeapRegionSize                         = 1048576                                   {product} {ergonomic}
    uintx GCDrainStackTargetSize                   = 64                                        {product} {ergonomic}
   size_t InitialHeapSize                          = 134217728                                 {product} {ergonomic}
   size_t MarkStackSize                            = 4194304                                   {product} {ergonomic}
   size_t MaxHeapSize                              = 2118123520                                {product} {ergonomic}
   size_t MaxNewSize                               = 1270874112                                {product} {ergonomic}
   size_t MinHeapDeltaBytes                        = 1048576                                   {product} {ergonomic}
    uintx NonNMethodCodeHeapSize                   = 5830732                                {pd product} {ergonomic}
    uintx NonProfiledCodeHeapSize                  = 122913754                              {pd product} {ergonomic}
    uintx ProfiledCodeHeapSize                     = 122913754                              {pd product} {ergonomic}
    uintx ReservedCodeCacheSize                    = 251658240                              {pd product} {ergonomic}
     bool SegmentedCodeCache                       = true                                      {product} {ergonomic}
     bool UseCompressedClassPointers               = true                                 {lp64_product} {ergonomic}
     bool UseCompressedOops                        = true                                 {lp64_product} {ergonomic}
     bool UseG1GC                                  = true                                      {product} {ergonomic}
     bool UseLargePagesIndividualAllocation        = false                                  {pd product} {ergonomic}

Logging:
Log output configuration:
 #0: stdout all=warning uptime,level,tags
 #1: stderr all=off uptime,level,tags

Environment Variables:
JAVA_HOME=C:\Program Files\Microsoft\jdk-11.0.18.10-hotspot\
CLASSPATH=C:\Users\Valeria\Documents\GitHub\ApiFinal\final_garassino\android\\gradle\wrapper\gradle-wrapper.jar
PATH=C:\Users\Valeria\Documents\GitHub\ApiFinal\final_garassino\node_modules\.bin;C:\Users\Valeria\Documents\GitHub\ApiFinal\node_modules\.bin;C:\Users\Valeria\Documents\GitHub\node_modules\.bin;C:\Users\Valeria\Documents\node_modules\.bin;C:\Users\Valeria\node_modules\.bin;C:\Users\node_modules\.bin;C:\node_modules\.bin;C:\Program Files\nodejs\node_modules\npm\node_modules\@npmcli\run-script\lib\node-gyp-bin;C:\Program Files\Microsoft\jdk-11.0.18.10-hotspot\bin;C:\WINDOWS\system32;C:\WINDOWS;C:\WINDOWS\System32\Wbem;C:\WINDOWS\System32\WindowsPowerShell\v1.0\;C:\WINDOWS\System32\OpenSSH\;C:\Program Files\Microsoft SQL Server\Client SDK\ODBC\170\Tools\Binn\;C:\Program Files (x86)\Microsoft SQL Server\150\Tools\Binn\;C:\Program Files\Microsoft SQL Server\150\Tools\Binn\;C:\Program Files\Microsoft SQL Server\150\DTS\Binn\;C:\Program Files (x86)\Microsoft SQL Server\150\DTS\Binn\;C:\Program Files\Azure Data Studio\bin;C:\Program Files\Git\cmd;C:\Program Files\nodejs\;C:\ProgramData\chocolatey\bin;C:\Users\Valeria\AppData\Local\Microsoft\WindowsApps;C:\Program Files\Azure Data Studio\bin;C:\Users\Valeria\AppData\Local\Programs\Microsoft VS Code\bin;C:\Users\Valeria\AppData\Local\GitHubDesktop\bin;C:\Users\Valeria\AppData\Roaming\npm;C:\Users\Valeria\AppData\Local\Android\Sdk\platform-tools;
USERNAME=Valeria
LANG=en_US.UTF-8
OS=Windows_NT
PROCESSOR_IDENTIFIER=Intel64 Family 6 Model 142 Stepping 9, GenuineIntel
TMP=C:\Users\Valeria\AppData\Local\Temp
TEMP=C:\Users\Valeria\AppData\Local\Temp



---------------  S Y S T E M  ---------------

OS: Windows 10 , 64 bit Build 19041 (10.0.19041.3155)
OS uptime: 0 days 14:14 hours

CPU:total 4 (initial active 4) (2 cores per cpu, 2 threads per core) family 6 model 142 stepping 9 microcode 0xb4, cmov, cx8, fxsr, mmx, sse, sse2, sse3, ssse3, sse4.1, sse4.2, popcnt, avx, avx2, aes, clmul, erms, 3dnowpref, lzcnt, ht, tsc, tscinvbit, bmi1, bmi2, adx, fma

Memory: 4k page, system-wide physical 8072M (226M free)
TotalPageFile size 12072M (AvailPageFile size 2M)
current process WorkingSet (physical memory assigned to process): 414M, peak: 414M
current process commit charge ("private bytes"): 477M, peak: 478M

vm_info: OpenJDK 64-Bit Server VM (11.0.18+10-LTS) for windows-amd64 JRE (11.0.18+10-LTS), built on Jan 18 2023 15:56:47 by "MicrosoftCorporation" with MS VC++ 15.9 (VS2017)

END.
