#
# There is insufficient memory for the Java Runtime Environment to continue.
# Native memory allocation (malloc) failed to allocate 32744 bytes for ChunkPool::allocate
# Possible reasons:
#   The system is out of physical RAM or swap space
#   The process is running with CompressedOops enabled, and the Java Heap may be blocking the growth of the native heap
# Possible solutions:
#   Reduce memory load on the system
#   Increase physical memory or swap space
#   Check if swap backing store is full
#   Decrease Java heap size (-Xmx/-Xms)
#   Decrease number of Java threads
#   Decrease Java thread stack sizes (-Xss)
#   Set larger code cache with -XX:ReservedCodeCacheSize=
#   JVM is running with Unscaled Compressed Oops mode in which the Java heap is
#     placed in the first 4GB address space. The Java Heap base address is the
#     maximum limit for the native heap growth. Please use -XX:HeapBaseMinAddress
#     to set the Java Heap base and to place the Java Heap above 4GB virtual address.
# This output file may be truncated or incomplete.
#
#  Out of Memory Error (./src/hotspot/share/memory/arena.cpp:81), pid=14496, tid=14640
#
# JRE version: OpenJDK Runtime Environment Microsoft-7208460 (11.0.18+10) (build 11.0.18+10-LTS)
# Java VM: OpenJDK 64-Bit Server VM Microsoft-7208460 (11.0.18+10-LTS, mixed mode, tiered, compressed oops, g1 gc, windows-amd64)
# No core dump will be written. Minidumps are not enabled by default on client versions of Windows
#

---------------  S U M M A R Y ------------

Command Line: -Xmx64m -Xms64m -Dorg.gradle.appname=gradlew org.gradle.wrapper.GradleWrapperMain tasks

Host: Intel(R) Core(TM) i5-7200U CPU @ 2.50GHz, 4 cores, 7G,  Windows 10 , 64 bit Build 19041 (10.0.19041.3155)
Time: Mon Jul 17 09:56:06 2023 Hora estándar de Argentina elapsed time: 38.186159 seconds (0d 0h 0m 38s)

---------------  T H R E A D  ---------------

Current thread (0x0000017f22199000):  JavaThread "C1 CompilerThread0" daemon [_thread_in_native, id=14640, stack(0x00000058f3700000,0x00000058f3800000)]


Current CompileTask:
C1:  38186 1420       3       jdk.internal.org.objectweb.asm.MethodWriter::visitMaxs (1144 bytes)

Stack: [0x00000058f3700000,0x00000058f3800000]
Native frames: (J=compiled Java code, j=interpreted, Vv=VM code, C=native code)
V  [jvm.dll+0x62bf8a]
V  [jvm.dll+0x7b8fb9]
V  [jvm.dll+0x7ba6a8]
V  [jvm.dll+0x7bad83]
V  [jvm.dll+0x250248]
V  [jvm.dll+0xc286b]
V  [jvm.dll+0xc2bcc]
V  [jvm.dll+0xce52a]
V  [jvm.dll+0x171a8d]
V  [jvm.dll+0x174899]
V  [jvm.dll+0x174eee]
V  [jvm.dll+0x174d80]
V  [jvm.dll+0x16cbda]
V  [jvm.dll+0x16bc89]
V  [jvm.dll+0x175abb]
V  [jvm.dll+0x16cdcb]
V  [jvm.dll+0x1706cf]
V  [jvm.dll+0x12ae95]
V  [jvm.dll+0x12a70f]
V  [jvm.dll+0x12a93f]
V  [jvm.dll+0x129be4]
V  [jvm.dll+0x12baf7]
V  [jvm.dll+0x217eec]
V  [jvm.dll+0x21612b]
V  [jvm.dll+0x77bac0]
V  [jvm.dll+0x7749f4]
V  [jvm.dll+0x62adf5]
C  [ucrtbase.dll+0x21bb2]
C  [KERNEL32.DLL+0x17614]
C  [ntdll.dll+0x526b1]


---------------  P R O C E S S  ---------------

Threads class SMR info:
_java_thread_list=0x0000017f23577740, length=10, elements={
0x0000017f07b58000, 0x0000017f22178800, 0x0000017f22179800, 0x0000017f221e7800,
0x0000017f221e8800, 0x0000017f221ea800, 0x0000017f22192000, 0x0000017f22199000,
0x0000017f221ef000, 0x0000017f22467800
}

Java Threads: ( => current thread )
  0x0000017f07b58000 JavaThread "main" [_thread_blocked, id=13280, stack(0x00000058f2a00000,0x00000058f2b00000)]
  0x0000017f22178800 JavaThread "Reference Handler" daemon [_thread_blocked, id=11196, stack(0x00000058f3100000,0x00000058f3200000)]
  0x0000017f22179800 JavaThread "Finalizer" daemon [_thread_blocked, id=11040, stack(0x00000058f3200000,0x00000058f3300000)]
  0x0000017f221e7800 JavaThread "Signal Dispatcher" daemon [_thread_blocked, id=15048, stack(0x00000058f3300000,0x00000058f3400000)]
  0x0000017f221e8800 JavaThread "Attach Listener" daemon [_thread_blocked, id=13436, stack(0x00000058f3400000,0x00000058f3500000)]
  0x0000017f221ea800 JavaThread "Service Thread" daemon [_thread_blocked, id=14040, stack(0x00000058f3500000,0x00000058f3600000)]
  0x0000017f22192000 JavaThread "C2 CompilerThread0" daemon [_thread_blocked, id=5084, stack(0x00000058f3600000,0x00000058f3700000)]
=>0x0000017f22199000 JavaThread "C1 CompilerThread0" daemon [_thread_in_native, id=14640, stack(0x00000058f3700000,0x00000058f3800000)]
  0x0000017f221ef000 JavaThread "Sweeper thread" daemon [_thread_blocked, id=10228, stack(0x00000058f3800000,0x00000058f3900000)]
  0x0000017f22467800 JavaThread "Common-Cleaner" daemon [_thread_blocked, id=15108, stack(0x00000058f3a00000,0x00000058f3b00000)]

Other Threads:
  0x0000017f22155800 VMThread "VM Thread" [stack: 0x00000058f3000000,0x00000058f3100000] [id=2724]
  0x0000017f2245f000 WatcherThread [stack: 0x00000058f3900000,0x00000058f3a00000] [id=5432]
  0x0000017f07b6f000 GCTaskThread "GC Thread#0" [stack: 0x00000058f2b00000,0x00000058f2c00000] [id=10140]
  0x0000017f229c0800 GCTaskThread "GC Thread#1" [stack: 0x00000058f3c00000,0x00000058f3d00000] [id=2432]
  0x0000017f07b76000 ConcurrentGCThread "G1 Main Marker" [stack: 0x00000058f2c00000,0x00000058f2d00000] [id=6020]
  0x0000017f07b78000 ConcurrentGCThread "G1 Conc#0" [stack: 0x00000058f2d00000,0x00000058f2e00000] [id=7180]
  0x0000017f07bcb000 ConcurrentGCThread "G1 Refine#0" [stack: 0x00000058f2e00000,0x00000058f2f00000] [id=1308]
  0x0000017f07bcc000 ConcurrentGCThread "G1 Young RemSet Sampling" [stack: 0x00000058f2f00000,0x00000058f3000000] [id=8252]

Threads with active compile tasks:
C1 CompilerThread0    38250 1420       3       jdk.internal.org.objectweb.asm.MethodWriter::visitMaxs (1144 bytes)

VM state:not at safepoint (normal execution)

VM Mutex/Monitor currently owned by a thread: None

Heap address: 0x00000000fc000000, size: 64 MB, Compressed Oops mode: 32-bit
Narrow klass base: 0x0000000000000000, Narrow klass shift: 3
Compressed class space size: 1073741824 Address: 0x0000000100000000

Heap:
 garbage-first heap   total 65536K, used 41209K [0x00000000fc000000, 0x0000000100000000)
  region size 1024K, 37 young (37888K), 2 survivors (2048K)
 Metaspace       used 16497K, capacity 16854K, committed 17152K, reserved 1064960K
  class space    used 1850K, capacity 1964K, committed 2048K, reserved 1048576K
Heap Regions: E=young(eden), S=young(survivor), O=old, HS=humongous(starts), HC=humongous(continues), CS=collection set, F=free, A=archive, TAMS=top-at-mark-start (previous, next)
|   0|0x00000000fc000000, 0x00000000fc100000, 0x00000000fc100000|100%| O|  |TAMS 0x00000000fc000000, 0x00000000fc000000| Untracked 
|   1|0x00000000fc100000, 0x00000000fc13e400, 0x00000000fc200000| 24%| O|  |TAMS 0x00000000fc100000, 0x00000000fc100000| Untracked 
|   2|0x00000000fc200000, 0x00000000fc300000, 0x00000000fc300000|100%|HS|  |TAMS 0x00000000fc200000, 0x00000000fc200000| Complete 
|   3|0x00000000fc300000, 0x00000000fc400000, 0x00000000fc400000|100%|HC|  |TAMS 0x00000000fc300000, 0x00000000fc300000| Complete 
|   4|0x00000000fc400000, 0x00000000fc500000, 0x00000000fc500000|100%|HC|  |TAMS 0x00000000fc400000, 0x00000000fc400000| Complete 
|   5|0x00000000fc500000, 0x00000000fc600000, 0x00000000fc600000|100%|HC|  |TAMS 0x00000000fc500000, 0x00000000fc500000| Complete 
|   6|0x00000000fc600000, 0x00000000fc600000, 0x00000000fc700000|  0%| F|  |TAMS 0x00000000fc600000, 0x00000000fc600000| Untracked 
|   7|0x00000000fc700000, 0x00000000fc700000, 0x00000000fc800000|  0%| F|  |TAMS 0x00000000fc700000, 0x00000000fc700000| Untracked 
|   8|0x00000000fc800000, 0x00000000fc800000, 0x00000000fc900000|  0%| F|  |TAMS 0x00000000fc800000, 0x00000000fc800000| Untracked 
|   9|0x00000000fc900000, 0x00000000fc900000, 0x00000000fca00000|  0%| F|  |TAMS 0x00000000fc900000, 0x00000000fc900000| Untracked 
|  10|0x00000000fca00000, 0x00000000fca00000, 0x00000000fcb00000|  0%| F|  |TAMS 0x00000000fca00000, 0x00000000fca00000| Untracked 
|  11|0x00000000fcb00000, 0x00000000fcb00000, 0x00000000fcc00000|  0%| F|  |TAMS 0x00000000fcb00000, 0x00000000fcb00000| Untracked 
|  12|0x00000000fcc00000, 0x00000000fcc00000, 0x00000000fcd00000|  0%| F|  |TAMS 0x00000000fcc00000, 0x00000000fcc00000| Untracked 
|  13|0x00000000fcd00000, 0x00000000fcd00000, 0x00000000fce00000|  0%| F|  |TAMS 0x00000000fcd00000, 0x00000000fcd00000| Untracked 
|  14|0x00000000fce00000, 0x00000000fce00000, 0x00000000fcf00000|  0%| F|  |TAMS 0x00000000fce00000, 0x00000000fce00000| Untracked 
|  15|0x00000000fcf00000, 0x00000000fcf00000, 0x00000000fd000000|  0%| F|  |TAMS 0x00000000fcf00000, 0x00000000fcf00000| Untracked 
|  16|0x00000000fd000000, 0x00000000fd000000, 0x00000000fd100000|  0%| F|  |TAMS 0x00000000fd000000, 0x00000000fd000000| Untracked 
|  17|0x00000000fd100000, 0x00000000fd100000, 0x00000000fd200000|  0%| F|  |TAMS 0x00000000fd100000, 0x00000000fd100000| Untracked 
|  18|0x00000000fd200000, 0x00000000fd200000, 0x00000000fd300000|  0%| F|  |TAMS 0x00000000fd200000, 0x00000000fd200000| Untracked 
|  19|0x00000000fd300000, 0x00000000fd300000, 0x00000000fd400000|  0%| F|  |TAMS 0x00000000fd300000, 0x00000000fd300000| Untracked 
|  20|0x00000000fd400000, 0x00000000fd400000, 0x00000000fd500000|  0%| F|  |TAMS 0x00000000fd400000, 0x00000000fd400000| Untracked 
|  21|0x00000000fd500000, 0x00000000fd500000, 0x00000000fd600000|  0%| F|  |TAMS 0x00000000fd500000, 0x00000000fd500000| Untracked 
|  22|0x00000000fd600000, 0x00000000fd600000, 0x00000000fd700000|  0%| F|  |TAMS 0x00000000fd600000, 0x00000000fd600000| Untracked 
|  23|0x00000000fd700000, 0x00000000fd700000, 0x00000000fd800000|  0%| F|  |TAMS 0x00000000fd700000, 0x00000000fd700000| Untracked 
|  24|0x00000000fd800000, 0x00000000fd800000, 0x00000000fd900000|  0%| F|  |TAMS 0x00000000fd800000, 0x00000000fd800000| Untracked 
|  25|0x00000000fd900000, 0x00000000fd900000, 0x00000000fda00000|  0%| F|  |TAMS 0x00000000fd900000, 0x00000000fd900000| Untracked 
|  26|0x00000000fda00000, 0x00000000fda00000, 0x00000000fdb00000|  0%| F|  |TAMS 0x00000000fda00000, 0x00000000fda00000| Untracked 
|  27|0x00000000fdb00000, 0x00000000fdc00000, 0x00000000fdc00000|100%| E|  |TAMS 0x00000000fdb00000, 0x00000000fdb00000| Complete 
|  28|0x00000000fdc00000, 0x00000000fdd00000, 0x00000000fdd00000|100%| E|CS|TAMS 0x00000000fdc00000, 0x00000000fdc00000| Complete 
|  29|0x00000000fdd00000, 0x00000000fde00000, 0x00000000fde00000|100%| E|CS|TAMS 0x00000000fdd00000, 0x00000000fdd00000| Complete 
|  30|0x00000000fde00000, 0x00000000fdf00000, 0x00000000fdf00000|100%| E|CS|TAMS 0x00000000fde00000, 0x00000000fde00000| Complete 
|  31|0x00000000fdf00000, 0x00000000fe000000, 0x00000000fe000000|100%| E|CS|TAMS 0x00000000fdf00000, 0x00000000fdf00000| Complete 
|  32|0x00000000fe000000, 0x00000000fe100000, 0x00000000fe100000|100%| E|CS|TAMS 0x00000000fe000000, 0x00000000fe000000| Complete 
|  33|0x00000000fe100000, 0x00000000fe200000, 0x00000000fe200000|100%| E|CS|TAMS 0x00000000fe100000, 0x00000000fe100000| Complete 
|  34|0x00000000fe200000, 0x00000000fe300000, 0x00000000fe300000|100%| E|CS|TAMS 0x00000000fe200000, 0x00000000fe200000| Complete 
|  35|0x00000000fe300000, 0x00000000fe400000, 0x00000000fe400000|100%| E|CS|TAMS 0x00000000fe300000, 0x00000000fe300000| Complete 
|  36|0x00000000fe400000, 0x00000000fe500000, 0x00000000fe500000|100%| E|CS|TAMS 0x00000000fe400000, 0x00000000fe400000| Complete 
|  37|0x00000000fe500000, 0x00000000fe600000, 0x00000000fe600000|100%| E|CS|TAMS 0x00000000fe500000, 0x00000000fe500000| Complete 
|  38|0x00000000fe600000, 0x00000000fe700000, 0x00000000fe700000|100%| E|CS|TAMS 0x00000000fe600000, 0x00000000fe600000| Complete 
|  39|0x00000000fe700000, 0x00000000fe800000, 0x00000000fe800000|100%| E|CS|TAMS 0x00000000fe700000, 0x00000000fe700000| Complete 
|  40|0x00000000fe800000, 0x00000000fe900000, 0x00000000fe900000|100%| E|CS|TAMS 0x00000000fe800000, 0x00000000fe800000| Complete 
|  41|0x00000000fe900000, 0x00000000fea00000, 0x00000000fea00000|100%| E|CS|TAMS 0x00000000fe900000, 0x00000000fe900000| Complete 
|  42|0x00000000fea00000, 0x00000000feb00000, 0x00000000feb00000|100%| E|CS|TAMS 0x00000000fea00000, 0x00000000fea00000| Complete 
|  43|0x00000000feb00000, 0x00000000fec00000, 0x00000000fec00000|100%| E|CS|TAMS 0x00000000feb00000, 0x00000000feb00000| Complete 
|  44|0x00000000fec00000, 0x00000000fed00000, 0x00000000fed00000|100%| E|CS|TAMS 0x00000000fec00000, 0x00000000fec00000| Complete 
|  45|0x00000000fed00000, 0x00000000fee00000, 0x00000000fee00000|100%| E|CS|TAMS 0x00000000fed00000, 0x00000000fed00000| Complete 
|  46|0x00000000fee00000, 0x00000000fef00000, 0x00000000fef00000|100%| E|CS|TAMS 0x00000000fee00000, 0x00000000fee00000| Complete 
|  47|0x00000000fef00000, 0x00000000ff000000, 0x00000000ff000000|100%| E|CS|TAMS 0x00000000fef00000, 0x00000000fef00000| Complete 
|  48|0x00000000ff000000, 0x00000000ff100000, 0x00000000ff100000|100%| S|CS|TAMS 0x00000000ff000000, 0x00000000ff000000| Complete 
|  49|0x00000000ff100000, 0x00000000ff200000, 0x00000000ff200000|100%| S|CS|TAMS 0x00000000ff100000, 0x00000000ff100000| Complete 
|  50|0x00000000ff200000, 0x00000000ff300000, 0x00000000ff300000|100%| E|CS|TAMS 0x00000000ff200000, 0x00000000ff200000| Complete 
|  51|0x00000000ff300000, 0x00000000ff400000, 0x00000000ff400000|100%| E|CS|TAMS 0x00000000ff300000, 0x00000000ff300000| Complete 
|  52|0x00000000ff400000, 0x00000000ff500000, 0x00000000ff500000|100%| E|CS|TAMS 0x00000000ff400000, 0x00000000ff400000| Complete 
|  53|0x00000000ff500000, 0x00000000ff600000, 0x00000000ff600000|100%| E|CS|TAMS 0x00000000ff500000, 0x00000000ff500000| Complete 
|  54|0x00000000ff600000, 0x00000000ff700000, 0x00000000ff700000|100%| E|CS|TAMS 0x00000000ff600000, 0x00000000ff600000| Complete 
|  55|0x00000000ff700000, 0x00000000ff800000, 0x00000000ff800000|100%| E|CS|TAMS 0x00000000ff700000, 0x00000000ff700000| Complete 
|  56|0x00000000ff800000, 0x00000000ff900000, 0x00000000ff900000|100%| E|CS|TAMS 0x00000000ff800000, 0x00000000ff800000| Complete 
|  57|0x00000000ff900000, 0x00000000ffa00000, 0x00000000ffa00000|100%| E|CS|TAMS 0x00000000ff900000, 0x00000000ff900000| Complete 
|  58|0x00000000ffa00000, 0x00000000ffb00000, 0x00000000ffb00000|100%| E|CS|TAMS 0x00000000ffa00000, 0x00000000ffa00000| Complete 
|  59|0x00000000ffb00000, 0x00000000ffc00000, 0x00000000ffc00000|100%| E|CS|TAMS 0x00000000ffb00000, 0x00000000ffb00000| Complete 
|  60|0x00000000ffc00000, 0x00000000ffd00000, 0x00000000ffd00000|100%| E|CS|TAMS 0x00000000ffc00000, 0x00000000ffc00000| Complete 
|  61|0x00000000ffd00000, 0x00000000ffe00000, 0x00000000ffe00000|100%| E|  |TAMS 0x00000000ffd00000, 0x00000000ffd00000| Complete 
|  62|0x00000000ffe00000, 0x00000000fff00000, 0x00000000fff00000|100%| E|CS|TAMS 0x00000000ffe00000, 0x00000000ffe00000| Complete 
|  63|0x00000000fff00000, 0x0000000100000000, 0x0000000100000000|100%| E|CS|TAMS 0x00000000fff00000, 0x00000000fff00000| Complete 

Card table byte_map: [0x0000017f05b50000,0x0000017f05b70000] _byte_map_base: 0x0000017f05370000

Marking Bits (Prev, Next): (CMBitMap*) 0x0000017f07b74b38, (CMBitMap*) 0x0000017f07b74b70
 Prev Bits: [0x0000017f07970000, 0x0000017f07a70000)
 Next Bits: [0x0000017f1f2d0000, 0x0000017f1f3d0000)

Polling page: 0x0000017f05b00000

Metaspace:

Usage:
  Non-class:     14.54 MB capacity,    14.30 MB ( 98%) used,   217.99 KB (  1%) free+waste,    25.38 KB ( <1%) overhead. 
      Class:      1.92 MB capacity,     1.81 MB ( 94%) used,   100.71 KB (  5%) free+waste,    12.44 KB ( <1%) overhead. 
       Both:     16.46 MB capacity,    16.11 MB ( 98%) used,   318.70 KB (  2%) free+waste,    37.81 KB ( <1%) overhead. 

Virtual space:
  Non-class space:       16.00 MB reserved,      14.75 MB ( 92%) committed 
      Class space:        1.00 GB reserved,       2.00 MB ( <1%) committed 
             Both:        1.02 GB reserved,      16.75 MB (  2%) committed 

Chunk freelists:
   Non-Class:  22.00 KB
       Class:  20.00 KB
        Both:  42.00 KB

MaxMetaspaceSize: 17179869184.00 GB
CompressedClassSpaceSize: 1.00 GB
Initial GC threshold: 20.80 MB
Current GC threshold: 20.80 MB
CDS: off

CodeHeap 'non-profiled nmethods': size=120064Kb used=551Kb max_used=551Kb free=119512Kb
 bounds [0x0000017f17d90000, 0x0000017f18000000, 0x0000017f1f2d0000]
CodeHeap 'profiled nmethods': size=120000Kb used=2755Kb max_used=2755Kb free=117244Kb
 bounds [0x0000017f10860000, 0x0000017f10b20000, 0x0000017f17d90000]
CodeHeap 'non-nmethods': size=5696Kb used=1168Kb max_used=1180Kb free=4527Kb
 bounds [0x0000017f102d0000, 0x0000017f10540000, 0x0000017f10860000]
 total_blobs=1851 nmethods=1418 adapters=346
 compilation: enabled
              stopped_count=0, restarted_count=0
 full_count=0

Compilation events (20 events):
Event: 27.101 Thread 0x0000017f22199000 nmethod 1408 0x0000017f10b0b090 code [0x0000017f10b0b3c0, 0x0000017f10b0c878]
Event: 27.101 Thread 0x0000017f22199000 1409       3       java.util.concurrent.Executors$RunnableAdapter::call (14 bytes)
Event: 27.101 Thread 0x0000017f22199000 nmethod 1409 0x0000017f10b0cf10 code [0x0000017f10b0d0c0, 0x0000017f10b0d288]
Event: 27.160 Thread 0x0000017f22199000 1410       3       java.util.concurrent.locks.AbstractQueuedSynchronizer$ConditionObject::awaitNanos (181 bytes)
Event: 27.163 Thread 0x0000017f22199000 nmethod 1410 0x0000017f10b0d390 code [0x0000017f10b0d7a0, 0x0000017f10b0f358]
Event: 28.057 Thread 0x0000017f22192000 1411       4       java.util.LinkedHashMap$LinkedHashIterator::hasNext (13 bytes)
Event: 28.058 Thread 0x0000017f22192000 nmethod 1411 0x0000017f17e18b90 code [0x0000017f17e18d20, 0x0000017f17e18d98]
Event: 29.870 Thread 0x0000017f22192000 1412       4       java.util.ArrayList::add (25 bytes)
Event: 29.878 Thread 0x0000017f22192000 nmethod 1412 0x0000017f17e18e90 code [0x0000017f17e19040, 0x0000017f17e194e8]
Event: 38.169 Thread 0x0000017f22199000 1413       3       java.util.regex.Pattern$$Lambda$1/0x0000000100066040::is (9 bytes)
Event: 38.169 Thread 0x0000017f22199000 nmethod 1413 0x0000017f10b0ff10 code [0x0000017f10b100c0, 0x0000017f10b10278]
Event: 38.169 Thread 0x0000017f22199000 1414       3       java.util.regex.Pattern::lambda$Single$8 (11 bytes)
Event: 38.169 Thread 0x0000017f22199000 nmethod 1414 0x0000017f10b10310 code [0x0000017f10b104c0, 0x0000017f10b105f8]
Event: 38.180 Thread 0x0000017f22192000 1416       4       jdk.internal.org.objectweb.asm.ByteVector::putShort (52 bytes)
Event: 38.180 Thread 0x0000017f22199000 1417       3       java.lang.AbstractStringBuilder::isLatin1 (19 bytes)
Event: 38.181 Thread 0x0000017f22199000 nmethod 1417 0x0000017f10b10690 code [0x0000017f10b10840, 0x0000017f10b109b8]
Event: 38.181 Thread 0x0000017f22199000 1418       3       jdk.internal.org.objectweb.asm.ClassWriter::visitMethod (20 bytes)
Event: 38.181 Thread 0x0000017f22199000 nmethod 1418 0x0000017f10b10a90 code [0x0000017f10b10c40, 0x0000017f10b10e28]
Event: 38.181 Thread 0x0000017f22199000 1420       3       jdk.internal.org.objectweb.asm.MethodWriter::visitMaxs (1144 bytes)
Event: 38.183 Thread 0x0000017f22192000 nmethod 1416 0x0000017f17e19990 code [0x0000017f17e19b40, 0x0000017f17e19cc8]

GC Heap History (2 events):
Event: 0.841 GC heap before
{Heap before GC invocations=0 (full 0):
 garbage-first heap   total 65536K, used 13312K [0x00000000fc000000, 0x0000000100000000)
  region size 1024K, 14 young (14336K), 0 survivors (0K)
 Metaspace       used 7702K, capacity 7889K, committed 7936K, reserved 1056768K
  class space    used 676K, capacity 754K, committed 768K, reserved 1048576K
}
Event: 0.846 GC heap after
{Heap after GC invocations=1 (full 0):
 garbage-first heap   total 65536K, used 3321K [0x00000000fc000000, 0x0000000100000000)
  region size 1024K, 2 young (2048K), 2 survivors (2048K)
 Metaspace       used 7702K, capacity 7889K, committed 7936K, reserved 1056768K
  class space    used 676K, capacity 754K, committed 768K, reserved 1048576K
}

Deoptimization events (20 events):
Event: 3.638 Thread 0x0000017f226f0000 Uncommon trap: trap_request=0xffffff4d fr.pc=0x0000017f17dc4a14 relative=0x0000000000000454
Event: 3.638 Thread 0x0000017f226f0000 Uncommon trap: reason=unstable_if action=reinterpret pc=0x0000017f17dc4a14 method=java.lang.AbstractStringBuilder.putStringAt(ILjava/lang/String;)V @ 8 c2
Event: 3.638 Thread 0x0000017f226f0000 DEOPT PACKING pc=0x0000017f17dc4a14 sp=0x00000058f3bfecf0
Event: 3.638 Thread 0x0000017f226f0000 DEOPT UNPACKING pc=0x0000017f1031a1af sp=0x00000058f3bfec60 mode 2
Event: 3.638 Thread 0x0000017f226f0000 Uncommon trap: trap_request=0xffffff4d fr.pc=0x0000017f17dd44f8 relative=0x0000000000000058
Event: 3.638 Thread 0x0000017f226f0000 Uncommon trap: reason=unstable_if action=reinterpret pc=0x0000017f17dd44f8 method=java.lang.AbstractStringBuilder.isLatin1()Z @ 10 c2
Event: 3.638 Thread 0x0000017f226f0000 DEOPT PACKING pc=0x0000017f17dd44f8 sp=0x00000058f3bfec00
Event: 3.638 Thread 0x0000017f226f0000 DEOPT UNPACKING pc=0x0000017f1031a1af sp=0x00000058f3bfeb90 mode 2
Event: 3.638 Thread 0x0000017f226f0000 Uncommon trap: trap_request=0xffffff4d fr.pc=0x0000017f17dc50ec relative=0x00000000000000cc
Event: 3.638 Thread 0x0000017f226f0000 Uncommon trap: reason=unstable_if action=reinterpret pc=0x0000017f17dc50ec method=java.lang.String.getBytes([BIB)V @ 5 c2
Event: 3.638 Thread 0x0000017f226f0000 DEOPT PACKING pc=0x0000017f17dc50ec sp=0x00000058f3bfec10
Event: 3.638 Thread 0x0000017f226f0000 DEOPT UNPACKING pc=0x0000017f1031a1af sp=0x00000058f3bfebd8 mode 2
Event: 3.638 Thread 0x0000017f226f0000 Uncommon trap: trap_request=0xffffff4d fr.pc=0x0000017f17dfd5c0 relative=0x0000000000000380
Event: 3.638 Thread 0x0000017f226f0000 Uncommon trap: reason=unstable_if action=reinterpret pc=0x0000017f17dfd5c0 method=java.lang.AbstractStringBuilder.isLatin1()Z @ 10 c2
Event: 3.638 Thread 0x0000017f226f0000 DEOPT PACKING pc=0x0000017f17dfd5c0 sp=0x00000058f3bfed70
Event: 3.638 Thread 0x0000017f226f0000 DEOPT UNPACKING pc=0x0000017f1031a1af sp=0x00000058f3bfecf0 mode 2
Event: 9.811 Thread 0x0000017f226f0000 Uncommon trap: trap_request=0xffffff4d fr.pc=0x0000017f17d9dc9c relative=0x000000000000007c
Event: 9.811 Thread 0x0000017f226f0000 Uncommon trap: reason=unstable_if action=reinterpret pc=0x0000017f17d9dc9c method=java.lang.String.codePointAt(I)I @ 4 c2
Event: 9.811 Thread 0x0000017f226f0000 DEOPT PACKING pc=0x0000017f17d9dc9c sp=0x00000058f3bfecf0
Event: 9.811 Thread 0x0000017f226f0000 DEOPT UNPACKING pc=0x0000017f1031a1af sp=0x00000058f3bfec88 mode 2

Classes redefined (0 events):
No events

Internal exceptions (18 events):
Event: 0.406 Thread 0x0000017f07b58000 Exception <a 'java/lang/NoSuchMethodError'{0x00000000ffc4e7b8}: 'int java.lang.invoke.DirectMethodHandle$Holder.invokeStaticInit(java.lang.Object, java.lang.Object)'> (0x00000000ffc4e7b8) thrown at [./src/hotspot/share/interpreter/linkResolver.cpp, line 773]
Event: 0.471 Thread 0x0000017f07b58000 Exception <a 'java/lang/NoSuchMethodError'{0x00000000ffb24658}: 'int java.lang.invoke.DirectMethodHandle$Holder.invokeSpecial(java.lang.Object, java.lang.Object, java.lang.Object, java.lang.Object)'> (0x00000000ffb24658) thrown at [./src/hotspot/share/interpreter/linkResolver.cpp, line 773]
Event: 0.480 Thread 0x0000017f07b58000 Exception <a 'java/lang/NoSuchMethodError'{0x00000000ffb5d8c8}: 'int java.lang.invoke.DirectMethodHandle$Holder.invokeSpecialIFC(java.lang.Object, java.lang.Object, int)'> (0x00000000ffb5d8c8) thrown at [./src/hotspot/share/interpreter/linkResolver.cpp, line 773]
Event: 1.245 Thread 0x0000017f07b58000 Implicit null exception at 0x0000017f17dd5a75 to 0x0000017f17dd5c40
Event: 1.320 Thread 0x0000017f07b58000 Exception <a 'java/lang/NoClassDefFoundError'{0x00000000ff6aebd0}: org/slf4j/impl/StaticMarkerBinder> (0x00000000ff6aebd0) thrown at [./src/hotspot/share/classfile/systemDictionary.cpp, line 219]
Event: 1.357 Thread 0x0000017f07b58000 Exception <a 'java/lang/NoSuchMethodError'{0x00000000ff5b0788}: 'java.lang.Object java.lang.invoke.DirectMethodHandle$Holder.invokeVirtual(java.lang.Object, java.lang.Object, java.lang.Object, java.lang.Object, java.lang.Object, java.lang.Object, java.lang.Object)'> (0x00000000ff5b0788) thrown at [./src/hotspot/share/interpreter/linkResolver.cpp, line 773]
Event: 1.360 Thread 0x0000017f07b58000 Exception <a 'java/lang/NoSuchMethodError'{0x00000000ff5c4310}: 'java.lang.Object java.lang.invoke.Invokers$Holder.invoker(java.lang.Object, java.lang.Object, java.lang.Object)'> (0x00000000ff5c4310) thrown at [./src/hotspot/share/interpreter/linkResolver.cpp, line 773]
Event: 1.365 Thread 0x0000017f07b58000 Exception <a 'java/lang/NoSuchMethodError'{0x00000000ff5d4de0}: 'void java.lang.invoke.DelegatingMethodHandle$Holder.delegate(java.lang.Object, java.lang.Object, int, java.lang.Object)'> (0x00000000ff5d4de0) thrown at [./src/hotspot/share/interpreter/linkResolver.cpp, line 773]
Event: 1.690 Thread 0x0000017f07b58000 Exception <a 'java/lang/NoSuchMethodError'{0x00000000feab4d78}: 'java.lang.Object java.lang.invoke.DirectMethodHandle$Holder.invokeStaticInit(java.lang.Object, java.lang.Object, java.lang.Object)'> (0x00000000feab4d78) thrown at [./src/hotspot/share/interpreter/linkResolver.cpp, line 773]
Event: 1.917 Thread 0x0000017f07b58000 Exception <a 'java/lang/NoSuchMethodError'{0x00000000fe5c3dc0}: 'java.lang.Object java.lang.invoke.DirectMethodHandle$Holder.invokeStaticInit(java.lang.Object, int, int, int, int)'> (0x00000000fe5c3dc0) thrown at [./src/hotspot/share/interpreter/linkResolver.cpp, line 773]
Event: 2.748 Thread 0x0000017f07b58000 Exception <a 'java/lang/NoSuchMethodError'{0x00000000fe480010}: 'java.lang.Object java.lang.invoke.DirectMethodHandle$Holder.invokeStaticInit(java.lang.Object, java.lang.Object, int, int, int, int)'> (0x00000000fe480010) thrown at [./src/hotspot/share/interpreter/linkResolver.cpp, line 773]
Event: 3.336 Thread 0x0000017f07b58000 Exception <a 'java/lang/NoSuchMethodError'{0x00000000fe346ea0}: 'void java.lang.invoke.DirectMethodHandle$Holder.invokeSpecial(java.lang.Object, java.lang.Object)'> (0x00000000fe346ea0) thrown at [./src/hotspot/share/interpreter/linkResolver.cpp, line 773]
Event: 3.593 Thread 0x0000017f226f0000 Exception <a 'java/lang/NoSuchMethodError'{0x00000000fdd10fc8}: 'void java.lang.invoke.DirectMethodHandle$Holder.invokeStatic(java.lang.Object, long)'> (0x00000000fdd10fc8) thrown at [./src/hotspot/share/interpreter/linkResolver.cpp, line 773]
Event: 3.594 Thread 0x0000017f226f0000 Exception <a 'java/lang/NoSuchMethodError'{0x00000000fdd15f70}: 'java.lang.Object java.lang.invoke.DirectMethodHandle$Holder.invokeStatic(java.lang.Object, long)'> (0x00000000fdd15f70) thrown at [./src/hotspot/share/interpreter/linkResolver.cpp, line 773]
Event: 3.601 Thread 0x0000017f226f0000 Exception <a 'java/lang/NoSuchMethodError'{0x00000000fdd24010}: 'java.lang.Object java.lang.invoke.DirectMethodHandle$Holder.invokeStaticInit(java.lang.Object, java.lang.Object, long, java.lang.Object)'> (0x00000000fdd24010) thrown at [./src/hotspot/share/interpreter/linkResolver.cpp, line 773]
Event: 3.602 Thread 0x0000017f226f0000 Exception <a 'java/lang/NoSuchMethodError'{0x00000000fdd29f00}: 'java.lang.Object java.lang.invoke.DirectMethodHandle$Holder.invokeStatic(java.lang.Object, java.lang.Object, long)'> (0x00000000fdd29f00) thrown at [./src/hotspot/share/interpreter/linkResolver.cpp, line 773]
Event: 3.603 Thread 0x0000017f226f0000 Exception <a 'java/lang/NoSuchMethodError'{0x00000000fdd301d0}: 'java.lang.Object java.lang.invoke.Invokers$Holder.linkToTargetMethod(java.lang.Object, long, java.lang.Object)'> (0x00000000fdd301d0) thrown at [./src/hotspot/share/interpreter/linkResolver.cpp, line 773]
Event: 38.167 Thread 0x0000017f07b58000 Exception <a 'java/io/IOException'{0x00000000fdcb4958}> (0x00000000fdcb4958) thrown at [./src/hotspot/share/prims/jni.cpp, line 617]

Events (20 events):
Event: 38.178 loading class org/gradle/internal/logging/text/BufferingStyledTextOutput$ChangeStyleAction
Event: 38.178 loading class org/gradle/internal/logging/text/BufferingStyledTextOutput$ChangeStyleAction done
Event: 38.179 loading class org/gradle/internal/logging/text/AbstractStyledTextOutput$StyleOverrideTextOutput
Event: 38.179 loading class org/gradle/internal/logging/text/AbstractStyledTextOutput$StyleOverrideTextOutput done
Event: 38.180 loading class org/gradle/internal/logging/text/BufferingStyledTextOutput
Event: 38.180 loading class org/gradle/internal/logging/text/BufferingStyledTextOutput done
Event: 38.180 loading class org/gradle/internal/buildevents/BuildExceptionReporter
Event: 38.180 loading class org/gradle/internal/buildevents/BuildExceptionReporter done
Event: 38.181 loading class org/gradle/internal/logging/text/StyledTextOutput
Event: 38.181 loading class org/gradle/internal/logging/text/StyledTextOutput done
Event: 38.181 loading class org/gradle/internal/exceptions/ContextAwareException
Event: 38.181 loading class org/gradle/internal/exceptions/ContextAwareException done
Event: 38.182 loading class org/gradle/internal/exceptions/StyledException
Event: 38.182 loading class org/gradle/internal/exceptions/StyledException done
Event: 38.182 loading class org/gradle/internal/logging/events/StyledTextOutputEvent$Span
Event: 38.182 loading class org/gradle/internal/logging/events/StyledTextOutputEvent$Span done
Event: 38.183 loading class org/gradle/internal/logging/events/operations/StyledTextBuildOperationProgressDetails$Span
Event: 38.183 loading class org/gradle/internal/logging/events/operations/StyledTextBuildOperationProgressDetails$Span done
Event: 38.183 loading class org/gradle/internal/operations/logging/StyledTextBuildOperationProgressDetails$Span
Event: 38.183 loading class org/gradle/internal/operations/logging/StyledTextBuildOperationProgressDetails$Span done


Dynamic libraries:
0x00007ff6e4870000 - 0x00007ff6e487d000 	C:\Program Files\Microsoft\jdk-11.0.18.10-hotspot\bin\java.exe
0x00007ffb4dc30000 - 0x00007ffb4de28000 	C:\WINDOWS\SYSTEM32\ntdll.dll
0x00007ffb27b00000 - 0x00007ffb27b19000 	C:\Program Files\AVAST Software\Avast\aswhook.dll
0x00007ffb4da90000 - 0x00007ffb4db4f000 	C:\WINDOWS\System32\KERNEL32.DLL
0x00007ffb4b990000 - 0x00007ffb4bc86000 	C:\WINDOWS\System32\KERNELBASE.dll
0x00007ffb4b310000 - 0x00007ffb4b410000 	C:\WINDOWS\System32\ucrtbase.dll
0x00007ffb20c40000 - 0x00007ffb20c57000 	C:\Program Files\Microsoft\jdk-11.0.18.10-hotspot\bin\jli.dll
0x00007ffb20c20000 - 0x00007ffb20c35000 	C:\Program Files\Microsoft\jdk-11.0.18.10-hotspot\bin\VCRUNTIME140.dll
0x00007ffb4bc90000 - 0x00007ffb4be2d000 	C:\WINDOWS\System32\USER32.dll
0x00007ffb4b460000 - 0x00007ffb4b482000 	C:\WINDOWS\System32\win32u.dll
0x00007ffb4d090000 - 0x00007ffb4d0bc000 	C:\WINDOWS\System32\GDI32.dll
0x00007ffb38f70000 - 0x00007ffb3920a000 	C:\WINDOWS\WinSxS\amd64_microsoft.windows.common-controls_6595b64144ccf1df_6.0.19041.1110_none_60b5254171f9507e\COMCTL32.dll
0x00007ffb4ca60000 - 0x00007ffb4cafe000 	C:\WINDOWS\System32\msvcrt.dll
0x00007ffb4b870000 - 0x00007ffb4b985000 	C:\WINDOWS\System32\gdi32full.dll
0x00007ffb4b500000 - 0x00007ffb4b59d000 	C:\WINDOWS\System32\msvcp_win.dll
0x00007ffb4c450000 - 0x00007ffb4c480000 	C:\WINDOWS\System32\IMM32.DLL
0x00007ffb08c00000 - 0x00007ffb08c9b000 	C:\Program Files\Microsoft\jdk-11.0.18.10-hotspot\bin\msvcp140.dll
0x00007ffac5710000 - 0x00007ffac62a2000 	C:\Program Files\Microsoft\jdk-11.0.18.10-hotspot\bin\server\jvm.dll
0x00007ffb4ce30000 - 0x00007ffb4cedf000 	C:\WINDOWS\System32\ADVAPI32.dll
0x00007ffb4db50000 - 0x00007ffb4dbec000 	C:\WINDOWS\System32\sechost.dll
0x00007ffb4c8a0000 - 0x00007ffb4c9c6000 	C:\WINDOWS\System32\RPCRT4.dll
0x00007ffb4bfd0000 - 0x00007ffb4bfd8000 	C:\WINDOWS\System32\PSAPI.DLL
0x00007ffb28cf0000 - 0x00007ffb28d17000 	C:\WINDOWS\SYSTEM32\WINMM.dll
0x00007ffb41d60000 - 0x00007ffb41d6a000 	C:\WINDOWS\SYSTEM32\VERSION.dll
0x00007ffb36540000 - 0x00007ffb36549000 	C:\WINDOWS\SYSTEM32\WSOCK32.dll
0x00007ffb4cdc0000 - 0x00007ffb4ce2b000 	C:\WINDOWS\System32\WS2_32.dll
0x00007ffb49b40000 - 0x00007ffb49b52000 	C:\WINDOWS\SYSTEM32\kernel.appcore.dll
0x00007ffb37c70000 - 0x00007ffb37c80000 	C:\Program Files\Microsoft\jdk-11.0.18.10-hotspot\bin\verify.dll
0x00007ffb48a80000 - 0x00007ffb48c64000 	C:\WINDOWS\SYSTEM32\DBGHELP.DLL
0x00007ffb3cc80000 - 0x00007ffb3ccb4000 	C:\WINDOWS\SYSTEM32\dbgcore.DLL
0x00007ffb4b700000 - 0x00007ffb4b782000 	C:\WINDOWS\System32\bcryptPrimitives.dll
0x00007ffb20bf0000 - 0x00007ffb20c18000 	C:\Program Files\Microsoft\jdk-11.0.18.10-hotspot\bin\java.dll
0x00007ffb2ede0000 - 0x00007ffb2edea000 	C:\Program Files\Microsoft\jdk-11.0.18.10-hotspot\bin\jimage.dll
0x00007ffb16cd0000 - 0x00007ffb16ce8000 	C:\Program Files\Microsoft\jdk-11.0.18.10-hotspot\bin\zip.dll
0x00007ffb4d2b0000 - 0x00007ffb4d9f4000 	C:\WINDOWS\System32\SHELL32.dll
0x00007ffb493a0000 - 0x00007ffb49b34000 	C:\WINDOWS\SYSTEM32\windows.storage.dll
0x00007ffb4c4e0000 - 0x00007ffb4c834000 	C:\WINDOWS\System32\combase.dll
0x00007ffb4ad50000 - 0x00007ffb4ad7e000 	C:\WINDOWS\SYSTEM32\Wldp.dll
0x00007ffb4ccb0000 - 0x00007ffb4cd5d000 	C:\WINDOWS\System32\SHCORE.dll
0x00007ffb4c840000 - 0x00007ffb4c895000 	C:\WINDOWS\System32\shlwapi.dll
0x00007ffb4b240000 - 0x00007ffb4b265000 	C:\WINDOWS\SYSTEM32\profapi.dll
0x00007ffb15ac0000 - 0x00007ffb15ad9000 	C:\Program Files\Microsoft\jdk-11.0.18.10-hotspot\bin\net.dll
0x00007ffb3c8d0000 - 0x00007ffb3c9da000 	C:\WINDOWS\SYSTEM32\WINHTTP.dll
0x00007ffb4aab0000 - 0x00007ffb4ab1a000 	C:\WINDOWS\system32\mswsock.dll
0x00007ffb15aa0000 - 0x00007ffb15ab3000 	C:\Program Files\Microsoft\jdk-11.0.18.10-hotspot\bin\nio.dll
0x00007ffb13980000 - 0x00007ffb139a7000 	C:\Users\Valeria\.gradle\native\68d5fa5c4cc2d200863cafc0d521ce42e7d3e7ee720ec0a83991735586a16f82\windows-amd64\native-platform.dll
0x00007ffb2df00000 - 0x00007ffb2df09000 	C:\Program Files\Microsoft\jdk-11.0.18.10-hotspot\bin\management.dll
0x00007ffb27350000 - 0x00007ffb2735b000 	C:\Program Files\Microsoft\jdk-11.0.18.10-hotspot\bin\management_ext.dll
0x00007ffb4acb0000 - 0x00007ffb4acc8000 	C:\WINDOWS\SYSTEM32\CRYPTSP.dll
0x00007ffb4a360000 - 0x00007ffb4a394000 	C:\WINDOWS\system32\rsaenh.dll
0x00007ffb4b840000 - 0x00007ffb4b867000 	C:\WINDOWS\System32\bcrypt.dll
0x00007ffb4b1c0000 - 0x00007ffb4b1ee000 	C:\WINDOWS\SYSTEM32\USERENV.dll
0x00007ffb4aca0000 - 0x00007ffb4acac000 	C:\WINDOWS\SYSTEM32\CRYPTBASE.dll
0x00007ffb4a750000 - 0x00007ffb4a78c000 	C:\WINDOWS\SYSTEM32\IPHLPAPI.DLL
0x00007ffb4d2a0000 - 0x00007ffb4d2a8000 	C:\WINDOWS\System32\NSI.dll
0x00007ffb3ccc0000 - 0x00007ffb3ccd7000 	C:\WINDOWS\SYSTEM32\dhcpcsvc6.DLL
0x00007ffb416f0000 - 0x00007ffb4170d000 	C:\WINDOWS\SYSTEM32\dhcpcsvc.DLL
0x00007ffb4a7a0000 - 0x00007ffb4a86a000 	C:\WINDOWS\SYSTEM32\DNSAPI.dll

dbghelp: loaded successfully - version: 4.0.5 - missing functions: none
symbol engine: initialized successfully - sym options: 0x614 - pdb path: .;C:\Program Files\Microsoft\jdk-11.0.18.10-hotspot\bin;C:\WINDOWS\SYSTEM32;C:\Program Files\AVAST Software\Avast;C:\WINDOWS\WinSxS\amd64_microsoft.windows.common-controls_6595b64144ccf1df_6.0.19041.1110_none_60b5254171f9507e;C:\Program Files\Microsoft\jdk-11.0.18.10-hotspot\bin\server;C:\Users\Valeria\.gradle\native\68d5fa5c4cc2d200863cafc0d521ce42e7d3e7ee720ec0a83991735586a16f82\windows-amd64

VM Arguments:
jvm_args: -Xmx64m -Xms64m -Dorg.gradle.appname=gradlew 
java_command: org.gradle.wrapper.GradleWrapperMain tasks
java_class_path (initial): C:\Users\Valeria\Documents\GitHub\ApiFinal\final_garassino\android\\gradle\wrapper\gradle-wrapper.jar
Launcher Type: SUN_STANDARD

[Global flags]
     intx CICompilerCount                          = 3                                         {product} {ergonomic}
     uint ConcGCThreads                            = 1                                         {product} {ergonomic}
     uint G1ConcRefinementThreads                  = 4                                         {product} {ergonomic}
   size_t G1HeapRegionSize                         = 1048576                                   {product} {ergonomic}
    uintx GCDrainStackTargetSize                   = 64                                        {product} {ergonomic}
   size_t InitialHeapSize                          = 67108864                                  {product} {command line}
   size_t MarkStackSize                            = 4194304                                   {product} {ergonomic}
   size_t MaxHeapSize                              = 67108864                                  {product} {command line}
   size_t MaxNewSize                               = 39845888                                  {product} {ergonomic}
   size_t MinHeapDeltaBytes                        = 1048576                                   {product} {ergonomic}
    uintx NonNMethodCodeHeapSize                   = 5830732                                {pd product} {ergonomic}
    uintx NonProfiledCodeHeapSize                  = 122913754                              {pd product} {ergonomic}
    uintx ProfiledCodeHeapSize                     = 122913754                              {pd product} {ergonomic}
    uintx ReservedCodeCacheSize                    = 251658240                              {pd product} {ergonomic}
     bool SegmentedCodeCache                       = true                                      {product} {ergonomic}
     bool UseCompressedClassPointers               = true                                 {lp64_product} {ergonomic}
     bool UseCompressedOops                        = true                                 {lp64_product} {ergonomic}
     bool UseG1GC                                  = true                                      {product} {ergonomic}
     bool UseLargePagesIndividualAllocation        = false                                  {pd product} {ergonomic}

Logging:
Log output configuration:
 #0: stdout all=warning uptime,level,tags
 #1: stderr all=off uptime,level,tags

Environment Variables:
JAVA_HOME=C:\Program Files\Microsoft\jdk-11.0.18.10-hotspot\
CLASSPATH=C:\Users\Valeria\Documents\GitHub\ApiFinal\final_garassino\android\\gradle\wrapper\gradle-wrapper.jar
PATH=C:\Users\Valeria\Documents\GitHub\ApiFinal\final_garassino\node_modules\.bin;C:\Users\Valeria\Documents\GitHub\ApiFinal\node_modules\.bin;C:\Users\Valeria\Documents\GitHub\node_modules\.bin;C:\Users\Valeria\Documents\node_modules\.bin;C:\Users\Valeria\node_modules\.bin;C:\Users\node_modules\.bin;C:\node_modules\.bin;C:\Program Files\nodejs\node_modules\npm\node_modules\@npmcli\run-script\lib\node-gyp-bin;C:\Program Files\Microsoft\jdk-11.0.18.10-hotspot\bin;C:\WINDOWS\system32;C:\WINDOWS;C:\WINDOWS\System32\Wbem;C:\WINDOWS\System32\WindowsPowerShell\v1.0\;C:\WINDOWS\System32\OpenSSH\;C:\Program Files\Microsoft SQL Server\Client SDK\ODBC\170\Tools\Binn\;C:\Program Files (x86)\Microsoft SQL Server\150\Tools\Binn\;C:\Program Files\Microsoft SQL Server\150\Tools\Binn\;C:\Program Files\Microsoft SQL Server\150\DTS\Binn\;C:\Program Files (x86)\Microsoft SQL Server\150\DTS\Binn\;C:\Program Files\Azure Data Studio\bin;C:\Program Files\Git\cmd;C:\Program Files\nodejs\;C:\ProgramData\chocolatey\bin;C:\Users\Valeria\AppData\Local\Microsoft\WindowsApps;C:\Program Files\Azure Data Studio\bin;C:\Users\Valeria\AppData\Local\Programs\Microsoft VS Code\bin;C:\Users\Valeria\AppData\Local\GitHubDesktop\bin;C:\Users\Valeria\AppData\Roaming\npm;C:\Users\Valeria\AppData\Local\Android\Sdk\platform-tools;
USERNAME=Valeria
LANG=en_US.UTF-8
OS=Windows_NT
PROCESSOR_IDENTIFIER=Intel64 Family 6 Model 142 Stepping 9, GenuineIntel
TMP=C:\Users\Valeria\AppData\Local\Temp
TEMP=C:\Users\Valeria\AppData\Local\Temp



---------------  S Y S T E M  ---------------

OS: Windows 10 , 64 bit Build 19041 (10.0.19041.3155)
OS uptime: 0 days 12:53 hours

CPU:total 4 (initial active 4) (2 cores per cpu, 2 threads per core) family 6 model 142 stepping 9 microcode 0xb4, cmov, cx8, fxsr, mmx, sse, sse2, sse3, ssse3, sse4.1, sse4.2, popcnt, avx, avx2, aes, clmul, erms, 3dnowpref, lzcnt, ht, tsc, tscinvbit, bmi1, bmi2, adx, fma

Memory: 4k page, system-wide physical 8072M (738M free)
TotalPageFile size 12072M (AvailPageFile size 350M)
current process WorkingSet (physical memory assigned to process): 96M, peak: 100M
current process commit charge ("private bytes"): 156M, peak: 159M

vm_info: OpenJDK 64-Bit Server VM (11.0.18+10-LTS) for windows-amd64 JRE (11.0.18+10-LTS), built on Jan 18 2023 15:56:47 by "MicrosoftCorporation" with MS VC++ 15.9 (VS2017)

END.
