#
# There is insufficient memory for the Java Runtime Environment to continue.
# Native memory allocation (mmap) failed to map 32505856 bytes for Failed to commit area from 0x0000000089a00000 to 0x000000008b900000 of length 32505856.
# Possible reasons:
#   The system is out of physical RAM or swap space
#   The process is running with CompressedOops enabled, and the Java Heap may be blocking the growth of the native heap
# Possible solutions:
#   Reduce memory load on the system
#   Increase physical memory or swap space
#   Check if swap backing store is full
#   Decrease Java heap size (-Xmx/-Xms)
#   Decrease number of Java threads
#   Decrease Java thread stack sizes (-Xss)
#   Set larger code cache with -XX:ReservedCodeCacheSize=
#   JVM is running with Unscaled Compressed Oops mode in which the Java heap is
#     placed in the first 4GB address space. The Java Heap base address is the
#     maximum limit for the native heap growth. Please use -XX:HeapBaseMinAddress
#     to set the Java Heap base and to place the Java Heap above 4GB virtual address.
# This output file may be truncated or incomplete.
#
#  Out of Memory Error (./src/hotspot/os/windows/os_windows.cpp:3386), pid=13320, tid=1716
#
# JRE version: OpenJDK Runtime Environment Microsoft-7208460 (11.0.18+10) (build 11.0.18+10-LTS)
# Java VM: OpenJDK 64-Bit Server VM Microsoft-7208460 (11.0.18+10-LTS, mixed mode, tiered, compressed oops, g1 gc, windows-amd64)
# No core dump will be written. Minidumps are not enabled by default on client versions of Windows
#

---------------  S U M M A R Y ------------

Command Line: -XX:MaxMetaspaceSize=512m --add-opens=java.base/java.util=ALL-UNNAMED --add-opens=java.base/java.lang=ALL-UNNAMED --add-opens=java.base/java.lang.invoke=ALL-UNNAMED --add-opens=java.prefs/java.util.prefs=ALL-UNNAMED --add-opens=java.base/java.nio.charset=ALL-UNNAMED --add-opens=java.base/java.net=ALL-UNNAMED --add-opens=java.base/java.util.concurrent.atomic=ALL-UNNAMED -Xmx2048m -Dfile.encoding=windows-1252 -Duser.country=AR -Duser.language=es -Duser.variant org.gradle.launcher.daemon.bootstrap.GradleDaemon 8.0.1

Host: Intel(R) Core(TM) i5-7200U CPU @ 2.50GHz, 4 cores, 7G,  Windows 10 , 64 bit Build 19041 (10.0.19041.3155)
Time: Mon Jul 17 09:56:06 2023 Hora estándar de Argentina elapsed time: 34.325890 seconds (0d 0h 0m 34s)

---------------  T H R E A D  ---------------

Current thread (0x0000024c7e964000):  VMThread "VM Thread" [stack: 0x000000cce9b00000,0x000000cce9c00000] [id=1716]

Stack: [0x000000cce9b00000,0x000000cce9c00000]
[error occurred during error reporting (printing stack bounds), id 0xc0000005, EXCEPTION_ACCESS_VIOLATION (0xc0000005) at pc=0x0000024c6889112d]

Native frames: (J=compiled Java code, j=interpreted, Vv=VM code, C=native code)
V  [jvm.dll+0x62bf8a]
V  [jvm.dll+0x7b8fb9]
V  [jvm.dll+0x7ba6a8]
V  [jvm.dll+0x7bace5]
V  [jvm.dll+0x7bac9b]
V  [jvm.dll+0x62b317]
V  [jvm.dll+0x62ba28]
C  [ntdll.dll+0xa23af]
C  [ntdll.dll+0x514b4]
C  [ntdll.dll+0xa0ebe]
C  0x0000024c6889112d

VM_Operation (0x000000cceaef7310): G1CollectForAllocation, mode: safepoint, requested by thread 0x0000024c01db3000


---------------  P R O C E S S  ---------------

Threads class SMR info:
_java_thread_list=0x0000024c0262bd90, length=36, elements={
0x0000024c60117000, 0x0000024c7e966800, 0x0000024c7e968800, 0x0000024c7e9c9000,
0x0000024c7e9ca000, 0x0000024c7e9cc800, 0x0000024c7e9cd800, 0x0000024c7f2f4800,
0x0000024c7f353800, 0x0000024c7f467000, 0x0000024c024f0800, 0x0000024c005c2800,
0x0000024c019b9800, 0x0000024c02a74800, 0x0000024c02230800, 0x0000024c023a0800,
0x0000024c01db3000, 0x0000024c004ab800, 0x0000024c00d8e000, 0x0000024c005f0000,
0x0000024c01d3f000, 0x0000024c01d40800, 0x0000024c01d3c800, 0x0000024c01d3d800,
0x0000024c01d3b800, 0x0000024c01d3e000, 0x0000024c01d41800, 0x0000024c01d3f800,
0x0000024c01d42000, 0x0000024c02199800, 0x0000024c0219d000, 0x0000024c0219c000,
0x0000024c0219b800, 0x0000024c02198000, 0x0000024c0219a800, 0x0000024c0219e800
}

Java Threads: ( => current thread )
  0x0000024c60117000 JavaThread "main" [_thread_blocked, id=15044, stack(0x000000cce9500000,0x000000cce9600000)]
  0x0000024c7e966800 JavaThread "Reference Handler" daemon [_thread_blocked, id=7700, stack(0x000000cce9c00000,0x000000cce9d00000)]
  0x0000024c7e968800 JavaThread "Finalizer" daemon [_thread_blocked, id=6760, stack(0x000000cce9d00000,0x000000cce9e00000)]
  0x0000024c7e9c9000 JavaThread "Signal Dispatcher" daemon [_thread_blocked, id=5988, stack(0x000000cce9e00000,0x000000cce9f00000)]
  0x0000024c7e9ca000 JavaThread "Attach Listener" daemon [_thread_blocked, id=568, stack(0x000000cce9f00000,0x000000ccea000000)]
  0x0000024c7e9cc800 JavaThread "Service Thread" daemon [_thread_blocked, id=3484, stack(0x000000ccea000000,0x000000ccea100000)]
  0x0000024c7e9cd800 JavaThread "C2 CompilerThread0" daemon [_thread_in_native, id=3968, stack(0x000000ccea100000,0x000000ccea200000)]
  0x0000024c7f2f4800 JavaThread "C1 CompilerThread0" daemon [_thread_blocked, id=11044, stack(0x000000ccea200000,0x000000ccea300000)]
  0x0000024c7f353800 JavaThread "Sweeper thread" daemon [_thread_blocked, id=14192, stack(0x000000ccea300000,0x000000ccea400000)]
  0x0000024c7f467000 JavaThread "Common-Cleaner" daemon [_thread_blocked, id=264, stack(0x000000ccea400000,0x000000ccea500000)]
  0x0000024c024f0800 JavaThread "Daemon health stats" [_thread_blocked, id=14540, stack(0x000000ccea900000,0x000000cceaa00000)]
  0x0000024c005c2800 JavaThread "Incoming local TCP Connector on port 61692" [_thread_in_native, id=11160, stack(0x000000ccea600000,0x000000ccea700000)]
  0x0000024c019b9800 JavaThread "Daemon periodic checks" [_thread_blocked, id=12308, stack(0x000000cceaa00000,0x000000cceab00000)]
  0x0000024c02a74800 JavaThread "Daemon" [_thread_blocked, id=12924, stack(0x000000cceab00000,0x000000cceac00000)]
  0x0000024c02230800 JavaThread "Handler for socket connection from /127.0.0.1:61692 to /127.0.0.1:61693" [_thread_in_native, id=9108, stack(0x000000cceac00000,0x000000ccead00000)]
  0x0000024c023a0800 JavaThread "Cancel handler" [_thread_blocked, id=5232, stack(0x000000ccead00000,0x000000cceae00000)]
  0x0000024c01db3000 JavaThread "Daemon worker" [_thread_blocked, id=9696, stack(0x000000cceae00000,0x000000cceaf00000)]
  0x0000024c004ab800 JavaThread "Asynchronous log dispatcher for DefaultDaemonConnection: socket connection from /127.0.0.1:61692 to /127.0.0.1:61693" [_thread_blocked, id=2220, stack(0x000000cceaf00000,0x000000cceb000000)]
  0x0000024c00d8e000 JavaThread "Stdin handler" [_thread_blocked, id=8248, stack(0x000000cceb000000,0x000000cceb100000)]
  0x0000024c005f0000 JavaThread "Daemon client event forwarder" [_thread_blocked, id=3472, stack(0x000000cceb300000,0x000000cceb400000)]
  0x0000024c01d3f000 JavaThread "Cache worker for journal cache (C:\Users\Valeria\.gradle\caches\journal-1)" [_thread_blocked, id=608, stack(0x000000cceb400000,0x000000cceb500000)]
  0x0000024c01d40800 JavaThread "File lock request listener" [_thread_in_native, id=13492, stack(0x000000cceb500000,0x000000cceb600000)]
  0x0000024c01d3c800 JavaThread "Cache worker for file hash cache (C:\Users\Valeria\.gradle\caches\8.0.1\fileHashes)" [_thread_blocked, id=12964, stack(0x000000cceb600000,0x000000cceb700000)]
  0x0000024c01d3d800 JavaThread "File watcher server" daemon [_thread_in_native, id=10044, stack(0x000000cceb700000,0x000000cceb800000)]
  0x0000024c01d3b800 JavaThread "File watcher consumer" daemon [_thread_blocked, id=11288, stack(0x000000cceb800000,0x000000cceb900000)]
  0x0000024c01d3e000 JavaThread "Cache worker for checksums cache (C:\Users\Valeria\Documents\GitHub\ApiFinal\final_garassino\android\.gradle\8.0.1\checksums)" [_thread_blocked, id=9404, stack(0x000000cceb900000,0x000000cceba00000)]
  0x0000024c01d41800 JavaThread "Cache worker for cache directory md-rule (C:\Users\Valeria\.gradle\caches\8.0.1\md-rule)" [_thread_blocked, id=8240, stack(0x000000cceba00000,0x000000ccebb00000)]
  0x0000024c01d3f800 JavaThread "Cache worker for file content cache (C:\Users\Valeria\.gradle\caches\8.0.1\fileContent)" [_thread_blocked, id=11980, stack(0x000000ccebb00000,0x000000ccebc00000)]
  0x0000024c01d42000 JavaThread "Cache worker for file hash cache (C:\Users\Valeria\Documents\GitHub\ApiFinal\final_garassino\android\.gradle\8.0.1\fileHashes)" [_thread_blocked, id=7888, stack(0x000000ccebd00000,0x000000ccebe00000)]
  0x0000024c02199800 JavaThread "Cache worker for cache directory md-supplier (C:\Users\Valeria\.gradle\caches\8.0.1\md-supplier)" [_thread_blocked, id=8324, stack(0x000000ccebe00000,0x000000ccebf00000)]
  0x0000024c0219d000 JavaThread "Cache worker for execution history cache (C:\Users\Valeria\.gradle\caches\8.0.1\executionHistory)" [_thread_blocked, id=2648, stack(0x000000ccebf00000,0x000000ccec000000)]
  0x0000024c0219c000 JavaThread "jar transforms" [_thread_blocked, id=2228, stack(0x000000ccec000000,0x000000ccec100000)]
  0x0000024c0219b800 JavaThread "jar transforms Thread 2" [_thread_blocked, id=4008, stack(0x000000ccec100000,0x000000ccec200000)]
  0x0000024c02198000 JavaThread "jar transforms Thread 3" [_thread_blocked, id=72, stack(0x000000ccebc00000,0x000000ccebd00000)]
  0x0000024c0219a800 JavaThread "jar transforms Thread 4" [_thread_blocked, id=5444, stack(0x000000ccec200000,0x000000ccec300000)]
  0x0000024c0219e800 JavaThread "Cache worker for kotlin-dsl (C:\Users\Valeria\.gradle\caches\8.0.1\kotlin-dsl)" [_thread_blocked, id=11596, stack(0x000000ccec300000,0x000000ccec400000)]

Other Threads:
=>0x0000024c7e964000 VMThread "VM Thread" [stack: 0x000000cce9b00000,0x000000cce9c00000] [id=1716]
  0x0000024c7f4b4000 WatcherThread [stack: 0x000000ccea500000,0x000000ccea600000] [id=14524]
  0x0000024c6012f800 GCTaskThread "GC Thread#0" [stack: 0x000000cce9600000,0x000000cce9700000] [id=7224]
  0x0000024c7f7e6000 GCTaskThread "GC Thread#1" [stack: 0x000000ccea700000,0x000000ccea800000] [id=5140]
  0x0000024c7fea5800 GCTaskThread "GC Thread#2" [stack: 0x000000ccea800000,0x000000ccea900000] [id=8512]
  0x0000024c00d8f000 GCTaskThread "GC Thread#3" [stack: 0x000000cceb100000,0x000000cceb200000] [id=7716]
  0x0000024c60160800 ConcurrentGCThread "G1 Main Marker" [stack: 0x000000cce9700000,0x000000cce9800000] [id=368]
  0x0000024c60162000 ConcurrentGCThread "G1 Conc#0" [stack: 0x000000cce9800000,0x000000cce9900000] [id=4880]
  0x0000024c601df800 ConcurrentGCThread "G1 Refine#0" [stack: 0x000000cce9900000,0x000000cce9a00000] [id=2804]
  0x0000024c7fa40000 ConcurrentGCThread "G1 Refine#1" [stack: 0x000000cceb200000,0x000000cceb300000] [id=11276]
  0x0000024c7e7e0800 ConcurrentGCThread "G1 Young RemSet Sampling" [stack: 0x000000cce9a00000,0x000000cce9b00000] [id=14436]

Threads with active compile tasks:
C2 CompilerThread0    34367 4700       4       org.jetbrains.org.objectweb.asm.ClassReader::accept (1380 bytes)

VM state:at safepoint (normal execution)

VM Mutex/Monitor currently owned by a thread:  ([mutex/lock_event])
[0x0000024c601140a0] Threads_lock - owner thread: 0x0000024c7e964000
[0x0000024c60115180] Heap_lock - owner thread: 0x0000024c01db3000

Heap address: 0x0000000080000000, size: 2048 MB, Compressed Oops mode: 32-bit
Narrow klass base: 0x0000000000000000, Narrow klass shift: 3
Compressed class space size: 528482304 Address: 0x0000000100000000

Heap:
 garbage-first heap   total 189440K, used 37821K [0x0000000080000000, 0x0000000100000000)
  region size 1024K, 4 young (4096K), 4 survivors (4096K)
 Metaspace       used 46846K, capacity 47978K, committed 48080K, reserved 559104K
  class space    used 5722K, capacity 6209K, committed 6272K, reserved 516096K
Heap Regions: E=young(eden), S=young(survivor), O=old, HS=humongous(starts), HC=humongous(continues), CS=collection set, F=free, A=archive, TAMS=top-at-mark-start (previous, next)
|   0|0x0000000080000000, 0x0000000080100000, 0x0000000080100000|100%| O|  |TAMS 0x0000000080100000, 0x0000000080000000| Untracked 
|   1|0x0000000080100000, 0x0000000080200000, 0x0000000080200000|100%| O|  |TAMS 0x0000000080200000, 0x0000000080100000| Untracked 
|   2|0x0000000080200000, 0x0000000080300000, 0x0000000080300000|100%| O|  |TAMS 0x0000000080300000, 0x0000000080200000| Untracked 
|   3|0x0000000080300000, 0x0000000080400000, 0x0000000080400000|100%|HS|  |TAMS 0x0000000080400000, 0x0000000080300000| Complete 
|   4|0x0000000080400000, 0x0000000080500000, 0x0000000080500000|100%|HC|  |TAMS 0x0000000080500000, 0x0000000080400000| Complete 
|   5|0x0000000080500000, 0x0000000080600000, 0x0000000080600000|100%|HC|  |TAMS 0x0000000080600000, 0x0000000080500000| Complete 
|   6|0x0000000080600000, 0x0000000080700000, 0x0000000080700000|100%|HC|  |TAMS 0x0000000080700000, 0x0000000080600000| Complete 
|   7|0x0000000080700000, 0x0000000080800000, 0x0000000080800000|100%| O|  |TAMS 0x0000000080800000, 0x0000000080700000| Untracked 
|   8|0x0000000080800000, 0x0000000080900000, 0x0000000080900000|100%| O|  |TAMS 0x0000000080900000, 0x0000000080800000| Untracked 
|   9|0x0000000080900000, 0x0000000080a00000, 0x0000000080a00000|100%| O|  |TAMS 0x0000000080a00000, 0x0000000080900000| Untracked 
|  10|0x0000000080a00000, 0x0000000080b00000, 0x0000000080b00000|100%| O|  |TAMS 0x0000000080b00000, 0x0000000080a00000| Untracked 
|  11|0x0000000080b00000, 0x0000000080c00000, 0x0000000080c00000|100%| O|  |TAMS 0x0000000080c00000, 0x0000000080b00000| Untracked 
|  12|0x0000000080c00000, 0x0000000080d00000, 0x0000000080d00000|100%| O|  |TAMS 0x0000000080d00000, 0x0000000080c00000| Untracked 
|  13|0x0000000080d00000, 0x0000000080e00000, 0x0000000080e00000|100%| O|  |TAMS 0x0000000080e00000, 0x0000000080d00000| Untracked 
|  14|0x0000000080e00000, 0x0000000080f00000, 0x0000000080f00000|100%| O|  |TAMS 0x0000000080f00000, 0x0000000080e00000| Untracked 
|  15|0x0000000080f00000, 0x0000000081000000, 0x0000000081000000|100%| O|  |TAMS 0x0000000081000000, 0x0000000080f00000| Untracked 
|  16|0x0000000081000000, 0x0000000081100000, 0x0000000081100000|100%| O|  |TAMS 0x00000000810eba00, 0x0000000081000000| Untracked 
|  17|0x0000000081100000, 0x0000000081200000, 0x0000000081200000|100%| O|  |TAMS 0x0000000081100000, 0x0000000081100000| Untracked 
|  18|0x0000000081200000, 0x0000000081300000, 0x0000000081300000|100%| O|  |TAMS 0x0000000081200000, 0x0000000081200000| Untracked 
|  19|0x0000000081300000, 0x0000000081400000, 0x0000000081400000|100%| O|  |TAMS 0x0000000081300000, 0x0000000081300000| Untracked 
|  20|0x0000000081400000, 0x0000000081500000, 0x0000000081500000|100%| O|  |TAMS 0x0000000081400000, 0x0000000081400000| Untracked 
|  21|0x0000000081500000, 0x0000000081600000, 0x0000000081600000|100%| O|  |TAMS 0x0000000081500000, 0x0000000081500000| Untracked 
|  22|0x0000000081600000, 0x0000000081700000, 0x0000000081700000|100%| O|  |TAMS 0x0000000081600000, 0x0000000081600000| Untracked 
|  23|0x0000000081700000, 0x0000000081800000, 0x0000000081800000|100%| O|  |TAMS 0x0000000081700000, 0x0000000081700000| Untracked 
|  24|0x0000000081800000, 0x0000000081900000, 0x0000000081900000|100%| O|  |TAMS 0x0000000081800000, 0x0000000081800000| Untracked 
|  25|0x0000000081900000, 0x0000000081a00000, 0x0000000081a00000|100%| O|  |TAMS 0x0000000081900000, 0x0000000081900000| Untracked 
|  26|0x0000000081a00000, 0x0000000081b00000, 0x0000000081b00000|100%| O|  |TAMS 0x0000000081a00000, 0x0000000081a00000| Untracked 
|  27|0x0000000081b00000, 0x0000000081c00000, 0x0000000081c00000|100%| O|  |TAMS 0x0000000081b00000, 0x0000000081b00000| Untracked 
|  28|0x0000000081c00000, 0x0000000081d00000, 0x0000000081d00000|100%| O|  |TAMS 0x0000000081c00000, 0x0000000081c00000| Untracked 
|  29|0x0000000081d00000, 0x0000000081e00000, 0x0000000081e00000|100%| O|  |TAMS 0x0000000081d00000, 0x0000000081d00000| Untracked 
|  30|0x0000000081e00000, 0x0000000081f00000, 0x0000000081f00000|100%| O|  |TAMS 0x0000000081e00000, 0x0000000081e00000| Untracked 
|  31|0x0000000081f00000, 0x0000000082000000, 0x0000000082000000|100%| O|  |TAMS 0x0000000081f00000, 0x0000000081f00000| Untracked 
|  32|0x0000000082000000, 0x00000000820ef400, 0x0000000082100000| 93%| O|  |TAMS 0x0000000082000000, 0x0000000082000000| Untracked 
|  33|0x0000000082100000, 0x0000000082100000, 0x0000000082200000|  0%| F|  |TAMS 0x0000000082100000, 0x0000000082100000| Untracked 
|  34|0x0000000082200000, 0x0000000082200000, 0x0000000082300000|  0%| F|  |TAMS 0x0000000082200000, 0x0000000082200000| Untracked 
|  35|0x0000000082300000, 0x0000000082300000, 0x0000000082400000|  0%| F|  |TAMS 0x0000000082300000, 0x0000000082300000| Untracked 
|  36|0x0000000082400000, 0x0000000082400000, 0x0000000082500000|  0%| F|  |TAMS 0x0000000082400000, 0x0000000082400000| Untracked 
|  37|0x0000000082500000, 0x0000000082500000, 0x0000000082600000|  0%| F|  |TAMS 0x0000000082500000, 0x0000000082500000| Untracked 
|  38|0x0000000082600000, 0x0000000082600000, 0x0000000082700000|  0%| F|  |TAMS 0x0000000082600000, 0x0000000082600000| Untracked 
|  39|0x0000000082700000, 0x0000000082700000, 0x0000000082800000|  0%| F|  |TAMS 0x0000000082700000, 0x0000000082700000| Untracked 
|  40|0x0000000082800000, 0x0000000082800000, 0x0000000082900000|  0%| F|  |TAMS 0x0000000082800000, 0x0000000082800000| Untracked 
|  41|0x0000000082900000, 0x0000000082900000, 0x0000000082a00000|  0%| F|  |TAMS 0x0000000082900000, 0x0000000082900000| Untracked 
|  42|0x0000000082a00000, 0x0000000082a00000, 0x0000000082b00000|  0%| F|  |TAMS 0x0000000082a00000, 0x0000000082a00000| Untracked 
|  43|0x0000000082b00000, 0x0000000082b00000, 0x0000000082c00000|  0%| F|  |TAMS 0x0000000082b00000, 0x0000000082b00000| Untracked 
|  44|0x0000000082c00000, 0x0000000082c00000, 0x0000000082d00000|  0%| F|  |TAMS 0x0000000082c00000, 0x0000000082c00000| Untracked 
|  45|0x0000000082d00000, 0x0000000082d00000, 0x0000000082e00000|  0%| F|  |TAMS 0x0000000082d00000, 0x0000000082d00000| Untracked 
|  46|0x0000000082e00000, 0x0000000082e00000, 0x0000000082f00000|  0%| F|  |TAMS 0x0000000082e00000, 0x0000000082e00000| Untracked 
|  47|0x0000000082f00000, 0x0000000082f00000, 0x0000000083000000|  0%| F|  |TAMS 0x0000000082f00000, 0x0000000082f00000| Untracked 
|  48|0x0000000083000000, 0x0000000083000000, 0x0000000083100000|  0%| F|  |TAMS 0x0000000083000000, 0x0000000083000000| Untracked 
|  49|0x0000000083100000, 0x0000000083100000, 0x0000000083200000|  0%| F|  |TAMS 0x0000000083100000, 0x0000000083100000| Untracked 
|  50|0x0000000083200000, 0x0000000083200000, 0x0000000083300000|  0%| F|  |TAMS 0x0000000083200000, 0x0000000083200000| Untracked 
|  51|0x0000000083300000, 0x0000000083300000, 0x0000000083400000|  0%| F|  |TAMS 0x0000000083300000, 0x0000000083300000| Untracked 
|  52|0x0000000083400000, 0x0000000083400000, 0x0000000083500000|  0%| F|  |TAMS 0x0000000083400000, 0x0000000083400000| Untracked 
|  53|0x0000000083500000, 0x0000000083500000, 0x0000000083600000|  0%| F|  |TAMS 0x0000000083500000, 0x0000000083500000| Untracked 
|  54|0x0000000083600000, 0x0000000083600000, 0x0000000083700000|  0%| F|  |TAMS 0x0000000083600000, 0x0000000083600000| Untracked 
|  55|0x0000000083700000, 0x0000000083700000, 0x0000000083800000|  0%| F|  |TAMS 0x0000000083700000, 0x0000000083700000| Untracked 
|  56|0x0000000083800000, 0x0000000083800000, 0x0000000083900000|  0%| F|  |TAMS 0x0000000083800000, 0x0000000083800000| Untracked 
|  57|0x0000000083900000, 0x0000000083900000, 0x0000000083a00000|  0%| F|  |TAMS 0x0000000083900000, 0x0000000083900000| Untracked 
|  58|0x0000000083a00000, 0x0000000083b00000, 0x0000000083b00000|100%| S|CS|TAMS 0x0000000083a00000, 0x0000000083a00000| Complete 
|  59|0x0000000083b00000, 0x0000000083c00000, 0x0000000083c00000|100%| S|CS|TAMS 0x0000000083b00000, 0x0000000083b00000| Complete 
|  60|0x0000000083c00000, 0x0000000083c00000, 0x0000000083d00000|  0%| F|  |TAMS 0x0000000083c00000, 0x0000000083c00000| Untracked 
|  61|0x0000000083d00000, 0x0000000083d00000, 0x0000000083e00000|  0%| F|  |TAMS 0x0000000083d00000, 0x0000000083d00000| Untracked 
|  62|0x0000000083e00000, 0x0000000083f00000, 0x0000000083f00000|100%| S|CS|TAMS 0x0000000083e00000, 0x0000000083e00000| Complete 
|  63|0x0000000083f00000, 0x0000000084000000, 0x0000000084000000|100%| S|CS|TAMS 0x0000000083f00000, 0x0000000083f00000| Complete 
|  64|0x0000000084000000, 0x0000000084000000, 0x0000000084100000|  0%| F|  |TAMS 0x0000000084000000, 0x0000000084000000| Untracked 
|  65|0x0000000084100000, 0x0000000084100000, 0x0000000084200000|  0%| F|  |TAMS 0x0000000084100000, 0x0000000084100000| Untracked 
|  66|0x0000000084200000, 0x0000000084200000, 0x0000000084300000|  0%| F|  |TAMS 0x0000000084200000, 0x0000000084200000| Untracked 
|  67|0x0000000084300000, 0x0000000084300000, 0x0000000084400000|  0%| F|  |TAMS 0x0000000084300000, 0x0000000084300000| Untracked 
|  68|0x0000000084400000, 0x0000000084400000, 0x0000000084500000|  0%| F|  |TAMS 0x0000000084400000, 0x0000000084400000| Untracked 
|  69|0x0000000084500000, 0x0000000084500000, 0x0000000084600000|  0%| F|  |TAMS 0x0000000084500000, 0x0000000084500000| Untracked 
|  70|0x0000000084600000, 0x0000000084600000, 0x0000000084700000|  0%| F|  |TAMS 0x0000000084600000, 0x0000000084600000| Untracked 
|  71|0x0000000084700000, 0x0000000084700000, 0x0000000084800000|  0%| F|  |TAMS 0x0000000084700000, 0x0000000084700000| Untracked 
|  72|0x0000000084800000, 0x0000000084800000, 0x0000000084900000|  0%| F|  |TAMS 0x0000000084800000, 0x0000000084800000| Untracked 
|  73|0x0000000084900000, 0x0000000084900000, 0x0000000084a00000|  0%| F|  |TAMS 0x0000000084900000, 0x0000000084900000| Untracked 
|  74|0x0000000084a00000, 0x0000000084a00000, 0x0000000084b00000|  0%| F|  |TAMS 0x0000000084a00000, 0x0000000084a00000| Untracked 
|  75|0x0000000084b00000, 0x0000000084b00000, 0x0000000084c00000|  0%| F|  |TAMS 0x0000000084b00000, 0x0000000084b00000| Untracked 
|  76|0x0000000084c00000, 0x0000000084c00000, 0x0000000084d00000|  0%| F|  |TAMS 0x0000000084c00000, 0x0000000084c00000| Untracked 
|  77|0x0000000084d00000, 0x0000000084d00000, 0x0000000084e00000|  0%| F|  |TAMS 0x0000000084d00000, 0x0000000084d00000| Untracked 
|  78|0x0000000084e00000, 0x0000000084e00000, 0x0000000084f00000|  0%| F|  |TAMS 0x0000000084e00000, 0x0000000084e00000| Untracked 
|  79|0x0000000084f00000, 0x0000000084f00000, 0x0000000085000000|  0%| F|  |TAMS 0x0000000084f00000, 0x0000000084f00000| Untracked 
|  80|0x0000000085000000, 0x0000000085000000, 0x0000000085100000|  0%| F|  |TAMS 0x0000000085000000, 0x0000000085000000| Untracked 
|  81|0x0000000085100000, 0x0000000085100000, 0x0000000085200000|  0%| F|  |TAMS 0x0000000085100000, 0x0000000085100000| Untracked 
|  82|0x0000000085200000, 0x0000000085200000, 0x0000000085300000|  0%| F|  |TAMS 0x0000000085200000, 0x0000000085200000| Untracked 
|  83|0x0000000085300000, 0x0000000085300000, 0x0000000085400000|  0%| F|  |TAMS 0x0000000085300000, 0x0000000085300000| Untracked 
|  84|0x0000000085400000, 0x0000000085400000, 0x0000000085500000|  0%| F|  |TAMS 0x0000000085400000, 0x0000000085400000| Untracked 
|  85|0x0000000085500000, 0x0000000085500000, 0x0000000085600000|  0%| F|  |TAMS 0x0000000085500000, 0x0000000085500000| Untracked 
|  86|0x0000000085600000, 0x0000000085600000, 0x0000000085700000|  0%| F|  |TAMS 0x0000000085600000, 0x0000000085600000| Untracked 
|  87|0x0000000085700000, 0x0000000085700000, 0x0000000085800000|  0%| F|  |TAMS 0x0000000085700000, 0x0000000085700000| Untracked 
|  88|0x0000000085800000, 0x0000000085800000, 0x0000000085900000|  0%| F|  |TAMS 0x0000000085800000, 0x0000000085800000| Untracked 
|  89|0x0000000085900000, 0x0000000085900000, 0x0000000085a00000|  0%| F|  |TAMS 0x0000000085900000, 0x0000000085900000| Untracked 
|  90|0x0000000085a00000, 0x0000000085a00000, 0x0000000085b00000|  0%| F|  |TAMS 0x0000000085a00000, 0x0000000085a00000| Untracked 
|  91|0x0000000085b00000, 0x0000000085b00000, 0x0000000085c00000|  0%| F|  |TAMS 0x0000000085b00000, 0x0000000085b00000| Untracked 
|  92|0x0000000085c00000, 0x0000000085c00000, 0x0000000085d00000|  0%| F|  |TAMS 0x0000000085c00000, 0x0000000085c00000| Untracked 
|  93|0x0000000085d00000, 0x0000000085d00000, 0x0000000085e00000|  0%| F|  |TAMS 0x0000000085d00000, 0x0000000085d00000| Untracked 
|  94|0x0000000085e00000, 0x0000000085e00000, 0x0000000085f00000|  0%| F|  |TAMS 0x0000000085e00000, 0x0000000085e00000| Untracked 
|  95|0x0000000085f00000, 0x0000000085f00000, 0x0000000086000000|  0%| F|  |TAMS 0x0000000085f00000, 0x0000000085f00000| Untracked 
|  96|0x0000000086000000, 0x0000000086000000, 0x0000000086100000|  0%| F|  |TAMS 0x0000000086000000, 0x0000000086000000| Untracked 
|  97|0x0000000086100000, 0x0000000086100000, 0x0000000086200000|  0%| F|  |TAMS 0x0000000086100000, 0x0000000086100000| Untracked 
|  98|0x0000000086200000, 0x0000000086200000, 0x0000000086300000|  0%| F|  |TAMS 0x0000000086200000, 0x0000000086200000| Untracked 
|  99|0x0000000086300000, 0x0000000086300000, 0x0000000086400000|  0%| F|  |TAMS 0x0000000086300000, 0x0000000086300000| Untracked 
| 100|0x0000000086400000, 0x0000000086400000, 0x0000000086500000|  0%| F|  |TAMS 0x0000000086400000, 0x0000000086400000| Untracked 
| 101|0x0000000086500000, 0x0000000086500000, 0x0000000086600000|  0%| F|  |TAMS 0x0000000086500000, 0x0000000086500000| Untracked 
| 102|0x0000000086600000, 0x0000000086600000, 0x0000000086700000|  0%| F|  |TAMS 0x0000000086600000, 0x0000000086600000| Untracked 
| 103|0x0000000086700000, 0x0000000086700000, 0x0000000086800000|  0%| F|  |TAMS 0x0000000086700000, 0x0000000086700000| Untracked 
| 104|0x0000000086800000, 0x0000000086800000, 0x0000000086900000|  0%| F|  |TAMS 0x0000000086800000, 0x0000000086800000| Untracked 
| 105|0x0000000086900000, 0x0000000086900000, 0x0000000086a00000|  0%| F|  |TAMS 0x0000000086900000, 0x0000000086900000| Untracked 
| 106|0x0000000086a00000, 0x0000000086a00000, 0x0000000086b00000|  0%| F|  |TAMS 0x0000000086a00000, 0x0000000086a00000| Untracked 
| 107|0x0000000086b00000, 0x0000000086b00000, 0x0000000086c00000|  0%| F|  |TAMS 0x0000000086b00000, 0x0000000086b00000| Untracked 
| 108|0x0000000086c00000, 0x0000000086c00000, 0x0000000086d00000|  0%| F|  |TAMS 0x0000000086c00000, 0x0000000086c00000| Untracked 
| 109|0x0000000086d00000, 0x0000000086d00000, 0x0000000086e00000|  0%| F|  |TAMS 0x0000000086d00000, 0x0000000086d00000| Untracked 
| 110|0x0000000086e00000, 0x0000000086e00000, 0x0000000086f00000|  0%| F|  |TAMS 0x0000000086e00000, 0x0000000086e00000| Untracked 
| 111|0x0000000086f00000, 0x0000000086f00000, 0x0000000087000000|  0%| F|  |TAMS 0x0000000086f00000, 0x0000000086f00000| Untracked 
| 112|0x0000000087000000, 0x0000000087000000, 0x0000000087100000|  0%| F|  |TAMS 0x0000000087000000, 0x0000000087000000| Untracked 
| 113|0x0000000087100000, 0x0000000087100000, 0x0000000087200000|  0%| F|  |TAMS 0x0000000087100000, 0x0000000087100000| Untracked 
| 114|0x0000000087200000, 0x0000000087200000, 0x0000000087300000|  0%| F|  |TAMS 0x0000000087200000, 0x0000000087200000| Untracked 
| 115|0x0000000087300000, 0x0000000087300000, 0x0000000087400000|  0%| F|  |TAMS 0x0000000087300000, 0x0000000087300000| Untracked 
| 116|0x0000000087400000, 0x0000000087400000, 0x0000000087500000|  0%| F|  |TAMS 0x0000000087400000, 0x0000000087400000| Untracked 
| 117|0x0000000087500000, 0x0000000087500000, 0x0000000087600000|  0%| F|  |TAMS 0x0000000087500000, 0x0000000087500000| Untracked 
| 118|0x0000000087600000, 0x0000000087600000, 0x0000000087700000|  0%| F|  |TAMS 0x0000000087600000, 0x0000000087600000| Untracked 
| 119|0x0000000087700000, 0x0000000087700000, 0x0000000087800000|  0%| F|  |TAMS 0x0000000087700000, 0x0000000087700000| Untracked 
| 120|0x0000000087800000, 0x0000000087800000, 0x0000000087900000|  0%| F|  |TAMS 0x0000000087800000, 0x0000000087800000| Untracked 
| 121|0x0000000087900000, 0x0000000087900000, 0x0000000087a00000|  0%| F|  |TAMS 0x0000000087900000, 0x0000000087900000| Untracked 
| 122|0x0000000087a00000, 0x0000000087a00000, 0x0000000087b00000|  0%| F|  |TAMS 0x0000000087a00000, 0x0000000087a00000| Untracked 
| 123|0x0000000087b00000, 0x0000000087b00000, 0x0000000087c00000|  0%| F|  |TAMS 0x0000000087b00000, 0x0000000087b00000| Untracked 
| 124|0x0000000087c00000, 0x0000000087c00000, 0x0000000087d00000|  0%| F|  |TAMS 0x0000000087c00000, 0x0000000087c00000| Untracked 
| 125|0x0000000087d00000, 0x0000000087d00000, 0x0000000087e00000|  0%| F|  |TAMS 0x0000000087d00000, 0x0000000087d00000| Untracked 
| 126|0x0000000087e00000, 0x0000000087e00000, 0x0000000087f00000|  0%| F|  |TAMS 0x0000000087e00000, 0x0000000087e00000| Untracked 
| 127|0x0000000087f00000, 0x0000000087f00000, 0x0000000088000000|  0%| F|  |TAMS 0x0000000087f00000, 0x0000000087f00000| Untracked 
| 128|0x0000000088000000, 0x0000000088000000, 0x0000000088100000|  0%| F|  |TAMS 0x0000000088000000, 0x0000000088000000| Untracked 
| 129|0x0000000088100000, 0x0000000088100000, 0x0000000088200000|  0%| F|  |TAMS 0x0000000088100000, 0x0000000088100000| Untracked 
| 130|0x0000000088200000, 0x0000000088200000, 0x0000000088300000|  0%| F|  |TAMS 0x0000000088200000, 0x0000000088200000| Untracked 
| 131|0x0000000088300000, 0x0000000088300000, 0x0000000088400000|  0%| F|  |TAMS 0x0000000088300000, 0x0000000088300000| Untracked 
| 132|0x0000000088400000, 0x0000000088400000, 0x0000000088500000|  0%| F|  |TAMS 0x0000000088400000, 0x0000000088400000| Untracked 
| 133|0x0000000088500000, 0x0000000088500000, 0x0000000088600000|  0%| F|  |TAMS 0x0000000088500000, 0x0000000088500000| Untracked 
| 134|0x0000000088600000, 0x0000000088600000, 0x0000000088700000|  0%| F|  |TAMS 0x0000000088600000, 0x0000000088600000| Untracked 
| 135|0x0000000088700000, 0x0000000088700000, 0x0000000088800000|  0%| F|  |TAMS 0x0000000088700000, 0x0000000088700000| Untracked 
| 136|0x0000000088800000, 0x0000000088800000, 0x0000000088900000|  0%| F|  |TAMS 0x0000000088800000, 0x0000000088800000| Untracked 
| 137|0x0000000088900000, 0x0000000088900000, 0x0000000088a00000|  0%| F|  |TAMS 0x0000000088900000, 0x0000000088900000| Untracked 
| 138|0x0000000088a00000, 0x0000000088a00000, 0x0000000088b00000|  0%| F|  |TAMS 0x0000000088a00000, 0x0000000088a00000| Untracked 
| 139|0x0000000088b00000, 0x0000000088b00000, 0x0000000088c00000|  0%| F|  |TAMS 0x0000000088b00000, 0x0000000088b00000| Untracked 
| 140|0x0000000088c00000, 0x0000000088c00000, 0x0000000088d00000|  0%| F|  |TAMS 0x0000000088c00000, 0x0000000088c00000| Untracked 
| 141|0x0000000088d00000, 0x0000000088d00000, 0x0000000088e00000|  0%| F|  |TAMS 0x0000000088d00000, 0x0000000088d00000| Untracked 
| 142|0x0000000088e00000, 0x0000000088e00000, 0x0000000088f00000|  0%| F|  |TAMS 0x0000000088e00000, 0x0000000088e00000| Untracked 
| 143|0x0000000088f00000, 0x0000000088f00000, 0x0000000089000000|  0%| F|  |TAMS 0x0000000088f00000, 0x0000000088f00000| Untracked 
| 144|0x0000000089000000, 0x0000000089000000, 0x0000000089100000|  0%| F|  |TAMS 0x0000000089000000, 0x0000000089000000| Untracked 
| 145|0x0000000089100000, 0x0000000089100000, 0x0000000089200000|  0%| F|  |TAMS 0x0000000089100000, 0x0000000089100000| Untracked 
| 146|0x0000000089200000, 0x0000000089200000, 0x0000000089300000|  0%| F|  |TAMS 0x0000000089200000, 0x0000000089200000| Untracked 
| 147|0x0000000089300000, 0x0000000089300000, 0x0000000089400000|  0%| F|  |TAMS 0x0000000089300000, 0x0000000089300000| Untracked 
| 148|0x0000000089400000, 0x0000000089400000, 0x0000000089500000|  0%| F|  |TAMS 0x0000000089400000, 0x0000000089400000| Untracked 
| 149|0x0000000089500000, 0x0000000089500000, 0x0000000089600000|  0%| F|  |TAMS 0x0000000089500000, 0x0000000089500000| Untracked 
| 150|0x0000000089600000, 0x0000000089600000, 0x0000000089700000|  0%| F|  |TAMS 0x0000000089600000, 0x0000000089600000| Untracked 
| 151|0x0000000089700000, 0x0000000089700000, 0x0000000089800000|  0%| F|  |TAMS 0x0000000089700000, 0x0000000089700000| Untracked 
| 152|0x0000000089800000, 0x0000000089800000, 0x0000000089900000|  0%| F|  |TAMS 0x0000000089800000, 0x0000000089800000| Untracked 
| 153|0x0000000089900000, 0x0000000089900000, 0x0000000089a00000|  0%| F|  |TAMS 0x0000000089900000, 0x0000000089900000| Untracked 

Card table byte_map: [0x0000024c77c90000,0x0000024c78090000] _byte_map_base: 0x0000024c77890000

Marking Bits (Prev, Next): (CMBitMap*) 0x0000024c60157ec8, (CMBitMap*) 0x0000024c60157f00
 Prev Bits: [0x0000024c78490000, 0x0000024c7a490000)
 Next Bits: [0x0000024c7a490000, 0x0000024c7c490000)

Polling page: 0x0000024c5f8f0000

Metaspace:

Usage:
  Non-class:     40.79 MB capacity,    40.16 MB ( 98%) used,   522.46 KB (  1%) free+waste,   122.44 KB ( <1%) overhead. 
      Class:      6.06 MB capacity,     5.59 MB ( 92%) used,   426.95 KB (  7%) free+waste,    59.44 KB ( <1%) overhead. 
       Both:     46.85 MB capacity,    45.75 MB ( 98%) used,   949.41 KB (  2%) free+waste,   181.88 KB ( <1%) overhead. 

Virtual space:
  Non-class space:       42.00 MB reserved,      40.83 MB ( 97%) committed 
      Class space:      504.00 MB reserved,       6.13 MB (  1%) committed 
             Both:      546.00 MB reserved,      46.95 MB (  9%) committed 

Chunk freelists:
   Non-Class:  39.00 KB
       Class:  0 bytes
        Both:  39.00 KB

MaxMetaspaceSize: 512.00 MB
CompressedClassSpaceSize: 504.00 MB
Initial GC threshold: 20.80 MB
Current GC threshold: 58.88 MB
CDS: off

CodeHeap 'non-profiled nmethods': size=120064Kb used=3494Kb max_used=3494Kb free=116569Kb
 bounds [0x0000024c70350000, 0x0000024c706c0000, 0x0000024c77890000]
CodeHeap 'profiled nmethods': size=120000Kb used=10449Kb max_used=10449Kb free=109551Kb
 bounds [0x0000024c68e20000, 0x0000024c69860000, 0x0000024c70350000]
CodeHeap 'non-nmethods': size=5696Kb used=2296Kb max_used=2330Kb free=3400Kb
 bounds [0x0000024c68890000, 0x0000024c68b00000, 0x0000024c68e20000]
 total_blobs=5477 nmethods=4677 adapters=711
 compilation: enabled
              stopped_count=0, restarted_count=0
 full_count=0

Compilation events (20 events):
Event: 33.980 Thread 0x0000024c7f2f4800 nmethod 4691% 0x0000024c69832310 code [0x0000024c69832ee0, 0x0000024c6983b3a8]
Event: 33.986 Thread 0x0000024c7f2f4800 4692       3       org.jetbrains.org.objectweb.asm.ClassReader::accept (1380 bytes)
Event: 34.001 Thread 0x0000024c7f2f4800 nmethod 4692 0x0000024c6983f910 code [0x0000024c698404e0, 0x0000024c698488e8]
Event: 34.025 Thread 0x0000024c7e9cd800 4693       4       org.jetbrains.org.objectweb.asm.Type::<init> (26 bytes)
Event: 34.026 Thread 0x0000024c7e9cd800 nmethod 4693 0x0000024c706b6a90 code [0x0000024c706b6c20, 0x0000024c706b6d58]
Event: 34.028 Thread 0x0000024c7e9cd800 4694       4       java.util.regex.Pattern$Slice::match (79 bytes)
Event: 34.028 Thread 0x0000024c7f2f4800 4695       3       org.jetbrains.org.objectweb.asm.tree.Util::asArrayList (60 bytes)
Event: 34.029 Thread 0x0000024c7f2f4800 nmethod 4695 0x0000024c6984ce10 code [0x0000024c6984d0a0, 0x0000024c6984dda8]
Event: 34.029 Thread 0x0000024c7f2f4800 4696       3       org.jetbrains.org.objectweb.asm.Type::getTypeInternal (199 bytes)
Event: 34.030 Thread 0x0000024c7f2f4800 nmethod 4696 0x0000024c6984e310 code [0x0000024c6984e5a0, 0x0000024c6984f348]
Event: 34.030 Thread 0x0000024c7f2f4800 4697       3       org.jetbrains.org.objectweb.asm.Type::getArgumentTypes (154 bytes)
Event: 34.033 Thread 0x0000024c7e9cd800 nmethod 4694 0x0000024c706b6e10 code [0x0000024c706b6fc0, 0x0000024c706b7268]
Event: 34.034 Thread 0x0000024c7f2f4800 nmethod 4697 0x0000024c6984f790 code [0x0000024c6984fc80, 0x0000024c69852508]
Event: 34.034 Thread 0x0000024c7e9cd800 4698       4       org.jetbrains.org.objectweb.asm.tree.AnnotationNode::visit (300 bytes)
Event: 34.076 Thread 0x0000024c7e9cd800 nmethod 4698 0x0000024c706b7490 code [0x0000024c706b7700, 0x0000024c706b8ec8]
Event: 34.076 Thread 0x0000024c7e9cd800 4699       4       org.jetbrains.org.objectweb.asm.tree.MethodNode::visitAnnotableParameterCount (18 bytes)
Event: 34.076 Thread 0x0000024c7e9cd800 nmethod 4699 0x0000024c706b9890 code [0x0000024c706b9a20, 0x0000024c706b9a98]
Event: 34.147 Thread 0x0000024c7e9cd800 4700       4       org.jetbrains.org.objectweb.asm.ClassReader::accept (1380 bytes)
Event: 34.193 Thread 0x0000024c7f2f4800 4702   !   3       java.util.zip.ZipFile::getMetaInfEntryNames (106 bytes)
Event: 34.194 Thread 0x0000024c7f2f4800 nmethod 4702 0x0000024c69853410 code [0x0000024c69853620, 0x0000024c69853eb8]

GC Heap History (20 events):
Event: 30.526 GC heap after
{Heap after GC invocations=32 (full 0):
 garbage-first heap   total 157696K, used 35289K [0x0000000080000000, 0x0000000100000000)
  region size 1024K, 4 young (4096K), 4 survivors (4096K)
 Metaspace       used 45120K, capacity 46264K, committed 46416K, reserved 557056K
  class space    used 5545K, capacity 6042K, committed 6144K, reserved 516096K
}
Event: 30.907 GC heap before
{Heap before GC invocations=32 (full 0):
 garbage-first heap   total 157696K, used 125401K [0x0000000080000000, 0x0000000100000000)
  region size 1024K, 92 young (94208K), 4 survivors (4096K)
 Metaspace       used 45122K, capacity 46264K, committed 46416K, reserved 557056K
  class space    used 5545K, capacity 6042K, committed 6144K, reserved 516096K
}
Event: 30.911 GC heap after
{Heap after GC invocations=33 (full 0):
 garbage-first heap   total 157696K, used 35199K [0x0000000080000000, 0x0000000100000000)
  region size 1024K, 3 young (3072K), 3 survivors (3072K)
 Metaspace       used 45122K, capacity 46264K, committed 46416K, reserved 557056K
  class space    used 5545K, capacity 6042K, committed 6144K, reserved 516096K
}
Event: 31.231 GC heap before
{Heap before GC invocations=33 (full 0):
 garbage-first heap   total 157696K, used 126335K [0x0000000080000000, 0x0000000100000000)
  region size 1024K, 92 young (94208K), 3 survivors (3072K)
 Metaspace       used 45122K, capacity 46264K, committed 46416K, reserved 557056K
  class space    used 5545K, capacity 6042K, committed 6144K, reserved 516096K
}
Event: 31.236 GC heap after
{Heap after GC invocations=34 (full 0):
 garbage-first heap   total 157696K, used 35554K [0x0000000080000000, 0x0000000100000000)
  region size 1024K, 4 young (4096K), 4 survivors (4096K)
 Metaspace       used 45122K, capacity 46264K, committed 46416K, reserved 557056K
  class space    used 5545K, capacity 6042K, committed 6144K, reserved 516096K
}
Event: 31.617 GC heap before
{Heap before GC invocations=34 (full 0):
 garbage-first heap   total 157696K, used 125666K [0x0000000080000000, 0x0000000100000000)
  region size 1024K, 92 young (94208K), 4 survivors (4096K)
 Metaspace       used 45122K, capacity 46264K, committed 46416K, reserved 557056K
  class space    used 5545K, capacity 6042K, committed 6144K, reserved 516096K
}
Event: 31.621 GC heap after
{Heap after GC invocations=35 (full 0):
 garbage-first heap   total 157696K, used 36033K [0x0000000080000000, 0x0000000100000000)
  region size 1024K, 4 young (4096K), 4 survivors (4096K)
 Metaspace       used 45122K, capacity 46264K, committed 46416K, reserved 557056K
  class space    used 5545K, capacity 6042K, committed 6144K, reserved 516096K
}
Event: 32.097 GC heap before
{Heap before GC invocations=35 (full 0):
 garbage-first heap   total 157696K, used 126145K [0x0000000080000000, 0x0000000100000000)
  region size 1024K, 92 young (94208K), 4 survivors (4096K)
 Metaspace       used 46060K, capacity 47265K, committed 47440K, reserved 559104K
  class space    used 5633K, capacity 6141K, committed 6144K, reserved 516096K
}
Event: 32.101 GC heap after
{Heap after GC invocations=36 (full 0):
 garbage-first heap   total 157696K, used 36950K [0x0000000080000000, 0x0000000100000000)
  region size 1024K, 5 young (5120K), 5 survivors (5120K)
 Metaspace       used 46060K, capacity 47265K, committed 47440K, reserved 559104K
  class space    used 5633K, capacity 6141K, committed 6144K, reserved 516096K
}
Event: 32.823 GC heap before
{Heap before GC invocations=36 (full 0):
 garbage-first heap   total 157696K, used 126038K [0x0000000080000000, 0x0000000100000000)
  region size 1024K, 92 young (94208K), 5 survivors (5120K)
 Metaspace       used 46845K, capacity 47978K, committed 48080K, reserved 559104K
  class space    used 5722K, capacity 6209K, committed 6272K, reserved 516096K
}
Event: 32.830 GC heap after
{Heap after GC invocations=37 (full 0):
 garbage-first heap   total 157696K, used 37159K [0x0000000080000000, 0x0000000100000000)
  region size 1024K, 5 young (5120K), 5 survivors (5120K)
 Metaspace       used 46845K, capacity 47978K, committed 48080K, reserved 559104K
  class space    used 5722K, capacity 6209K, committed 6272K, reserved 516096K
}
Event: 33.172 GC heap before
{Heap before GC invocations=37 (full 0):
 garbage-first heap   total 157696K, used 126247K [0x0000000080000000, 0x0000000100000000)
  region size 1024K, 92 young (94208K), 5 survivors (5120K)
 Metaspace       used 46845K, capacity 47978K, committed 48080K, reserved 559104K
  class space    used 5722K, capacity 6209K, committed 6272K, reserved 516096K
}
Event: 33.179 GC heap after
{Heap after GC invocations=38 (full 0):
 garbage-first heap   total 157696K, used 37249K [0x0000000080000000, 0x0000000100000000)
  region size 1024K, 5 young (5120K), 5 survivors (5120K)
 Metaspace       used 46845K, capacity 47978K, committed 48080K, reserved 559104K
  class space    used 5722K, capacity 6209K, committed 6272K, reserved 516096K
}
Event: 33.546 GC heap before
{Heap before GC invocations=38 (full 0):
 garbage-first heap   total 157696K, used 126337K [0x0000000080000000, 0x0000000100000000)
  region size 1024K, 92 young (94208K), 5 survivors (5120K)
 Metaspace       used 46845K, capacity 47978K, committed 48080K, reserved 559104K
  class space    used 5722K, capacity 6209K, committed 6272K, reserved 516096K
}
Event: 33.550 GC heap after
{Heap after GC invocations=39 (full 0):
 garbage-first heap   total 157696K, used 37643K [0x0000000080000000, 0x0000000100000000)
  region size 1024K, 5 young (5120K), 5 survivors (5120K)
 Metaspace       used 46845K, capacity 47978K, committed 48080K, reserved 559104K
  class space    used 5722K, capacity 6209K, committed 6272K, reserved 516096K
}
Event: 33.812 GC heap before
{Heap before GC invocations=39 (full 0):
 garbage-first heap   total 157696K, used 126731K [0x0000000080000000, 0x0000000100000000)
  region size 1024K, 92 young (94208K), 5 survivors (5120K)
 Metaspace       used 46845K, capacity 47978K, committed 48080K, reserved 559104K
  class space    used 5722K, capacity 6209K, committed 6272K, reserved 516096K
}
Event: 33.817 GC heap after
{Heap after GC invocations=40 (full 0):
 garbage-first heap   total 157696K, used 37413K [0x0000000080000000, 0x0000000100000000)
  region size 1024K, 5 young (5120K), 5 survivors (5120K)
 Metaspace       used 46845K, capacity 47978K, committed 48080K, reserved 559104K
  class space    used 5722K, capacity 6209K, committed 6272K, reserved 516096K
}
Event: 34.041 GC heap before
{Heap before GC invocations=40 (full 0):
 garbage-first heap   total 157696K, used 126501K [0x0000000080000000, 0x0000000100000000)
  region size 1024K, 92 young (94208K), 5 survivors (5120K)
 Metaspace       used 46846K, capacity 47978K, committed 48080K, reserved 559104K
  class space    used 5722K, capacity 6209K, committed 6272K, reserved 516096K
}
Event: 34.046 GC heap after
{Heap after GC invocations=41 (full 0):
 garbage-first heap   total 157696K, used 37795K [0x0000000080000000, 0x0000000100000000)
  region size 1024K, 5 young (5120K), 5 survivors (5120K)
 Metaspace       used 46846K, capacity 47978K, committed 48080K, reserved 559104K
  class space    used 5722K, capacity 6209K, committed 6272K, reserved 516096K
}
Event: 34.318 GC heap before
{Heap before GC invocations=41 (full 0):
 garbage-first heap   total 157696K, used 126883K [0x0000000080000000, 0x0000000100000000)
  region size 1024K, 92 young (94208K), 5 survivors (5120K)
 Metaspace       used 46846K, capacity 47978K, committed 48080K, reserved 559104K
  class space    used 5722K, capacity 6209K, committed 6272K, reserved 516096K
}

Deoptimization events (20 events):
Event: 33.413 Thread 0x0000024c01db3000 Uncommon trap: trap_request=0xffffff4d fr.pc=0x0000024c705cb290 relative=0x00000000000006b0
Event: 33.414 Thread 0x0000024c01db3000 Uncommon trap: reason=unstable_if action=reinterpret pc=0x0000024c705cb290 method=org.jetbrains.org.objectweb.asm.ClassReader.readUtf(II[C)Ljava/lang/String; @ 41 c2
Event: 33.414 Thread 0x0000024c01db3000 DEOPT PACKING pc=0x0000024c705cb290 sp=0x000000cceaef7380
Event: 33.414 Thread 0x0000024c01db3000 DEOPT UNPACKING pc=0x0000024c688da1af sp=0x000000cceaef7298 mode 2
Event: 33.414 Thread 0x0000024c01db3000 Uncommon trap: trap_request=0xffffff4d fr.pc=0x0000024c70651008 relative=0x00000000000034a8
Event: 33.414 Thread 0x0000024c01db3000 Uncommon trap: reason=unstable_if action=reinterpret pc=0x0000024c70651008 method=org.jetbrains.org.objectweb.asm.ClassReader.readMethod(Lorg/jetbrains/org/objectweb/asm/ClassVisitor;Lorg/jetbrains/org/objectweb/asm/Context;I)I @ 414 c2
Event: 33.414 Thread 0x0000024c01db3000 DEOPT PACKING pc=0x0000024c70651008 sp=0x000000cceaef7650
Event: 33.414 Thread 0x0000024c01db3000 DEOPT UNPACKING pc=0x0000024c688da1af sp=0x000000cceaef75f8 mode 2
Event: 33.944 Thread 0x0000024c01db3000 Uncommon trap: trap_request=0xffffff4d fr.pc=0x0000024c7065fa20 relative=0x0000000000005460
Event: 33.944 Thread 0x0000024c01db3000 Uncommon trap: reason=unstable_if action=reinterpret pc=0x0000024c7065fa20 method=org.jetbrains.org.objectweb.asm.ClassReader.accept(Lorg/jetbrains/org/objectweb/asm/ClassVisitor;[Lorg/jetbrains/org/objectweb/asm/Attribute;I)V @ 441 c2
Event: 33.944 Thread 0x0000024c01db3000 DEOPT PACKING pc=0x0000024c7065fa20 sp=0x000000cceaef7750
Event: 33.944 Thread 0x0000024c01db3000 DEOPT UNPACKING pc=0x0000024c688da1af sp=0x000000cceaef76b8 mode 2
Event: 34.023 Thread 0x0000024c01db3000 Uncommon trap: trap_request=0xffffff4d fr.pc=0x0000024c706a0418 relative=0x0000000000000f18
Event: 34.023 Thread 0x0000024c01db3000 Uncommon trap: reason=unstable_if action=reinterpret pc=0x0000024c706a0418 method=org.jetbrains.org.objectweb.asm.Type.getTypeInternal(Ljava/lang/String;II)Lorg/jetbrains/org/objectweb/asm/Type; @ 5 c2
Event: 34.023 Thread 0x0000024c01db3000 DEOPT PACKING pc=0x0000024c706a0418 sp=0x000000cceaef72b0
Event: 34.023 Thread 0x0000024c01db3000 DEOPT UNPACKING pc=0x0000024c688da1af sp=0x000000cceaef71f8 mode 2
Event: 34.023 Thread 0x0000024c01db3000 Uncommon trap: trap_request=0xffffff4d fr.pc=0x0000024c70665370 relative=0x0000000000000310
Event: 34.023 Thread 0x0000024c01db3000 Uncommon trap: reason=unstable_if action=reinterpret pc=0x0000024c70665370 method=org.jetbrains.org.objectweb.asm.Type.getTypeInternal(Ljava/lang/String;II)Lorg/jetbrains/org/objectweb/asm/Type; @ 5 c2
Event: 34.023 Thread 0x0000024c01db3000 DEOPT PACKING pc=0x0000024c70665370 sp=0x000000cceaef7220
Event: 34.023 Thread 0x0000024c01db3000 DEOPT UNPACKING pc=0x0000024c688da1af sp=0x000000cceaef71f0 mode 2

Classes redefined (0 events):
No events

Internal exceptions (20 events):
Event: 19.327 Thread 0x0000024c01db3000 Exception <a 'java/lang/ClassNotFoundException'{0x00000000870117d8}: groovy/lang/GroovyShellBeanInfo> (0x00000000870117d8) thrown at [./src/hotspot/share/classfile/systemDictionary.cpp, line 230]
Event: 19.329 Thread 0x0000024c01db3000 Exception <a 'java/lang/ClassNotFoundException'{0x0000000087049168}: groovy/lang/GroovyShellCustomizer> (0x0000000087049168) thrown at [./src/hotspot/share/classfile/systemDictionary.cpp, line 230]
Event: 19.358 Thread 0x0000024c01db3000 Exception <a 'java/lang/ClassNotFoundException'{0x00000000870d1120}: groovy/lang/Closure$1BeanInfo> (0x00000000870d1120) thrown at [./src/hotspot/share/classfile/systemDictionary.cpp, line 230]
Event: 19.360 Thread 0x0000024c01db3000 Exception <a 'java/lang/ClassNotFoundException'{0x0000000086f088e8}: groovy/lang/ClosureBeanInfo> (0x0000000086f088e8) thrown at [./src/hotspot/share/classfile/systemDictionary.cpp, line 230]
Event: 19.363 Thread 0x0000024c01db3000 Exception <a 'java/lang/ClassNotFoundException'{0x0000000086f3fd30}: groovy/lang/ClosureCustomizer> (0x0000000086f3fd30) thrown at [./src/hotspot/share/classfile/systemDictionary.cpp, line 230]
Event: 19.368 Thread 0x0000024c01db3000 Exception <a 'java/lang/ClassNotFoundException'{0x0000000086f99a10}: groovy/lang/Closure$1Customizer> (0x0000000086f99a10) thrown at [./src/hotspot/share/classfile/systemDictionary.cpp, line 230]
Event: 19.392 Thread 0x0000024c01db3000 Exception <a 'java/lang/NoSuchMethodError'{0x0000000086e27b18}: 'java.lang.Object java.lang.invoke.DirectMethodHandle$Holder.invokeStatic(java.lang.Object, java.lang.Object, java.lang.Object, java.lang.Object, int)'> (0x0000000086e27b18) thrown at [./src/hotspot/share/interpreter/linkResolver.cpp, line 773]
Event: 19.452 Thread 0x0000024c01db3000 Implicit null exception at 0x0000024c704bdfec to 0x0000024c704be094
Event: 19.467 Thread 0x0000024c01db3000 Exception <a 'java/lang/NoSuchMethodError'{0x0000000086d50ae0}: 'void java.lang.invoke.DirectMethodHandle$Holder.invokeInterface(java.lang.Object, java.lang.Object)'> (0x0000000086d50ae0) thrown at [./src/hotspot/share/interpreter/linkResolver.cpp, line 773]
Event: 19.669 Thread 0x0000024c01db3000 Exception <a 'java/lang/NoSuchMethodError'{0x000000008696fb78}: 'java.lang.Object java.lang.invoke.DirectMethodHandle$Holder.invokeSpecial(java.lang.Object, java.lang.Object, java.lang.Object, java.lang.Object, java.lang.Object, java.lang.Object, java.lang.Object, java.lang.Object, java.lang.Object, java.lang.Object)'> (0x000000008696fb78) thrown at [./src/hotspot/share/interpreter/linkResolver.cpp, line 773]
Event: 19.670 Thread 0x0000024c01db3000 Exception <a 'java/lang/NoSuchMethodError'{0x00000000869782a8}: 'java.lang.Object java.lang.invoke.Invokers$Holder.invoker(java.lang.Object, java.lang.Object, java.lang.Object, java.lang.Object, java.lang.Object, java.lang.Object, java.lang.Object, java.lang.Object, java.lang.Object)'> (0x00000000869782a8) thrown at [./src/hotspot/share/interpreter/linkResolver.cpp, line 773]
Event: 19.718 Thread 0x0000024c01db3000 Exception <a 'java/lang/NoSuchMethodError'{0x0000000086736b10}: 'java.lang.Object java.lang.invoke.DelegatingMethodHandle$Holder.reinvoke_L(java.lang.Object, java.lang.Object, java.lang.Object, java.lang.Object, java.lang.Object, java.lang.Object, java.lang.Object, java.lang.Object, java.lang.Object, java.lang.Object, java.lang.Object, java.lang.Object, java.lang.Object, java.lang.Object, java.lang.Object, java.lang.Object, java.lang.Object, java.lang.Object, java.lang.Object, java.lang.Object, java.lang.O
Event: 19.719 Thread 0x0000024c01db3000 Exception <a 'java/lang/NoSuchMethodError'{0x00000000867424c8}: 'java.lang.Object java.lang.invoke.Invokers$Holder.invoker(java.lang.Object, java.lang.Object, java.lang.Object, java.lang.Object, java.lang.Object, java.lang.Object, java.lang.Object, java.lang.Object, java.lang.Object, java.lang.Object, java.lang.Object, java.lang.Object, java.lang.Object, java.lang.Object, java.lang.Object, java.lang.Object, java.lang.Object, java.lang.Object, java.lang.Object, java.lang.Object, java.lang.Object)'> (0x00000
Event: 19.720 Thread 0x0000024c01db3000 Exception <a 'java/lang/NoSuchMethodError'{0x00000000867494f0}: 'java.lang.Object java.lang.invoke.DelegatingMethodHandle$Holder.delegate(java.lang.Object, java.lang.Object, java.lang.Object, java.lang.Object, java.lang.Object, java.lang.Object, java.lang.Object, java.lang.Object, java.lang.Object, java.lang.Object, java.lang.Object, java.lang.Object, java.lang.Object, java.lang.Object, java.lang.Object, java.lang.Object, java.lang.Object, java.lang.Object, java.lang.Object, java.lang.Object, java.lang.Obj
Event: 19.725 Thread 0x0000024c01db3000 Exception <a 'java/lang/NoSuchMethodError'{0x00000000867b1170}: 'java.lang.Object java.lang.invoke.DirectMethodHandle$Holder.invokeStatic(java.lang.Object, java.lang.Object, java.lang.Object, java.lang.Object, java.lang.Object, java.lang.Object, java.lang.Object, java.lang.Object, java.lang.Object, java.lang.Object, java.lang.Object, java.lang.Object, java.lang.Object, java.lang.Object, java.lang.Object)'> (0x00000000867b1170) thrown at [./src/hotspot/share/interpreter/linkResolver.cpp, line 773]
Event: 19.728 Thread 0x0000024c01db3000 Exception <a 'java/lang/NoSuchMethodError'{0x00000000867c1710}: 'java.lang.Object java.lang.invoke.DirectMethodHandle$Holder.invokeStatic(java.lang.Object, java.lang.Object, java.lang.Object, java.lang.Object, java.lang.Object, java.lang.Object, java.lang.Object, java.lang.Object, java.lang.Object, java.lang.Object, java.lang.Object, java.lang.Object, java.lang.Object, java.lang.Object, java.lang.Object, java.lang.Object)'> (0x00000000867c1710) thrown at [./src/hotspot/share/interpreter/linkResolver.cpp, l
Event: 19.732 Thread 0x0000024c01db3000 Exception <a 'java/lang/NoSuchMethodError'{0x00000000867d19b0}: 'java.lang.Object java.lang.invoke.DelegatingMethodHandle$Holder.reinvoke_L(java.lang.Object, java.lang.Object, java.lang.Object, java.lang.Object, java.lang.Object, java.lang.Object, java.lang.Object, java.lang.Object, java.lang.Object, java.lang.Object, java.lang.Object, java.lang.Object, java.lang.Object, java.lang.Object, java.lang.Object, java.lang.Object, java.lang.Object, java.lang.Object, java.lang.Object, java.lang.Object)'> (0x000000
Event: 26.152 Thread 0x0000024c01db3000 Implicit null exception at 0x0000024c7061d81c to 0x0000024c70621edc
Event: 31.932 Thread 0x0000024c01db3000 Implicit null exception at 0x0000024c704c9b0b to 0x0000024c704c9be8
Event: 32.135 Thread 0x0000024c01db3000 Implicit null exception at 0x0000024c704ee0ac to 0x0000024c704ee1da

Events (20 events):
Event: 32.365 loading class java/util/Base64$Decoder
Event: 32.368 loading class java/util/Base64$Decoder done
Event: 32.369 loading class java/util/Base64$Encoder
Event: 32.370 loading class java/util/Base64$Encoder done
Event: 32.372 loading class java/util/jar/JarVerifier$VerifierStream
Event: 32.372 loading class java/util/jar/JarVerifier$VerifierStream done
Event: 32.373 loading class sun/security/util/ManifestEntryVerifier$SunProviderHolder
Event: 32.373 loading class sun/security/util/ManifestEntryVerifier$SunProviderHolder done
Event: 32.823 Executing VM operation: G1CollectForAllocation
Event: 32.830 Executing VM operation: G1CollectForAllocation done
Event: 33.172 Executing VM operation: G1CollectForAllocation
Event: 33.179 Executing VM operation: G1CollectForAllocation done
Event: 33.196 Thread 0x0000024c05149000 Thread exited: 0x0000024c05149000
Event: 33.546 Executing VM operation: G1CollectForAllocation
Event: 33.550 Executing VM operation: G1CollectForAllocation done
Event: 33.812 Executing VM operation: G1CollectForAllocation
Event: 33.817 Executing VM operation: G1CollectForAllocation done
Event: 34.041 Executing VM operation: G1CollectForAllocation
Event: 34.046 Executing VM operation: G1CollectForAllocation done
Event: 34.318 Executing VM operation: G1CollectForAllocation


Dynamic libraries:
0x00007ff6e4870000 - 0x00007ff6e487d000 	C:\Program Files\Microsoft\jdk-11.0.18.10-hotspot\bin\java.exe
0x00007ffb4dc30000 - 0x00007ffb4de28000 	C:\WINDOWS\SYSTEM32\ntdll.dll
0x00007ffb27b00000 - 0x00007ffb27b19000 	C:\Program Files\AVAST Software\Avast\aswhook.dll
0x00007ffb4da90000 - 0x00007ffb4db4f000 	C:\WINDOWS\System32\KERNEL32.DLL
0x00007ffb4b990000 - 0x00007ffb4bc86000 	C:\WINDOWS\System32\KERNELBASE.dll
0x00007ffb4b310000 - 0x00007ffb4b410000 	C:\WINDOWS\System32\ucrtbase.dll
0x00007ffb20c40000 - 0x00007ffb20c57000 	C:\Program Files\Microsoft\jdk-11.0.18.10-hotspot\bin\jli.dll
0x00007ffb4bc90000 - 0x00007ffb4be2d000 	C:\WINDOWS\System32\USER32.dll
0x00007ffb4b460000 - 0x00007ffb4b482000 	C:\WINDOWS\System32\win32u.dll
0x00007ffb4d090000 - 0x00007ffb4d0bc000 	C:\WINDOWS\System32\GDI32.dll
0x00007ffb4b870000 - 0x00007ffb4b985000 	C:\WINDOWS\System32\gdi32full.dll
0x00007ffb4b500000 - 0x00007ffb4b59d000 	C:\WINDOWS\System32\msvcp_win.dll
0x00007ffb38f70000 - 0x00007ffb3920a000 	C:\WINDOWS\WinSxS\amd64_microsoft.windows.common-controls_6595b64144ccf1df_6.0.19041.1110_none_60b5254171f9507e\COMCTL32.dll
0x00007ffb4ca60000 - 0x00007ffb4cafe000 	C:\WINDOWS\System32\msvcrt.dll
0x00007ffb20c20000 - 0x00007ffb20c35000 	C:\Program Files\Microsoft\jdk-11.0.18.10-hotspot\bin\VCRUNTIME140.dll
0x00007ffb4c450000 - 0x00007ffb4c480000 	C:\WINDOWS\System32\IMM32.DLL
0x00007ffb08c00000 - 0x00007ffb08c9b000 	C:\Program Files\Microsoft\jdk-11.0.18.10-hotspot\bin\msvcp140.dll
0x00007ffac5710000 - 0x00007ffac62a2000 	C:\Program Files\Microsoft\jdk-11.0.18.10-hotspot\bin\server\jvm.dll
0x00007ffb4ce30000 - 0x00007ffb4cedf000 	C:\WINDOWS\System32\ADVAPI32.dll
0x00007ffb4db50000 - 0x00007ffb4dbec000 	C:\WINDOWS\System32\sechost.dll
0x00007ffb4c8a0000 - 0x00007ffb4c9c6000 	C:\WINDOWS\System32\RPCRT4.dll
0x00007ffb4bfd0000 - 0x00007ffb4bfd8000 	C:\WINDOWS\System32\PSAPI.DLL
0x00007ffb28cf0000 - 0x00007ffb28d17000 	C:\WINDOWS\SYSTEM32\WINMM.dll
0x00007ffb41d60000 - 0x00007ffb41d6a000 	C:\WINDOWS\SYSTEM32\VERSION.dll
0x00007ffb36540000 - 0x00007ffb36549000 	C:\WINDOWS\SYSTEM32\WSOCK32.dll
0x00007ffb4cdc0000 - 0x00007ffb4ce2b000 	C:\WINDOWS\System32\WS2_32.dll
0x00007ffb49b40000 - 0x00007ffb49b52000 	C:\WINDOWS\SYSTEM32\kernel.appcore.dll
0x00007ffb37c70000 - 0x00007ffb37c80000 	C:\Program Files\Microsoft\jdk-11.0.18.10-hotspot\bin\verify.dll
0x00007ffb48a80000 - 0x00007ffb48c64000 	C:\WINDOWS\SYSTEM32\DBGHELP.DLL
0x00007ffb3cc80000 - 0x00007ffb3ccb4000 	C:\WINDOWS\SYSTEM32\dbgcore.DLL
0x00007ffb4b700000 - 0x00007ffb4b782000 	C:\WINDOWS\System32\bcryptPrimitives.dll
0x00007ffb20bf0000 - 0x00007ffb20c18000 	C:\Program Files\Microsoft\jdk-11.0.18.10-hotspot\bin\java.dll
0x00007ffb2ede0000 - 0x00007ffb2edea000 	C:\Program Files\Microsoft\jdk-11.0.18.10-hotspot\bin\jimage.dll
0x00007ffb16cd0000 - 0x00007ffb16ce8000 	C:\Program Files\Microsoft\jdk-11.0.18.10-hotspot\bin\zip.dll
0x00007ffb4d2b0000 - 0x00007ffb4d9f4000 	C:\WINDOWS\System32\SHELL32.dll
0x00007ffb493a0000 - 0x00007ffb49b34000 	C:\WINDOWS\SYSTEM32\windows.storage.dll
0x00007ffb4c4e0000 - 0x00007ffb4c834000 	C:\WINDOWS\System32\combase.dll
0x00007ffb4ad50000 - 0x00007ffb4ad7e000 	C:\WINDOWS\SYSTEM32\Wldp.dll
0x00007ffb4ccb0000 - 0x00007ffb4cd5d000 	C:\WINDOWS\System32\SHCORE.dll
0x00007ffb4c840000 - 0x00007ffb4c895000 	C:\WINDOWS\System32\shlwapi.dll
0x00007ffb4b240000 - 0x00007ffb4b265000 	C:\WINDOWS\SYSTEM32\profapi.dll
0x00007ffb15ac0000 - 0x00007ffb15ad9000 	C:\Program Files\Microsoft\jdk-11.0.18.10-hotspot\bin\net.dll
0x00007ffb3c8d0000 - 0x00007ffb3c9da000 	C:\WINDOWS\SYSTEM32\WINHTTP.dll
0x00007ffb4aab0000 - 0x00007ffb4ab1a000 	C:\WINDOWS\system32\mswsock.dll
0x00007ffb15aa0000 - 0x00007ffb15ab3000 	C:\Program Files\Microsoft\jdk-11.0.18.10-hotspot\bin\nio.dll
0x00007ffb13980000 - 0x00007ffb139a7000 	C:\Users\Valeria\.gradle\native\68d5fa5c4cc2d200863cafc0d521ce42e7d3e7ee720ec0a83991735586a16f82\windows-amd64\native-platform.dll
0x00007ffae3650000 - 0x00007ffae3794000 	C:\Users\Valeria\.gradle\native\e376f236ea51e6404a007f0833ffe2c6e607c4080706a723a18a27aeea778392\windows-amd64\native-platform-file-events.dll
0x00007ffb2df00000 - 0x00007ffb2df09000 	C:\Program Files\Microsoft\jdk-11.0.18.10-hotspot\bin\management.dll
0x00007ffb27350000 - 0x00007ffb2735b000 	C:\Program Files\Microsoft\jdk-11.0.18.10-hotspot\bin\management_ext.dll
0x00007ffb4acb0000 - 0x00007ffb4acc8000 	C:\WINDOWS\SYSTEM32\CRYPTSP.dll
0x00007ffb4a360000 - 0x00007ffb4a394000 	C:\WINDOWS\system32\rsaenh.dll
0x00007ffb4b840000 - 0x00007ffb4b867000 	C:\WINDOWS\System32\bcrypt.dll
0x00007ffb4b1c0000 - 0x00007ffb4b1ee000 	C:\WINDOWS\SYSTEM32\USERENV.dll
0x00007ffb4aca0000 - 0x00007ffb4acac000 	C:\WINDOWS\SYSTEM32\CRYPTBASE.dll
0x00007ffb4a750000 - 0x00007ffb4a78c000 	C:\WINDOWS\SYSTEM32\IPHLPAPI.DLL
0x00007ffb4d2a0000 - 0x00007ffb4d2a8000 	C:\WINDOWS\System32\NSI.dll
0x00007ffb3ccc0000 - 0x00007ffb3ccd7000 	C:\WINDOWS\SYSTEM32\dhcpcsvc6.DLL
0x00007ffb416f0000 - 0x00007ffb4170d000 	C:\WINDOWS\SYSTEM32\dhcpcsvc.DLL
0x00007ffb4a7a0000 - 0x00007ffb4a86a000 	C:\WINDOWS\SYSTEM32\DNSAPI.dll

dbghelp: loaded successfully - version: 4.0.5 - missing functions: none
symbol engine: initialized successfully - sym options: 0x614 - pdb path: .;C:\Program Files\Microsoft\jdk-11.0.18.10-hotspot\bin;C:\WINDOWS\SYSTEM32;C:\Program Files\AVAST Software\Avast;C:\WINDOWS\WinSxS\amd64_microsoft.windows.common-controls_6595b64144ccf1df_6.0.19041.1110_none_60b5254171f9507e;C:\Program Files\Microsoft\jdk-11.0.18.10-hotspot\bin\server;C:\Users\Valeria\.gradle\native\68d5fa5c4cc2d200863cafc0d521ce42e7d3e7ee720ec0a83991735586a16f82\windows-amd64;C:\Users\Valeria\.gradle\native\e376f236ea51e6404a007f0833ffe2c6e607c4080706a723a18a27aeea778392\windows-amd64

VM Arguments:
jvm_args: -XX:MaxMetaspaceSize=512m --add-opens=java.base/java.util=ALL-UNNAMED --add-opens=java.base/java.lang=ALL-UNNAMED --add-opens=java.base/java.lang.invoke=ALL-UNNAMED --add-opens=java.prefs/java.util.prefs=ALL-UNNAMED --add-opens=java.base/java.nio.charset=ALL-UNNAMED --add-opens=java.base/java.net=ALL-UNNAMED --add-opens=java.base/java.util.concurrent.atomic=ALL-UNNAMED -Xmx2048m -Dfile.encoding=windows-1252 -Duser.country=AR -Duser.language=es -Duser.variant 
java_command: org.gradle.launcher.daemon.bootstrap.GradleDaemon 8.0.1
java_class_path (initial): C:\Users\Valeria\.gradle\wrapper\dists\gradle-8.0.1-all\aro4hu1c3oeioove7l0i4i14o\gradle-8.0.1\lib\gradle-launcher-8.0.1.jar
Launcher Type: SUN_STANDARD

[Global flags]
     intx CICompilerCount                          = 3                                         {product} {ergonomic}
   size_t CompressedClassSpaceSize                 = 528482304                                 {product} {ergonomic}
     uint ConcGCThreads                            = 1                                         {product} {ergonomic}
     uint G1ConcRefinementThreads                  = 4                                         {product} {ergonomic}
   size_t G1HeapRegionSize                         = 1048576                                   {product} {ergonomic}
    uintx GCDrainStackTargetSize                   = 64                                        {product} {ergonomic}
   size_t InitialHeapSize                          = 134217728                                 {product} {ergonomic}
   size_t MarkStackSize                            = 4194304                                   {product} {ergonomic}
   size_t MaxHeapSize                              = 2147483648                                {product} {command line}
   size_t MaxMetaspaceSize                         = 536870912                                 {product} {command line}
   size_t MaxNewSize                               = 1287651328                                {product} {ergonomic}
   size_t MinHeapDeltaBytes                        = 1048576                                   {product} {ergonomic}
    uintx NonNMethodCodeHeapSize                   = 5830732                                {pd product} {ergonomic}
    uintx NonProfiledCodeHeapSize                  = 122913754                              {pd product} {ergonomic}
    uintx ProfiledCodeHeapSize                     = 122913754                              {pd product} {ergonomic}
    uintx ReservedCodeCacheSize                    = 251658240                              {pd product} {ergonomic}
     bool SegmentedCodeCache                       = true                                      {product} {ergonomic}
     bool UseCompressedClassPointers               = true                                 {lp64_product} {ergonomic}
     bool UseCompressedOops                        = true                                 {lp64_product} {ergonomic}
     bool UseG1GC                                  = true                                      {product} {ergonomic}
     bool UseLargePagesIndividualAllocation        = false                                  {pd product} {ergonomic}

Logging:
Log output configuration:
 #0: stdout all=warning uptime,level,tags
 #1: stderr all=off uptime,level,tags

Environment Variables:
JAVA_HOME=C:\Program Files\Microsoft\jdk-11.0.18.10-hotspot\
CLASSPATH=C:\Users\Valeria\Documents\GitHub\ApiFinal\final_garassino\android\\gradle\wrapper\gradle-wrapper.jar
PATH=C:\Users\Valeria\Documents\GitHub\ApiFinal\final_garassino\node_modules\.bin;C:\Users\Valeria\Documents\GitHub\ApiFinal\node_modules\.bin;C:\Users\Valeria\Documents\GitHub\node_modules\.bin;C:\Users\Valeria\Documents\node_modules\.bin;C:\Users\Valeria\node_modules\.bin;C:\Users\node_modules\.bin;C:\node_modules\.bin;C:\Program Files\nodejs\node_modules\npm\node_modules\@npmcli\run-script\lib\node-gyp-bin;C:\Program Files\Microsoft\jdk-11.0.18.10-hotspot\bin;C:\WINDOWS\system32;C:\WINDOWS;C:\WINDOWS\System32\Wbem;C:\WINDOWS\System32\WindowsPowerShell\v1.0\;C:\WINDOWS\System32\OpenSSH\;C:\Program Files\Microsoft SQL Server\Client SDK\ODBC\170\Tools\Binn\;C:\Program Files (x86)\Microsoft SQL Server\150\Tools\Binn\;C:\Program Files\Microsoft SQL Server\150\Tools\Binn\;C:\Program Files\Microsoft SQL Server\150\DTS\Binn\;C:\Program Files (x86)\Microsoft SQL Server\150\DTS\Binn\;C:\Program Files\Azure Data Studio\bin;C:\Program Files\Git\cmd;C:\Program Files\nodejs\;C:\ProgramData\chocolatey\bin;C:\Users\Valeria\AppData\Local\Microsoft\WindowsApps;C:\Program Files\Azure Data Studio\bin;C:\Users\Valeria\AppData\Local\Programs\Microsoft VS Code\bin;C:\Users\Valeria\AppData\Local\GitHubDesktop\bin;C:\Users\Valeria\AppData\Roaming\npm;C:\Users\Valeria\AppData\Local\Android\Sdk\platform-tools;
USERNAME=Valeria
LANG=en_US.UTF-8
OS=Windows_NT
PROCESSOR_IDENTIFIER=Intel64 Family 6 Model 142 Stepping 9, GenuineIntel
TMP=C:\Users\Valeria\AppData\Local\Temp
TEMP=C:\Users\Valeria\AppData\Local\Temp



---------------  S Y S T E M  ---------------

OS: Windows 10 , 64 bit Build 19041 (10.0.19041.3155)
OS uptime: 0 days 12:53 hours

CPU:total 4 (initial active 4) (2 cores per cpu, 2 threads per core) family 6 model 142 stepping 9 microcode 0xb4, cmov, cx8, fxsr, mmx, sse, sse2, sse3, ssse3, sse4.1, sse4.2, popcnt, avx, avx2, aes, clmul, erms, 3dnowpref, lzcnt, ht, tsc, tscinvbit, bmi1, bmi2, adx, fma

Memory: 4k page, system-wide physical 8072M (460M free)
TotalPageFile size 12072M (AvailPageFile size 4M)
current process WorkingSet (physical memory assigned to process): 304M, peak: 306M
current process commit charge ("private bytes"): 348M, peak: 380M

vm_info: OpenJDK 64-Bit Server VM (11.0.18+10-LTS) for windows-amd64 JRE (11.0.18+10-LTS), built on Jan 18 2023 15:56:47 by "MicrosoftCorporation" with MS VC++ 15.9 (VS2017)

END.
