#
# There is insufficient memory for the Java Runtime Environment to continue.
# Native memory allocation (malloc) failed to allocate 1850256 bytes for Chunk::new
# Possible reasons:
#   The system is out of physical RAM or swap space
#   The process is running with CompressedOops enabled, and the Java Heap may be blocking the growth of the native heap
# Possible solutions:
#   Reduce memory load on the system
#   Increase physical memory or swap space
#   Check if swap backing store is full
#   Decrease Java heap size (-Xmx/-Xms)
#   Decrease number of Java threads
#   Decrease Java thread stack sizes (-Xss)
#   Set larger code cache with -XX:ReservedCodeCacheSize=
#   JVM is running with Unscaled Compressed Oops mode in which the Java heap is
#     placed in the first 4GB address space. The Java Heap base address is the
#     maximum limit for the native heap growth. Please use -XX:HeapBaseMinAddress
#     to set the Java Heap base and to place the Java Heap above 4GB virtual address.
# This output file may be truncated or incomplete.
#
#  Out of Memory Error (./src/hotspot/share/memory/arena.cpp:197), pid=5432, tid=7056
#
# JRE version: OpenJDK Runtime Environment Microsoft-7208460 (11.0.18+10) (build 11.0.18+10-LTS)
# Java VM: OpenJDK 64-Bit Server VM Microsoft-7208460 (11.0.18+10-LTS, mixed mode, tiered, compressed oops, g1 gc, windows-amd64)
# No core dump will be written. Minidumps are not enabled by default on client versions of Windows
#

---------------  S U M M A R Y ------------

Command Line: -XX:MaxMetaspaceSize=512m --add-opens=java.base/java.util=ALL-UNNAMED --add-opens=java.base/java.lang=ALL-UNNAMED --add-opens=java.base/java.lang.invoke=ALL-UNNAMED --add-opens=java.prefs/java.util.prefs=ALL-UNNAMED --add-opens=java.base/java.nio.charset=ALL-UNNAMED --add-opens=java.base/java.net=ALL-UNNAMED --add-opens=java.base/java.util.concurrent.atomic=ALL-UNNAMED -Xmx2048m -Dfile.encoding=windows-1252 -Duser.country=AR -Duser.language=es -Duser.variant org.gradle.launcher.daemon.bootstrap.GradleDaemon 8.0.1

Host: Intel(R) Core(TM) i5-7200U CPU @ 2.50GHz, 4 cores, 7G,  Windows 10 , 64 bit Build 19041 (10.0.19041.3155)
Time: Mon Jul 17 10:02:42 2023 Hora estándar de Argentina elapsed time: 103.933731 seconds (0d 0h 1m 43s)

---------------  T H R E A D  ---------------

Current thread (0x0000021e63bae800):  JavaThread "C2 CompilerThread0" daemon [_thread_in_native, id=7056, stack(0x000000279fe00000,0x000000279ff00000)]


Current CompileTask:
C2: 103933 11921       4       org.gradle.internal.resource.transfer.AbstractProgressLoggingHandler$ProgressLoggingInputStream::read (27 bytes)

Stack: [0x000000279fe00000,0x000000279ff00000]
Native frames: (J=compiled Java code, j=interpreted, Vv=VM code, C=native code)
V  [jvm.dll+0x62bf8a]
V  [jvm.dll+0x7b8fb9]
V  [jvm.dll+0x7ba6a8]
V  [jvm.dll+0x7bad83]
V  [jvm.dll+0x250248]
V  [jvm.dll+0xc260c]
V  [jvm.dll+0xc2bcc]
V  [jvm.dll+0x35e1c7]
V  [jvm.dll+0x32a373]
V  [jvm.dll+0x3296aa]
V  [jvm.dll+0x2093b3]
V  [jvm.dll+0x20850d]
V  [jvm.dll+0x18a4b1]
V  [jvm.dll+0x217eec]
V  [jvm.dll+0x21612b]
V  [jvm.dll+0x77bac0]
V  [jvm.dll+0x7749f4]
V  [jvm.dll+0x62adf5]
C  [ucrtbase.dll+0x21bb2]
C  [KERNEL32.DLL+0x17614]
C  [ntdll.dll+0x526b1]


---------------  P R O C E S S  ---------------

Threads class SMR info:
_java_thread_list=0x0000021e6a55c7b0, length=86, elements={
0x0000021e45306000, 0x0000021e63b45000, 0x0000021e63b4e800, 0x0000021e63ba7000,
0x0000021e63ba9000, 0x0000021e63baa800, 0x0000021e63bae800, 0x0000021e644df000,
0x0000021e644e9000, 0x0000021e6463f000, 0x0000021e668d7800, 0x0000021e65338800,
0x0000021e65fd4000, 0x0000021e64762800, 0x0000021e657aa800, 0x0000021e65e49000,
0x0000021e6486c800, 0x0000021e6486d800, 0x0000021e65e37000, 0x0000021e65824000,
0x0000021e65821000, 0x0000021e65821800, 0x0000021e65823000, 0x0000021e65822800,
0x0000021e6581e800, 0x0000021e65820000, 0x0000021e65825000, 0x0000021e6581f000,
0x0000021e68cb2000, 0x0000021e68cae000, 0x0000021e68cb2800, 0x0000021e68cad000,
0x0000021e68cb3800, 0x0000021e68cb4800, 0x0000021e68cb5000, 0x0000021e68cb1000,
0x0000021e68caf800, 0x0000021e68cba000, 0x0000021e68cbb000, 0x0000021e68cbb800,
0x0000021e68cb6000, 0x0000021e68cb7000, 0x0000021e68cb7800, 0x0000021e68cb8800,
0x0000021e68cb9800, 0x0000021e67331000, 0x0000021e67331800, 0x0000021e6732f000,
0x0000021e67332800, 0x0000021e67330000, 0x0000021e67335800, 0x0000021e67333800,
0x0000021e67335000, 0x0000021e67337800, 0x0000021e67338000, 0x0000021e67339000,
0x0000021e6733a000, 0x0000021e67336800, 0x0000021e67334000, 0x0000021e6733d000,
0x0000021e6733a800, 0x0000021e6733b800, 0x0000021e6733c000, 0x0000021e6733e000,
0x0000021e6a444000, 0x0000021e6a44a000, 0x0000021e6a44a800, 0x0000021e6a447800,
0x0000021e6a448000, 0x0000021e6a449000, 0x0000021e6a445000, 0x0000021e6a44b800,
0x0000021e6a445800, 0x0000021e6a44c800, 0x0000021e6a446800, 0x0000021e6a44e800,
0x0000021e6a44f800, 0x0000021e6a450800, 0x0000021e6a451000, 0x0000021e6a452000,
0x0000021e6a44d000, 0x0000021e6a44e000, 0x0000021e6ba72000, 0x0000021e6ba70000,
0x0000021e6ba72800, 0x0000021e6ba73800
}

Java Threads: ( => current thread )
  0x0000021e45306000 JavaThread "main" [_thread_blocked, id=5896, stack(0x000000279f200000,0x000000279f300000)]
  0x0000021e63b45000 JavaThread "Reference Handler" daemon [_thread_blocked, id=13888, stack(0x000000279f900000,0x000000279fa00000)]
  0x0000021e63b4e800 JavaThread "Finalizer" daemon [_thread_blocked, id=14276, stack(0x000000279fa00000,0x000000279fb00000)]
  0x0000021e63ba7000 JavaThread "Signal Dispatcher" daemon [_thread_blocked, id=13260, stack(0x000000279fb00000,0x000000279fc00000)]
  0x0000021e63ba9000 JavaThread "Attach Listener" daemon [_thread_blocked, id=12040, stack(0x000000279fc00000,0x000000279fd00000)]
  0x0000021e63baa800 JavaThread "Service Thread" daemon [_thread_blocked, id=4916, stack(0x000000279fd00000,0x000000279fe00000)]
=>0x0000021e63bae800 JavaThread "C2 CompilerThread0" daemon [_thread_in_native, id=7056, stack(0x000000279fe00000,0x000000279ff00000)]
  0x0000021e644df000 JavaThread "C1 CompilerThread0" daemon [_thread_blocked, id=14436, stack(0x000000279ff00000,0x00000027a0000000)]
  0x0000021e644e9000 JavaThread "Sweeper thread" daemon [_thread_blocked, id=9372, stack(0x00000027a0000000,0x00000027a0100000)]
  0x0000021e6463f000 JavaThread "Common-Cleaner" daemon [_thread_blocked, id=5636, stack(0x00000027a0100000,0x00000027a0200000)]
  0x0000021e668d7800 JavaThread "Daemon health stats" [_thread_blocked, id=6304, stack(0x00000027a0500000,0x00000027a0600000)]
  0x0000021e65338800 JavaThread "Incoming local TCP Connector on port 61848" [_thread_in_native, id=2348, stack(0x00000027a0600000,0x00000027a0700000)]
  0x0000021e65fd4000 JavaThread "Daemon periodic checks" [_thread_blocked, id=10236, stack(0x00000027a0700000,0x00000027a0800000)]
  0x0000021e64762800 JavaThread "Daemon" [_thread_blocked, id=10180, stack(0x00000027a0800000,0x00000027a0900000)]
  0x0000021e657aa800 JavaThread "Handler for socket connection from /127.0.0.1:61848 to /127.0.0.1:61849" [_thread_in_native, id=1600, stack(0x00000027a0900000,0x00000027a0a00000)]
  0x0000021e65e49000 JavaThread "Cancel handler" [_thread_blocked, id=5716, stack(0x00000027a0a00000,0x00000027a0b00000)]
  0x0000021e6486c800 JavaThread "Daemon worker" [_thread_blocked, id=1048, stack(0x00000027a0b00000,0x00000027a0c00000)]
  0x0000021e6486d800 JavaThread "Asynchronous log dispatcher for DefaultDaemonConnection: socket connection from /127.0.0.1:61848 to /127.0.0.1:61849" [_thread_blocked, id=10540, stack(0x00000027a0c00000,0x00000027a0d00000)]
  0x0000021e65e37000 JavaThread "Daemon client event forwarder" [_thread_blocked, id=14048, stack(0x00000027a0e00000,0x00000027a0f00000)]
  0x0000021e65824000 JavaThread "Cache worker for journal cache (C:\Users\Valeria\.gradle\caches\journal-1)" [_thread_in_native, id=13620, stack(0x00000027a1000000,0x00000027a1100000)]
  0x0000021e65821000 JavaThread "File lock request listener" [_thread_in_native, id=4064, stack(0x00000027a1100000,0x00000027a1200000)]
  0x0000021e65821800 JavaThread "Cache worker for file hash cache (C:\Users\Valeria\.gradle\caches\8.0.1\fileHashes)" [_thread_blocked, id=12992, stack(0x00000027a1200000,0x00000027a1300000)]
  0x0000021e65823000 JavaThread "File watcher server" daemon [_thread_in_native, id=6724, stack(0x00000027a1400000,0x00000027a1500000)]
  0x0000021e65822800 JavaThread "File watcher consumer" daemon [_thread_blocked, id=11932, stack(0x00000027a1500000,0x00000027a1600000)]
  0x0000021e6581e800 JavaThread "Cache worker for checksums cache (C:\Users\Valeria\Documents\GitHub\ApiFinal\final_garassino\android\.gradle\8.0.1\checksums)" [_thread_blocked, id=5628, stack(0x00000027a1300000,0x00000027a1400000)]
  0x0000021e65820000 JavaThread "Cache worker for cache directory md-rule (C:\Users\Valeria\.gradle\caches\8.0.1\md-rule)" [_thread_blocked, id=2224, stack(0x00000027a1600000,0x00000027a1700000)]
  0x0000021e65825000 JavaThread "Cache worker for file content cache (C:\Users\Valeria\.gradle\caches\8.0.1\fileContent)" [_thread_blocked, id=15020, stack(0x00000027a1700000,0x00000027a1800000)]
  0x0000021e6581f000 JavaThread "Cache worker for file hash cache (C:\Users\Valeria\Documents\GitHub\ApiFinal\final_garassino\android\.gradle\8.0.1\fileHashes)" [_thread_blocked, id=14576, stack(0x00000027a1800000,0x00000027a1900000)]
  0x0000021e68cb2000 JavaThread "Cache worker for cache directory md-supplier (C:\Users\Valeria\.gradle\caches\8.0.1\md-supplier)" [_thread_blocked, id=7964, stack(0x00000027a1900000,0x00000027a1a00000)]
  0x0000021e68cae000 JavaThread "Cache worker for execution history cache (C:\Users\Valeria\.gradle\caches\8.0.1\executionHistory)" [_thread_blocked, id=9348, stack(0x00000027a1a00000,0x00000027a1b00000)]
  0x0000021e68cb2800 JavaThread "File lock release action executor" [_thread_blocked, id=13252, stack(0x00000027a1b00000,0x00000027a1c00000)]
  0x0000021e68cad000 JavaThread "jar transforms" [_thread_blocked, id=2452, stack(0x00000027a1d00000,0x00000027a1e00000)]
  0x0000021e68cb3800 JavaThread "jar transforms Thread 2" [_thread_blocked, id=3956, stack(0x00000027a1c00000,0x00000027a1d00000)]
  0x0000021e68cb4800 JavaThread "jar transforms Thread 3" [_thread_blocked, id=15260, stack(0x00000027a1e00000,0x00000027a1f00000)]
  0x0000021e68cb5000 JavaThread "jar transforms Thread 4" [_thread_blocked, id=10564, stack(0x00000027a1f00000,0x00000027a2000000)]
  0x0000021e68cb1000 JavaThread "Cache worker for kotlin-dsl (C:\Users\Valeria\.gradle\caches\8.0.1\kotlin-dsl)" [_thread_blocked, id=13960, stack(0x00000027a2300000,0x00000027a2400000)]
  0x0000021e68caf800 JavaThread "Cache worker for dependencies-accessors (C:\Users\Valeria\Documents\GitHub\ApiFinal\final_garassino\android\.gradle\8.0.1\dependencies-accessors)" [_thread_blocked, id=6940, stack(0x00000027a2400000,0x00000027a2500000)]
  0x0000021e68cba000 JavaThread "Cache worker for Build Output Cleanup Cache (C:\Users\Valeria\Documents\GitHub\ApiFinal\final_garassino\node_modules\@react-native\gradle-plugin\.gradle\buildOutputCleanup)" [_thread_blocked, id=8724, stack(0x00000027a2500000,0x00000027a2600000)]
  0x0000021e68cbb000 JavaThread "Unconstrained build operations" [_thread_blocked, id=14176, stack(0x00000027a2200000,0x00000027a2300000)]
  0x0000021e68cbb800 JavaThread "Unconstrained build operations Thread 2" [_thread_blocked, id=7428, stack(0x00000027a2600000,0x00000027a2700000)]
  0x0000021e68cb6000 JavaThread "Unconstrained build operations Thread 3" [_thread_blocked, id=14996, stack(0x00000027a2700000,0x00000027a2800000)]
  0x0000021e68cb7000 JavaThread "Unconstrained build operations Thread 4" [_thread_blocked, id=13232, stack(0x00000027a2800000,0x00000027a2900000)]
  0x0000021e68cb7800 JavaThread "Unconstrained build operations Thread 5" [_thread_blocked, id=3472, stack(0x00000027a2900000,0x00000027a2a00000)]
  0x0000021e68cb8800 JavaThread "Unconstrained build operations Thread 6" [_thread_blocked, id=13432, stack(0x00000027a2a00000,0x00000027a2b00000)]
  0x0000021e68cb9800 JavaThread "Unconstrained build operations Thread 7" [_thread_blocked, id=1564, stack(0x00000027a2b00000,0x00000027a2c00000)]
  0x0000021e67331000 JavaThread "Unconstrained build operations Thread 8" [_thread_blocked, id=12600, stack(0x00000027a2c00000,0x00000027a2d00000)]
  0x0000021e67331800 JavaThread "Unconstrained build operations Thread 9" [_thread_blocked, id=14072, stack(0x00000027a2d00000,0x00000027a2e00000)]
  0x0000021e6732f000 JavaThread "Unconstrained build operations Thread 10" [_thread_blocked, id=15196, stack(0x00000027a2e00000,0x00000027a2f00000)]
  0x0000021e67332800 JavaThread "Unconstrained build operations Thread 11" [_thread_blocked, id=4284, stack(0x00000027a2f00000,0x00000027a3000000)]
  0x0000021e67330000 JavaThread "Unconstrained build operations Thread 12" [_thread_blocked, id=14448, stack(0x00000027a3000000,0x00000027a3100000)]
  0x0000021e67335800 JavaThread "Unconstrained build operations Thread 13" [_thread_blocked, id=9688, stack(0x00000027a3100000,0x00000027a3200000)]
  0x0000021e67333800 JavaThread "Unconstrained build operations Thread 14" [_thread_blocked, id=8172, stack(0x00000027a3200000,0x00000027a3300000)]
  0x0000021e67335000 JavaThread "Unconstrained build operations Thread 15" [_thread_blocked, id=2804, stack(0x00000027a3300000,0x00000027a3400000)]
  0x0000021e67337800 JavaThread "Unconstrained build operations Thread 16" [_thread_blocked, id=10600, stack(0x00000027a3400000,0x00000027a3500000)]
  0x0000021e67338000 JavaThread "Unconstrained build operations Thread 17" [_thread_blocked, id=14560, stack(0x00000027a3500000,0x00000027a3600000)]
  0x0000021e67339000 JavaThread "Unconstrained build operations Thread 18" [_thread_blocked, id=316, stack(0x00000027a3600000,0x00000027a3700000)]
  0x0000021e6733a000 JavaThread "Unconstrained build operations Thread 19" [_thread_blocked, id=6204, stack(0x00000027a3700000,0x00000027a3800000)]
  0x0000021e67336800 JavaThread "Unconstrained build operations Thread 20" [_thread_blocked, id=12768, stack(0x00000027a3800000,0x00000027a3900000)]
  0x0000021e67334000 JavaThread "Unconstrained build operations Thread 21" [_thread_blocked, id=5756, stack(0x00000027a3900000,0x00000027a3a00000)]
  0x0000021e6733d000 JavaThread "Unconstrained build operations Thread 22" [_thread_blocked, id=4800, stack(0x00000027a3a00000,0x00000027a3b00000)]
  0x0000021e6733a800 JavaThread "Unconstrained build operations Thread 23" [_thread_blocked, id=11888, stack(0x00000027a3b00000,0x00000027a3c00000)]
  0x0000021e6733b800 JavaThread "Unconstrained build operations Thread 24" [_thread_blocked, id=5236, stack(0x00000027a3c00000,0x00000027a3d00000)]
  0x0000021e6733c000 JavaThread "Unconstrained build operations Thread 25" [_thread_blocked, id=6868, stack(0x00000027a3d00000,0x00000027a3e00000)]
  0x0000021e6733e000 JavaThread "Unconstrained build operations Thread 26" [_thread_blocked, id=5112, stack(0x00000027a3e00000,0x00000027a3f00000)]
  0x0000021e6a444000 JavaThread "Memory manager" [_thread_blocked, id=14904, stack(0x00000027a3f00000,0x00000027a4000000)]
  0x0000021e6a44a000 JavaThread "Cache worker for Build Output Cleanup Cache (C:\Users\Valeria\Documents\GitHub\ApiFinal\final_garassino\android\.gradle\buildOutputCleanup)" [_thread_blocked, id=2548, stack(0x000000279ef00000,0x000000279f000000)]
  0x0000021e6a44a800 JavaThread "Unconstrained build operations Thread 27" [_thread_blocked, id=9044, stack(0x000000279f000000,0x000000279f100000)]
  0x0000021e6a447800 JavaThread "Unconstrained build operations Thread 28" [_thread_blocked, id=5268, stack(0x000000279f100000,0x000000279f200000)]
  0x0000021e6a448000 JavaThread "Unconstrained build operations Thread 29" [_thread_blocked, id=9180, stack(0x00000027a0d00000,0x00000027a0e00000)]
  0x0000021e6a449000 JavaThread "Unconstrained build operations Thread 30" [_thread_blocked, id=11108, stack(0x00000027a4000000,0x00000027a4100000)]
  0x0000021e6a445000 JavaThread "Unconstrained build operations Thread 31" [_thread_blocked, id=6260, stack(0x00000027a4400000,0x00000027a4500000)]
  0x0000021e6a44b800 JavaThread "Unconstrained build operations Thread 32" [_thread_blocked, id=14608, stack(0x00000027a4500000,0x00000027a4600000)]
  0x0000021e6a445800 JavaThread "Unconstrained build operations Thread 33" [_thread_blocked, id=13216, stack(0x00000027a4600000,0x00000027a4700000)]
  0x0000021e6a44c800 JavaThread "Unconstrained build operations Thread 34" [_thread_blocked, id=12164, stack(0x00000027a4700000,0x00000027a4800000)]
  0x0000021e6a446800 JavaThread "Unconstrained build operations Thread 35" [_thread_blocked, id=10796, stack(0x00000027a4800000,0x00000027a4900000)]
  0x0000021e6a44e800 JavaThread "Unconstrained build operations Thread 36" [_thread_blocked, id=5884, stack(0x00000027a4900000,0x00000027a4a00000)]
  0x0000021e6a44f800 JavaThread "Unconstrained build operations Thread 37" [_thread_blocked, id=9112, stack(0x00000027a4a00000,0x00000027a4b00000)]
  0x0000021e6a450800 JavaThread "Unconstrained build operations Thread 38" [_thread_blocked, id=7524, stack(0x00000027a4b00000,0x00000027a4c00000)]
  0x0000021e6a451000 JavaThread "Unconstrained build operations Thread 39" [_thread_blocked, id=2652, stack(0x00000027a4c00000,0x00000027a4d00000)]
  0x0000021e6a452000 JavaThread "Unconstrained build operations Thread 40" [_thread_blocked, id=1516, stack(0x00000027a4d00000,0x00000027a4e00000)]
  0x0000021e6a44d000 JavaThread "included builds" [_thread_in_Java, id=6720, stack(0x00000027a4e00000,0x00000027a4f00000)]
  0x0000021e6a44e000 JavaThread "Execution worker" [_thread_blocked, id=1856, stack(0x00000027a4f00000,0x00000027a5000000)]
  0x0000021e6ba72000 JavaThread "Execution worker Thread 2" [_thread_blocked, id=3140, stack(0x00000027a5000000,0x00000027a5100000)]
  0x0000021e6ba70000 JavaThread "Execution worker Thread 3" [_thread_blocked, id=13280, stack(0x00000027a5100000,0x00000027a5200000)]
  0x0000021e6ba72800 JavaThread "Cache worker for execution history cache (C:\Users\Valeria\Documents\GitHub\ApiFinal\final_garassino\node_modules\@react-native\gradle-plugin\.gradle\8.0.1\executionHistory)" [_thread_blocked, id=14836, stack(0x00000027a5200000,0x00000027a5300000)]
  0x0000021e6ba73800 JavaThread "File lock release action executor Thread 2" [_thread_blocked, id=7516, stack(0x00000027a5300000,0x00000027a5400000)]

Other Threads:
  0x0000021e63b44000 VMThread "VM Thread" [stack: 0x000000279f800000,0x000000279f900000] [id=6116]
  0x0000021e64650800 WatcherThread [stack: 0x00000027a0200000,0x00000027a0300000] [id=12276]
  0x0000021e4531e800 GCTaskThread "GC Thread#0" [stack: 0x000000279f300000,0x000000279f400000] [id=9000]
  0x0000021e64c71000 GCTaskThread "GC Thread#1" [stack: 0x00000027a0300000,0x00000027a0400000] [id=3016]
  0x0000021e64a37000 GCTaskThread "GC Thread#2" [stack: 0x00000027a0400000,0x00000027a0500000] [id=7016]
  0x0000021e666f4800 GCTaskThread "GC Thread#3" [stack: 0x00000027a0f00000,0x00000027a1000000] [id=13208]
  0x0000021e45351800 ConcurrentGCThread "G1 Main Marker" [stack: 0x000000279f400000,0x000000279f500000] [id=2044]
  0x0000021e45352800 ConcurrentGCThread "G1 Conc#0" [stack: 0x000000279f500000,0x000000279f600000] [id=7592]
  0x0000021e453d1000 ConcurrentGCThread "G1 Refine#0" [stack: 0x000000279f600000,0x000000279f700000] [id=7704]
  0x0000021e639c0800 ConcurrentGCThread "G1 Young RemSet Sampling" [stack: 0x000000279f700000,0x000000279f800000] [id=1860]

Threads with active compile tasks:
C2 CompilerThread0   104011 11921       4       org.gradle.internal.resource.transfer.AbstractProgressLoggingHandler$ProgressLoggingInputStream::read (27 bytes)

VM state:not at safepoint (normal execution)

VM Mutex/Monitor currently owned by a thread: None

Heap address: 0x0000000080000000, size: 2048 MB, Compressed Oops mode: 32-bit
Narrow klass base: 0x0000000000000000, Narrow klass shift: 3
Compressed class space size: 528482304 Address: 0x0000000100000000

Heap:
 garbage-first heap   total 157696K, used 111536K [0x0000000080000000, 0x0000000100000000)
  region size 1024K, 45 young (46080K), 2 survivors (2048K)
 Metaspace       used 85238K, capacity 87530K, committed 87688K, reserved 593920K
  class space    used 10683K, capacity 11613K, committed 11648K, reserved 516096K
Heap Regions: E=young(eden), S=young(survivor), O=old, HS=humongous(starts), HC=humongous(continues), CS=collection set, F=free, A=archive, TAMS=top-at-mark-start (previous, next)
|   0|0x0000000080000000, 0x0000000080100000, 0x0000000080100000|100%| O|  |TAMS 0x0000000080100000, 0x0000000080000000| Untracked 
|   1|0x0000000080100000, 0x0000000080200000, 0x0000000080200000|100%| O|  |TAMS 0x0000000080200000, 0x0000000080100000| Untracked 
|   2|0x0000000080200000, 0x0000000080300000, 0x0000000080300000|100%| O|  |TAMS 0x0000000080300000, 0x0000000080200000| Untracked 
|   3|0x0000000080300000, 0x0000000080400000, 0x0000000080400000|100%|HS|  |TAMS 0x0000000080400000, 0x0000000080300000| Complete 
|   4|0x0000000080400000, 0x0000000080500000, 0x0000000080500000|100%|HC|  |TAMS 0x0000000080500000, 0x0000000080400000| Complete 
|   5|0x0000000080500000, 0x0000000080600000, 0x0000000080600000|100%|HC|  |TAMS 0x0000000080600000, 0x0000000080500000| Complete 
|   6|0x0000000080600000, 0x0000000080700000, 0x0000000080700000|100%|HC|  |TAMS 0x0000000080700000, 0x0000000080600000| Complete 
|   7|0x0000000080700000, 0x0000000080800000, 0x0000000080800000|100%| O|  |TAMS 0x0000000080800000, 0x0000000080700000| Untracked 
|   8|0x0000000080800000, 0x0000000080900000, 0x0000000080900000|100%| O|  |TAMS 0x0000000080900000, 0x0000000080800000| Untracked 
|   9|0x0000000080900000, 0x0000000080a00000, 0x0000000080a00000|100%| O|  |TAMS 0x0000000080a00000, 0x0000000080900000| Untracked 
|  10|0x0000000080a00000, 0x0000000080b00000, 0x0000000080b00000|100%| O|  |TAMS 0x0000000080b00000, 0x0000000080a00000| Untracked 
|  11|0x0000000080b00000, 0x0000000080c00000, 0x0000000080c00000|100%| O|  |TAMS 0x0000000080c00000, 0x0000000080b00000| Untracked 
|  12|0x0000000080c00000, 0x0000000080d00000, 0x0000000080d00000|100%| O|  |TAMS 0x0000000080d00000, 0x0000000080c00000| Untracked 
|  13|0x0000000080d00000, 0x0000000080e00000, 0x0000000080e00000|100%| O|  |TAMS 0x0000000080e00000, 0x0000000080d00000| Untracked 
|  14|0x0000000080e00000, 0x0000000080f00000, 0x0000000080f00000|100%| O|  |TAMS 0x0000000080f00000, 0x0000000080e00000| Untracked 
|  15|0x0000000080f00000, 0x0000000081000000, 0x0000000081000000|100%| O|  |TAMS 0x0000000081000000, 0x0000000080f00000| Untracked 
|  16|0x0000000081000000, 0x0000000081100000, 0x0000000081100000|100%| O|  |TAMS 0x0000000081100000, 0x0000000081000000| Untracked 
|  17|0x0000000081100000, 0x0000000081200000, 0x0000000081200000|100%| O|  |TAMS 0x0000000081200000, 0x0000000081100000| Untracked 
|  18|0x0000000081200000, 0x0000000081300000, 0x0000000081300000|100%| O|  |TAMS 0x0000000081300000, 0x0000000081200000| Untracked 
|  19|0x0000000081300000, 0x0000000081400000, 0x0000000081400000|100%| O|  |TAMS 0x0000000081400000, 0x0000000081300000| Untracked 
|  20|0x0000000081400000, 0x0000000081500000, 0x0000000081500000|100%| O|  |TAMS 0x0000000081500000, 0x0000000081400000| Untracked 
|  21|0x0000000081500000, 0x0000000081600000, 0x0000000081600000|100%| O|  |TAMS 0x0000000081600000, 0x0000000081500000| Untracked 
|  22|0x0000000081600000, 0x0000000081700000, 0x0000000081700000|100%| O|  |TAMS 0x0000000081700000, 0x0000000081600000| Untracked 
|  23|0x0000000081700000, 0x0000000081800000, 0x0000000081800000|100%| O|  |TAMS 0x0000000081800000, 0x0000000081700000| Untracked 
|  24|0x0000000081800000, 0x0000000081900000, 0x0000000081900000|100%| O|  |TAMS 0x0000000081900000, 0x0000000081800000| Untracked 
|  25|0x0000000081900000, 0x0000000081a00000, 0x0000000081a00000|100%| O|  |TAMS 0x0000000081a00000, 0x0000000081900000| Untracked 
|  26|0x0000000081a00000, 0x0000000081b00000, 0x0000000081b00000|100%| O|  |TAMS 0x0000000081b00000, 0x0000000081a00000| Untracked 
|  27|0x0000000081b00000, 0x0000000081c00000, 0x0000000081c00000|100%| O|  |TAMS 0x0000000081c00000, 0x0000000081b00000| Untracked 
|  28|0x0000000081c00000, 0x0000000081d00000, 0x0000000081d00000|100%|HS|  |TAMS 0x0000000081d00000, 0x0000000081c00000| Complete 
|  29|0x0000000081d00000, 0x0000000081e00000, 0x0000000081e00000|100%|HC|  |TAMS 0x0000000081e00000, 0x0000000081d00000| Complete 
|  30|0x0000000081e00000, 0x0000000081f00000, 0x0000000081f00000|100%|HS|  |TAMS 0x0000000081f00000, 0x0000000081e00000| Complete 
|  31|0x0000000081f00000, 0x0000000082000000, 0x0000000082000000|100%|HC|  |TAMS 0x0000000082000000, 0x0000000081f00000| Complete 
|  32|0x0000000082000000, 0x0000000082100000, 0x0000000082100000|100%|HC|  |TAMS 0x0000000082100000, 0x0000000082000000| Complete 
|  33|0x0000000082100000, 0x0000000082200000, 0x0000000082200000|100%|HC|  |TAMS 0x0000000082200000, 0x0000000082100000| Complete 
|  34|0x0000000082200000, 0x0000000082300000, 0x0000000082300000|100%| O|  |TAMS 0x0000000082300000, 0x0000000082200000| Untracked 
|  35|0x0000000082300000, 0x0000000082400000, 0x0000000082400000|100%| O|  |TAMS 0x0000000082400000, 0x0000000082300000| Untracked 
|  36|0x0000000082400000, 0x0000000082500000, 0x0000000082500000|100%| O|  |TAMS 0x0000000082500000, 0x0000000082400000| Untracked 
|  37|0x0000000082500000, 0x0000000082600000, 0x0000000082600000|100%| O|  |TAMS 0x0000000082600000, 0x0000000082500000| Untracked 
|  38|0x0000000082600000, 0x0000000082700000, 0x0000000082700000|100%| O|  |TAMS 0x0000000082700000, 0x0000000082600000| Untracked 
|  39|0x0000000082700000, 0x0000000082800000, 0x0000000082800000|100%| O|  |TAMS 0x0000000082800000, 0x0000000082700000| Untracked 
|  40|0x0000000082800000, 0x0000000082900000, 0x0000000082900000|100%| O|  |TAMS 0x0000000082900000, 0x0000000082800000| Untracked 
|  41|0x0000000082900000, 0x0000000082a00000, 0x0000000082a00000|100%| O|  |TAMS 0x0000000082a00000, 0x0000000082900000| Untracked 
|  42|0x0000000082a00000, 0x0000000082b00000, 0x0000000082b00000|100%| O|  |TAMS 0x0000000082b00000, 0x0000000082a00000| Untracked 
|  43|0x0000000082b00000, 0x0000000082c00000, 0x0000000082c00000|100%| O|  |TAMS 0x0000000082c00000, 0x0000000082b00000| Untracked 
|  44|0x0000000082c00000, 0x0000000082d00000, 0x0000000082d00000|100%| O|  |TAMS 0x0000000082d00000, 0x0000000082c00000| Untracked 
|  45|0x0000000082d00000, 0x0000000082e00000, 0x0000000082e00000|100%| O|  |TAMS 0x0000000082e00000, 0x0000000082d00000| Untracked 
|  46|0x0000000082e00000, 0x0000000082f00000, 0x0000000082f00000|100%| O|  |TAMS 0x0000000082f00000, 0x0000000082e00000| Untracked 
|  47|0x0000000082f00000, 0x0000000083000000, 0x0000000083000000|100%| O|  |TAMS 0x0000000083000000, 0x0000000082f00000| Untracked 
|  48|0x0000000083000000, 0x0000000083100000, 0x0000000083100000|100%| O|  |TAMS 0x0000000083100000, 0x0000000083000000| Untracked 
|  49|0x0000000083100000, 0x0000000083200000, 0x0000000083200000|100%| O|  |TAMS 0x0000000083200000, 0x0000000083100000| Untracked 
|  50|0x0000000083200000, 0x0000000083300000, 0x0000000083300000|100%| O|  |TAMS 0x0000000083300000, 0x0000000083200000| Untracked 
|  51|0x0000000083300000, 0x0000000083400000, 0x0000000083400000|100%| O|  |TAMS 0x0000000083400000, 0x0000000083300000| Untracked 
|  52|0x0000000083400000, 0x0000000083500000, 0x0000000083500000|100%| O|  |TAMS 0x0000000083500000, 0x0000000083400000| Untracked 
|  53|0x0000000083500000, 0x0000000083600000, 0x0000000083600000|100%| O|  |TAMS 0x0000000083600000, 0x0000000083500000| Untracked 
|  54|0x0000000083600000, 0x0000000083700000, 0x0000000083700000|100%| O|  |TAMS 0x0000000083700000, 0x0000000083600000| Untracked 
|  55|0x0000000083700000, 0x0000000083800000, 0x0000000083800000|100%| O|  |TAMS 0x0000000083800000, 0x0000000083700000| Untracked 
|  56|0x0000000083800000, 0x0000000083800000, 0x0000000083900000|  0%| F|  |TAMS 0x0000000083800000, 0x0000000083800000| Untracked 
|  57|0x0000000083900000, 0x0000000083900000, 0x0000000083a00000|  0%| F|  |TAMS 0x0000000083900000, 0x0000000083900000| Untracked 
|  58|0x0000000083a00000, 0x0000000083a00000, 0x0000000083b00000|  0%| F|  |TAMS 0x0000000083a00000, 0x0000000083a00000| Untracked 
|  59|0x0000000083b00000, 0x0000000083b00000, 0x0000000083c00000|  0%| F|  |TAMS 0x0000000083b00000, 0x0000000083b00000| Untracked 
|  60|0x0000000083c00000, 0x0000000083c00000, 0x0000000083d00000|  0%| F|  |TAMS 0x0000000083c00000, 0x0000000083c00000| Untracked 
|  61|0x0000000083d00000, 0x0000000083d00000, 0x0000000083e00000|  0%| F|  |TAMS 0x0000000083d00000, 0x0000000083d00000| Untracked 
|  62|0x0000000083e00000, 0x0000000083f00000, 0x0000000083f00000|100%| O|  |TAMS 0x0000000083f00000, 0x0000000083e00000| Untracked 
|  63|0x0000000083f00000, 0x0000000084000000, 0x0000000084000000|100%| O|  |TAMS 0x0000000084000000, 0x0000000083f00000| Untracked 
|  64|0x0000000084000000, 0x0000000084100000, 0x0000000084100000|100%| O|  |TAMS 0x0000000084100000, 0x0000000084000000| Untracked 
|  65|0x0000000084100000, 0x0000000084200000, 0x0000000084200000|100%| O|  |TAMS 0x0000000084200000, 0x0000000084100000| Untracked 
|  66|0x0000000084200000, 0x0000000084300000, 0x0000000084300000|100%| O|  |TAMS 0x0000000084300000, 0x0000000084200000| Untracked 
|  67|0x0000000084300000, 0x0000000084400000, 0x0000000084400000|100%| O|  |TAMS 0x0000000084400000, 0x0000000084300000| Untracked 
|  68|0x0000000084400000, 0x0000000084500000, 0x0000000084500000|100%| O|  |TAMS 0x0000000084500000, 0x0000000084400000| Untracked 
|  69|0x0000000084500000, 0x0000000084600000, 0x0000000084600000|100%| O|  |TAMS 0x0000000084600000, 0x0000000084500000| Untracked 
|  70|0x0000000084600000, 0x0000000084700000, 0x0000000084700000|100%| O|  |TAMS 0x0000000084700000, 0x0000000084600000| Untracked 
|  71|0x0000000084700000, 0x00000000847b6400, 0x0000000084800000| 71%| O|  |TAMS 0x00000000847b6400, 0x0000000084700000| Untracked 
|  72|0x0000000084800000, 0x0000000084800000, 0x0000000084900000|  0%| F|  |TAMS 0x0000000084800000, 0x0000000084800000| Untracked 
|  73|0x0000000084900000, 0x0000000084900000, 0x0000000084a00000|  0%| F|  |TAMS 0x0000000084900000, 0x0000000084900000| Untracked 
|  74|0x0000000084a00000, 0x0000000084a00000, 0x0000000084b00000|  0%| F|  |TAMS 0x0000000084a00000, 0x0000000084a00000| Untracked 
|  75|0x0000000084b00000, 0x0000000084b00000, 0x0000000084c00000|  0%| F|  |TAMS 0x0000000084b00000, 0x0000000084b00000| Untracked 
|  76|0x0000000084c00000, 0x0000000084c00000, 0x0000000084d00000|  0%| F|  |TAMS 0x0000000084c00000, 0x0000000084c00000| Untracked 
|  77|0x0000000084d00000, 0x0000000084d00000, 0x0000000084e00000|  0%| F|  |TAMS 0x0000000084d00000, 0x0000000084d00000| Untracked 
|  78|0x0000000084e00000, 0x0000000084e00000, 0x0000000084f00000|  0%| F|  |TAMS 0x0000000084e00000, 0x0000000084e00000| Untracked 
|  79|0x0000000084f00000, 0x0000000084f00000, 0x0000000085000000|  0%| F|  |TAMS 0x0000000084f00000, 0x0000000084f00000| Untracked 
|  80|0x0000000085000000, 0x0000000085000000, 0x0000000085100000|  0%| F|  |TAMS 0x0000000085000000, 0x0000000085000000| Untracked 
|  81|0x0000000085100000, 0x0000000085100000, 0x0000000085200000|  0%| F|  |TAMS 0x0000000085100000, 0x0000000085100000| Untracked 
|  82|0x0000000085200000, 0x0000000085200000, 0x0000000085300000|  0%| F|  |TAMS 0x0000000085200000, 0x0000000085200000| Untracked 
|  83|0x0000000085300000, 0x0000000085300000, 0x0000000085400000|  0%| F|  |TAMS 0x0000000085300000, 0x0000000085300000| Untracked 
|  84|0x0000000085400000, 0x0000000085400000, 0x0000000085500000|  0%| F|  |TAMS 0x0000000085400000, 0x0000000085400000| Untracked 
|  85|0x0000000085500000, 0x0000000085500000, 0x0000000085600000|  0%| F|  |TAMS 0x0000000085500000, 0x0000000085500000| Untracked 
|  86|0x0000000085600000, 0x0000000085600000, 0x0000000085700000|  0%| F|  |TAMS 0x0000000085600000, 0x0000000085600000| Untracked 
|  87|0x0000000085700000, 0x0000000085700000, 0x0000000085800000|  0%| F|  |TAMS 0x0000000085700000, 0x0000000085700000| Untracked 
|  88|0x0000000085800000, 0x0000000085800000, 0x0000000085900000|  0%| F|  |TAMS 0x0000000085800000, 0x0000000085800000| Untracked 
|  89|0x0000000085900000, 0x0000000085900000, 0x0000000085a00000|  0%| F|  |TAMS 0x0000000085900000, 0x0000000085900000| Untracked 
|  90|0x0000000085a00000, 0x0000000085a00000, 0x0000000085b00000|  0%| F|  |TAMS 0x0000000085a00000, 0x0000000085a00000| Untracked 
|  91|0x0000000085b00000, 0x0000000085b35f00, 0x0000000085c00000| 21%| S|CS|TAMS 0x0000000085b00000, 0x0000000085b00000| Complete 
|  92|0x0000000085c00000, 0x0000000085d00000, 0x0000000085d00000|100%| S|CS|TAMS 0x0000000085c00000, 0x0000000085c00000| Complete 
|  93|0x0000000085d00000, 0x0000000085d00000, 0x0000000085e00000|  0%| F|  |TAMS 0x0000000085d00000, 0x0000000085d00000| Untracked 
|  94|0x0000000085e00000, 0x0000000085e00000, 0x0000000085f00000|  0%| F|  |TAMS 0x0000000085e00000, 0x0000000085e00000| Untracked 
|  95|0x0000000085f00000, 0x0000000085f00000, 0x0000000086000000|  0%| F|  |TAMS 0x0000000085f00000, 0x0000000085f00000| Untracked 
|  96|0x0000000086000000, 0x0000000086000000, 0x0000000086100000|  0%| F|  |TAMS 0x0000000086000000, 0x0000000086000000| Untracked 
|  97|0x0000000086100000, 0x0000000086100000, 0x0000000086200000|  0%| F|  |TAMS 0x0000000086100000, 0x0000000086100000| Untracked 
|  98|0x0000000086200000, 0x0000000086200000, 0x0000000086300000|  0%| F|  |TAMS 0x0000000086200000, 0x0000000086200000| Untracked 
|  99|0x0000000086300000, 0x0000000086300000, 0x0000000086400000|  0%| F|  |TAMS 0x0000000086300000, 0x0000000086300000| Untracked 
| 100|0x0000000086400000, 0x0000000086400000, 0x0000000086500000|  0%| F|  |TAMS 0x0000000086400000, 0x0000000086400000| Untracked 
| 101|0x0000000086500000, 0x0000000086500000, 0x0000000086600000|  0%| F|  |TAMS 0x0000000086500000, 0x0000000086500000| Untracked 
| 102|0x0000000086600000, 0x0000000086600000, 0x0000000086700000|  0%| F|  |TAMS 0x0000000086600000, 0x0000000086600000| Untracked 
| 103|0x0000000086700000, 0x0000000086700000, 0x0000000086800000|  0%| F|  |TAMS 0x0000000086700000, 0x0000000086700000| Untracked 
| 104|0x0000000086800000, 0x0000000086800000, 0x0000000086900000|  0%| F|  |TAMS 0x0000000086800000, 0x0000000086800000| Untracked 
| 105|0x0000000086900000, 0x0000000086900000, 0x0000000086a00000|  0%| F|  |TAMS 0x0000000086900000, 0x0000000086900000| Untracked 
| 106|0x0000000086a00000, 0x0000000086a00000, 0x0000000086b00000|  0%| F|  |TAMS 0x0000000086a00000, 0x0000000086a00000| Untracked 
| 107|0x0000000086b00000, 0x0000000086b00000, 0x0000000086c00000|  0%| F|  |TAMS 0x0000000086b00000, 0x0000000086b00000| Untracked 
| 108|0x0000000086c00000, 0x0000000086c00000, 0x0000000086d00000|  0%| F|  |TAMS 0x0000000086c00000, 0x0000000086c00000| Untracked 
| 109|0x0000000086d00000, 0x0000000086d00000, 0x0000000086e00000|  0%| F|  |TAMS 0x0000000086d00000, 0x0000000086d00000| Untracked 
| 110|0x0000000086e00000, 0x0000000086e00000, 0x0000000086f00000|  0%| F|  |TAMS 0x0000000086e00000, 0x0000000086e00000| Untracked 
| 111|0x0000000086f00000, 0x0000000086f2f040, 0x0000000087000000| 18%| E|  |TAMS 0x0000000086f00000, 0x0000000086f00000| Complete 
| 112|0x0000000087000000, 0x0000000087100000, 0x0000000087100000|100%| E|CS|TAMS 0x0000000087000000, 0x0000000087000000| Complete 
| 113|0x0000000087100000, 0x0000000087200000, 0x0000000087200000|100%| E|CS|TAMS 0x0000000087100000, 0x0000000087100000| Complete 
| 114|0x0000000087200000, 0x0000000087300000, 0x0000000087300000|100%| E|CS|TAMS 0x0000000087200000, 0x0000000087200000| Complete 
| 115|0x0000000087300000, 0x0000000087400000, 0x0000000087400000|100%| E|CS|TAMS 0x0000000087300000, 0x0000000087300000| Complete 
| 116|0x0000000087400000, 0x0000000087500000, 0x0000000087500000|100%| E|CS|TAMS 0x0000000087400000, 0x0000000087400000| Complete 
| 117|0x0000000087500000, 0x0000000087600000, 0x0000000087600000|100%| E|CS|TAMS 0x0000000087500000, 0x0000000087500000| Complete 
| 118|0x0000000087600000, 0x0000000087700000, 0x0000000087700000|100%| E|CS|TAMS 0x0000000087600000, 0x0000000087600000| Complete 
| 119|0x0000000087700000, 0x0000000087800000, 0x0000000087800000|100%| E|CS|TAMS 0x0000000087700000, 0x0000000087700000| Complete 
| 120|0x0000000087800000, 0x0000000087900000, 0x0000000087900000|100%| E|CS|TAMS 0x0000000087800000, 0x0000000087800000| Complete 
| 121|0x0000000087900000, 0x0000000087a00000, 0x0000000087a00000|100%| E|CS|TAMS 0x0000000087900000, 0x0000000087900000| Complete 
| 122|0x0000000087a00000, 0x0000000087b00000, 0x0000000087b00000|100%| E|CS|TAMS 0x0000000087a00000, 0x0000000087a00000| Complete 
| 123|0x0000000087b00000, 0x0000000087c00000, 0x0000000087c00000|100%| E|CS|TAMS 0x0000000087b00000, 0x0000000087b00000| Complete 
| 124|0x0000000087c00000, 0x0000000087d00000, 0x0000000087d00000|100%| E|CS|TAMS 0x0000000087c00000, 0x0000000087c00000| Complete 
| 125|0x0000000087d00000, 0x0000000087e00000, 0x0000000087e00000|100%| E|CS|TAMS 0x0000000087d00000, 0x0000000087d00000| Complete 
| 126|0x0000000087e00000, 0x0000000087f00000, 0x0000000087f00000|100%| E|CS|TAMS 0x0000000087e00000, 0x0000000087e00000| Complete 
| 127|0x0000000087f00000, 0x0000000088000000, 0x0000000088000000|100%| E|CS|TAMS 0x0000000087f00000, 0x0000000087f00000| Complete 
| 128|0x0000000088000000, 0x0000000088100000, 0x0000000088100000|100%| E|CS|TAMS 0x0000000088000000, 0x0000000088000000| Complete 
| 129|0x0000000088100000, 0x0000000088200000, 0x0000000088200000|100%| E|CS|TAMS 0x0000000088100000, 0x0000000088100000| Complete 
| 130|0x0000000088200000, 0x0000000088300000, 0x0000000088300000|100%| E|CS|TAMS 0x0000000088200000, 0x0000000088200000| Complete 
| 131|0x0000000088300000, 0x0000000088400000, 0x0000000088400000|100%| E|CS|TAMS 0x0000000088300000, 0x0000000088300000| Complete 
| 132|0x0000000088400000, 0x0000000088500000, 0x0000000088500000|100%| E|CS|TAMS 0x0000000088400000, 0x0000000088400000| Complete 
| 133|0x0000000088500000, 0x0000000088600000, 0x0000000088600000|100%| E|CS|TAMS 0x0000000088500000, 0x0000000088500000| Complete 
| 134|0x0000000088600000, 0x0000000088700000, 0x0000000088700000|100%| E|CS|TAMS 0x0000000088600000, 0x0000000088600000| Complete 
| 135|0x0000000088700000, 0x0000000088800000, 0x0000000088800000|100%| E|CS|TAMS 0x0000000088700000, 0x0000000088700000| Complete 
| 136|0x0000000088800000, 0x0000000088900000, 0x0000000088900000|100%| E|CS|TAMS 0x0000000088800000, 0x0000000088800000| Complete 
| 137|0x0000000088900000, 0x0000000088a00000, 0x0000000088a00000|100%| E|CS|TAMS 0x0000000088900000, 0x0000000088900000| Complete 
| 138|0x0000000088a00000, 0x0000000088b00000, 0x0000000088b00000|100%| E|CS|TAMS 0x0000000088a00000, 0x0000000088a00000| Complete 
| 139|0x0000000088b00000, 0x0000000088c00000, 0x0000000088c00000|100%| E|CS|TAMS 0x0000000088b00000, 0x0000000088b00000| Complete 
| 140|0x0000000088c00000, 0x0000000088d00000, 0x0000000088d00000|100%| E|CS|TAMS 0x0000000088c00000, 0x0000000088c00000| Complete 
| 141|0x0000000088d00000, 0x0000000088e00000, 0x0000000088e00000|100%| E|CS|TAMS 0x0000000088d00000, 0x0000000088d00000| Complete 
| 142|0x0000000088e00000, 0x0000000088f00000, 0x0000000088f00000|100%| E|CS|TAMS 0x0000000088e00000, 0x0000000088e00000| Complete 
| 143|0x0000000088f00000, 0x0000000089000000, 0x0000000089000000|100%| E|CS|TAMS 0x0000000088f00000, 0x0000000088f00000| Complete 
| 144|0x0000000089000000, 0x0000000089100000, 0x0000000089100000|100%| E|CS|TAMS 0x0000000089000000, 0x0000000089000000| Complete 
| 145|0x0000000089100000, 0x0000000089200000, 0x0000000089200000|100%| E|CS|TAMS 0x0000000089100000, 0x0000000089100000| Complete 
| 146|0x0000000089200000, 0x0000000089300000, 0x0000000089300000|100%| E|CS|TAMS 0x0000000089200000, 0x0000000089200000| Complete 
| 147|0x0000000089300000, 0x0000000089400000, 0x0000000089400000|100%| E|CS|TAMS 0x0000000089300000, 0x0000000089300000| Complete 
| 148|0x0000000089400000, 0x0000000089500000, 0x0000000089500000|100%| E|CS|TAMS 0x0000000089400000, 0x0000000089400000| Complete 
| 149|0x0000000089500000, 0x0000000089600000, 0x0000000089600000|100%| E|CS|TAMS 0x0000000089500000, 0x0000000089500000| Complete 
| 150|0x0000000089600000, 0x0000000089700000, 0x0000000089700000|100%| E|CS|TAMS 0x0000000089600000, 0x0000000089600000| Complete 
| 151|0x0000000089700000, 0x0000000089800000, 0x0000000089800000|100%| E|CS|TAMS 0x0000000089700000, 0x0000000089700000| Complete 
| 152|0x0000000089800000, 0x0000000089900000, 0x0000000089900000|100%| E|CS|TAMS 0x0000000089800000, 0x0000000089800000| Complete 
| 153|0x0000000089900000, 0x0000000089a00000, 0x0000000089a00000|100%| E|CS|TAMS 0x0000000089900000, 0x0000000089900000| Complete 

Card table byte_map: [0x0000021e5ce80000,0x0000021e5d280000] _byte_map_base: 0x0000021e5ca80000

Marking Bits (Prev, Next): (CMBitMap*) 0x0000021e45348840, (CMBitMap*) 0x0000021e45348808
 Prev Bits: [0x0000021e5f680000, 0x0000021e61680000)
 Next Bits: [0x0000021e5d680000, 0x0000021e5f680000)

Polling page: 0x0000021e43240000

Metaspace:

Usage:
  Non-class:     74.14 MB capacity,    72.81 MB ( 98%) used,     1.08 MB (  1%) free+waste,   259.63 KB ( <1%) overhead. 
      Class:     11.34 MB capacity,    10.43 MB ( 92%) used,   808.59 KB (  7%) free+waste,   120.94 KB (  1%) overhead. 
       Both:     85.48 MB capacity,    83.24 MB ( 97%) used,     1.87 MB (  2%) free+waste,   380.56 KB ( <1%) overhead. 

Virtual space:
  Non-class space:       76.00 MB reserved,      74.26 MB ( 98%) committed 
      Class space:      504.00 MB reserved,      11.38 MB (  2%) committed 
             Both:      580.00 MB reserved,      85.63 MB ( 15%) committed 

Chunk freelists:
   Non-Class:  59.00 KB
       Class:  13.00 KB
        Both:  72.00 KB

MaxMetaspaceSize: 512.00 MB
CompressedClassSpaceSize: 504.00 MB
Initial GC threshold: 20.80 MB
Current GC threshold: 142.72 MB
CDS: off

CodeHeap 'non-profiled nmethods': size=120064Kb used=8118Kb max_used=8118Kb free=111945Kb
 bounds [0x0000021e55540000, 0x0000021e55d30000, 0x0000021e5ca80000]
CodeHeap 'profiled nmethods': size=120000Kb used=26387Kb max_used=26387Kb free=93612Kb
 bounds [0x0000021e4e010000, 0x0000021e4f9e0000, 0x0000021e55540000]
CodeHeap 'non-nmethods': size=5696Kb used=2393Kb max_used=2444Kb free=3302Kb
 bounds [0x0000021e4da80000, 0x0000021e4dd00000, 0x0000021e4e010000]
 total_blobs=12675 nmethods=11755 adapters=832
 compilation: enabled
              stopped_count=0, restarted_count=0
 full_count=0

Compilation events (20 events):
Event: 103.378 Thread 0x0000021e644df000 nmethod 11911 0x0000021e4f9c8910 code [0x0000021e4f9c8f60, 0x0000021e4f9cc9a8]
Event: 103.378 Thread 0x0000021e644df000 11912       3       org.apache.http.client.utils.URIBuilder::parseQuery (19 bytes)
Event: 103.379 Thread 0x0000021e644df000 nmethod 11912 0x0000021e4f9cdf90 code [0x0000021e4f9ce160, 0x0000021e4f9ce3e8]
Event: 103.419 Thread 0x0000021e644df000 11913       3       java.util.Calendar::getDisplayNames (123 bytes)
Event: 103.420 Thread 0x0000021e644df000 nmethod 11913 0x0000021e4f9ce510 code [0x0000021e4f9ce760, 0x0000021e4f9cf118]
Event: 103.420 Thread 0x0000021e644df000 11914       3       org.gradle.internal.hash.HashCode::fromString (110 bytes)
Event: 103.422 Thread 0x0000021e644df000 nmethod 11914 0x0000021e4f9cf390 code [0x0000021e4f9cf760, 0x0000021e4f9d10a8]
Event: 103.495 Thread 0x0000021e63bae800 11915       4       org.gradle.internal.logging.sink.ProgressLogEventGenerator::onOutput (72 bytes)
Event: 103.497 Thread 0x0000021e63bae800 nmethod 11915 0x0000021e55d29390 code [0x0000021e55d29540, 0x0000021e55d29658]
Event: 103.509 Thread 0x0000021e63bae800 11916   !   4       org.gradle.launcher.daemon.server.exec.LogToClient$AsynchronousLogDispatcher::dispatchAsync (33 bytes)
Event: 103.550 Thread 0x0000021e63bae800 nmethod 11916 0x0000021e55d29790 code [0x0000021e55d29a40, 0x0000021e55d2a860]
Event: 103.550 Thread 0x0000021e63bae800 11917       4       org.gradle.launcher.daemon.protocol.DaemonMessageSerializer$OutputMessageSerializer::write (10 bytes)
Event: 103.561 Thread 0x0000021e63bae800 nmethod 11917 0x0000021e55d2b590 code [0x0000021e55d2b7a0, 0x0000021e55d2bc50]
Event: 103.576 Thread 0x0000021e63bae800 11918       4       org.apache.http.impl.io.SessionInputBufferImpl::read (160 bytes)
Event: 103.585 Thread 0x0000021e63bae800 nmethod 11918 0x0000021e55d2c210 code [0x0000021e55d2c3e0, 0x0000021e55d2c758]
Event: 103.633 Thread 0x0000021e63bae800 11919       4       java.nio.Buffer::position (52 bytes)
Event: 103.635 Thread 0x0000021e63bae800 nmethod 11919 0x0000021e55d2ca90 code [0x0000021e55d2cc20, 0x0000021e55d2ccd8]
Event: 103.668 Thread 0x0000021e63bae800 11920       4       org.gradle.internal.remote.internal.inet.SocketConnection$SocketOutputStream::write (78 bytes)
Event: 103.681 Thread 0x0000021e63bae800 nmethod 11920 0x0000021e55d2cd90 code [0x0000021e55d2cf40, 0x0000021e55d2d3f8]
Event: 103.685 Thread 0x0000021e63bae800 11921       4       org.gradle.internal.resource.transfer.AbstractProgressLoggingHandler$ProgressLoggingInputStream::read (27 bytes)

GC Heap History (20 events):
Event: 99.273 GC heap before
{Heap before GC invocations=46 (full 0):
 garbage-first heap   total 131072K, used 112971K [0x0000000080000000, 0x0000000100000000)
  region size 1024K, 41 young (41984K), 4 survivors (4096K)
 Metaspace       used 85137K, capacity 87375K, committed 87688K, reserved 593920K
  class space    used 10677K, capacity 11607K, committed 11648K, reserved 516096K
}
Event: 99.277 GC heap after
{Heap after GC invocations=47 (full 0):
 garbage-first heap   total 131072K, used 75606K [0x0000000080000000, 0x0000000100000000)
  region size 1024K, 4 young (4096K), 4 survivors (4096K)
 Metaspace       used 85137K, capacity 87375K, committed 87688K, reserved 593920K
  class space    used 10677K, capacity 11607K, committed 11648K, reserved 516096K
}
Event: 99.479 GC heap before
{Heap before GC invocations=48 (full 0):
 garbage-first heap   total 131072K, used 112470K [0x0000000080000000, 0x0000000100000000)
  region size 1024K, 40 young (40960K), 4 survivors (4096K)
 Metaspace       used 85137K, capacity 87375K, committed 87688K, reserved 593920K
  class space    used 10677K, capacity 11607K, committed 11648K, reserved 516096K
}
Event: 99.482 GC heap after
{Heap after GC invocations=49 (full 0):
 garbage-first heap   total 131072K, used 76084K [0x0000000080000000, 0x0000000100000000)
  region size 1024K, 4 young (4096K), 4 survivors (4096K)
 Metaspace       used 85137K, capacity 87375K, committed 87688K, reserved 593920K
  class space    used 10677K, capacity 11607K, committed 11648K, reserved 516096K
}
Event: 99.687 GC heap before
{Heap before GC invocations=49 (full 0):
 garbage-first heap   total 131072K, used 111924K [0x0000000080000000, 0x0000000100000000)
  region size 1024K, 39 young (39936K), 4 survivors (4096K)
 Metaspace       used 85166K, capacity 87445K, committed 87688K, reserved 593920K
  class space    used 10677K, capacity 11607K, committed 11648K, reserved 516096K
}
Event: 99.692 GC heap after
{Heap after GC invocations=50 (full 0):
 garbage-first heap   total 157696K, used 76505K [0x0000000080000000, 0x0000000100000000)
  region size 1024K, 3 young (3072K), 3 survivors (3072K)
 Metaspace       used 85166K, capacity 87445K, committed 87688K, reserved 593920K
  class space    used 10677K, capacity 11607K, committed 11648K, reserved 516096K
}
Event: 100.208 GC heap before
{Heap before GC invocations=51 (full 0):
 garbage-first heap   total 157696K, used 126681K [0x0000000080000000, 0x0000000100000000)
  region size 1024K, 52 young (53248K), 3 survivors (3072K)
 Metaspace       used 85208K, capacity 87463K, committed 87688K, reserved 593920K
  class space    used 10683K, capacity 11613K, committed 11648K, reserved 516096K
}
Event: 100.213 GC heap after
{Heap after GC invocations=52 (full 0):
 garbage-first heap   total 157696K, used 77323K [0x0000000080000000, 0x0000000100000000)
  region size 1024K, 4 young (4096K), 4 survivors (4096K)
 Metaspace       used 85208K, capacity 87463K, committed 87688K, reserved 593920K
  class space    used 10683K, capacity 11613K, committed 11648K, reserved 516096K
}
Event: 100.708 GC heap before
{Heap before GC invocations=52 (full 0):
 garbage-first heap   total 157696K, used 128523K [0x0000000080000000, 0x0000000100000000)
  region size 1024K, 54 young (55296K), 4 survivors (4096K)
 Metaspace       used 85221K, capacity 87463K, committed 87688K, reserved 593920K
  class space    used 10683K, capacity 11613K, committed 11648K, reserved 516096K
}
Event: 100.712 GC heap after
{Heap after GC invocations=53 (full 0):
 garbage-first heap   total 157696K, used 71385K [0x0000000080000000, 0x0000000100000000)
  region size 1024K, 4 young (4096K), 4 survivors (4096K)
 Metaspace       used 85221K, capacity 87463K, committed 87688K, reserved 593920K
  class space    used 10683K, capacity 11613K, committed 11648K, reserved 516096K
}
Event: 101.122 GC heap before
{Heap before GC invocations=54 (full 0):
 garbage-first heap   total 157696K, used 125657K [0x0000000080000000, 0x0000000100000000)
  region size 1024K, 57 young (58368K), 4 survivors (4096K)
 Metaspace       used 85227K, capacity 87464K, committed 87688K, reserved 593920K
  class space    used 10683K, capacity 11613K, committed 11648K, reserved 516096K
}
Event: 101.124 GC heap after
{Heap after GC invocations=55 (full 0):
 garbage-first heap   total 157696K, used 68009K [0x0000000080000000, 0x0000000100000000)
  region size 1024K, 1 young (1024K), 1 survivors (1024K)
 Metaspace       used 85227K, capacity 87464K, committed 87688K, reserved 593920K
  class space    used 10683K, capacity 11613K, committed 11648K, reserved 516096K
}
Event: 101.382 GC heap before
{Heap before GC invocations=55 (full 0):
 garbage-first heap   total 157696K, used 126377K [0x0000000080000000, 0x0000000100000000)
  region size 1024K, 57 young (58368K), 1 survivors (1024K)
 Metaspace       used 85227K, capacity 87464K, committed 87688K, reserved 593920K
  class space    used 10683K, capacity 11613K, committed 11648K, reserved 516096K
}
Event: 101.383 GC heap after
{Heap after GC invocations=56 (full 0):
 garbage-first heap   total 157696K, used 68721K [0x0000000080000000, 0x0000000100000000)
  region size 1024K, 1 young (1024K), 1 survivors (1024K)
 Metaspace       used 85227K, capacity 87464K, committed 87688K, reserved 593920K
  class space    used 10683K, capacity 11613K, committed 11648K, reserved 516096K
}
Event: 101.664 GC heap before
{Heap before GC invocations=56 (full 0):
 garbage-first heap   total 157696K, used 127089K [0x0000000080000000, 0x0000000100000000)
  region size 1024K, 58 young (59392K), 1 survivors (1024K)
 Metaspace       used 85227K, capacity 87464K, committed 87688K, reserved 593920K
  class space    used 10683K, capacity 11613K, committed 11648K, reserved 516096K
}
Event: 101.665 GC heap after
{Heap after GC invocations=57 (full 0):
 garbage-first heap   total 157696K, used 69323K [0x0000000080000000, 0x0000000100000000)
  region size 1024K, 1 young (1024K), 1 survivors (1024K)
 Metaspace       used 85227K, capacity 87464K, committed 87688K, reserved 593920K
  class space    used 10683K, capacity 11613K, committed 11648K, reserved 516096K
}
Event: 102.018 GC heap before
{Heap before GC invocations=57 (full 0):
 garbage-first heap   total 157696K, used 128715K [0x0000000080000000, 0x0000000100000000)
  region size 1024K, 59 young (60416K), 1 survivors (1024K)
 Metaspace       used 85231K, capacity 87529K, committed 87688K, reserved 593920K
  class space    used 10683K, capacity 11613K, committed 11648K, reserved 516096K
}
Event: 102.019 GC heap after
{Heap after GC invocations=58 (full 0):
 garbage-first heap   total 157696K, used 67977K [0x0000000080000000, 0x0000000100000000)
  region size 1024K, 1 young (1024K), 1 survivors (1024K)
 Metaspace       used 85231K, capacity 87529K, committed 87688K, reserved 593920K
  class space    used 10683K, capacity 11613K, committed 11648K, reserved 516096K
}
Event: 102.654 GC heap before
{Heap before GC invocations=58 (full 0):
 garbage-first heap   total 157696K, used 129417K [0x0000000080000000, 0x0000000100000000)
  region size 1024K, 61 young (62464K), 1 survivors (1024K)
 Metaspace       used 85231K, capacity 87529K, committed 87688K, reserved 593920K
  class space    used 10683K, capacity 11613K, committed 11648K, reserved 516096K
}
Event: 102.656 GC heap after
{Heap after GC invocations=59 (full 0):
 garbage-first heap   total 157696K, used 68528K [0x0000000080000000, 0x0000000100000000)
  region size 1024K, 2 young (2048K), 2 survivors (2048K)
 Metaspace       used 85231K, capacity 87529K, committed 87688K, reserved 593920K
  class space    used 10683K, capacity 11613K, committed 11648K, reserved 516096K
}

Deoptimization events (20 events):
Event: 103.135 Thread 0x0000021e6a44d000 Uncommon trap: trap_request=0xffffffd6 fr.pc=0x0000021e55d27780 relative=0x00000000000008a0
Event: 103.135 Thread 0x0000021e6a44d000 Uncommon trap: reason=array_check action=maybe_recompile pc=0x0000021e55d27780 method=java.util.ComparableTimSort.binarySort([Ljava/lang/Object;III)V @ 183 c2
Event: 103.135 Thread 0x0000021e6a44d000 DEOPT PACKING pc=0x0000021e55d27780 sp=0x00000027a4efb430
Event: 103.135 Thread 0x0000021e6a44d000 DEOPT UNPACKING pc=0x0000021e4daca1af sp=0x00000027a4efb3d0 mode 2
Event: 103.135 Thread 0x0000021e6a44d000 Uncommon trap: trap_request=0xffffffd6 fr.pc=0x0000021e55d276c4 relative=0x00000000000007e4
Event: 103.135 Thread 0x0000021e6a44d000 Uncommon trap: reason=array_check action=maybe_recompile pc=0x0000021e55d276c4 method=java.util.ComparableTimSort.binarySort([Ljava/lang/Object;III)V @ 193 c2
Event: 103.135 Thread 0x0000021e6a44d000 DEOPT PACKING pc=0x0000021e55d276c4 sp=0x00000027a4efb430
Event: 103.135 Thread 0x0000021e6a44d000 DEOPT UNPACKING pc=0x0000021e4daca1af sp=0x00000027a4efb3d0 mode 2
Event: 103.135 Thread 0x0000021e6a44d000 Uncommon trap: trap_request=0xffffffd6 fr.pc=0x0000021e55d276c4 relative=0x00000000000007e4
Event: 103.135 Thread 0x0000021e6a44d000 Uncommon trap: reason=array_check action=maybe_recompile pc=0x0000021e55d276c4 method=java.util.ComparableTimSort.binarySort([Ljava/lang/Object;III)V @ 193 c2
Event: 103.135 Thread 0x0000021e6a44d000 DEOPT PACKING pc=0x0000021e55d276c4 sp=0x00000027a4efb430
Event: 103.135 Thread 0x0000021e6a44d000 DEOPT UNPACKING pc=0x0000021e4daca1af sp=0x00000027a4efb3d0 mode 2
Event: 103.136 Thread 0x0000021e6a44d000 Uncommon trap: trap_request=0xffffffd6 fr.pc=0x0000021e55d202ac relative=0x00000000000006cc
Event: 103.136 Thread 0x0000021e6a44d000 Uncommon trap: reason=array_check action=maybe_recompile pc=0x0000021e55d202ac method=java.util.ComparableTimSort.binarySort([Ljava/lang/Object;III)V @ 215 c2
Event: 103.136 Thread 0x0000021e6a44d000 DEOPT PACKING pc=0x0000021e55d202ac sp=0x00000027a4efb430
Event: 103.136 Thread 0x0000021e6a44d000 DEOPT UNPACKING pc=0x0000021e4daca1af sp=0x00000027a4efb3d0 mode 2
Event: 103.244 Thread 0x0000021e6a44d000 Uncommon trap: trap_request=0xffffff4d fr.pc=0x0000021e557aed78 relative=0x00000000000017b8
Event: 103.244 Thread 0x0000021e6a44d000 Uncommon trap: reason=unstable_if action=reinterpret pc=0x0000021e557aed78 method=java.util.zip.ZipFile.getInputStream(Ljava/util/zip/ZipEntry;)Ljava/io/InputStream; @ 150 c2
Event: 103.244 Thread 0x0000021e6a44d000 DEOPT PACKING pc=0x0000021e557aed78 sp=0x00000027a4efaf80
Event: 103.244 Thread 0x0000021e6a44d000 DEOPT UNPACKING pc=0x0000021e4daca1af sp=0x00000027a4efaf38 mode 2

Classes redefined (0 events):
No events

Internal exceptions (20 events):
Event: 71.323 Thread 0x0000021e6486c800 Exception <a 'java/lang/ClassNotFoundException'{0x00000000856a9dd8}: org/gradle/api/internal/artifacts/dsl/dependencies/DefaultDependencyHandlerBeanInfo> (0x00000000856a9dd8) thrown at [./src/hotspot/share/classfile/systemDictionary.cpp, line 230]
Event: 71.325 Thread 0x0000021e6486c800 Exception <a 'java/lang/ClassNotFoundException'{0x00000000856ef690}: org/gradle/api/internal/artifacts/dsl/dependencies/DefaultDependencyHandlerCustomizer> (0x00000000856ef690) thrown at [./src/hotspot/share/classfile/systemDictionary.cpp, line 230]
Event: 71.331 Thread 0x0000021e6486c800 Exception <a 'java/lang/ClassNotFoundException'{0x000000008555e860}: org/gradle/api/internal/artifacts/dsl/dependencies/DefaultDependencyHandler_DecoratedCustomizer> (0x000000008555e860) thrown at [./src/hotspot/share/classfile/systemDictionary.cpp, line 230]
Event: 72.545 Thread 0x0000021e6486c800 Implicit null exception at 0x0000021e55577374 to 0x0000021e55577894
Event: 72.812 Thread 0x0000021e6a447800 Exception <a 'sun/nio/fs/WindowsException'{0x00000000872b1700}> (0x00000000872b1700) thrown at [./src/hotspot/share/prims/jni.cpp, line 617]
Event: 78.954 Thread 0x0000021e6486c800 Implicit null exception at 0x0000021e556ed5eb to 0x0000021e556ed60c
Event: 78.971 Thread 0x0000021e6486c800 Exception <a 'java/net/SocketTimeoutException'{0x0000000087e05220}: Read timed out> (0x0000000087e05220) thrown at [./src/hotspot/share/prims/jni.cpp, line 638]
Event: 80.146 Thread 0x0000021e6486c800 Exception <a 'java/net/SocketTimeoutException'{0x00000000878970d8}: Read timed out> (0x00000000878970d8) thrown at [./src/hotspot/share/prims/jni.cpp, line 638]
Event: 80.177 Thread 0x0000021e6a44b800 Exception <a 'java/net/SocketTimeoutException'{0x00000000877b45b0}: Read timed out> (0x00000000877b45b0) thrown at [./src/hotspot/share/prims/jni.cpp, line 638]
Event: 81.102 Thread 0x0000021e67331800 Exception <a 'java/net/SocketTimeoutException'{0x00000000863e8cd8}: Read timed out> (0x00000000863e8cd8) thrown at [./src/hotspot/share/prims/jni.cpp, line 638]
Event: 83.244 Thread 0x0000021e67333800 Exception <a 'java/net/SocketTimeoutException'{0x0000000087c5b568}: Read timed out> (0x0000000087c5b568) thrown at [./src/hotspot/share/prims/jni.cpp, line 638]
Event: 83.260 Thread 0x0000021e6733a800 Exception <a 'java/net/SocketTimeoutException'{0x0000000087c72138}: Read timed out> (0x0000000087c72138) thrown at [./src/hotspot/share/prims/jni.cpp, line 638]
Event: 83.630 Thread 0x0000021e6486c800 Exception <a 'java/lang/NoSuchMethodError'{0x0000000086e14840}: 'java.lang.Object java.lang.invoke.Invokers$Holder.linkToTargetMethod(java.lang.Object, java.lang.Object, java.lang.Object, java.lang.Object, java.lang.Object, java.lang.Object, java.lang.Object, java.lang.Object, java.lang.Object)'> (0x0000000086e14840) thrown at [./src/hotspot/share/interpreter/linkResolver.cpp, line 773]
Event: 85.461 Thread 0x0000021e6a44d000 Exception <a 'java/lang/NoSuchMethodError'{0x0000000085bf3358}: 'java.lang.Object java.lang.invoke.DirectMethodHandle$Holder.invokeStatic(java.lang.Object, java.lang.Object, java.lang.Object, java.lang.Object, int, java.lang.Object)'> (0x0000000085bf3358) thrown at [./src/hotspot/share/interpreter/linkResolver.cpp, line 773]
Event: 85.462 Thread 0x0000021e6a44d000 Exception <a 'java/lang/NoSuchMethodError'{0x0000000085bf6e60}: 'java.lang.Object java.lang.invoke.Invokers$Holder.linkToTargetMethod(java.lang.Object, java.lang.Object, java.lang.Object, int, java.lang.Object, java.lang.Object)'> (0x0000000085bf6e60) thrown at [./src/hotspot/share/interpreter/linkResolver.cpp, line 773]
Event: 85.491 Thread 0x0000021e6a44d000 Exception <a 'java/lang/NoSuchMethodError'{0x0000000085a7d948}: 'void java.lang.invoke.DirectMethodHandle$Holder.invokeInterface(java.lang.Object, java.lang.Object, java.lang.Object, java.lang.Object)'> (0x0000000085a7d948) thrown at [./src/hotspot/share/interpreter/linkResolver.cpp, line 773]
Event: 85.665 Thread 0x0000021e6a44d000 Exception <a 'sun/nio/fs/WindowsException'{0x00000000859c0c78}> (0x00000000859c0c78) thrown at [./src/hotspot/share/prims/jni.cpp, line 617]
Event: 85.668 Thread 0x0000021e6a44d000 Exception <a 'sun/nio/fs/WindowsException'{0x00000000859c3078}> (0x00000000859c3078) thrown at [./src/hotspot/share/prims/jni.cpp, line 617]
Event: 85.711 Thread 0x0000021e6a44d000 Exception <a 'java/lang/NoSuchMethodError'{0x0000000085848b68}: 'int java.lang.invoke.DirectMethodHandle$Holder.invokeSpecial(java.lang.Object, java.lang.Object, java.lang.Object, java.lang.Object, java.lang.Object)'> (0x0000000085848b68) thrown at [./src/hotspot/share/interpreter/linkResolver.cpp, line 773]
Event: 103.386 Thread 0x0000021e6a44d000 Exception <a 'java/net/SocketTimeoutException'{0x00000000877d34a8}: Read timed out> (0x00000000877d34a8) thrown at [./src/hotspot/share/prims/jni.cpp, line 638]

Events (20 events):
Event: 101.122 Executing VM operation: G1CollectForAllocation
Event: 101.124 Executing VM operation: G1CollectForAllocation done
Event: 101.382 Executing VM operation: G1CollectForAllocation
Event: 101.383 Executing VM operation: G1CollectForAllocation done
Event: 101.663 Executing VM operation: G1CollectForAllocation
Event: 101.665 Executing VM operation: G1CollectForAllocation done
Event: 102.018 Executing VM operation: G1CollectForAllocation
Event: 102.019 Executing VM operation: G1CollectForAllocation done
Event: 102.654 Executing VM operation: G1CollectForAllocation
Event: 102.656 Executing VM operation: G1CollectForAllocation done
Event: 103.244 Executing VM operation: RevokeBias
Event: 103.244 Executing VM operation: RevokeBias done
Event: 103.372 Executing VM operation: RevokeBias
Event: 103.372 Executing VM operation: RevokeBias done
Event: 103.372 Executing VM operation: RevokeBias
Event: 103.373 Executing VM operation: RevokeBias done
Event: 103.373 Executing VM operation: RevokeBias
Event: 103.374 Executing VM operation: RevokeBias done
Event: 103.386 Executing VM operation: RevokeBias
Event: 103.387 Executing VM operation: RevokeBias done


Dynamic libraries:
0x00007ff759ea0000 - 0x00007ff759ead000 	C:\Program Files\Microsoft\jdk-11.0.18.10-hotspot\bin\java.exe
0x00007ffb4dc30000 - 0x00007ffb4de28000 	C:\WINDOWS\SYSTEM32\ntdll.dll
0x00007ffb27b00000 - 0x00007ffb27b19000 	C:\Program Files\AVAST Software\Avast\aswhook.dll
0x00007ffb4da90000 - 0x00007ffb4db4f000 	C:\WINDOWS\System32\KERNEL32.DLL
0x00007ffb4b990000 - 0x00007ffb4bc86000 	C:\WINDOWS\System32\KERNELBASE.dll
0x00007ffb4b310000 - 0x00007ffb4b410000 	C:\WINDOWS\System32\ucrtbase.dll
0x00007ffb464f0000 - 0x00007ffb46505000 	C:\Program Files\Microsoft\jdk-11.0.18.10-hotspot\bin\VCRUNTIME140.dll
0x00007ffb46510000 - 0x00007ffb46527000 	C:\Program Files\Microsoft\jdk-11.0.18.10-hotspot\bin\jli.dll
0x00007ffb4bc90000 - 0x00007ffb4be2d000 	C:\WINDOWS\System32\USER32.dll
0x00007ffb4b460000 - 0x00007ffb4b482000 	C:\WINDOWS\System32\win32u.dll
0x00007ffb38f70000 - 0x00007ffb3920a000 	C:\WINDOWS\WinSxS\amd64_microsoft.windows.common-controls_6595b64144ccf1df_6.0.19041.1110_none_60b5254171f9507e\COMCTL32.dll
0x00007ffb4d090000 - 0x00007ffb4d0bc000 	C:\WINDOWS\System32\GDI32.dll
0x00007ffb4ca60000 - 0x00007ffb4cafe000 	C:\WINDOWS\System32\msvcrt.dll
0x00007ffb4b870000 - 0x00007ffb4b985000 	C:\WINDOWS\System32\gdi32full.dll
0x00007ffb4b500000 - 0x00007ffb4b59d000 	C:\WINDOWS\System32\msvcp_win.dll
0x00007ffb4c450000 - 0x00007ffb4c480000 	C:\WINDOWS\System32\IMM32.DLL
0x00007ffb08c00000 - 0x00007ffb08c9b000 	C:\Program Files\Microsoft\jdk-11.0.18.10-hotspot\bin\msvcp140.dll
0x00007ffac5710000 - 0x00007ffac62a2000 	C:\Program Files\Microsoft\jdk-11.0.18.10-hotspot\bin\server\jvm.dll
0x00007ffb4ce30000 - 0x00007ffb4cedf000 	C:\WINDOWS\System32\ADVAPI32.dll
0x00007ffb4db50000 - 0x00007ffb4dbec000 	C:\WINDOWS\System32\sechost.dll
0x00007ffb4c8a0000 - 0x00007ffb4c9c6000 	C:\WINDOWS\System32\RPCRT4.dll
0x00007ffb4bfd0000 - 0x00007ffb4bfd8000 	C:\WINDOWS\System32\PSAPI.DLL
0x00007ffb41d60000 - 0x00007ffb41d6a000 	C:\WINDOWS\SYSTEM32\VERSION.dll
0x00007ffb28cf0000 - 0x00007ffb28d17000 	C:\WINDOWS\SYSTEM32\WINMM.dll
0x00007ffb36540000 - 0x00007ffb36549000 	C:\WINDOWS\SYSTEM32\WSOCK32.dll
0x00007ffb4cdc0000 - 0x00007ffb4ce2b000 	C:\WINDOWS\System32\WS2_32.dll
0x00007ffb49b40000 - 0x00007ffb49b52000 	C:\WINDOWS\SYSTEM32\kernel.appcore.dll
0x00007ffb464e0000 - 0x00007ffb464f0000 	C:\Program Files\Microsoft\jdk-11.0.18.10-hotspot\bin\verify.dll
0x00007ffb48a80000 - 0x00007ffb48c64000 	C:\WINDOWS\SYSTEM32\DBGHELP.DLL
0x00007ffb3cc80000 - 0x00007ffb3ccb4000 	C:\WINDOWS\SYSTEM32\dbgcore.DLL
0x00007ffb4b700000 - 0x00007ffb4b782000 	C:\WINDOWS\System32\bcryptPrimitives.dll
0x00007ffb464b0000 - 0x00007ffb464d8000 	C:\Program Files\Microsoft\jdk-11.0.18.10-hotspot\bin\java.dll
0x00007ffb464a0000 - 0x00007ffb464aa000 	C:\Program Files\Microsoft\jdk-11.0.18.10-hotspot\bin\jimage.dll
0x00007ffb20c40000 - 0x00007ffb20c58000 	C:\Program Files\Microsoft\jdk-11.0.18.10-hotspot\bin\zip.dll
0x00007ffb4d2b0000 - 0x00007ffb4d9f4000 	C:\WINDOWS\System32\SHELL32.dll
0x00007ffb493a0000 - 0x00007ffb49b34000 	C:\WINDOWS\SYSTEM32\windows.storage.dll
0x00007ffb4c4e0000 - 0x00007ffb4c834000 	C:\WINDOWS\System32\combase.dll
0x00007ffb4ad50000 - 0x00007ffb4ad7e000 	C:\WINDOWS\SYSTEM32\Wldp.dll
0x00007ffb4ccb0000 - 0x00007ffb4cd5d000 	C:\WINDOWS\System32\SHCORE.dll
0x00007ffb4c840000 - 0x00007ffb4c895000 	C:\WINDOWS\System32\shlwapi.dll
0x00007ffb4b240000 - 0x00007ffb4b265000 	C:\WINDOWS\SYSTEM32\profapi.dll
0x00007ffb20c20000 - 0x00007ffb20c39000 	C:\Program Files\Microsoft\jdk-11.0.18.10-hotspot\bin\net.dll
0x00007ffb3c8d0000 - 0x00007ffb3c9da000 	C:\WINDOWS\SYSTEM32\WINHTTP.dll
0x00007ffb4aab0000 - 0x00007ffb4ab1a000 	C:\WINDOWS\system32\mswsock.dll
0x00007ffb20c00000 - 0x00007ffb20c13000 	C:\Program Files\Microsoft\jdk-11.0.18.10-hotspot\bin\nio.dll
0x00007ffb18f70000 - 0x00007ffb18f97000 	C:\Users\Valeria\.gradle\native\68d5fa5c4cc2d200863cafc0d521ce42e7d3e7ee720ec0a83991735586a16f82\windows-amd64\native-platform.dll
0x00007ffae3650000 - 0x00007ffae3794000 	C:\Users\Valeria\.gradle\native\e376f236ea51e6404a007f0833ffe2c6e607c4080706a723a18a27aeea778392\windows-amd64\native-platform-file-events.dll
0x00007ffb37c70000 - 0x00007ffb37c79000 	C:\Program Files\Microsoft\jdk-11.0.18.10-hotspot\bin\management.dll
0x00007ffb2ede0000 - 0x00007ffb2edeb000 	C:\Program Files\Microsoft\jdk-11.0.18.10-hotspot\bin\management_ext.dll
0x00007ffb4acb0000 - 0x00007ffb4acc8000 	C:\WINDOWS\SYSTEM32\CRYPTSP.dll
0x00007ffb4a360000 - 0x00007ffb4a394000 	C:\WINDOWS\system32\rsaenh.dll
0x00007ffb4b840000 - 0x00007ffb4b867000 	C:\WINDOWS\System32\bcrypt.dll
0x00007ffb4b1c0000 - 0x00007ffb4b1ee000 	C:\WINDOWS\SYSTEM32\USERENV.dll
0x00007ffb4aca0000 - 0x00007ffb4acac000 	C:\WINDOWS\SYSTEM32\CRYPTBASE.dll
0x00007ffb4a750000 - 0x00007ffb4a78c000 	C:\WINDOWS\SYSTEM32\IPHLPAPI.DLL
0x00007ffb4d2a0000 - 0x00007ffb4d2a8000 	C:\WINDOWS\System32\NSI.dll
0x00007ffb3ccc0000 - 0x00007ffb3ccd7000 	C:\WINDOWS\SYSTEM32\dhcpcsvc6.DLL
0x00007ffb416f0000 - 0x00007ffb4170d000 	C:\WINDOWS\SYSTEM32\dhcpcsvc.DLL
0x00007ffb4a7a0000 - 0x00007ffb4a86a000 	C:\WINDOWS\SYSTEM32\DNSAPI.dll
0x00007ffb437e0000 - 0x00007ffb43805000 	C:\Program Files\Microsoft\jdk-11.0.18.10-hotspot\bin\sunec.dll
0x00007ffb41710000 - 0x00007ffb4171a000 	C:\Windows\System32\rasadhlp.dll
0x00007ffb38ee0000 - 0x00007ffb38f62000 	C:\WINDOWS\System32\fwpuclnt.dll
0x00007ffb437d0000 - 0x00007ffb437de000 	C:\Program Files\Microsoft\jdk-11.0.18.10-hotspot\bin\sunmscapi.dll
0x00007ffb4b5a0000 - 0x00007ffb4b6fe000 	C:\WINDOWS\System32\CRYPT32.dll
0x00007ffb4adc0000 - 0x00007ffb4ade8000 	C:\WINDOWS\SYSTEM32\ncrypt.dll
0x00007ffb4ad80000 - 0x00007ffb4adbb000 	C:\WINDOWS\SYSTEM32\NTASN1.dll

dbghelp: loaded successfully - version: 4.0.5 - missing functions: none
symbol engine: initialized successfully - sym options: 0x614 - pdb path: .;C:\Program Files\Microsoft\jdk-11.0.18.10-hotspot\bin;C:\WINDOWS\SYSTEM32;C:\Program Files\AVAST Software\Avast;C:\WINDOWS\WinSxS\amd64_microsoft.windows.common-controls_6595b64144ccf1df_6.0.19041.1110_none_60b5254171f9507e;C:\Program Files\Microsoft\jdk-11.0.18.10-hotspot\bin\server;C:\Users\Valeria\.gradle\native\68d5fa5c4cc2d200863cafc0d521ce42e7d3e7ee720ec0a83991735586a16f82\windows-amd64;C:\Users\Valeria\.gradle\native\e376f236ea51e6404a007f0833ffe2c6e607c4080706a723a18a27aeea778392\windows-amd64

VM Arguments:
jvm_args: -XX:MaxMetaspaceSize=512m --add-opens=java.base/java.util=ALL-UNNAMED --add-opens=java.base/java.lang=ALL-UNNAMED --add-opens=java.base/java.lang.invoke=ALL-UNNAMED --add-opens=java.prefs/java.util.prefs=ALL-UNNAMED --add-opens=java.base/java.nio.charset=ALL-UNNAMED --add-opens=java.base/java.net=ALL-UNNAMED --add-opens=java.base/java.util.concurrent.atomic=ALL-UNNAMED -Xmx2048m -Dfile.encoding=windows-1252 -Duser.country=AR -Duser.language=es -Duser.variant 
java_command: org.gradle.launcher.daemon.bootstrap.GradleDaemon 8.0.1
java_class_path (initial): C:\Users\Valeria\.gradle\wrapper\dists\gradle-8.0.1-all\aro4hu1c3oeioove7l0i4i14o\gradle-8.0.1\lib\gradle-launcher-8.0.1.jar
Launcher Type: SUN_STANDARD

[Global flags]
     intx CICompilerCount                          = 3                                         {product} {ergonomic}
   size_t CompressedClassSpaceSize                 = 528482304                                 {product} {ergonomic}
     uint ConcGCThreads                            = 1                                         {product} {ergonomic}
     uint G1ConcRefinementThreads                  = 4                                         {product} {ergonomic}
   size_t G1HeapRegionSize                         = 1048576                                   {product} {ergonomic}
    uintx GCDrainStackTargetSize                   = 64                                        {product} {ergonomic}
   size_t InitialHeapSize                          = 134217728                                 {product} {ergonomic}
   size_t MarkStackSize                            = 4194304                                   {product} {ergonomic}
   size_t MaxHeapSize                              = 2147483648                                {product} {command line}
   size_t MaxMetaspaceSize                         = 536870912                                 {product} {command line}
   size_t MaxNewSize                               = 1287651328                                {product} {ergonomic}
   size_t MinHeapDeltaBytes                        = 1048576                                   {product} {ergonomic}
    uintx NonNMethodCodeHeapSize                   = 5830732                                {pd product} {ergonomic}
    uintx NonProfiledCodeHeapSize                  = 122913754                              {pd product} {ergonomic}
    uintx ProfiledCodeHeapSize                     = 122913754                              {pd product} {ergonomic}
    uintx ReservedCodeCacheSize                    = 251658240                              {pd product} {ergonomic}
     bool SegmentedCodeCache                       = true                                      {product} {ergonomic}
     bool UseCompressedClassPointers               = true                                 {lp64_product} {ergonomic}
     bool UseCompressedOops                        = true                                 {lp64_product} {ergonomic}
     bool UseG1GC                                  = true                                      {product} {ergonomic}
     bool UseLargePagesIndividualAllocation        = false                                  {pd product} {ergonomic}

Logging:
Log output configuration:
 #0: stdout all=warning uptime,level,tags
 #1: stderr all=off uptime,level,tags

Environment Variables:
JAVA_HOME=C:\Program Files\Microsoft\jdk-11.0.18.10-hotspot\
CLASSPATH=C:\Users\Valeria\Documents\GitHub\ApiFinal\final_garassino\android\\gradle\wrapper\gradle-wrapper.jar
PATH=C:\Users\Valeria\Documents\GitHub\ApiFinal\final_garassino\node_modules\.bin;C:\Users\Valeria\Documents\GitHub\ApiFinal\node_modules\.bin;C:\Users\Valeria\Documents\GitHub\node_modules\.bin;C:\Users\Valeria\Documents\node_modules\.bin;C:\Users\Valeria\node_modules\.bin;C:\Users\node_modules\.bin;C:\node_modules\.bin;C:\Program Files\nodejs\node_modules\npm\node_modules\@npmcli\run-script\lib\node-gyp-bin;C:\Program Files\Microsoft\jdk-11.0.18.10-hotspot\bin;C:\WINDOWS\system32;C:\WINDOWS;C:\WINDOWS\System32\Wbem;C:\WINDOWS\System32\WindowsPowerShell\v1.0\;C:\WINDOWS\System32\OpenSSH\;C:\Program Files\Microsoft SQL Server\Client SDK\ODBC\170\Tools\Binn\;C:\Program Files (x86)\Microsoft SQL Server\150\Tools\Binn\;C:\Program Files\Microsoft SQL Server\150\Tools\Binn\;C:\Program Files\Microsoft SQL Server\150\DTS\Binn\;C:\Program Files (x86)\Microsoft SQL Server\150\DTS\Binn\;C:\Program Files\Azure Data Studio\bin;C:\Program Files\Git\cmd;C:\Program Files\nodejs\;C:\ProgramData\chocolatey\bin;C:\Users\Valeria\AppData\Local\Microsoft\WindowsApps;C:\Program Files\Azure Data Studio\bin;C:\Users\Valeria\AppData\Local\Programs\Microsoft VS Code\bin;C:\Users\Valeria\AppData\Local\GitHubDesktop\bin;C:\Users\Valeria\AppData\Roaming\npm;C:\Users\Valeria\AppData\Local\Android\Sdk\platform-tools;
USERNAME=Valeria
LANG=en_US.UTF-8
OS=Windows_NT
PROCESSOR_IDENTIFIER=Intel64 Family 6 Model 142 Stepping 9, GenuineIntel
TMP=C:\Users\Valeria\AppData\Local\Temp
TEMP=C:\Users\Valeria\AppData\Local\Temp



---------------  S Y S T E M  ---------------

OS: Windows 10 , 64 bit Build 19041 (10.0.19041.3155)
OS uptime: 0 days 13:00 hours

CPU:total 4 (initial active 4) (2 cores per cpu, 2 threads per core) family 6 model 142 stepping 9 microcode 0xb4, cmov, cx8, fxsr, mmx, sse, sse2, sse3, ssse3, sse4.1, sse4.2, popcnt, avx, avx2, aes, clmul, erms, 3dnowpref, lzcnt, ht, tsc, tscinvbit, bmi1, bmi2, adx, fma

Memory: 4k page, system-wide physical 8072M (284M free)
TotalPageFile size 12072M (AvailPageFile size 11M)
current process WorkingSet (physical memory assigned to process): 359M, peak: 375M
current process commit charge ("private bytes"): 422M, peak: 428M

vm_info: OpenJDK 64-Bit Server VM (11.0.18+10-LTS) for windows-amd64 JRE (11.0.18+10-LTS), built on Jan 18 2023 15:56:47 by "MicrosoftCorporation" with MS VC++ 15.9 (VS2017)

END.
