#
# There is insufficient memory for the Java Runtime Environment to continue.
# Native memory allocation (malloc) failed to allocate 996336 bytes for Chunk::new
# Possible reasons:
#   The system is out of physical RAM or swap space
#   The process is running with CompressedOops enabled, and the Java Heap may be blocking the growth of the native heap
# Possible solutions:
#   Reduce memory load on the system
#   Increase physical memory or swap space
#   Check if swap backing store is full
#   Decrease Java heap size (-Xmx/-Xms)
#   Decrease number of Java threads
#   Decrease Java thread stack sizes (-Xss)
#   Set larger code cache with -XX:ReservedCodeCacheSize=
#   JVM is running with Unscaled Compressed Oops mode in which the Java heap is
#     placed in the first 4GB address space. The Java Heap base address is the
#     maximum limit for the native heap growth. Please use -XX:HeapBaseMinAddress
#     to set the Java Heap base and to place the Java Heap above 4GB virtual address.
# This output file may be truncated or incomplete.
#
#  Out of Memory Error (./src/hotspot/share/memory/arena.cpp:197), pid=8284, tid=9112
#
# JRE version: OpenJDK Runtime Environment Microsoft-7208460 (11.0.18+10) (build 11.0.18+10-LTS)
# Java VM: OpenJDK 64-Bit Server VM Microsoft-7208460 (11.0.18+10-LTS, mixed mode, tiered, compressed oops, g1 gc, windows-amd64)
# No core dump will be written. Minidumps are not enabled by default on client versions of Windows
#

---------------  S U M M A R Y ------------

Command Line: -XX:MaxMetaspaceSize=512m --add-opens=java.base/java.util=ALL-UNNAMED --add-opens=java.base/java.lang=ALL-UNNAMED --add-opens=java.base/java.lang.invoke=ALL-UNNAMED --add-opens=java.prefs/java.util.prefs=ALL-UNNAMED --add-opens=java.base/java.nio.charset=ALL-UNNAMED --add-opens=java.base/java.net=ALL-UNNAMED --add-opens=java.base/java.util.concurrent.atomic=ALL-UNNAMED -Xmx2048m -Dfile.encoding=windows-1252 -Duser.country=AR -Duser.language=es -Duser.variant org.gradle.launcher.daemon.bootstrap.GradleDaemon 8.0.1

Host: Intel(R) Core(TM) i5-7200U CPU @ 2.50GHz, 4 cores, 7G,  Windows 10 , 64 bit Build 19041 (10.0.19041.3155)
Time: Mon Jul 17 09:53:11 2023 Hora estándar de Argentina elapsed time: 109.032640 seconds (0d 0h 1m 49s)

---------------  T H R E A D  ---------------

Current thread (0x000002bed497e000):  JavaThread "C2 CompilerThread0" daemon [_thread_in_native, id=9112, stack(0x000000db7ba00000,0x000000db7bb00000)]


Current CompileTask:
C2: 109032 7484 % !   4       java.util.jar.Attributes::read @ 155 (354 bytes)

Stack: [0x000000db7ba00000,0x000000db7bb00000]
Native frames: (J=compiled Java code, j=interpreted, Vv=VM code, C=native code)
V  [jvm.dll+0x62bf8a]
V  [jvm.dll+0x7b8fb9]
V  [jvm.dll+0x7ba6a8]
V  [jvm.dll+0x7bad83]
V  [jvm.dll+0x250248]
V  [jvm.dll+0xc260c]
V  [jvm.dll+0xc2bcc]
V  [jvm.dll+0x35e1c7]
V  [jvm.dll+0x32a373]
V  [jvm.dll+0x3296aa]
V  [jvm.dll+0x2093b3]
V  [jvm.dll+0x20850d]
V  [jvm.dll+0x18a4b1]
V  [jvm.dll+0x217eec]
V  [jvm.dll+0x21612b]
V  [jvm.dll+0x77bac0]
V  [jvm.dll+0x7749f4]
V  [jvm.dll+0x62adf5]
C  [ucrtbase.dll+0x21bb2]
C  [KERNEL32.DLL+0x17614]
C  [ntdll.dll+0x526b1]


---------------  P R O C E S S  ---------------

Threads class SMR info:
_java_thread_list=0x000002bedc955220, length=35, elements={
0x000002beb60d7800, 0x000002bed4918000, 0x000002bed4919000, 0x000002bed497a800,
0x000002bed497c000, 0x000002bed497d000, 0x000002bed497e000, 0x000002bed52a4800,
0x000002bed52e1000, 0x000002bed5403800, 0x000002bed7738000, 0x000002bed622e800,
0x000002bed75fd800, 0x000002bed5f9a800, 0x000002bed60b7800, 0x000002bed6e6e800,
0x000002bed60b8000, 0x000002bed5738800, 0x000002bed5d1c000, 0x000002bed78c0800,
0x000002bed78c3000, 0x000002bed78c3800, 0x000002bed78be800, 0x000002bed78c1000,
0x000002bed78c2000, 0x000002bed78be000, 0x000002bed78bf800, 0x000002bed78c4800,
0x000002bed7fda800, 0x000002bed7fd9800, 0x000002bed7fdc000, 0x000002bed7fdd000,
0x000002bed7fe2800, 0x000002bed7fde800, 0x000002bed7fe3800
}

Java Threads: ( => current thread )
  0x000002beb60d7800 JavaThread "main" [_thread_blocked, id=7444, stack(0x000000db7ae00000,0x000000db7af00000)]
  0x000002bed4918000 JavaThread "Reference Handler" daemon [_thread_blocked, id=14868, stack(0x000000db7b500000,0x000000db7b600000)]
  0x000002bed4919000 JavaThread "Finalizer" daemon [_thread_blocked, id=14852, stack(0x000000db7b600000,0x000000db7b700000)]
  0x000002bed497a800 JavaThread "Signal Dispatcher" daemon [_thread_blocked, id=7756, stack(0x000000db7b700000,0x000000db7b800000)]
  0x000002bed497c000 JavaThread "Attach Listener" daemon [_thread_blocked, id=6496, stack(0x000000db7b800000,0x000000db7b900000)]
  0x000002bed497d000 JavaThread "Service Thread" daemon [_thread_blocked, id=15232, stack(0x000000db7b900000,0x000000db7ba00000)]
=>0x000002bed497e000 JavaThread "C2 CompilerThread0" daemon [_thread_in_native, id=9112, stack(0x000000db7ba00000,0x000000db7bb00000)]
  0x000002bed52a4800 JavaThread "C1 CompilerThread0" daemon [_thread_blocked, id=6792, stack(0x000000db7bb00000,0x000000db7bc00000)]
  0x000002bed52e1000 JavaThread "Sweeper thread" daemon [_thread_blocked, id=14912, stack(0x000000db7bc00000,0x000000db7bd00000)]
  0x000002bed5403800 JavaThread "Common-Cleaner" daemon [_thread_blocked, id=1324, stack(0x000000db7bd00000,0x000000db7be00000)]
  0x000002bed7738000 JavaThread "Daemon health stats" [_thread_blocked, id=9844, stack(0x000000db7c200000,0x000000db7c300000)]
  0x000002bed622e800 JavaThread "Incoming local TCP Connector on port 61443" [_thread_in_native, id=7004, stack(0x000000db7c100000,0x000000db7c200000)]
  0x000002bed75fd800 JavaThread "Daemon periodic checks" [_thread_blocked, id=348, stack(0x000000db7c300000,0x000000db7c400000)]
  0x000002bed5f9a800 JavaThread "Daemon" [_thread_blocked, id=7808, stack(0x000000db7c400000,0x000000db7c500000)]
  0x000002bed60b7800 JavaThread "Handler for socket connection from /127.0.0.1:61443 to /127.0.0.1:61445" [_thread_in_native, id=13348, stack(0x000000db7c500000,0x000000db7c600000)]
  0x000002bed6e6e800 JavaThread "Cancel handler" [_thread_blocked, id=1228, stack(0x000000db7c600000,0x000000db7c700000)]
  0x000002bed60b8000 JavaThread "Daemon worker" [_thread_in_vm, id=12396, stack(0x000000db7c700000,0x000000db7c800000)]
  0x000002bed5738800 JavaThread "Asynchronous log dispatcher for DefaultDaemonConnection: socket connection from /127.0.0.1:61443 to /127.0.0.1:61445" [_thread_blocked, id=1480, stack(0x000000db7c800000,0x000000db7c900000)]
  0x000002bed5d1c000 JavaThread "Daemon client event forwarder" [_thread_blocked, id=15132, stack(0x000000db7cc00000,0x000000db7cd00000)]
  0x000002bed78c0800 JavaThread "Cache worker for journal cache (C:\Users\Valeria\.gradle\caches\journal-1)" [_thread_blocked, id=14388, stack(0x000000db7cd00000,0x000000db7ce00000)]
  0x000002bed78c3000 JavaThread "File lock request listener" [_thread_in_native, id=6268, stack(0x000000db7ce00000,0x000000db7cf00000)]
  0x000002bed78c3800 JavaThread "Cache worker for file hash cache (C:\Users\Valeria\.gradle\caches\8.0.1\fileHashes)" [_thread_blocked, id=10932, stack(0x000000db7ad00000,0x000000db7ae00000)]
  0x000002bed78be800 JavaThread "File watcher server" daemon [_thread_in_native, id=7964, stack(0x000000db7cf00000,0x000000db7d000000)]
  0x000002bed78c1000 JavaThread "File watcher consumer" daemon [_thread_blocked, id=1596, stack(0x000000db7d000000,0x000000db7d100000)]
  0x000002bed78c2000 JavaThread "Cache worker for checksums cache (C:\Users\Valeria\Documents\GitHub\ApiFinal\final_garassino\android\.gradle\8.0.1\checksums)" [_thread_blocked, id=8856, stack(0x000000db7d100000,0x000000db7d200000)]
  0x000002bed78be000 JavaThread "Cache worker for cache directory md-rule (C:\Users\Valeria\.gradle\caches\8.0.1\md-rule)" [_thread_blocked, id=11476, stack(0x000000db7d200000,0x000000db7d300000)]
  0x000002bed78bf800 JavaThread "Cache worker for file content cache (C:\Users\Valeria\.gradle\caches\8.0.1\fileContent)" [_thread_blocked, id=8428, stack(0x000000db7d300000,0x000000db7d400000)]
  0x000002bed78c4800 JavaThread "Cache worker for file hash cache (C:\Users\Valeria\Documents\GitHub\ApiFinal\final_garassino\android\.gradle\8.0.1\fileHashes)" [_thread_blocked, id=10664, stack(0x000000db7d400000,0x000000db7d500000)]
  0x000002bed7fda800 JavaThread "Cache worker for cache directory md-supplier (C:\Users\Valeria\.gradle\caches\8.0.1\md-supplier)" [_thread_blocked, id=10152, stack(0x000000db7d500000,0x000000db7d600000)]
  0x000002bed7fd9800 JavaThread "Cache worker for execution history cache (C:\Users\Valeria\.gradle\caches\8.0.1\executionHistory)" [_thread_blocked, id=11596, stack(0x000000db7d600000,0x000000db7d700000)]
  0x000002bed7fdc000 JavaThread "jar transforms" [_thread_blocked, id=3676, stack(0x000000db7d700000,0x000000db7d800000)]
  0x000002bed7fdd000 JavaThread "jar transforms Thread 2" [_thread_blocked, id=11972, stack(0x000000db7d800000,0x000000db7d900000)]
  0x000002bed7fe2800 JavaThread "jar transforms Thread 3" [_thread_blocked, id=2536, stack(0x000000db7d900000,0x000000db7da00000)]
  0x000002bed7fde800 JavaThread "jar transforms Thread 4" [_thread_blocked, id=14468, stack(0x000000db7da00000,0x000000db7db00000)]
  0x000002bed7fe3800 JavaThread "Cache worker for kotlin-dsl (C:\Users\Valeria\.gradle\caches\8.0.1\kotlin-dsl)" [_thread_blocked, id=14888, stack(0x000000db7db00000,0x000000db7dc00000)]

Other Threads:
  0x000002bed4911800 VMThread "VM Thread" [stack: 0x000000db7b400000,0x000000db7b500000] [id=10556]
  0x000002bed5443800 WatcherThread [stack: 0x000000db7be00000,0x000000db7bf00000] [id=9692]
  0x000002beb60ef800 GCTaskThread "GC Thread#0" [stack: 0x000000db7af00000,0x000000db7b000000] [id=13096]
  0x000002bed5bbb800 GCTaskThread "GC Thread#1" [stack: 0x000000db7bf00000,0x000000db7c000000] [id=11280]
  0x000002bed5c8d800 GCTaskThread "GC Thread#2" [stack: 0x000000db7c000000,0x000000db7c100000] [id=14708]
  0x000002bed5527800 GCTaskThread "GC Thread#3" [stack: 0x000000db7ca00000,0x000000db7cb00000] [id=8828]
  0x000002beb6121000 ConcurrentGCThread "G1 Main Marker" [stack: 0x000000db7b000000,0x000000db7b100000] [id=12320]
  0x000002beb6122800 ConcurrentGCThread "G1 Conc#0" [stack: 0x000000db7b100000,0x000000db7b200000] [id=3020]
  0x000002bed4791000 ConcurrentGCThread "G1 Refine#0" [stack: 0x000000db7b200000,0x000000db7b300000] [id=6048]
  0x000002bed80fb800 ConcurrentGCThread "G1 Refine#1" [stack: 0x000000db7cb00000,0x000000db7cc00000] [id=2144]
  0x000002beb61a0000 ConcurrentGCThread "G1 Young RemSet Sampling" [stack: 0x000000db7b300000,0x000000db7b400000] [id=14720]

Threads with active compile tasks:
C2 CompilerThread0   109106 7484 % !   4       java.util.jar.Attributes::read @ 155 (354 bytes)

VM state:not at safepoint (normal execution)

VM Mutex/Monitor currently owned by a thread: None

Heap address: 0x0000000080000000, size: 2048 MB, Compressed Oops mode: 32-bit
Narrow klass base: 0x0000000000000000, Narrow klass shift: 3
Compressed class space size: 528482304 Address: 0x0000000100000000

Heap:
 garbage-first heap   total 227328K, used 81150K [0x0000000080000000, 0x0000000100000000)
  region size 1024K, 17 young (17408K), 6 survivors (6144K)
 Metaspace       used 53467K, capacity 54869K, committed 54992K, reserved 565248K
  class space    used 6471K, capacity 7008K, committed 7040K, reserved 516096K
Heap Regions: E=young(eden), S=young(survivor), O=old, HS=humongous(starts), HC=humongous(continues), CS=collection set, F=free, A=archive, TAMS=top-at-mark-start (previous, next)
|   0|0x0000000080000000, 0x0000000080100000, 0x0000000080100000|100%| O|  |TAMS 0x0000000080100000, 0x0000000080000000| Untracked 
|   1|0x0000000080100000, 0x0000000080200000, 0x0000000080200000|100%| O|  |TAMS 0x0000000080200000, 0x0000000080100000| Untracked 
|   2|0x0000000080200000, 0x0000000080300000, 0x0000000080300000|100%| O|  |TAMS 0x0000000080300000, 0x0000000080200000| Untracked 
|   3|0x0000000080300000, 0x0000000080400000, 0x0000000080400000|100%|HS|  |TAMS 0x0000000080400000, 0x0000000080300000| Complete 
|   4|0x0000000080400000, 0x0000000080500000, 0x0000000080500000|100%|HC|  |TAMS 0x0000000080500000, 0x0000000080400000| Complete 
|   5|0x0000000080500000, 0x0000000080600000, 0x0000000080600000|100%|HC|  |TAMS 0x0000000080600000, 0x0000000080500000| Complete 
|   6|0x0000000080600000, 0x0000000080700000, 0x0000000080700000|100%|HC|  |TAMS 0x0000000080700000, 0x0000000080600000| Complete 
|   7|0x0000000080700000, 0x0000000080800000, 0x0000000080800000|100%| O|  |TAMS 0x0000000080800000, 0x0000000080700000| Untracked 
|   8|0x0000000080800000, 0x0000000080900000, 0x0000000080900000|100%| O|  |TAMS 0x0000000080900000, 0x0000000080800000| Untracked 
|   9|0x0000000080900000, 0x0000000080a00000, 0x0000000080a00000|100%| O|  |TAMS 0x0000000080a00000, 0x0000000080900000| Untracked 
|  10|0x0000000080a00000, 0x0000000080b00000, 0x0000000080b00000|100%| O|  |TAMS 0x0000000080b00000, 0x0000000080a00000| Untracked 
|  11|0x0000000080b00000, 0x0000000080c00000, 0x0000000080c00000|100%| O|  |TAMS 0x0000000080c00000, 0x0000000080b00000| Untracked 
|  12|0x0000000080c00000, 0x0000000080d00000, 0x0000000080d00000|100%| O|  |TAMS 0x0000000080d00000, 0x0000000080c00000| Untracked 
|  13|0x0000000080d00000, 0x0000000080e00000, 0x0000000080e00000|100%| O|  |TAMS 0x0000000080e00000, 0x0000000080d00000| Untracked 
|  14|0x0000000080e00000, 0x0000000080f00000, 0x0000000080f00000|100%| O|  |TAMS 0x0000000080f00000, 0x0000000080e00000| Untracked 
|  15|0x0000000080f00000, 0x0000000081000000, 0x0000000081000000|100%| O|  |TAMS 0x0000000081000000, 0x0000000080f00000| Untracked 
|  16|0x0000000081000000, 0x0000000081100000, 0x0000000081100000|100%| O|  |TAMS 0x0000000081100000, 0x0000000081000000| Untracked 
|  17|0x0000000081100000, 0x0000000081200000, 0x0000000081200000|100%| O|  |TAMS 0x0000000081200000, 0x0000000081100000| Untracked 
|  18|0x0000000081200000, 0x0000000081300000, 0x0000000081300000|100%| O|  |TAMS 0x0000000081300000, 0x0000000081200000| Untracked 
|  19|0x0000000081300000, 0x0000000081400000, 0x0000000081400000|100%| O|  |TAMS 0x0000000081376000, 0x0000000081300000| Untracked 
|  20|0x0000000081400000, 0x0000000081500000, 0x0000000081500000|100%| O|  |TAMS 0x0000000081400000, 0x0000000081400000| Untracked 
|  21|0x0000000081500000, 0x0000000081600000, 0x0000000081600000|100%| O|  |TAMS 0x0000000081500000, 0x0000000081500000| Untracked 
|  22|0x0000000081600000, 0x0000000081700000, 0x0000000081700000|100%| O|  |TAMS 0x0000000081600000, 0x0000000081600000| Untracked 
|  23|0x0000000081700000, 0x0000000081800000, 0x0000000081800000|100%| O|  |TAMS 0x0000000081700000, 0x0000000081700000| Untracked 
|  24|0x0000000081800000, 0x0000000081900000, 0x0000000081900000|100%| O|  |TAMS 0x0000000081800000, 0x0000000081800000| Untracked 
|  25|0x0000000081900000, 0x0000000081a00000, 0x0000000081a00000|100%| O|  |TAMS 0x0000000081900000, 0x0000000081900000| Untracked 
|  26|0x0000000081a00000, 0x0000000081b00000, 0x0000000081b00000|100%| O|  |TAMS 0x0000000081a00000, 0x0000000081a00000| Untracked 
|  27|0x0000000081b00000, 0x0000000081c00000, 0x0000000081c00000|100%| O|  |TAMS 0x0000000081b00000, 0x0000000081b00000| Untracked 
|  28|0x0000000081c00000, 0x0000000081d00000, 0x0000000081d00000|100%| O|  |TAMS 0x0000000081c00000, 0x0000000081c00000| Untracked 
|  29|0x0000000081d00000, 0x0000000081e00000, 0x0000000081e00000|100%| O|  |TAMS 0x0000000081d00000, 0x0000000081d00000| Untracked 
|  30|0x0000000081e00000, 0x0000000081f00000, 0x0000000081f00000|100%| O|  |TAMS 0x0000000081e00000, 0x0000000081e00000| Untracked 
|  31|0x0000000081f00000, 0x0000000082000000, 0x0000000082000000|100%| O|  |TAMS 0x0000000081f00000, 0x0000000081f00000| Untracked 
|  32|0x0000000082000000, 0x0000000082100000, 0x0000000082100000|100%| O|  |TAMS 0x0000000082000000, 0x0000000082000000| Untracked 
|  33|0x0000000082100000, 0x0000000082200000, 0x0000000082200000|100%| O|  |TAMS 0x0000000082100000, 0x0000000082100000| Untracked 
|  34|0x0000000082200000, 0x0000000082300000, 0x0000000082300000|100%| O|  |TAMS 0x0000000082200000, 0x0000000082200000| Untracked 
|  35|0x0000000082300000, 0x0000000082400000, 0x0000000082400000|100%| O|  |TAMS 0x0000000082300000, 0x0000000082300000| Untracked 
|  36|0x0000000082400000, 0x0000000082500000, 0x0000000082500000|100%| O|  |TAMS 0x0000000082400000, 0x0000000082400000| Untracked 
|  37|0x0000000082500000, 0x0000000082600000, 0x0000000082600000|100%| O|  |TAMS 0x0000000082500000, 0x0000000082500000| Untracked 
|  38|0x0000000082600000, 0x0000000082700000, 0x0000000082700000|100%| O|  |TAMS 0x0000000082600000, 0x0000000082600000| Untracked 
|  39|0x0000000082700000, 0x0000000082800000, 0x0000000082800000|100%| O|  |TAMS 0x0000000082700000, 0x0000000082700000| Untracked 
|  40|0x0000000082800000, 0x0000000082900000, 0x0000000082900000|100%| O|  |TAMS 0x0000000082800000, 0x0000000082800000| Untracked 
|  41|0x0000000082900000, 0x0000000082a00000, 0x0000000082a00000|100%| O|  |TAMS 0x0000000082900000, 0x0000000082900000| Untracked 
|  42|0x0000000082a00000, 0x0000000082b00000, 0x0000000082b00000|100%| O|  |TAMS 0x0000000082a00000, 0x0000000082a00000| Untracked 
|  43|0x0000000082b00000, 0x0000000082c00000, 0x0000000082c00000|100%| O|  |TAMS 0x0000000082b00000, 0x0000000082b00000| Untracked 
|  44|0x0000000082c00000, 0x0000000082d00000, 0x0000000082d00000|100%| O|  |TAMS 0x0000000082c00000, 0x0000000082c00000| Untracked 
|  45|0x0000000082d00000, 0x0000000082e00000, 0x0000000082e00000|100%| O|  |TAMS 0x0000000082d00000, 0x0000000082d00000| Untracked 
|  46|0x0000000082e00000, 0x0000000082f00000, 0x0000000082f00000|100%| O|  |TAMS 0x0000000082e00000, 0x0000000082e00000| Untracked 
|  47|0x0000000082f00000, 0x0000000083000000, 0x0000000083000000|100%| O|  |TAMS 0x0000000082f00000, 0x0000000082f00000| Untracked 
|  48|0x0000000083000000, 0x0000000083100000, 0x0000000083100000|100%| O|  |TAMS 0x0000000083000000, 0x0000000083000000| Untracked 
|  49|0x0000000083100000, 0x0000000083200000, 0x0000000083200000|100%| O|  |TAMS 0x0000000083100000, 0x0000000083100000| Untracked 
|  50|0x0000000083200000, 0x0000000083300000, 0x0000000083300000|100%| O|  |TAMS 0x0000000083200000, 0x0000000083200000| Untracked 
|  51|0x0000000083300000, 0x0000000083400000, 0x0000000083400000|100%| O|  |TAMS 0x0000000083300000, 0x0000000083300000| Untracked 
|  52|0x0000000083400000, 0x0000000083500000, 0x0000000083500000|100%| O|  |TAMS 0x0000000083400000, 0x0000000083400000| Untracked 
|  53|0x0000000083500000, 0x0000000083600000, 0x0000000083600000|100%| O|  |TAMS 0x0000000083500000, 0x0000000083500000| Untracked 
|  54|0x0000000083600000, 0x0000000083700000, 0x0000000083700000|100%| O|  |TAMS 0x0000000083600000, 0x0000000083600000| Untracked 
|  55|0x0000000083700000, 0x0000000083800000, 0x0000000083800000|100%| O|  |TAMS 0x0000000083700000, 0x0000000083700000| Untracked 
|  56|0x0000000083800000, 0x0000000083900000, 0x0000000083900000|100%| O|  |TAMS 0x0000000083800000, 0x0000000083800000| Untracked 
|  57|0x0000000083900000, 0x0000000083a00000, 0x0000000083a00000|100%| O|  |TAMS 0x0000000083900000, 0x0000000083900000| Untracked 
|  58|0x0000000083a00000, 0x0000000083b00000, 0x0000000083b00000|100%| O|  |TAMS 0x0000000083a00000, 0x0000000083a00000| Untracked 
|  59|0x0000000083b00000, 0x0000000083c00000, 0x0000000083c00000|100%| O|  |TAMS 0x0000000083b00000, 0x0000000083b00000| Untracked 
|  60|0x0000000083c00000, 0x0000000083d00000, 0x0000000083d00000|100%| O|  |TAMS 0x0000000083c00000, 0x0000000083c00000| Untracked 
|  61|0x0000000083d00000, 0x0000000083e00000, 0x0000000083e00000|100%| O|  |TAMS 0x0000000083d00000, 0x0000000083d00000| Untracked 
|  62|0x0000000083e00000, 0x0000000083f00000, 0x0000000083f00000|100%| O|  |TAMS 0x0000000083e00000, 0x0000000083e00000| Untracked 
|  63|0x0000000083f00000, 0x0000000083f87200, 0x0000000084000000| 52%| O|  |TAMS 0x0000000083f00000, 0x0000000083f00000| Untracked 
|  64|0x0000000084000000, 0x0000000084000000, 0x0000000084100000|  0%| F|  |TAMS 0x0000000084000000, 0x0000000084000000| Untracked 
|  65|0x0000000084100000, 0x0000000084100000, 0x0000000084200000|  0%| F|  |TAMS 0x0000000084100000, 0x0000000084100000| Untracked 
|  66|0x0000000084200000, 0x0000000084200000, 0x0000000084300000|  0%| F|  |TAMS 0x0000000084200000, 0x0000000084200000| Untracked 
|  67|0x0000000084300000, 0x0000000084300000, 0x0000000084400000|  0%| F|  |TAMS 0x0000000084300000, 0x0000000084300000| Untracked 
|  68|0x0000000084400000, 0x0000000084400000, 0x0000000084500000|  0%| F|  |TAMS 0x0000000084400000, 0x0000000084400000| Untracked 
|  69|0x0000000084500000, 0x0000000084500000, 0x0000000084600000|  0%| F|  |TAMS 0x0000000084500000, 0x0000000084500000| Untracked 
|  70|0x0000000084600000, 0x0000000084600000, 0x0000000084700000|  0%| F|  |TAMS 0x0000000084600000, 0x0000000084600000| Untracked 
|  71|0x0000000084700000, 0x0000000084700000, 0x0000000084800000|  0%| F|  |TAMS 0x0000000084700000, 0x0000000084700000| Untracked 
|  72|0x0000000084800000, 0x0000000084800000, 0x0000000084900000|  0%| F|  |TAMS 0x0000000084800000, 0x0000000084800000| Untracked 
|  73|0x0000000084900000, 0x0000000084900000, 0x0000000084a00000|  0%| F|  |TAMS 0x0000000084900000, 0x0000000084900000| Untracked 
|  74|0x0000000084a00000, 0x0000000084a00000, 0x0000000084b00000|  0%| F|  |TAMS 0x0000000084a00000, 0x0000000084a00000| Untracked 
|  75|0x0000000084b00000, 0x0000000084b00000, 0x0000000084c00000|  0%| F|  |TAMS 0x0000000084b00000, 0x0000000084b00000| Untracked 
|  76|0x0000000084c00000, 0x0000000084c00000, 0x0000000084d00000|  0%| F|  |TAMS 0x0000000084c00000, 0x0000000084c00000| Untracked 
|  77|0x0000000084d00000, 0x0000000084d00000, 0x0000000084e00000|  0%| F|  |TAMS 0x0000000084d00000, 0x0000000084d00000| Untracked 
|  78|0x0000000084e00000, 0x0000000084e00000, 0x0000000084f00000|  0%| F|  |TAMS 0x0000000084e00000, 0x0000000084e00000| Untracked 
|  79|0x0000000084f00000, 0x0000000084f00000, 0x0000000085000000|  0%| F|  |TAMS 0x0000000084f00000, 0x0000000084f00000| Untracked 
|  80|0x0000000085000000, 0x0000000085000000, 0x0000000085100000|  0%| F|  |TAMS 0x0000000085000000, 0x0000000085000000| Untracked 
|  81|0x0000000085100000, 0x0000000085100000, 0x0000000085200000|  0%| F|  |TAMS 0x0000000085100000, 0x0000000085100000| Untracked 
|  82|0x0000000085200000, 0x0000000085200000, 0x0000000085300000|  0%| F|  |TAMS 0x0000000085200000, 0x0000000085200000| Untracked 
|  83|0x0000000085300000, 0x0000000085300000, 0x0000000085400000|  0%| F|  |TAMS 0x0000000085300000, 0x0000000085300000| Untracked 
|  84|0x0000000085400000, 0x0000000085400000, 0x0000000085500000|  0%| F|  |TAMS 0x0000000085400000, 0x0000000085400000| Untracked 
|  85|0x0000000085500000, 0x0000000085500000, 0x0000000085600000|  0%| F|  |TAMS 0x0000000085500000, 0x0000000085500000| Untracked 
|  86|0x0000000085600000, 0x0000000085600000, 0x0000000085700000|  0%| F|  |TAMS 0x0000000085600000, 0x0000000085600000| Untracked 
|  87|0x0000000085700000, 0x0000000085700000, 0x0000000085800000|  0%| F|  |TAMS 0x0000000085700000, 0x0000000085700000| Untracked 
|  88|0x0000000085800000, 0x0000000085800000, 0x0000000085900000|  0%| F|  |TAMS 0x0000000085800000, 0x0000000085800000| Untracked 
|  89|0x0000000085900000, 0x0000000085900000, 0x0000000085a00000|  0%| F|  |TAMS 0x0000000085900000, 0x0000000085900000| Untracked 
|  90|0x0000000085a00000, 0x0000000085a00000, 0x0000000085b00000|  0%| F|  |TAMS 0x0000000085a00000, 0x0000000085a00000| Untracked 
|  91|0x0000000085b00000, 0x0000000085b00000, 0x0000000085c00000|  0%| F|  |TAMS 0x0000000085b00000, 0x0000000085b00000| Untracked 
|  92|0x0000000085c00000, 0x0000000085cb8680, 0x0000000085d00000| 72%| S|CS|TAMS 0x0000000085c00000, 0x0000000085c00000| Complete 
|  93|0x0000000085d00000, 0x0000000085e00000, 0x0000000085e00000|100%| S|CS|TAMS 0x0000000085d00000, 0x0000000085d00000| Complete 
|  94|0x0000000085e00000, 0x0000000085f00000, 0x0000000085f00000|100%| S|CS|TAMS 0x0000000085e00000, 0x0000000085e00000| Complete 
|  95|0x0000000085f00000, 0x0000000085f00000, 0x0000000086000000|  0%| F|  |TAMS 0x0000000085f00000, 0x0000000085f00000| Untracked 
|  96|0x0000000086000000, 0x0000000086100000, 0x0000000086100000|100%| S|CS|TAMS 0x0000000086000000, 0x0000000086000000| Complete 
|  97|0x0000000086100000, 0x0000000086200000, 0x0000000086200000|100%| S|CS|TAMS 0x0000000086100000, 0x0000000086100000| Complete 
|  98|0x0000000086200000, 0x0000000086300000, 0x0000000086300000|100%| S|CS|TAMS 0x0000000086200000, 0x0000000086200000| Complete 
|  99|0x0000000086300000, 0x0000000086300000, 0x0000000086400000|  0%| F|  |TAMS 0x0000000086300000, 0x0000000086300000| Untracked 
| 100|0x0000000086400000, 0x0000000086400000, 0x0000000086500000|  0%| F|  |TAMS 0x0000000086400000, 0x0000000086400000| Untracked 
| 101|0x0000000086500000, 0x0000000086500000, 0x0000000086600000|  0%| F|  |TAMS 0x0000000086500000, 0x0000000086500000| Untracked 
| 102|0x0000000086600000, 0x0000000086600000, 0x0000000086700000|  0%| F|  |TAMS 0x0000000086600000, 0x0000000086600000| Untracked 
| 103|0x0000000086700000, 0x0000000086700000, 0x0000000086800000|  0%| F|  |TAMS 0x0000000086700000, 0x0000000086700000| Untracked 
| 104|0x0000000086800000, 0x0000000086800000, 0x0000000086900000|  0%| F|  |TAMS 0x0000000086800000, 0x0000000086800000| Untracked 
| 105|0x0000000086900000, 0x0000000086900000, 0x0000000086a00000|  0%| F|  |TAMS 0x0000000086900000, 0x0000000086900000| Untracked 
| 106|0x0000000086a00000, 0x0000000086a00000, 0x0000000086b00000|  0%| F|  |TAMS 0x0000000086a00000, 0x0000000086a00000| Untracked 
| 107|0x0000000086b00000, 0x0000000086b00000, 0x0000000086c00000|  0%| F|  |TAMS 0x0000000086b00000, 0x0000000086b00000| Untracked 
| 108|0x0000000086c00000, 0x0000000086c00000, 0x0000000086d00000|  0%| F|  |TAMS 0x0000000086c00000, 0x0000000086c00000| Untracked 
| 109|0x0000000086d00000, 0x0000000086d00000, 0x0000000086e00000|  0%| F|  |TAMS 0x0000000086d00000, 0x0000000086d00000| Untracked 
| 110|0x0000000086e00000, 0x0000000086e00000, 0x0000000086f00000|  0%| F|  |TAMS 0x0000000086e00000, 0x0000000086e00000| Untracked 
| 111|0x0000000086f00000, 0x0000000086f00000, 0x0000000087000000|  0%| F|  |TAMS 0x0000000086f00000, 0x0000000086f00000| Untracked 
| 112|0x0000000087000000, 0x0000000087000000, 0x0000000087100000|  0%| F|  |TAMS 0x0000000087000000, 0x0000000087000000| Untracked 
| 113|0x0000000087100000, 0x0000000087100000, 0x0000000087200000|  0%| F|  |TAMS 0x0000000087100000, 0x0000000087100000| Untracked 
| 114|0x0000000087200000, 0x0000000087200000, 0x0000000087300000|  0%| F|  |TAMS 0x0000000087200000, 0x0000000087200000| Untracked 
| 115|0x0000000087300000, 0x0000000087300000, 0x0000000087400000|  0%| F|  |TAMS 0x0000000087300000, 0x0000000087300000| Untracked 
| 116|0x0000000087400000, 0x0000000087400000, 0x0000000087500000|  0%| F|  |TAMS 0x0000000087400000, 0x0000000087400000| Untracked 
| 117|0x0000000087500000, 0x0000000087500000, 0x0000000087600000|  0%| F|  |TAMS 0x0000000087500000, 0x0000000087500000| Untracked 
| 118|0x0000000087600000, 0x0000000087600000, 0x0000000087700000|  0%| F|  |TAMS 0x0000000087600000, 0x0000000087600000| Untracked 
| 119|0x0000000087700000, 0x0000000087700000, 0x0000000087800000|  0%| F|  |TAMS 0x0000000087700000, 0x0000000087700000| Untracked 
| 120|0x0000000087800000, 0x0000000087800000, 0x0000000087900000|  0%| F|  |TAMS 0x0000000087800000, 0x0000000087800000| Untracked 
| 121|0x0000000087900000, 0x0000000087900000, 0x0000000087a00000|  0%| F|  |TAMS 0x0000000087900000, 0x0000000087900000| Untracked 
| 122|0x0000000087a00000, 0x0000000087a00000, 0x0000000087b00000|  0%| F|  |TAMS 0x0000000087a00000, 0x0000000087a00000| Untracked 
| 123|0x0000000087b00000, 0x0000000087b00000, 0x0000000087c00000|  0%| F|  |TAMS 0x0000000087b00000, 0x0000000087b00000| Untracked 
| 124|0x0000000087c00000, 0x0000000087c00000, 0x0000000087d00000|  0%| F|  |TAMS 0x0000000087c00000, 0x0000000087c00000| Untracked 
| 125|0x0000000087d00000, 0x0000000087d00000, 0x0000000087e00000|  0%| F|  |TAMS 0x0000000087d00000, 0x0000000087d00000| Untracked 
| 126|0x0000000087e00000, 0x0000000087e00000, 0x0000000087f00000|  0%| F|  |TAMS 0x0000000087e00000, 0x0000000087e00000| Untracked 
| 127|0x0000000087f00000, 0x0000000087f00000, 0x0000000088000000|  0%| F|  |TAMS 0x0000000087f00000, 0x0000000087f00000| Untracked 
| 128|0x0000000088000000, 0x0000000088000000, 0x0000000088100000|  0%| F|  |TAMS 0x0000000088000000, 0x0000000088000000| Untracked 
| 129|0x0000000088100000, 0x0000000088100000, 0x0000000088200000|  0%| F|  |TAMS 0x0000000088100000, 0x0000000088100000| Untracked 
| 130|0x0000000088200000, 0x0000000088200000, 0x0000000088300000|  0%| F|  |TAMS 0x0000000088200000, 0x0000000088200000| Untracked 
| 131|0x0000000088300000, 0x0000000088300000, 0x0000000088400000|  0%| F|  |TAMS 0x0000000088300000, 0x0000000088300000| Untracked 
| 132|0x0000000088400000, 0x0000000088400000, 0x0000000088500000|  0%| F|  |TAMS 0x0000000088400000, 0x0000000088400000| Untracked 
| 133|0x0000000088500000, 0x0000000088500000, 0x0000000088600000|  0%| F|  |TAMS 0x0000000088500000, 0x0000000088500000| Untracked 
| 134|0x0000000088600000, 0x0000000088600000, 0x0000000088700000|  0%| F|  |TAMS 0x0000000088600000, 0x0000000088600000| Untracked 
| 135|0x0000000088700000, 0x0000000088700000, 0x0000000088800000|  0%| F|  |TAMS 0x0000000088700000, 0x0000000088700000| Untracked 
| 136|0x0000000088800000, 0x0000000088800000, 0x0000000088900000|  0%| F|  |TAMS 0x0000000088800000, 0x0000000088800000| Untracked 
| 137|0x0000000088900000, 0x0000000088900000, 0x0000000088a00000|  0%| F|  |TAMS 0x0000000088900000, 0x0000000088900000| Untracked 
| 138|0x0000000088a00000, 0x0000000088a00000, 0x0000000088b00000|  0%| F|  |TAMS 0x0000000088a00000, 0x0000000088a00000| Untracked 
| 139|0x0000000088b00000, 0x0000000088b00000, 0x0000000088c00000|  0%| F|  |TAMS 0x0000000088b00000, 0x0000000088b00000| Untracked 
| 140|0x0000000088c00000, 0x0000000088c00000, 0x0000000088d00000|  0%| F|  |TAMS 0x0000000088c00000, 0x0000000088c00000| Untracked 
| 141|0x0000000088d00000, 0x0000000088d00000, 0x0000000088e00000|  0%| F|  |TAMS 0x0000000088d00000, 0x0000000088d00000| Untracked 
| 142|0x0000000088e00000, 0x0000000088e00000, 0x0000000088f00000|  0%| F|  |TAMS 0x0000000088e00000, 0x0000000088e00000| Untracked 
| 143|0x0000000088f00000, 0x0000000088f00000, 0x0000000089000000|  0%| F|  |TAMS 0x0000000088f00000, 0x0000000088f00000| Untracked 
| 144|0x0000000089000000, 0x0000000089000000, 0x0000000089100000|  0%| F|  |TAMS 0x0000000089000000, 0x0000000089000000| Untracked 
| 145|0x0000000089100000, 0x0000000089100000, 0x0000000089200000|  0%| F|  |TAMS 0x0000000089100000, 0x0000000089100000| Untracked 
| 146|0x0000000089200000, 0x0000000089200000, 0x0000000089300000|  0%| F|  |TAMS 0x0000000089200000, 0x0000000089200000| Untracked 
| 147|0x0000000089300000, 0x0000000089300000, 0x0000000089400000|  0%| F|  |TAMS 0x0000000089300000, 0x0000000089300000| Untracked 
| 148|0x0000000089400000, 0x0000000089400000, 0x0000000089500000|  0%| F|  |TAMS 0x0000000089400000, 0x0000000089400000| Untracked 
| 149|0x0000000089500000, 0x0000000089500000, 0x0000000089600000|  0%| F|  |TAMS 0x0000000089500000, 0x0000000089500000| Untracked 
| 150|0x0000000089600000, 0x0000000089600000, 0x0000000089700000|  0%| F|  |TAMS 0x0000000089600000, 0x0000000089600000| Untracked 
| 151|0x0000000089700000, 0x0000000089700000, 0x0000000089800000|  0%| F|  |TAMS 0x0000000089700000, 0x0000000089700000| Untracked 
| 152|0x0000000089800000, 0x0000000089800000, 0x0000000089900000|  0%| F|  |TAMS 0x0000000089800000, 0x0000000089800000| Untracked 
| 153|0x0000000089900000, 0x0000000089900000, 0x0000000089a00000|  0%| F|  |TAMS 0x0000000089900000, 0x0000000089900000| Untracked 
| 154|0x0000000089a00000, 0x0000000089a00000, 0x0000000089b00000|  0%| F|  |TAMS 0x0000000089a00000, 0x0000000089a00000| Untracked 
| 155|0x0000000089b00000, 0x0000000089b00000, 0x0000000089c00000|  0%| F|  |TAMS 0x0000000089b00000, 0x0000000089b00000| Untracked 
| 156|0x0000000089c00000, 0x0000000089c00000, 0x0000000089d00000|  0%| F|  |TAMS 0x0000000089c00000, 0x0000000089c00000| Untracked 
| 157|0x0000000089d00000, 0x0000000089d00000, 0x0000000089e00000|  0%| F|  |TAMS 0x0000000089d00000, 0x0000000089d00000| Untracked 
| 158|0x0000000089e00000, 0x0000000089e00000, 0x0000000089f00000|  0%| F|  |TAMS 0x0000000089e00000, 0x0000000089e00000| Untracked 
| 159|0x0000000089f00000, 0x0000000089f00000, 0x000000008a000000|  0%| F|  |TAMS 0x0000000089f00000, 0x0000000089f00000| Untracked 
| 160|0x000000008a000000, 0x000000008a000000, 0x000000008a100000|  0%| F|  |TAMS 0x000000008a000000, 0x000000008a000000| Untracked 
| 161|0x000000008a100000, 0x000000008a100000, 0x000000008a200000|  0%| F|  |TAMS 0x000000008a100000, 0x000000008a100000| Untracked 
| 162|0x000000008a200000, 0x000000008a200000, 0x000000008a300000|  0%| F|  |TAMS 0x000000008a200000, 0x000000008a200000| Untracked 
| 163|0x000000008a300000, 0x000000008a300000, 0x000000008a400000|  0%| F|  |TAMS 0x000000008a300000, 0x000000008a300000| Untracked 
| 164|0x000000008a400000, 0x000000008a400000, 0x000000008a500000|  0%| F|  |TAMS 0x000000008a400000, 0x000000008a400000| Untracked 
| 165|0x000000008a500000, 0x000000008a500000, 0x000000008a600000|  0%| F|  |TAMS 0x000000008a500000, 0x000000008a500000| Untracked 
| 166|0x000000008a600000, 0x000000008a600000, 0x000000008a700000|  0%| F|  |TAMS 0x000000008a600000, 0x000000008a600000| Untracked 
| 167|0x000000008a700000, 0x000000008a700000, 0x000000008a800000|  0%| F|  |TAMS 0x000000008a700000, 0x000000008a700000| Untracked 
| 168|0x000000008a800000, 0x000000008a800000, 0x000000008a900000|  0%| F|  |TAMS 0x000000008a800000, 0x000000008a800000| Untracked 
| 169|0x000000008a900000, 0x000000008a900000, 0x000000008aa00000|  0%| F|  |TAMS 0x000000008a900000, 0x000000008a900000| Untracked 
| 170|0x000000008aa00000, 0x000000008aa00000, 0x000000008ab00000|  0%| F|  |TAMS 0x000000008aa00000, 0x000000008aa00000| Untracked 
| 171|0x000000008ab00000, 0x000000008ab00000, 0x000000008ac00000|  0%| F|  |TAMS 0x000000008ab00000, 0x000000008ab00000| Untracked 
| 172|0x000000008ac00000, 0x000000008ac00000, 0x000000008ad00000|  0%| F|  |TAMS 0x000000008ac00000, 0x000000008ac00000| Untracked 
| 173|0x000000008ad00000, 0x000000008ad00000, 0x000000008ae00000|  0%| F|  |TAMS 0x000000008ad00000, 0x000000008ad00000| Untracked 
| 174|0x000000008ae00000, 0x000000008ae00000, 0x000000008af00000|  0%| F|  |TAMS 0x000000008ae00000, 0x000000008ae00000| Untracked 
| 175|0x000000008af00000, 0x000000008af00000, 0x000000008b000000|  0%| F|  |TAMS 0x000000008af00000, 0x000000008af00000| Untracked 
| 176|0x000000008b000000, 0x000000008b000000, 0x000000008b100000|  0%| F|  |TAMS 0x000000008b000000, 0x000000008b000000| Untracked 
| 177|0x000000008b100000, 0x000000008b100000, 0x000000008b200000|  0%| F|  |TAMS 0x000000008b100000, 0x000000008b100000| Untracked 
| 178|0x000000008b200000, 0x000000008b200000, 0x000000008b300000|  0%| F|  |TAMS 0x000000008b200000, 0x000000008b200000| Untracked 
| 179|0x000000008b300000, 0x000000008b300000, 0x000000008b400000|  0%| F|  |TAMS 0x000000008b300000, 0x000000008b300000| Untracked 
| 180|0x000000008b400000, 0x000000008b400000, 0x000000008b500000|  0%| F|  |TAMS 0x000000008b400000, 0x000000008b400000| Untracked 
| 181|0x000000008b500000, 0x000000008b500000, 0x000000008b600000|  0%| F|  |TAMS 0x000000008b500000, 0x000000008b500000| Untracked 
| 182|0x000000008b600000, 0x000000008b600000, 0x000000008b700000|  0%| F|  |TAMS 0x000000008b600000, 0x000000008b600000| Untracked 
| 183|0x000000008b700000, 0x000000008b700000, 0x000000008b800000|  0%| F|  |TAMS 0x000000008b700000, 0x000000008b700000| Untracked 
| 184|0x000000008b800000, 0x000000008b800000, 0x000000008b900000|  0%| F|  |TAMS 0x000000008b800000, 0x000000008b800000| Untracked 
| 185|0x000000008b900000, 0x000000008b900000, 0x000000008ba00000|  0%| F|  |TAMS 0x000000008b900000, 0x000000008b900000| Untracked 
| 186|0x000000008ba00000, 0x000000008ba00000, 0x000000008bb00000|  0%| F|  |TAMS 0x000000008ba00000, 0x000000008ba00000| Untracked 
| 187|0x000000008bb00000, 0x000000008bb00000, 0x000000008bc00000|  0%| F|  |TAMS 0x000000008bb00000, 0x000000008bb00000| Untracked 
| 188|0x000000008bc00000, 0x000000008bc00000, 0x000000008bd00000|  0%| F|  |TAMS 0x000000008bc00000, 0x000000008bc00000| Untracked 
| 189|0x000000008bd00000, 0x000000008bd00000, 0x000000008be00000|  0%| F|  |TAMS 0x000000008bd00000, 0x000000008bd00000| Untracked 
| 190|0x000000008be00000, 0x000000008be00000, 0x000000008bf00000|  0%| F|  |TAMS 0x000000008be00000, 0x000000008be00000| Untracked 
| 191|0x000000008bf00000, 0x000000008bf00000, 0x000000008c000000|  0%| F|  |TAMS 0x000000008bf00000, 0x000000008bf00000| Untracked 
| 192|0x000000008c000000, 0x000000008c000000, 0x000000008c100000|  0%| F|  |TAMS 0x000000008c000000, 0x000000008c000000| Untracked 
| 193|0x000000008c100000, 0x000000008c100000, 0x000000008c200000|  0%| F|  |TAMS 0x000000008c100000, 0x000000008c100000| Untracked 
| 194|0x000000008c200000, 0x000000008c200000, 0x000000008c300000|  0%| F|  |TAMS 0x000000008c200000, 0x000000008c200000| Untracked 
| 195|0x000000008c300000, 0x000000008c300000, 0x000000008c400000|  0%| F|  |TAMS 0x000000008c300000, 0x000000008c300000| Untracked 
| 196|0x000000008c400000, 0x000000008c400000, 0x000000008c500000|  0%| F|  |TAMS 0x000000008c400000, 0x000000008c400000| Untracked 
| 197|0x000000008c500000, 0x000000008c500000, 0x000000008c600000|  0%| F|  |TAMS 0x000000008c500000, 0x000000008c500000| Untracked 
| 198|0x000000008c600000, 0x000000008c600000, 0x000000008c700000|  0%| F|  |TAMS 0x000000008c600000, 0x000000008c600000| Untracked 
| 199|0x000000008c700000, 0x000000008c700000, 0x000000008c800000|  0%| F|  |TAMS 0x000000008c700000, 0x000000008c700000| Untracked 
| 200|0x000000008c800000, 0x000000008c800000, 0x000000008c900000|  0%| F|  |TAMS 0x000000008c800000, 0x000000008c800000| Untracked 
| 201|0x000000008c900000, 0x000000008c900000, 0x000000008ca00000|  0%| F|  |TAMS 0x000000008c900000, 0x000000008c900000| Untracked 
| 202|0x000000008ca00000, 0x000000008ca00000, 0x000000008cb00000|  0%| F|  |TAMS 0x000000008ca00000, 0x000000008ca00000| Untracked 
| 203|0x000000008cb00000, 0x000000008cb00000, 0x000000008cc00000|  0%| F|  |TAMS 0x000000008cb00000, 0x000000008cb00000| Untracked 
| 204|0x000000008cc00000, 0x000000008cc00000, 0x000000008cd00000|  0%| F|  |TAMS 0x000000008cc00000, 0x000000008cc00000| Untracked 
| 205|0x000000008cd00000, 0x000000008cd00000, 0x000000008ce00000|  0%| F|  |TAMS 0x000000008cd00000, 0x000000008cd00000| Untracked 
| 206|0x000000008ce00000, 0x000000008ce00000, 0x000000008cf00000|  0%| F|  |TAMS 0x000000008ce00000, 0x000000008ce00000| Untracked 
| 207|0x000000008cf00000, 0x000000008cf00000, 0x000000008d000000|  0%| F|  |TAMS 0x000000008cf00000, 0x000000008cf00000| Untracked 
| 208|0x000000008d000000, 0x000000008d000000, 0x000000008d100000|  0%| F|  |TAMS 0x000000008d000000, 0x000000008d000000| Untracked 
| 209|0x000000008d100000, 0x000000008d100000, 0x000000008d200000|  0%| F|  |TAMS 0x000000008d100000, 0x000000008d100000| Untracked 
| 210|0x000000008d200000, 0x000000008d200000, 0x000000008d300000|  0%| F|  |TAMS 0x000000008d200000, 0x000000008d200000| Untracked 
| 211|0x000000008d300000, 0x000000008d381258, 0x000000008d400000| 50%| E|  |TAMS 0x000000008d300000, 0x000000008d300000| Complete 
| 212|0x000000008d400000, 0x000000008d500000, 0x000000008d500000|100%| E|CS|TAMS 0x000000008d400000, 0x000000008d400000| Complete 
| 213|0x000000008d500000, 0x000000008d600000, 0x000000008d600000|100%| E|CS|TAMS 0x000000008d500000, 0x000000008d500000| Complete 
| 214|0x000000008d600000, 0x000000008d700000, 0x000000008d700000|100%| E|CS|TAMS 0x000000008d600000, 0x000000008d600000| Complete 
| 215|0x000000008d700000, 0x000000008d800000, 0x000000008d800000|100%| E|CS|TAMS 0x000000008d700000, 0x000000008d700000| Complete 
| 216|0x000000008d800000, 0x000000008d900000, 0x000000008d900000|100%| E|CS|TAMS 0x000000008d800000, 0x000000008d800000| Complete 
| 217|0x000000008d900000, 0x000000008da00000, 0x000000008da00000|100%| E|CS|TAMS 0x000000008d900000, 0x000000008d900000| Complete 
| 218|0x000000008da00000, 0x000000008db00000, 0x000000008db00000|100%| E|CS|TAMS 0x000000008da00000, 0x000000008da00000| Complete 
| 219|0x000000008db00000, 0x000000008dc00000, 0x000000008dc00000|100%| E|CS|TAMS 0x000000008db00000, 0x000000008db00000| Complete 
| 220|0x000000008dc00000, 0x000000008dd00000, 0x000000008dd00000|100%| E|CS|TAMS 0x000000008dc00000, 0x000000008dc00000| Complete 
| 221|0x000000008dd00000, 0x000000008de00000, 0x000000008de00000|100%| E|CS|TAMS 0x000000008dd00000, 0x000000008dd00000| Complete 

Card table byte_map: [0x000002becdc50000,0x000002bece050000] _byte_map_base: 0x000002becd850000

Marking Bits (Prev, Next): (CMBitMap*) 0x000002beb6118340, (CMBitMap*) 0x000002beb6118308
 Prev Bits: [0x000002bed0450000, 0x000002bed2450000)
 Next Bits: [0x000002bece450000, 0x000002bed0450000)

Polling page: 0x000002beb40e0000

Metaspace:

Usage:
  Non-class:     46.74 MB capacity,    45.90 MB ( 98%) used,   716.28 KB (  1%) free+waste,   147.69 KB ( <1%) overhead. 
      Class:      6.84 MB capacity,     6.32 MB ( 92%) used,   466.10 KB (  7%) free+waste,    70.31 KB (  1%) overhead. 
       Both:     53.58 MB capacity,    52.22 MB ( 97%) used,     1.15 MB (  2%) free+waste,   218.00 KB ( <1%) overhead. 

Virtual space:
  Non-class space:       48.00 MB reserved,      46.83 MB ( 98%) committed 
      Class space:      504.00 MB reserved,       6.88 MB (  1%) committed 
             Both:      552.00 MB reserved,      53.70 MB ( 10%) committed 

Chunk freelists:
   Non-Class:  27.00 KB
       Class:  0 bytes
        Both:  27.00 KB

MaxMetaspaceSize: 512.00 MB
CompressedClassSpaceSize: 504.00 MB
Initial GC threshold: 20.80 MB
Current GC threshold: 70.55 MB
CDS: off

CodeHeap 'non-profiled nmethods': size=120064Kb used=6494Kb max_used=6494Kb free=113569Kb
 bounds [0x000002bec6310000, 0x000002bec6970000, 0x000002becd850000]
CodeHeap 'profiled nmethods': size=120000Kb used=16029Kb max_used=16029Kb free=103970Kb
 bounds [0x000002bebede0000, 0x000002bebfd90000, 0x000002bec6310000]
CodeHeap 'non-nmethods': size=5696Kb used=2307Kb max_used=2365Kb free=3388Kb
 bounds [0x000002bebe850000, 0x000002bebeac0000, 0x000002bebede0000]
 total_blobs=8158 nmethods=7346 adapters=724
 compilation: enabled
              stopped_count=0, restarted_count=0
 full_count=0

Compilation events (20 events):
Event: 108.988 Thread 0x000002bed52a4800 7492       3       sun.security.util.ManifestDigester$Section::<init> (26 bytes)
Event: 108.989 Thread 0x000002bed52a4800 nmethod 7492 0x000002bebfd80590 code [0x000002bebfd80740, 0x000002bebfd808f8]
Event: 108.989 Thread 0x000002bed52a4800 7493       3       sun.security.util.ManifestDigester$Entry::addSection (13 bytes)
Event: 108.989 Thread 0x000002bed52a4800 nmethod 7493 0x000002bebfd80990 code [0x000002bebfd80b40, 0x000002bebfd80d08]
Event: 108.989 Thread 0x000002bed52a4800 7494       3       sun.security.util.ManifestDigester::isNameAttr (102 bytes)
Event: 108.990 Thread 0x000002bed52a4800 nmethod 7494 0x000002bebfd80e10 code [0x000002bebfd80fe0, 0x000002bebfd81438]
Event: 108.990 Thread 0x000002bed52a4800 7495       3       sun.security.util.ManifestDigester$$Lambda$657/0x0000000100698c40::apply (8 bytes)
Event: 108.990 Thread 0x000002bed52a4800 nmethod 7495 0x000002bebfd81590 code [0x000002bebfd817a0, 0x000002bebfd81d98]
Event: 108.990 Thread 0x000002bed52a4800 7496       3       sun.security.util.ManifestDigester::lambda$new$0 (8 bytes)
Event: 108.990 Thread 0x000002bed52a4800 nmethod 7496 0x000002bebfd81f90 code [0x000002bebfd82180, 0x000002bebfd82618]
Event: 109.003 Thread 0x000002bed52a4800 7497       3       sun.security.util.ObjectIdentifier::pack7Oid (42 bytes)
Event: 109.003 Thread 0x000002bed52a4800 nmethod 7497 0x000002bebfd82790 code [0x000002bebfd82940, 0x000002bebfd82b28]
Event: 109.003 Thread 0x000002bed52a4800 7498       3       sun.security.util.ObjectIdentifier::pack (219 bytes)
Event: 109.004 Thread 0x000002bed52a4800 nmethod 7498 0x000002bebfd82c10 code [0x000002bebfd82e00, 0x000002bebfd83408]
Event: 109.004 Thread 0x000002bed52a4800 7499       3       sun.security.util.ObjectIdentifier::checkOtherComponent (39 bytes)
Event: 109.006 Thread 0x000002bed52a4800 nmethod 7499 0x000002bebfd83690 code [0x000002bebfd83900, 0x000002bebfd841e8]
Event: 109.006 Thread 0x000002bed52a4800 7500       3       sun.security.util.ObjectIdentifier::checkOidSize (82 bytes)
Event: 109.008 Thread 0x000002bed52a4800 nmethod 7500 0x000002bebfd84590 code [0x000002bebfd84900, 0x000002bebfd85aa8]
Event: 109.024 Thread 0x000002bed52a4800 7501       3       sun.security.util.ObjectIdentifier::pack7Oid (84 bytes)
Event: 109.024 Thread 0x000002bed52a4800 nmethod 7501 0x000002bebfd86110 code [0x000002bebfd862e0, 0x000002bebfd86618]

GC Heap History (20 events):
Event: 95.415 GC heap before
{Heap before GC invocations=78 (full 0):
 garbage-first heap   total 227328K, used 197262K [0x0000000080000000, 0x0000000100000000)
  region size 1024K, 132 young (135168K), 5 survivors (5120K)
 Metaspace       used 52885K, capacity 54322K, committed 54480K, reserved 565248K
  class space    used 6424K, capacity 6975K, committed 7040K, reserved 516096K
}
Event: 95.421 GC heap after
{Heap after GC invocations=79 (full 0):
 garbage-first heap   total 227328K, used 67487K [0x0000000080000000, 0x0000000100000000)
  region size 1024K, 5 young (5120K), 5 survivors (5120K)
 Metaspace       used 52885K, capacity 54322K, committed 54480K, reserved 565248K
  class space    used 6424K, capacity 6975K, committed 7040K, reserved 516096K
}
Event: 97.277 GC heap before
{Heap before GC invocations=79 (full 0):
 garbage-first heap   total 227328K, used 197535K [0x0000000080000000, 0x0000000100000000)
  region size 1024K, 132 young (135168K), 5 survivors (5120K)
 Metaspace       used 52888K, capacity 54322K, committed 54480K, reserved 565248K
  class space    used 6424K, capacity 6975K, committed 7040K, reserved 516096K
}
Event: 97.283 GC heap after
{Heap after GC invocations=80 (full 0):
 garbage-first heap   total 227328K, used 67538K [0x0000000080000000, 0x0000000100000000)
  region size 1024K, 5 young (5120K), 5 survivors (5120K)
 Metaspace       used 52888K, capacity 54322K, committed 54480K, reserved 565248K
  class space    used 6424K, capacity 6975K, committed 7040K, reserved 516096K
}
Event: 99.255 GC heap before
{Heap before GC invocations=80 (full 0):
 garbage-first heap   total 227328K, used 197586K [0x0000000080000000, 0x0000000100000000)
  region size 1024K, 132 young (135168K), 5 survivors (5120K)
 Metaspace       used 52895K, capacity 54322K, committed 54480K, reserved 565248K
  class space    used 6424K, capacity 6975K, committed 7040K, reserved 516096K
}
Event: 99.261 GC heap after
{Heap after GC invocations=81 (full 0):
 garbage-first heap   total 227328K, used 67909K [0x0000000080000000, 0x0000000100000000)
  region size 1024K, 5 young (5120K), 5 survivors (5120K)
 Metaspace       used 52895K, capacity 54322K, committed 54480K, reserved 565248K
  class space    used 6424K, capacity 6975K, committed 7040K, reserved 516096K
}
Event: 100.606 GC heap before
{Heap before GC invocations=81 (full 0):
 garbage-first heap   total 227328K, used 197957K [0x0000000080000000, 0x0000000100000000)
  region size 1024K, 132 young (135168K), 5 survivors (5120K)
 Metaspace       used 52895K, capacity 54322K, committed 54480K, reserved 565248K
  class space    used 6424K, capacity 6975K, committed 7040K, reserved 516096K
}
Event: 100.613 GC heap after
{Heap after GC invocations=82 (full 0):
 garbage-first heap   total 227328K, used 68401K [0x0000000080000000, 0x0000000100000000)
  region size 1024K, 5 young (5120K), 5 survivors (5120K)
 Metaspace       used 52895K, capacity 54322K, committed 54480K, reserved 565248K
  class space    used 6424K, capacity 6975K, committed 7040K, reserved 516096K
}
Event: 102.429 GC heap before
{Heap before GC invocations=82 (full 0):
 garbage-first heap   total 227328K, used 197425K [0x0000000080000000, 0x0000000100000000)
  region size 1024K, 131 young (134144K), 5 survivors (5120K)
 Metaspace       used 52895K, capacity 54322K, committed 54480K, reserved 565248K
  class space    used 6424K, capacity 6975K, committed 7040K, reserved 516096K
}
Event: 102.435 GC heap after
{Heap after GC invocations=83 (full 0):
 garbage-first heap   total 227328K, used 68795K [0x0000000080000000, 0x0000000100000000)
  region size 1024K, 5 young (5120K), 5 survivors (5120K)
 Metaspace       used 52895K, capacity 54322K, committed 54480K, reserved 565248K
  class space    used 6424K, capacity 6975K, committed 7040K, reserved 516096K
}
Event: 103.811 GC heap before
{Heap before GC invocations=83 (full 0):
 garbage-first heap   total 227328K, used 197819K [0x0000000080000000, 0x0000000100000000)
  region size 1024K, 131 young (134144K), 5 survivors (5120K)
 Metaspace       used 52896K, capacity 54322K, committed 54480K, reserved 565248K
  class space    used 6424K, capacity 6975K, committed 7040K, reserved 516096K
}
Event: 103.818 GC heap after
{Heap after GC invocations=84 (full 0):
 garbage-first heap   total 227328K, used 69047K [0x0000000080000000, 0x0000000100000000)
  region size 1024K, 5 young (5120K), 5 survivors (5120K)
 Metaspace       used 52896K, capacity 54322K, committed 54480K, reserved 565248K
  class space    used 6424K, capacity 6975K, committed 7040K, reserved 516096K
}
Event: 105.140 GC heap before
{Heap before GC invocations=84 (full 0):
 garbage-first heap   total 227328K, used 198071K [0x0000000080000000, 0x0000000100000000)
  region size 1024K, 131 young (134144K), 5 survivors (5120K)
 Metaspace       used 52899K, capacity 54322K, committed 54480K, reserved 565248K
  class space    used 6424K, capacity 6975K, committed 7040K, reserved 516096K
}
Event: 105.148 GC heap after
{Heap after GC invocations=85 (full 0):
 garbage-first heap   total 227328K, used 69554K [0x0000000080000000, 0x0000000100000000)
  region size 1024K, 5 young (5120K), 5 survivors (5120K)
 Metaspace       used 52899K, capacity 54322K, committed 54480K, reserved 565248K
  class space    used 6424K, capacity 6975K, committed 7040K, reserved 516096K
}
Event: 106.657 GC heap before
{Heap before GC invocations=85 (full 0):
 garbage-first heap   total 227328K, used 197554K [0x0000000080000000, 0x0000000100000000)
  region size 1024K, 130 young (133120K), 5 survivors (5120K)
 Metaspace       used 52900K, capacity 54322K, committed 54480K, reserved 565248K
  class space    used 6424K, capacity 6975K, committed 7040K, reserved 516096K
}
Event: 106.663 GC heap after
{Heap after GC invocations=86 (full 0):
 garbage-first heap   total 227328K, used 69758K [0x0000000080000000, 0x0000000100000000)
  region size 1024K, 5 young (5120K), 5 survivors (5120K)
 Metaspace       used 52900K, capacity 54322K, committed 54480K, reserved 565248K
  class space    used 6424K, capacity 6975K, committed 7040K, reserved 516096K
}
Event: 107.807 GC heap before
{Heap before GC invocations=86 (full 0):
 garbage-first heap   total 227328K, used 197758K [0x0000000080000000, 0x0000000100000000)
  region size 1024K, 130 young (133120K), 5 survivors (5120K)
 Metaspace       used 52900K, capacity 54322K, committed 54480K, reserved 565248K
  class space    used 6424K, capacity 6975K, committed 7040K, reserved 516096K
}
Event: 107.813 GC heap after
{Heap after GC invocations=87 (full 0):
 garbage-first heap   total 227328K, used 70521K [0x0000000080000000, 0x0000000100000000)
  region size 1024K, 6 young (6144K), 6 survivors (6144K)
 Metaspace       used 52900K, capacity 54322K, committed 54480K, reserved 565248K
  class space    used 6424K, capacity 6975K, committed 7040K, reserved 516096K
}
Event: 108.794 GC heap before
{Heap before GC invocations=87 (full 0):
 garbage-first heap   total 227328K, used 196473K [0x0000000080000000, 0x0000000100000000)
  region size 1024K, 129 young (132096K), 6 survivors (6144K)
 Metaspace       used 52902K, capacity 54322K, committed 54480K, reserved 565248K
  class space    used 6424K, capacity 6975K, committed 7040K, reserved 516096K
}
Event: 108.800 GC heap after
{Heap after GC invocations=88 (full 0):
 garbage-first heap   total 227328K, used 70910K [0x0000000080000000, 0x0000000100000000)
  region size 1024K, 6 young (6144K), 6 survivors (6144K)
 Metaspace       used 52902K, capacity 54322K, committed 54480K, reserved 565248K
  class space    used 6424K, capacity 6975K, committed 7040K, reserved 516096K
}

Deoptimization events (20 events):
Event: 108.989 Thread 0x000002bed60b8000 Uncommon trap: trap_request=0xffffff4d fr.pc=0x000002bec65acae4 relative=0x00000000000002a4
Event: 108.989 Thread 0x000002bed60b8000 Uncommon trap: reason=unstable_if action=reinterpret pc=0x000002bec65acae4 method=java.lang.ThreadLocal.get()Ljava/lang/Object; @ 11 c2
Event: 108.989 Thread 0x000002bed60b8000 DEOPT PACKING pc=0x000002bec65acae4 sp=0x000000db7c7f6900
Event: 108.989 Thread 0x000002bed60b8000 DEOPT UNPACKING pc=0x000002bebe89a1af sp=0x000000db7c7f68c0 mode 2
Event: 109.000 Thread 0x000002bed60b8000 Uncommon trap: trap_request=0xffffffc6 fr.pc=0x000002bec68635ac relative=0x00000000000005ac
Event: 109.000 Thread 0x000002bed60b8000 Uncommon trap: reason=bimorphic_or_optimized_type_check action=maybe_recompile pc=0x000002bec68635ac method=java.io.OutputStream.write([B)V @ 5 c2
Event: 109.000 Thread 0x000002bed60b8000 DEOPT PACKING pc=0x000002bec68635ac sp=0x000000db7c7f66a0
Event: 109.000 Thread 0x000002bed60b8000 DEOPT UNPACKING pc=0x000002bebe89a1af sp=0x000000db7c7f6678 mode 2
Event: 109.000 Thread 0x000002bed60b8000 Uncommon trap: trap_request=0xffffffc6 fr.pc=0x000002bec68635ac relative=0x00000000000005ac
Event: 109.000 Thread 0x000002bed60b8000 Uncommon trap: reason=bimorphic_or_optimized_type_check action=maybe_recompile pc=0x000002bec68635ac method=java.io.OutputStream.write([B)V @ 5 c2
Event: 109.000 Thread 0x000002bed60b8000 DEOPT PACKING pc=0x000002bec68635ac sp=0x000000db7c7f66a0
Event: 109.000 Thread 0x000002bed60b8000 DEOPT UNPACKING pc=0x000002bebe89a1af sp=0x000000db7c7f6678 mode 2
Event: 109.005 Thread 0x000002bed60b8000 Uncommon trap: trap_request=0xffffffc6 fr.pc=0x000002bec68635ac relative=0x00000000000005ac
Event: 109.005 Thread 0x000002bed60b8000 Uncommon trap: reason=bimorphic_or_optimized_type_check action=maybe_recompile pc=0x000002bec68635ac method=java.io.OutputStream.write([B)V @ 5 c2
Event: 109.005 Thread 0x000002bed60b8000 DEOPT PACKING pc=0x000002bec68635ac sp=0x000000db7c7f6570
Event: 109.005 Thread 0x000002bed60b8000 DEOPT UNPACKING pc=0x000002bebe89a1af sp=0x000000db7c7f6548 mode 2
Event: 109.014 Thread 0x000002bed60b8000 Uncommon trap: trap_request=0xffffffc6 fr.pc=0x000002bec68635ac relative=0x00000000000005ac
Event: 109.014 Thread 0x000002bed60b8000 Uncommon trap: reason=bimorphic_or_optimized_type_check action=maybe_recompile pc=0x000002bec68635ac method=java.io.OutputStream.write([B)V @ 5 c2
Event: 109.014 Thread 0x000002bed60b8000 DEOPT PACKING pc=0x000002bec68635ac sp=0x000000db7c7f66a0
Event: 109.014 Thread 0x000002bed60b8000 DEOPT UNPACKING pc=0x000002bebe89a1af sp=0x000000db7c7f6678 mode 2

Classes redefined (0 events):
No events

Internal exceptions (20 events):
Event: 47.640 Thread 0x000002bed60b8000 Exception <a 'java/lang/ClassNotFoundException'{0x0000000087ba6cd0}: groovy/lang/GroovyShellBeanInfo> (0x0000000087ba6cd0) thrown at [./src/hotspot/share/classfile/systemDictionary.cpp, line 230]
Event: 47.641 Thread 0x000002bed60b8000 Exception <a 'java/lang/ClassNotFoundException'{0x0000000087bdc720}: groovy/lang/GroovyShellCustomizer> (0x0000000087bdc720) thrown at [./src/hotspot/share/classfile/systemDictionary.cpp, line 230]
Event: 47.663 Thread 0x000002bed60b8000 Exception <a 'java/lang/NoSuchMethodError'{0x0000000087a4b518}: 'java.lang.Object java.lang.invoke.DirectMethodHandle$Holder.invokeStatic(java.lang.Object, java.lang.Object, java.lang.Object, java.lang.Object, int)'> (0x0000000087a4b518) thrown at [./src/hotspot/share/interpreter/linkResolver.cpp, line 773]
Event: 47.683 Thread 0x000002bed60b8000 Implicit null exception at 0x000002bec64fdd2b to 0x000002bec64fde8e
Event: 47.710 Thread 0x000002bed60b8000 Exception <a 'java/lang/NoSuchMethodError'{0x000000008794d0d0}: 'void java.lang.invoke.DirectMethodHandle$Holder.invokeInterface(java.lang.Object, java.lang.Object)'> (0x000000008794d0d0) thrown at [./src/hotspot/share/interpreter/linkResolver.cpp, line 773]
Event: 47.857 Thread 0x000002bed60b8000 Exception <a 'java/lang/NoSuchMethodError'{0x0000000087574290}: 'java.lang.Object java.lang.invoke.DirectMethodHandle$Holder.invokeSpecial(java.lang.Object, java.lang.Object, java.lang.Object, java.lang.Object, java.lang.Object, java.lang.Object, java.lang.Object, java.lang.Object, java.lang.Object, java.lang.Object)'> (0x0000000087574290) thrown at [./src/hotspot/share/interpreter/linkResolver.cpp, line 773]
Event: 47.858 Thread 0x000002bed60b8000 Exception <a 'java/lang/NoSuchMethodError'{0x000000008757c9c0}: 'java.lang.Object java.lang.invoke.Invokers$Holder.invoker(java.lang.Object, java.lang.Object, java.lang.Object, java.lang.Object, java.lang.Object, java.lang.Object, java.lang.Object, java.lang.Object, java.lang.Object)'> (0x000000008757c9c0) thrown at [./src/hotspot/share/interpreter/linkResolver.cpp, line 773]
Event: 47.927 Thread 0x000002bed60b8000 Exception <a 'java/lang/NoSuchMethodError'{0x0000000087334918}: 'java.lang.Object java.lang.invoke.DelegatingMethodHandle$Holder.reinvoke_L(java.lang.Object, java.lang.Object, java.lang.Object, java.lang.Object, java.lang.Object, java.lang.Object, java.lang.Object, java.lang.Object, java.lang.Object, java.lang.Object, java.lang.Object, java.lang.Object, java.lang.Object, java.lang.Object, java.lang.Object, java.lang.Object, java.lang.Object, java.lang.Object, java.lang.Object, java.lang.Object, java.lang.O
Event: 47.928 Thread 0x000002bed60b8000 Exception <a 'java/lang/NoSuchMethodError'{0x00000000873402d0}: 'java.lang.Object java.lang.invoke.Invokers$Holder.invoker(java.lang.Object, java.lang.Object, java.lang.Object, java.lang.Object, java.lang.Object, java.lang.Object, java.lang.Object, java.lang.Object, java.lang.Object, java.lang.Object, java.lang.Object, java.lang.Object, java.lang.Object, java.lang.Object, java.lang.Object, java.lang.Object, java.lang.Object, java.lang.Object, java.lang.Object, java.lang.Object, java.lang.Object)'> (0x00000
Event: 47.929 Thread 0x000002bed60b8000 Exception <a 'java/lang/NoSuchMethodError'{0x00000000873472f8}: 'java.lang.Object java.lang.invoke.DelegatingMethodHandle$Holder.delegate(java.lang.Object, java.lang.Object, java.lang.Object, java.lang.Object, java.lang.Object, java.lang.Object, java.lang.Object, java.lang.Object, java.lang.Object, java.lang.Object, java.lang.Object, java.lang.Object, java.lang.Object, java.lang.Object, java.lang.Object, java.lang.Object, java.lang.Object, java.lang.Object, java.lang.Object, java.lang.Object, java.lang.Obj
Event: 47.935 Thread 0x000002bed60b8000 Exception <a 'java/lang/NoSuchMethodError'{0x000000008738b1e0}: 'java.lang.Object java.lang.invoke.DirectMethodHandle$Holder.invokeStatic(java.lang.Object, java.lang.Object, java.lang.Object, java.lang.Object, java.lang.Object, java.lang.Object, java.lang.Object, java.lang.Object, java.lang.Object, java.lang.Object, java.lang.Object, java.lang.Object, java.lang.Object, java.lang.Object, java.lang.Object)'> (0x000000008738b1e0) thrown at [./src/hotspot/share/interpreter/linkResolver.cpp, line 773]
Event: 47.937 Thread 0x000002bed60b8000 Exception <a 'java/lang/NoSuchMethodError'{0x000000008739b570}: 'java.lang.Object java.lang.invoke.DirectMethodHandle$Holder.invokeStatic(java.lang.Object, java.lang.Object, java.lang.Object, java.lang.Object, java.lang.Object, java.lang.Object, java.lang.Object, java.lang.Object, java.lang.Object, java.lang.Object, java.lang.Object, java.lang.Object, java.lang.Object, java.lang.Object, java.lang.Object, java.lang.Object)'> (0x000000008739b570) thrown at [./src/hotspot/share/interpreter/linkResolver.cpp, l
Event: 47.938 Thread 0x000002bed60b8000 Exception <a 'java/lang/NoSuchMethodError'{0x00000000873ab810}: 'java.lang.Object java.lang.invoke.DelegatingMethodHandle$Holder.reinvoke_L(java.lang.Object, java.lang.Object, java.lang.Object, java.lang.Object, java.lang.Object, java.lang.Object, java.lang.Object, java.lang.Object, java.lang.Object, java.lang.Object, java.lang.Object, java.lang.Object, java.lang.Object, java.lang.Object, java.lang.Object, java.lang.Object, java.lang.Object, java.lang.Object, java.lang.Object, java.lang.Object)'> (0x000000
Event: 48.227 Thread 0x000002bed60b8000 Exception <a 'sun/nio/fs/WindowsException'{0x00000000866bcaa0}> (0x00000000866bcaa0) thrown at [./src/hotspot/share/prims/jni.cpp, line 617]
Event: 68.264 Thread 0x000002bed60b8000 Implicit null exception at 0x000002bec676d407 to 0x000002bec676da14
Event: 88.059 Thread 0x000002bed60b8000 Exception <a 'sun/nio/fs/WindowsException'{0x000000008bf74db8}> (0x000000008bf74db8) thrown at [./src/hotspot/share/prims/jni.cpp, line 617]
Event: 88.060 Thread 0x000002bed60b8000 Exception <a 'sun/nio/fs/WindowsException'{0x000000008bf74f40}> (0x000000008bf74f40) thrown at [./src/hotspot/share/prims/jni.cpp, line 617]
Event: 95.658 Thread 0x000002bed60b8000 Implicit null exception at 0x000002bec68e3740 to 0x000002bec68e61a8
Event: 108.914 Thread 0x000002bed60b8000 Implicit null exception at 0x000002bec687ad65 to 0x000002bec687b994
Event: 108.989 Thread 0x000002bed60b8000 Implicit null exception at 0x000002bec65ac88d to 0x000002bec65acad0

Events (20 events):
Event: 109.020 loading class sun/security/x509/CertificateSerialNumber done
Event: 109.020 loading class sun/security/x509/SerialNumber
Event: 109.021 loading class sun/security/x509/SerialNumber done
Event: 109.021 loading class sun/security/x509/CertificateAlgorithmId
Event: 109.022 loading class sun/security/x509/CertificateAlgorithmId done
Event: 109.022 loading class sun/security/x509/X500Name
Event: 109.023 loading class sun/security/x509/GeneralNameInterface
Event: 109.023 loading class sun/security/x509/GeneralNameInterface done
Event: 109.024 loading class sun/security/x509/X500Name done
Event: 109.025 loading class sun/security/x509/X500Name$1
Event: 109.025 loading class sun/security/x509/X500Name$1 done
Event: 109.025 loading class javax/security/auth/x500/X500Principal
Event: 109.026 loading class javax/security/auth/x500/X500Principal done
Event: 109.027 loading class sun/security/x509/RDN
Event: 109.027 loading class sun/security/x509/RDN done
Event: 109.027 loading class sun/security/x509/AVA
Event: 109.029 loading class sun/security/x509/AVA done
Event: 109.029 loading class sun/security/x509/CertificateValidity
Event: 109.029 loading class sun/security/x509/CertificateValidity done
Event: 109.030 loading class sun/security/x509/CertificateX509Key


Dynamic libraries:
0x00007ff6e4870000 - 0x00007ff6e487d000 	C:\Program Files\Microsoft\jdk-11.0.18.10-hotspot\bin\java.exe
0x00007ffb4dc30000 - 0x00007ffb4de28000 	C:\WINDOWS\SYSTEM32\ntdll.dll
0x00007ffb27b00000 - 0x00007ffb27b19000 	C:\Program Files\AVAST Software\Avast\aswhook.dll
0x00007ffb4da90000 - 0x00007ffb4db4f000 	C:\WINDOWS\System32\KERNEL32.DLL
0x00007ffb4b990000 - 0x00007ffb4bc86000 	C:\WINDOWS\System32\KERNELBASE.dll
0x00007ffb4b310000 - 0x00007ffb4b410000 	C:\WINDOWS\System32\ucrtbase.dll
0x00007ffb20c40000 - 0x00007ffb20c57000 	C:\Program Files\Microsoft\jdk-11.0.18.10-hotspot\bin\jli.dll
0x00007ffb20c20000 - 0x00007ffb20c35000 	C:\Program Files\Microsoft\jdk-11.0.18.10-hotspot\bin\VCRUNTIME140.dll
0x00007ffb4bc90000 - 0x00007ffb4be2d000 	C:\WINDOWS\System32\USER32.dll
0x00007ffb4b460000 - 0x00007ffb4b482000 	C:\WINDOWS\System32\win32u.dll
0x00007ffb4d090000 - 0x00007ffb4d0bc000 	C:\WINDOWS\System32\GDI32.dll
0x00007ffb38f70000 - 0x00007ffb3920a000 	C:\WINDOWS\WinSxS\amd64_microsoft.windows.common-controls_6595b64144ccf1df_6.0.19041.1110_none_60b5254171f9507e\COMCTL32.dll
0x00007ffb4ca60000 - 0x00007ffb4cafe000 	C:\WINDOWS\System32\msvcrt.dll
0x00007ffb4b870000 - 0x00007ffb4b985000 	C:\WINDOWS\System32\gdi32full.dll
0x00007ffb4b500000 - 0x00007ffb4b59d000 	C:\WINDOWS\System32\msvcp_win.dll
0x00007ffb4c450000 - 0x00007ffb4c480000 	C:\WINDOWS\System32\IMM32.DLL
0x00007ffb08c00000 - 0x00007ffb08c9b000 	C:\Program Files\Microsoft\jdk-11.0.18.10-hotspot\bin\msvcp140.dll
0x00007ffac5710000 - 0x00007ffac62a2000 	C:\Program Files\Microsoft\jdk-11.0.18.10-hotspot\bin\server\jvm.dll
0x00007ffb4ce30000 - 0x00007ffb4cedf000 	C:\WINDOWS\System32\ADVAPI32.dll
0x00007ffb4db50000 - 0x00007ffb4dbec000 	C:\WINDOWS\System32\sechost.dll
0x00007ffb4c8a0000 - 0x00007ffb4c9c6000 	C:\WINDOWS\System32\RPCRT4.dll
0x00007ffb4bfd0000 - 0x00007ffb4bfd8000 	C:\WINDOWS\System32\PSAPI.DLL
0x00007ffb28cf0000 - 0x00007ffb28d17000 	C:\WINDOWS\SYSTEM32\WINMM.dll
0x00007ffb36540000 - 0x00007ffb36549000 	C:\WINDOWS\SYSTEM32\WSOCK32.dll
0x00007ffb41d60000 - 0x00007ffb41d6a000 	C:\WINDOWS\SYSTEM32\VERSION.dll
0x00007ffb4cdc0000 - 0x00007ffb4ce2b000 	C:\WINDOWS\System32\WS2_32.dll
0x00007ffb49b40000 - 0x00007ffb49b52000 	C:\WINDOWS\SYSTEM32\kernel.appcore.dll
0x00007ffb37c70000 - 0x00007ffb37c80000 	C:\Program Files\Microsoft\jdk-11.0.18.10-hotspot\bin\verify.dll
0x00007ffb48a80000 - 0x00007ffb48c64000 	C:\WINDOWS\SYSTEM32\DBGHELP.DLL
0x00007ffb3cc80000 - 0x00007ffb3ccb4000 	C:\WINDOWS\SYSTEM32\dbgcore.DLL
0x00007ffb4b700000 - 0x00007ffb4b782000 	C:\WINDOWS\System32\bcryptPrimitives.dll
0x00007ffb20bf0000 - 0x00007ffb20c18000 	C:\Program Files\Microsoft\jdk-11.0.18.10-hotspot\bin\java.dll
0x00007ffb2ede0000 - 0x00007ffb2edea000 	C:\Program Files\Microsoft\jdk-11.0.18.10-hotspot\bin\jimage.dll
0x00007ffb15aa0000 - 0x00007ffb15ab8000 	C:\Program Files\Microsoft\jdk-11.0.18.10-hotspot\bin\zip.dll
0x00007ffb4d2b0000 - 0x00007ffb4d9f4000 	C:\WINDOWS\System32\SHELL32.dll
0x00007ffb493a0000 - 0x00007ffb49b34000 	C:\WINDOWS\SYSTEM32\windows.storage.dll
0x00007ffb4c4e0000 - 0x00007ffb4c834000 	C:\WINDOWS\System32\combase.dll
0x00007ffb4ad50000 - 0x00007ffb4ad7e000 	C:\WINDOWS\SYSTEM32\Wldp.dll
0x00007ffb4ccb0000 - 0x00007ffb4cd5d000 	C:\WINDOWS\System32\SHCORE.dll
0x00007ffb4c840000 - 0x00007ffb4c895000 	C:\WINDOWS\System32\shlwapi.dll
0x00007ffb4b240000 - 0x00007ffb4b265000 	C:\WINDOWS\SYSTEM32\profapi.dll
0x00007ffb13d50000 - 0x00007ffb13d69000 	C:\Program Files\Microsoft\jdk-11.0.18.10-hotspot\bin\net.dll
0x00007ffb3c8d0000 - 0x00007ffb3c9da000 	C:\WINDOWS\SYSTEM32\WINHTTP.dll
0x00007ffb4aab0000 - 0x00007ffb4ab1a000 	C:\WINDOWS\system32\mswsock.dll
0x00007ffb13990000 - 0x00007ffb139a3000 	C:\Program Files\Microsoft\jdk-11.0.18.10-hotspot\bin\nio.dll
0x00007ffb0a780000 - 0x00007ffb0a7a7000 	C:\Users\Valeria\.gradle\native\68d5fa5c4cc2d200863cafc0d521ce42e7d3e7ee720ec0a83991735586a16f82\windows-amd64\native-platform.dll
0x00007ffae3650000 - 0x00007ffae3794000 	C:\Users\Valeria\.gradle\native\e376f236ea51e6404a007f0833ffe2c6e607c4080706a723a18a27aeea778392\windows-amd64\native-platform-file-events.dll
0x00007ffb27350000 - 0x00007ffb27359000 	C:\Program Files\Microsoft\jdk-11.0.18.10-hotspot\bin\management.dll
0x00007ffb22980000 - 0x00007ffb2298b000 	C:\Program Files\Microsoft\jdk-11.0.18.10-hotspot\bin\management_ext.dll
0x00007ffb4acb0000 - 0x00007ffb4acc8000 	C:\WINDOWS\SYSTEM32\CRYPTSP.dll
0x00007ffb4a360000 - 0x00007ffb4a394000 	C:\WINDOWS\system32\rsaenh.dll
0x00007ffb4b840000 - 0x00007ffb4b867000 	C:\WINDOWS\System32\bcrypt.dll
0x00007ffb4b1c0000 - 0x00007ffb4b1ee000 	C:\WINDOWS\SYSTEM32\USERENV.dll
0x00007ffb4aca0000 - 0x00007ffb4acac000 	C:\WINDOWS\SYSTEM32\CRYPTBASE.dll
0x00007ffb4a750000 - 0x00007ffb4a78c000 	C:\WINDOWS\SYSTEM32\IPHLPAPI.DLL
0x00007ffb4d2a0000 - 0x00007ffb4d2a8000 	C:\WINDOWS\System32\NSI.dll
0x00007ffb3ccc0000 - 0x00007ffb3ccd7000 	C:\WINDOWS\SYSTEM32\dhcpcsvc6.DLL
0x00007ffb416f0000 - 0x00007ffb4170d000 	C:\WINDOWS\SYSTEM32\dhcpcsvc.DLL
0x00007ffb4a7a0000 - 0x00007ffb4a86a000 	C:\WINDOWS\SYSTEM32\DNSAPI.dll

dbghelp: loaded successfully - version: 4.0.5 - missing functions: none
symbol engine: initialized successfully - sym options: 0x614 - pdb path: .;C:\Program Files\Microsoft\jdk-11.0.18.10-hotspot\bin;C:\WINDOWS\SYSTEM32;C:\Program Files\AVAST Software\Avast;C:\WINDOWS\WinSxS\amd64_microsoft.windows.common-controls_6595b64144ccf1df_6.0.19041.1110_none_60b5254171f9507e;C:\Program Files\Microsoft\jdk-11.0.18.10-hotspot\bin\server;C:\Users\Valeria\.gradle\native\68d5fa5c4cc2d200863cafc0d521ce42e7d3e7ee720ec0a83991735586a16f82\windows-amd64;C:\Users\Valeria\.gradle\native\e376f236ea51e6404a007f0833ffe2c6e607c4080706a723a18a27aeea778392\windows-amd64

VM Arguments:
jvm_args: -XX:MaxMetaspaceSize=512m --add-opens=java.base/java.util=ALL-UNNAMED --add-opens=java.base/java.lang=ALL-UNNAMED --add-opens=java.base/java.lang.invoke=ALL-UNNAMED --add-opens=java.prefs/java.util.prefs=ALL-UNNAMED --add-opens=java.base/java.nio.charset=ALL-UNNAMED --add-opens=java.base/java.net=ALL-UNNAMED --add-opens=java.base/java.util.concurrent.atomic=ALL-UNNAMED -Xmx2048m -Dfile.encoding=windows-1252 -Duser.country=AR -Duser.language=es -Duser.variant 
java_command: org.gradle.launcher.daemon.bootstrap.GradleDaemon 8.0.1
java_class_path (initial): C:\Users\Valeria\.gradle\wrapper\dists\gradle-8.0.1-all\aro4hu1c3oeioove7l0i4i14o\gradle-8.0.1\lib\gradle-launcher-8.0.1.jar
Launcher Type: SUN_STANDARD

[Global flags]
     intx CICompilerCount                          = 3                                         {product} {ergonomic}
   size_t CompressedClassSpaceSize                 = 528482304                                 {product} {ergonomic}
     uint ConcGCThreads                            = 1                                         {product} {ergonomic}
     uint G1ConcRefinementThreads                  = 4                                         {product} {ergonomic}
   size_t G1HeapRegionSize                         = 1048576                                   {product} {ergonomic}
    uintx GCDrainStackTargetSize                   = 64                                        {product} {ergonomic}
   size_t InitialHeapSize                          = 134217728                                 {product} {ergonomic}
   size_t MarkStackSize                            = 4194304                                   {product} {ergonomic}
   size_t MaxHeapSize                              = 2147483648                                {product} {command line}
   size_t MaxMetaspaceSize                         = 536870912                                 {product} {command line}
   size_t MaxNewSize                               = 1287651328                                {product} {ergonomic}
   size_t MinHeapDeltaBytes                        = 1048576                                   {product} {ergonomic}
    uintx NonNMethodCodeHeapSize                   = 5830732                                {pd product} {ergonomic}
    uintx NonProfiledCodeHeapSize                  = 122913754                              {pd product} {ergonomic}
    uintx ProfiledCodeHeapSize                     = 122913754                              {pd product} {ergonomic}
    uintx ReservedCodeCacheSize                    = 251658240                              {pd product} {ergonomic}
     bool SegmentedCodeCache                       = true                                      {product} {ergonomic}
     bool UseCompressedClassPointers               = true                                 {lp64_product} {ergonomic}
     bool UseCompressedOops                        = true                                 {lp64_product} {ergonomic}
     bool UseG1GC                                  = true                                      {product} {ergonomic}
     bool UseLargePagesIndividualAllocation        = false                                  {pd product} {ergonomic}

Logging:
Log output configuration:
 #0: stdout all=warning uptime,level,tags
 #1: stderr all=off uptime,level,tags

Environment Variables:
JAVA_HOME=C:\Program Files\Microsoft\jdk-11.0.18.10-hotspot\
CLASSPATH=C:\Users\Valeria\Documents\GitHub\ApiFinal\final_garassino\android\\gradle\wrapper\gradle-wrapper.jar
PATH=C:\Users\Valeria\Documents\GitHub\ApiFinal\final_garassino\node_modules\.bin;C:\Users\Valeria\Documents\GitHub\ApiFinal\node_modules\.bin;C:\Users\Valeria\Documents\GitHub\node_modules\.bin;C:\Users\Valeria\Documents\node_modules\.bin;C:\Users\Valeria\node_modules\.bin;C:\Users\node_modules\.bin;C:\node_modules\.bin;C:\Program Files\nodejs\node_modules\npm\node_modules\@npmcli\run-script\lib\node-gyp-bin;C:\Program Files\Microsoft\jdk-11.0.18.10-hotspot\bin;C:\WINDOWS\system32;C:\WINDOWS;C:\WINDOWS\System32\Wbem;C:\WINDOWS\System32\WindowsPowerShell\v1.0\;C:\WINDOWS\System32\OpenSSH\;C:\Program Files\Microsoft SQL Server\Client SDK\ODBC\170\Tools\Binn\;C:\Program Files (x86)\Microsoft SQL Server\150\Tools\Binn\;C:\Program Files\Microsoft SQL Server\150\Tools\Binn\;C:\Program Files\Microsoft SQL Server\150\DTS\Binn\;C:\Program Files (x86)\Microsoft SQL Server\150\DTS\Binn\;C:\Program Files\Azure Data Studio\bin;C:\Program Files\Git\cmd;C:\Program Files\nodejs\;C:\ProgramData\chocolatey\bin;C:\Users\Valeria\AppData\Local\Microsoft\WindowsApps;C:\Program Files\Azure Data Studio\bin;C:\Users\Valeria\AppData\Local\Programs\Microsoft VS Code\bin;C:\Users\Valeria\AppData\Local\GitHubDesktop\bin;C:\Users\Valeria\AppData\Roaming\npm;C:\Users\Valeria\AppData\Local\Android\Sdk\platform-tools;
USERNAME=Valeria
LANG=en_US.UTF-8
OS=Windows_NT
PROCESSOR_IDENTIFIER=Intel64 Family 6 Model 142 Stepping 9, GenuineIntel
TMP=C:\Users\Valeria\AppData\Local\Temp
TEMP=C:\Users\Valeria\AppData\Local\Temp



---------------  S Y S T E M  ---------------

OS: Windows 10 , 64 bit Build 19041 (10.0.19041.3155)
OS uptime: 0 days 12:50 hours

CPU:total 4 (initial active 4) (2 cores per cpu, 2 threads per core) family 6 model 142 stepping 9 microcode 0xb4, cmov, cx8, fxsr, mmx, sse, sse2, sse3, ssse3, sse4.1, sse4.2, popcnt, avx, avx2, aes, clmul, erms, 3dnowpref, lzcnt, ht, tsc, tscinvbit, bmi1, bmi2, adx, fma

Memory: 4k page, system-wide physical 8072M (173M free)
TotalPageFile size 12072M (AvailPageFile size 0M)
current process WorkingSet (physical memory assigned to process): 384M, peak: 399M
current process commit charge ("private bytes"): 424M, peak: 437M

vm_info: OpenJDK 64-Bit Server VM (11.0.18+10-LTS) for windows-amd64 JRE (11.0.18+10-LTS), built on Jan 18 2023 15:56:47 by "MicrosoftCorporation" with MS VC++ 15.9 (VS2017)

END.
